[2022-07-07 02:30:06,905] {taskinstance.py:1159} INFO - Dependencies all met for <TaskInstance: first_dag.import_to_export scheduled__2022-07-07T02:26:00+00:00 [queued]>
[2022-07-07 02:30:07,064] {taskinstance.py:1159} INFO - Dependencies all met for <TaskInstance: first_dag.import_to_export scheduled__2022-07-07T02:26:00+00:00 [queued]>
[2022-07-07 02:30:07,066] {taskinstance.py:1356} INFO - 
--------------------------------------------------------------------------------
[2022-07-07 02:30:07,067] {taskinstance.py:1357} INFO - Starting attempt 1 of 1
[2022-07-07 02:30:07,068] {taskinstance.py:1358} INFO - 
--------------------------------------------------------------------------------
[2022-07-07 02:30:07,234] {taskinstance.py:1377} INFO - Executing <Task(PythonOperator): import_to_export> on 2022-07-07 02:26:00+00:00
[2022-07-07 02:30:07,272] {standard_task_runner.py:52} INFO - Started process 88 to run task
[2022-07-07 02:30:07,303] {standard_task_runner.py:79} INFO - Running: ['***', 'tasks', 'run', 'first_dag', 'import_to_export', 'scheduled__2022-07-07T02:26:00+00:00', '--job-id', '836', '--raw', '--subdir', 'DAGS_FOLDER/schedule.py', '--cfg-path', '/tmp/tmp07aicom_', '--error-file', '/tmp/tmpjx3ys926']
[2022-07-07 02:30:07,305] {standard_task_runner.py:80} INFO - Job 836: Subtask import_to_export
[2022-07-07 02:30:07,779] {task_command.py:370} INFO - Running <TaskInstance: first_dag.import_to_export scheduled__2022-07-07T02:26:00+00:00 [running]> on host 08a244db6e34
[2022-07-07 02:30:08,718] {taskinstance.py:1571} INFO - Exporting the following env vars:
AIRFLOW_CTX_DAG_OWNER=ThuyDang
AIRFLOW_CTX_DAG_ID=first_dag
AIRFLOW_CTX_TASK_ID=import_to_export
AIRFLOW_CTX_EXECUTION_DATE=2022-07-07T02:26:00+00:00
AIRFLOW_CTX_TRY_NUMBER=1
AIRFLOW_CTX_DAG_RUN_ID=scheduled__2022-07-07T02:26:00+00:00
[2022-07-07 02:30:21,849] {logging_mixin.py:115} INFO - Import Successfully!!
[2022-07-07 02:30:21,853] {python.py:173} INFO - Done. Returned value was: None
[2022-07-07 02:30:21,886] {taskinstance.py:1400} INFO - Marking task as SUCCESS. dag_id=first_dag, task_id=import_to_export, execution_date=20220707T022600, start_date=20220707T023006, end_date=20220707T023021
[2022-07-07 02:30:21,941] {local_task_job.py:156} INFO - Task exited with return code 0
[2022-07-07 02:30:22,015] {local_task_job.py:273} INFO - 0 downstream tasks scheduled from follow-on schedule check
