[2022-07-07 01:52:10,078] {taskinstance.py:1159} INFO - Dependencies all met for <TaskInstance: first_dag.import_to_export scheduled__2022-07-06T20:16:00+00:00 [queued]>
[2022-07-07 01:52:10,110] {taskinstance.py:1159} INFO - Dependencies all met for <TaskInstance: first_dag.import_to_export scheduled__2022-07-06T20:16:00+00:00 [queued]>
[2022-07-07 01:52:10,111] {taskinstance.py:1356} INFO - 
--------------------------------------------------------------------------------
[2022-07-07 01:52:10,115] {taskinstance.py:1357} INFO - Starting attempt 1 of 1
[2022-07-07 01:52:10,116] {taskinstance.py:1358} INFO - 
--------------------------------------------------------------------------------
[2022-07-07 01:52:10,175] {taskinstance.py:1377} INFO - Executing <Task(PythonOperator): import_to_export> on 2022-07-06 20:16:00+00:00
[2022-07-07 01:52:10,192] {standard_task_runner.py:52} INFO - Started process 1609 to run task
[2022-07-07 01:52:10,196] {standard_task_runner.py:79} INFO - Running: ['***', 'tasks', 'run', 'first_dag', 'import_to_export', 'scheduled__2022-07-06T20:16:00+00:00', '--job-id', '609', '--raw', '--subdir', 'DAGS_FOLDER/schedule.py', '--cfg-path', '/tmp/tmp5ijqypg8', '--error-file', '/tmp/tmpb19rvp7d']
[2022-07-07 01:52:10,198] {standard_task_runner.py:80} INFO - Job 609: Subtask import_to_export
[2022-07-07 01:52:10,360] {task_command.py:370} INFO - Running <TaskInstance: first_dag.import_to_export scheduled__2022-07-06T20:16:00+00:00 [running]> on host 62a0d7caf8a5
[2022-07-07 01:52:10,554] {taskinstance.py:1571} INFO - Exporting the following env vars:
AIRFLOW_CTX_DAG_OWNER=ThuyDang
AIRFLOW_CTX_DAG_ID=first_dag
AIRFLOW_CTX_TASK_ID=import_to_export
AIRFLOW_CTX_EXECUTION_DATE=2022-07-06T20:16:00+00:00
AIRFLOW_CTX_TRY_NUMBER=1
AIRFLOW_CTX_DAG_RUN_ID=scheduled__2022-07-06T20:16:00+00:00
[2022-07-07 01:52:10,598] {taskinstance.py:1889} ERROR - Task failed with exception
Traceback (most recent call last):
  File "/home/airflow/.local/lib/python3.7/site-packages/airflow/operators/python.py", line 171, in execute
    return_value = self.execute_callable()
  File "/home/airflow/.local/lib/python3.7/site-packages/airflow/operators/python.py", line 189, in execute_callable
    return self.python_callable(*self.op_args, **self.op_kwargs)
  File "/opt/airflow/dags/schedule.py", line 10, in import_postgres
    with pd.ExcelFile(file_customer) as xls:
  File "/home/airflow/.local/lib/python3.7/site-packages/pandas/io/excel/_base.py", line 1233, in __init__
    self._reader = self._engines[engine](self._io, storage_options=storage_options)
  File "/home/airflow/.local/lib/python3.7/site-packages/pandas/io/excel/_openpyxl.py", line 521, in __init__
    import_optional_dependency("openpyxl")
  File "/home/airflow/.local/lib/python3.7/site-packages/pandas/compat/_optional.py", line 118, in import_optional_dependency
    raise ImportError(msg) from None
ImportError: Missing optional dependency 'openpyxl'.  Use pip or conda to install openpyxl.
[2022-07-07 01:52:10,637] {taskinstance.py:1400} INFO - Marking task as FAILED. dag_id=first_dag, task_id=import_to_export, execution_date=20220706T201600, start_date=20220707T015210, end_date=20220707T015210
[2022-07-07 01:52:10,667] {standard_task_runner.py:97} ERROR - Failed to execute job 609 for task import_to_export (Missing optional dependency 'openpyxl'.  Use pip or conda to install openpyxl.; 1609)
[2022-07-07 01:52:10,707] {local_task_job.py:156} INFO - Task exited with return code 1
[2022-07-07 01:52:10,852] {local_task_job.py:273} INFO - 0 downstream tasks scheduled from follow-on schedule check
