[2022-07-07 01:57:33,538] {taskinstance.py:1159} INFO - Dependencies all met for <TaskInstance: first_dag.import_to_export scheduled__2022-07-06T21:50:00+00:00 [queued]>
[2022-07-07 01:57:33,596] {taskinstance.py:1159} INFO - Dependencies all met for <TaskInstance: first_dag.import_to_export scheduled__2022-07-06T21:50:00+00:00 [queued]>
[2022-07-07 01:57:33,604] {taskinstance.py:1356} INFO - 
--------------------------------------------------------------------------------
[2022-07-07 01:57:33,609] {taskinstance.py:1357} INFO - Starting attempt 1 of 1
[2022-07-07 01:57:33,610] {taskinstance.py:1358} INFO - 
--------------------------------------------------------------------------------
[2022-07-07 01:57:37,351] {taskinstance.py:1377} INFO - Executing <Task(PythonOperator): import_to_export> on 2022-07-06 21:50:00+00:00
[2022-07-07 01:57:37,412] {standard_task_runner.py:52} INFO - Started process 107 to run task
[2022-07-07 01:57:37,813] {standard_task_runner.py:79} INFO - Running: ['***', 'tasks', 'run', 'first_dag', 'import_to_export', 'scheduled__2022-07-06T21:50:00+00:00', '--job-id', '660', '--raw', '--subdir', 'DAGS_FOLDER/schedule.py', '--cfg-path', '/tmp/tmpczgms1_b', '--error-file', '/tmp/tmpjq_1xlqf']
[2022-07-07 01:57:37,818] {standard_task_runner.py:80} INFO - Job 660: Subtask import_to_export
[2022-07-07 01:57:53,756] {task_command.py:370} INFO - Running <TaskInstance: first_dag.import_to_export scheduled__2022-07-06T21:50:00+00:00 [running]> on host a56cbf2d9be0
[2022-07-07 01:57:54,130] {taskinstance.py:1571} INFO - Exporting the following env vars:
AIRFLOW_CTX_DAG_OWNER=ThuyDang
AIRFLOW_CTX_DAG_ID=first_dag
AIRFLOW_CTX_TASK_ID=import_to_export
AIRFLOW_CTX_EXECUTION_DATE=2022-07-06T21:50:00+00:00
AIRFLOW_CTX_TRY_NUMBER=1
AIRFLOW_CTX_DAG_RUN_ID=scheduled__2022-07-06T21:50:00+00:00
[2022-07-07 01:57:57,437] {local_task_job.py:156} INFO - Task exited with return code Negsignal.SIGKILL
[2022-07-07 01:57:57,758] {taskinstance.py:1400} INFO - Marking task as FAILED. dag_id=first_dag, task_id=import_to_export, execution_date=20220706T215000, start_date=20220707T015733, end_date=20220707T015757
[2022-07-07 01:57:58,174] {local_task_job.py:273} INFO - 0 downstream tasks scheduled from follow-on schedule check
