[2022-07-07 01:54:59,674] {taskinstance.py:1159} INFO - Dependencies all met for <TaskInstance: first_dag.import_to_export scheduled__2022-07-06T20:56:00+00:00 [queued]>
[2022-07-07 01:54:59,720] {taskinstance.py:1159} INFO - Dependencies all met for <TaskInstance: first_dag.import_to_export scheduled__2022-07-06T20:56:00+00:00 [queued]>
[2022-07-07 01:54:59,721] {taskinstance.py:1356} INFO - 
--------------------------------------------------------------------------------
[2022-07-07 01:54:59,721] {taskinstance.py:1357} INFO - Starting attempt 1 of 1
[2022-07-07 01:54:59,722] {taskinstance.py:1358} INFO - 
--------------------------------------------------------------------------------
[2022-07-07 01:54:59,835] {taskinstance.py:1377} INFO - Executing <Task(PythonOperator): import_to_export> on 2022-07-06 20:56:00+00:00
[2022-07-07 01:54:59,880] {standard_task_runner.py:79} INFO - Running: ['***', 'tasks', 'run', 'first_dag', 'import_to_export', 'scheduled__2022-07-06T20:56:00+00:00', '--job-id', '620', '--raw', '--subdir', 'DAGS_FOLDER/schedule.py', '--cfg-path', '/tmp/tmpgxzmz8b8', '--error-file', '/tmp/tmp2bqte9rw']
[2022-07-07 01:54:59,891] {standard_task_runner.py:80} INFO - Job 620: Subtask import_to_export
[2022-07-07 01:54:59,872] {standard_task_runner.py:52} INFO - Started process 108 to run task
[2022-07-07 01:55:11,654] {task_command.py:370} INFO - Running <TaskInstance: first_dag.import_to_export scheduled__2022-07-06T20:56:00+00:00 [running]> on host b699dec46f6b
[2022-07-07 01:55:16,432] {taskinstance.py:1571} INFO - Exporting the following env vars:
AIRFLOW_CTX_DAG_OWNER=ThuyDang
AIRFLOW_CTX_DAG_ID=first_dag
AIRFLOW_CTX_TASK_ID=import_to_export
AIRFLOW_CTX_EXECUTION_DATE=2022-07-06T20:56:00+00:00
AIRFLOW_CTX_TRY_NUMBER=1
AIRFLOW_CTX_DAG_RUN_ID=scheduled__2022-07-06T20:56:00+00:00
[2022-07-07 01:55:17,909] {local_task_job.py:156} INFO - Task exited with return code Negsignal.SIGKILL
[2022-07-07 01:55:19,424] {taskinstance.py:1400} INFO - Marking task as FAILED. dag_id=first_dag, task_id=import_to_export, execution_date=20220706T205600, start_date=20220707T015459, end_date=20220707T015519
[2022-07-07 01:55:20,283] {local_task_job.py:273} INFO - 0 downstream tasks scheduled from follow-on schedule check
