[2022-07-07 02:30:03,178] {taskinstance.py:1159} INFO - Dependencies all met for <TaskInstance: first_dag.import_to_export scheduled__2022-07-07T02:18:00+00:00 [queued]>
[2022-07-07 02:30:03,228] {taskinstance.py:1159} INFO - Dependencies all met for <TaskInstance: first_dag.import_to_export scheduled__2022-07-07T02:18:00+00:00 [queued]>
[2022-07-07 02:30:03,230] {taskinstance.py:1356} INFO - 
--------------------------------------------------------------------------------
[2022-07-07 02:30:03,231] {taskinstance.py:1357} INFO - Starting attempt 1 of 1
[2022-07-07 02:30:03,231] {taskinstance.py:1358} INFO - 
--------------------------------------------------------------------------------
[2022-07-07 02:30:03,410] {taskinstance.py:1377} INFO - Executing <Task(PythonOperator): import_to_export> on 2022-07-07 02:18:00+00:00
[2022-07-07 02:30:03,426] {standard_task_runner.py:52} INFO - Started process 79 to run task
[2022-07-07 02:30:03,463] {standard_task_runner.py:79} INFO - Running: ['***', 'tasks', 'run', 'first_dag', 'import_to_export', 'scheduled__2022-07-07T02:18:00+00:00', '--job-id', '834', '--raw', '--subdir', 'DAGS_FOLDER/schedule.py', '--cfg-path', '/tmp/tmpajt99ohu', '--error-file', '/tmp/tmpbjy7fo8w']
[2022-07-07 02:30:03,466] {standard_task_runner.py:80} INFO - Job 834: Subtask import_to_export
[2022-07-07 02:30:03,785] {task_command.py:370} INFO - Running <TaskInstance: first_dag.import_to_export scheduled__2022-07-07T02:18:00+00:00 [running]> on host 08a244db6e34
[2022-07-07 02:30:04,103] {taskinstance.py:1571} INFO - Exporting the following env vars:
AIRFLOW_CTX_DAG_OWNER=ThuyDang
AIRFLOW_CTX_DAG_ID=first_dag
AIRFLOW_CTX_TASK_ID=import_to_export
AIRFLOW_CTX_EXECUTION_DATE=2022-07-07T02:18:00+00:00
AIRFLOW_CTX_TRY_NUMBER=1
AIRFLOW_CTX_DAG_RUN_ID=scheduled__2022-07-07T02:18:00+00:00
[2022-07-07 02:30:08,486] {logging_mixin.py:115} INFO - Import Successfully!!
[2022-07-07 02:30:08,493] {python.py:173} INFO - Done. Returned value was: None
[2022-07-07 02:30:08,683] {taskinstance.py:1400} INFO - Marking task as SUCCESS. dag_id=first_dag, task_id=import_to_export, execution_date=20220707T021800, start_date=20220707T023003, end_date=20220707T023008
[2022-07-07 02:30:09,948] {local_task_job.py:156} INFO - Task exited with return code 0
[2022-07-07 02:30:10,067] {local_task_job.py:273} INFO - 0 downstream tasks scheduled from follow-on schedule check
