[2022-07-07 01:25:25,666] {processor.py:153} INFO - Started process (PID=54) to work on /home/airflow/.local/lib/python3.7/site-packages/airflow/example_dags/example_xcom.py
[2022-07-07 01:25:25,669] {processor.py:641} INFO - Processing file /home/airflow/.local/lib/python3.7/site-packages/airflow/example_dags/example_xcom.py for tasks to queue
[2022-07-07 01:25:25,672] {logging_mixin.py:115} INFO - [2022-07-07 01:25:25,671] {dagbag.py:507} INFO - Filling up the DagBag from /home/airflow/.local/lib/python3.7/site-packages/airflow/example_dags/example_xcom.py
[2022-07-07 01:25:25,755] {processor.py:651} INFO - DAG(s) dict_keys(['example_xcom']) retrieved from /home/airflow/.local/lib/python3.7/site-packages/airflow/example_dags/example_xcom.py
[2022-07-07 01:25:26,136] {logging_mixin.py:115} INFO - [2022-07-07 01:25:26,136] {manager.py:508} INFO - Created Permission View: can edit on DAG:example_xcom
[2022-07-07 01:25:26,150] {logging_mixin.py:115} INFO - [2022-07-07 01:25:26,150] {manager.py:508} INFO - Created Permission View: can read on DAG:example_xcom
[2022-07-07 01:25:26,162] {logging_mixin.py:115} INFO - [2022-07-07 01:25:26,162] {manager.py:508} INFO - Created Permission View: can delete on DAG:example_xcom
[2022-07-07 01:25:26,163] {logging_mixin.py:115} INFO - [2022-07-07 01:25:26,163] {dag.py:2379} INFO - Sync 1 DAGs
[2022-07-07 01:25:26,177] {logging_mixin.py:115} INFO - [2022-07-07 01:25:26,177] {dag.py:2398} INFO - Creating ORM DAG for example_xcom
[2022-07-07 01:25:26,191] {logging_mixin.py:115} INFO - [2022-07-07 01:25:26,191] {dag.py:2931} INFO - Setting next_dagrun for example_xcom to 2021-01-01T00:00:00+00:00, run_after=2021-01-01T00:00:00+00:00
[2022-07-07 01:25:26,211] {processor.py:161} INFO - Processing /home/airflow/.local/lib/python3.7/site-packages/airflow/example_dags/example_xcom.py took 0.550 seconds
[2022-07-07 01:25:56,816] {processor.py:153} INFO - Started process (PID=110) to work on /home/airflow/.local/lib/python3.7/site-packages/airflow/example_dags/example_xcom.py
[2022-07-07 01:25:56,817] {processor.py:641} INFO - Processing file /home/airflow/.local/lib/python3.7/site-packages/airflow/example_dags/example_xcom.py for tasks to queue
[2022-07-07 01:25:56,818] {logging_mixin.py:115} INFO - [2022-07-07 01:25:56,818] {dagbag.py:507} INFO - Filling up the DagBag from /home/airflow/.local/lib/python3.7/site-packages/airflow/example_dags/example_xcom.py
[2022-07-07 01:25:56,833] {processor.py:651} INFO - DAG(s) dict_keys(['example_xcom']) retrieved from /home/airflow/.local/lib/python3.7/site-packages/airflow/example_dags/example_xcom.py
[2022-07-07 01:25:57,162] {logging_mixin.py:115} INFO - [2022-07-07 01:25:57,162] {dag.py:2379} INFO - Sync 1 DAGs
[2022-07-07 01:25:57,184] {logging_mixin.py:115} INFO - [2022-07-07 01:25:57,184] {dag.py:2931} INFO - Setting next_dagrun for example_xcom to 2021-01-01T00:00:00+00:00, run_after=2021-01-01T00:00:00+00:00
[2022-07-07 01:25:57,204] {processor.py:161} INFO - Processing /home/airflow/.local/lib/python3.7/site-packages/airflow/example_dags/example_xcom.py took 0.391 seconds
[2022-07-07 01:26:27,732] {processor.py:153} INFO - Started process (PID=176) to work on /home/airflow/.local/lib/python3.7/site-packages/airflow/example_dags/example_xcom.py
[2022-07-07 01:26:27,732] {processor.py:641} INFO - Processing file /home/airflow/.local/lib/python3.7/site-packages/airflow/example_dags/example_xcom.py for tasks to queue
[2022-07-07 01:26:27,733] {logging_mixin.py:115} INFO - [2022-07-07 01:26:27,733] {dagbag.py:507} INFO - Filling up the DagBag from /home/airflow/.local/lib/python3.7/site-packages/airflow/example_dags/example_xcom.py
[2022-07-07 01:26:27,747] {processor.py:651} INFO - DAG(s) dict_keys(['example_xcom']) retrieved from /home/airflow/.local/lib/python3.7/site-packages/airflow/example_dags/example_xcom.py
[2022-07-07 01:26:27,969] {logging_mixin.py:115} INFO - [2022-07-07 01:26:27,968] {dag.py:2379} INFO - Sync 1 DAGs
[2022-07-07 01:26:27,987] {logging_mixin.py:115} INFO - [2022-07-07 01:26:27,987] {dag.py:2931} INFO - Setting next_dagrun for example_xcom to 2021-01-01T00:00:00+00:00, run_after=2021-01-01T00:00:00+00:00
[2022-07-07 01:26:28,003] {processor.py:161} INFO - Processing /home/airflow/.local/lib/python3.7/site-packages/airflow/example_dags/example_xcom.py took 0.274 seconds
[2022-07-07 01:27:06,836] {processor.py:153} INFO - Started process (PID=243) to work on /home/airflow/.local/lib/python3.7/site-packages/airflow/example_dags/example_xcom.py
[2022-07-07 01:27:06,837] {processor.py:641} INFO - Processing file /home/airflow/.local/lib/python3.7/site-packages/airflow/example_dags/example_xcom.py for tasks to queue
[2022-07-07 01:27:06,846] {logging_mixin.py:115} INFO - [2022-07-07 01:27:06,846] {dagbag.py:507} INFO - Filling up the DagBag from /home/airflow/.local/lib/python3.7/site-packages/airflow/example_dags/example_xcom.py
[2022-07-07 01:27:06,993] {processor.py:651} INFO - DAG(s) dict_keys(['example_xcom']) retrieved from /home/airflow/.local/lib/python3.7/site-packages/airflow/example_dags/example_xcom.py
[2022-07-07 01:27:07,154] {logging_mixin.py:115} INFO - [2022-07-07 01:27:07,153] {dag.py:2379} INFO - Sync 1 DAGs
[2022-07-07 01:27:07,498] {logging_mixin.py:115} INFO - [2022-07-07 01:27:07,498] {dag.py:2931} INFO - Setting next_dagrun for example_xcom to 2021-01-01T00:00:00+00:00, run_after=2021-01-01T00:00:00+00:00
[2022-07-07 01:27:07,532] {processor.py:161} INFO - Processing /home/airflow/.local/lib/python3.7/site-packages/airflow/example_dags/example_xcom.py took 0.720 seconds
[2022-07-07 01:27:37,811] {processor.py:153} INFO - Started process (PID=299) to work on /home/airflow/.local/lib/python3.7/site-packages/airflow/example_dags/example_xcom.py
[2022-07-07 01:27:37,812] {processor.py:641} INFO - Processing file /home/airflow/.local/lib/python3.7/site-packages/airflow/example_dags/example_xcom.py for tasks to queue
[2022-07-07 01:27:37,813] {logging_mixin.py:115} INFO - [2022-07-07 01:27:37,813] {dagbag.py:507} INFO - Filling up the DagBag from /home/airflow/.local/lib/python3.7/site-packages/airflow/example_dags/example_xcom.py
[2022-07-07 01:27:37,830] {processor.py:651} INFO - DAG(s) dict_keys(['example_xcom']) retrieved from /home/airflow/.local/lib/python3.7/site-packages/airflow/example_dags/example_xcom.py
[2022-07-07 01:27:38,074] {logging_mixin.py:115} INFO - [2022-07-07 01:27:38,074] {dag.py:2379} INFO - Sync 1 DAGs
[2022-07-07 01:27:38,097] {logging_mixin.py:115} INFO - [2022-07-07 01:27:38,097] {dag.py:2931} INFO - Setting next_dagrun for example_xcom to 2021-01-01T00:00:00+00:00, run_after=2021-01-01T00:00:00+00:00
[2022-07-07 01:27:38,113] {processor.py:161} INFO - Processing /home/airflow/.local/lib/python3.7/site-packages/airflow/example_dags/example_xcom.py took 0.305 seconds
[2022-07-07 01:28:08,392] {processor.py:153} INFO - Started process (PID=367) to work on /home/airflow/.local/lib/python3.7/site-packages/airflow/example_dags/example_xcom.py
[2022-07-07 01:28:08,393] {processor.py:641} INFO - Processing file /home/airflow/.local/lib/python3.7/site-packages/airflow/example_dags/example_xcom.py for tasks to queue
[2022-07-07 01:28:08,395] {logging_mixin.py:115} INFO - [2022-07-07 01:28:08,395] {dagbag.py:507} INFO - Filling up the DagBag from /home/airflow/.local/lib/python3.7/site-packages/airflow/example_dags/example_xcom.py
[2022-07-07 01:28:08,428] {processor.py:651} INFO - DAG(s) dict_keys(['example_xcom']) retrieved from /home/airflow/.local/lib/python3.7/site-packages/airflow/example_dags/example_xcom.py
[2022-07-07 01:28:08,774] {logging_mixin.py:115} INFO - [2022-07-07 01:28:08,774] {dag.py:2379} INFO - Sync 1 DAGs
[2022-07-07 01:28:08,812] {logging_mixin.py:115} INFO - [2022-07-07 01:28:08,811] {dag.py:2931} INFO - Setting next_dagrun for example_xcom to 2021-01-01T00:00:00+00:00, run_after=2021-01-01T00:00:00+00:00
[2022-07-07 01:28:08,835] {processor.py:161} INFO - Processing /home/airflow/.local/lib/python3.7/site-packages/airflow/example_dags/example_xcom.py took 0.448 seconds
[2022-07-07 01:28:39,672] {processor.py:153} INFO - Started process (PID=423) to work on /home/airflow/.local/lib/python3.7/site-packages/airflow/example_dags/example_xcom.py
[2022-07-07 01:28:39,673] {processor.py:641} INFO - Processing file /home/airflow/.local/lib/python3.7/site-packages/airflow/example_dags/example_xcom.py for tasks to queue
[2022-07-07 01:28:39,675] {logging_mixin.py:115} INFO - [2022-07-07 01:28:39,675] {dagbag.py:507} INFO - Filling up the DagBag from /home/airflow/.local/lib/python3.7/site-packages/airflow/example_dags/example_xcom.py
[2022-07-07 01:28:39,745] {processor.py:651} INFO - DAG(s) dict_keys(['example_xcom']) retrieved from /home/airflow/.local/lib/python3.7/site-packages/airflow/example_dags/example_xcom.py
[2022-07-07 01:28:42,399] {logging_mixin.py:115} INFO - [2022-07-07 01:28:42,399] {dag.py:2379} INFO - Sync 1 DAGs
[2022-07-07 01:28:42,438] {logging_mixin.py:115} INFO - [2022-07-07 01:28:42,438] {dag.py:2931} INFO - Setting next_dagrun for example_xcom to 2021-01-01T00:00:00+00:00, run_after=2021-01-01T00:00:00+00:00
[2022-07-07 01:28:42,471] {processor.py:161} INFO - Processing /home/airflow/.local/lib/python3.7/site-packages/airflow/example_dags/example_xcom.py took 2.804 seconds
[2022-07-07 01:29:12,690] {processor.py:153} INFO - Started process (PID=479) to work on /home/airflow/.local/lib/python3.7/site-packages/airflow/example_dags/example_xcom.py
[2022-07-07 01:29:12,692] {processor.py:641} INFO - Processing file /home/airflow/.local/lib/python3.7/site-packages/airflow/example_dags/example_xcom.py for tasks to queue
[2022-07-07 01:29:12,694] {logging_mixin.py:115} INFO - [2022-07-07 01:29:12,693] {dagbag.py:507} INFO - Filling up the DagBag from /home/airflow/.local/lib/python3.7/site-packages/airflow/example_dags/example_xcom.py
[2022-07-07 01:29:12,725] {processor.py:651} INFO - DAG(s) dict_keys(['example_xcom']) retrieved from /home/airflow/.local/lib/python3.7/site-packages/airflow/example_dags/example_xcom.py
[2022-07-07 01:29:36,283] {logging_mixin.py:115} INFO - [2022-07-07 01:29:36,283] {dag.py:2379} INFO - Sync 1 DAGs
[2022-07-07 01:29:36,303] {logging_mixin.py:115} INFO - [2022-07-07 01:29:36,302] {dag.py:2931} INFO - Setting next_dagrun for example_xcom to 2021-01-01T00:00:00+00:00, run_after=2021-01-01T00:00:00+00:00
[2022-07-07 01:29:36,560] {processor.py:161} INFO - Processing /home/airflow/.local/lib/python3.7/site-packages/airflow/example_dags/example_xcom.py took 23.875 seconds
[2022-07-07 01:46:11,363] {processor.py:153} INFO - Started process (PID=53) to work on /home/airflow/.local/lib/python3.7/site-packages/airflow/example_dags/example_xcom.py
[2022-07-07 01:46:11,367] {processor.py:641} INFO - Processing file /home/airflow/.local/lib/python3.7/site-packages/airflow/example_dags/example_xcom.py for tasks to queue
[2022-07-07 01:46:11,369] {logging_mixin.py:115} INFO - [2022-07-07 01:46:11,369] {dagbag.py:507} INFO - Filling up the DagBag from /home/airflow/.local/lib/python3.7/site-packages/airflow/example_dags/example_xcom.py
[2022-07-07 01:46:11,391] {processor.py:651} INFO - DAG(s) dict_keys(['example_xcom']) retrieved from /home/airflow/.local/lib/python3.7/site-packages/airflow/example_dags/example_xcom.py
[2022-07-07 01:46:11,604] {logging_mixin.py:115} INFO - [2022-07-07 01:46:11,604] {dag.py:2379} INFO - Sync 1 DAGs
[2022-07-07 01:46:11,626] {logging_mixin.py:115} INFO - [2022-07-07 01:46:11,626] {dag.py:2931} INFO - Setting next_dagrun for example_xcom to 2021-01-01T00:00:00+00:00, run_after=2021-01-01T00:00:00+00:00
[2022-07-07 01:46:11,686] {processor.py:161} INFO - Processing /home/airflow/.local/lib/python3.7/site-packages/airflow/example_dags/example_xcom.py took 0.327 seconds
[2022-07-07 01:47:13,200] {processor.py:153} INFO - Started process (PID=118) to work on /home/airflow/.local/lib/python3.7/site-packages/airflow/example_dags/example_xcom.py
[2022-07-07 01:47:13,202] {processor.py:641} INFO - Processing file /home/airflow/.local/lib/python3.7/site-packages/airflow/example_dags/example_xcom.py for tasks to queue
[2022-07-07 01:47:13,204] {logging_mixin.py:115} INFO - [2022-07-07 01:47:13,204] {dagbag.py:507} INFO - Filling up the DagBag from /home/airflow/.local/lib/python3.7/site-packages/airflow/example_dags/example_xcom.py
[2022-07-07 01:47:13,848] {processor.py:651} INFO - DAG(s) dict_keys(['example_xcom']) retrieved from /home/airflow/.local/lib/python3.7/site-packages/airflow/example_dags/example_xcom.py
[2022-07-07 01:47:14,660] {logging_mixin.py:115} INFO - [2022-07-07 01:47:14,660] {dag.py:2379} INFO - Sync 1 DAGs
[2022-07-07 01:47:14,703] {logging_mixin.py:115} INFO - [2022-07-07 01:47:14,702] {dag.py:2931} INFO - Setting next_dagrun for example_xcom to 2021-01-01T00:00:00+00:00, run_after=2021-01-01T00:00:00+00:00
[2022-07-07 01:47:14,733] {processor.py:161} INFO - Processing /home/airflow/.local/lib/python3.7/site-packages/airflow/example_dags/example_xcom.py took 1.538 seconds
[2022-07-07 01:47:44,932] {processor.py:153} INFO - Started process (PID=182) to work on /home/airflow/.local/lib/python3.7/site-packages/airflow/example_dags/example_xcom.py
[2022-07-07 01:47:44,933] {processor.py:641} INFO - Processing file /home/airflow/.local/lib/python3.7/site-packages/airflow/example_dags/example_xcom.py for tasks to queue
[2022-07-07 01:47:44,933] {logging_mixin.py:115} INFO - [2022-07-07 01:47:44,933] {dagbag.py:507} INFO - Filling up the DagBag from /home/airflow/.local/lib/python3.7/site-packages/airflow/example_dags/example_xcom.py
[2022-07-07 01:47:44,950] {processor.py:651} INFO - DAG(s) dict_keys(['example_xcom']) retrieved from /home/airflow/.local/lib/python3.7/site-packages/airflow/example_dags/example_xcom.py
[2022-07-07 01:47:45,123] {logging_mixin.py:115} INFO - [2022-07-07 01:47:45,123] {dag.py:2379} INFO - Sync 1 DAGs
[2022-07-07 01:47:45,140] {logging_mixin.py:115} INFO - [2022-07-07 01:47:45,140] {dag.py:2931} INFO - Setting next_dagrun for example_xcom to 2021-01-01T00:00:00+00:00, run_after=2021-01-01T00:00:00+00:00
[2022-07-07 01:47:45,153] {processor.py:161} INFO - Processing /home/airflow/.local/lib/python3.7/site-packages/airflow/example_dags/example_xcom.py took 0.225 seconds
[2022-07-07 01:48:15,265] {processor.py:153} INFO - Started process (PID=250) to work on /home/airflow/.local/lib/python3.7/site-packages/airflow/example_dags/example_xcom.py
[2022-07-07 01:48:15,266] {processor.py:641} INFO - Processing file /home/airflow/.local/lib/python3.7/site-packages/airflow/example_dags/example_xcom.py for tasks to queue
[2022-07-07 01:48:15,267] {logging_mixin.py:115} INFO - [2022-07-07 01:48:15,267] {dagbag.py:507} INFO - Filling up the DagBag from /home/airflow/.local/lib/python3.7/site-packages/airflow/example_dags/example_xcom.py
[2022-07-07 01:48:15,291] {processor.py:651} INFO - DAG(s) dict_keys(['example_xcom']) retrieved from /home/airflow/.local/lib/python3.7/site-packages/airflow/example_dags/example_xcom.py
[2022-07-07 01:48:15,525] {logging_mixin.py:115} INFO - [2022-07-07 01:48:15,525] {dag.py:2379} INFO - Sync 1 DAGs
[2022-07-07 01:48:15,557] {logging_mixin.py:115} INFO - [2022-07-07 01:48:15,557] {dag.py:2931} INFO - Setting next_dagrun for example_xcom to 2021-01-01T00:00:00+00:00, run_after=2021-01-01T00:00:00+00:00
[2022-07-07 01:48:15,591] {processor.py:161} INFO - Processing /home/airflow/.local/lib/python3.7/site-packages/airflow/example_dags/example_xcom.py took 0.330 seconds
[2022-07-07 01:48:45,784] {processor.py:153} INFO - Started process (PID=305) to work on /home/airflow/.local/lib/python3.7/site-packages/airflow/example_dags/example_xcom.py
[2022-07-07 01:48:45,785] {processor.py:641} INFO - Processing file /home/airflow/.local/lib/python3.7/site-packages/airflow/example_dags/example_xcom.py for tasks to queue
[2022-07-07 01:48:45,787] {logging_mixin.py:115} INFO - [2022-07-07 01:48:45,787] {dagbag.py:507} INFO - Filling up the DagBag from /home/airflow/.local/lib/python3.7/site-packages/airflow/example_dags/example_xcom.py
[2022-07-07 01:48:45,811] {processor.py:651} INFO - DAG(s) dict_keys(['example_xcom']) retrieved from /home/airflow/.local/lib/python3.7/site-packages/airflow/example_dags/example_xcom.py
[2022-07-07 01:48:46,131] {logging_mixin.py:115} INFO - [2022-07-07 01:48:46,131] {dag.py:2379} INFO - Sync 1 DAGs
[2022-07-07 01:48:46,162] {logging_mixin.py:115} INFO - [2022-07-07 01:48:46,162] {dag.py:2931} INFO - Setting next_dagrun for example_xcom to 2021-01-01T00:00:00+00:00, run_after=2021-01-01T00:00:00+00:00
[2022-07-07 01:48:46,185] {processor.py:161} INFO - Processing /home/airflow/.local/lib/python3.7/site-packages/airflow/example_dags/example_xcom.py took 0.407 seconds
[2022-07-07 01:49:16,457] {processor.py:153} INFO - Started process (PID=373) to work on /home/airflow/.local/lib/python3.7/site-packages/airflow/example_dags/example_xcom.py
[2022-07-07 01:49:16,459] {processor.py:641} INFO - Processing file /home/airflow/.local/lib/python3.7/site-packages/airflow/example_dags/example_xcom.py for tasks to queue
[2022-07-07 01:49:16,460] {logging_mixin.py:115} INFO - [2022-07-07 01:49:16,460] {dagbag.py:507} INFO - Filling up the DagBag from /home/airflow/.local/lib/python3.7/site-packages/airflow/example_dags/example_xcom.py
[2022-07-07 01:49:16,493] {processor.py:651} INFO - DAG(s) dict_keys(['example_xcom']) retrieved from /home/airflow/.local/lib/python3.7/site-packages/airflow/example_dags/example_xcom.py
[2022-07-07 01:49:16,815] {logging_mixin.py:115} INFO - [2022-07-07 01:49:16,815] {dag.py:2379} INFO - Sync 1 DAGs
[2022-07-07 01:49:16,839] {logging_mixin.py:115} INFO - [2022-07-07 01:49:16,838] {dag.py:2931} INFO - Setting next_dagrun for example_xcom to 2021-01-01T00:00:00+00:00, run_after=2021-01-01T00:00:00+00:00
[2022-07-07 01:49:16,858] {processor.py:161} INFO - Processing /home/airflow/.local/lib/python3.7/site-packages/airflow/example_dags/example_xcom.py took 0.406 seconds
[2022-07-07 01:49:48,057] {processor.py:153} INFO - Started process (PID=431) to work on /home/airflow/.local/lib/python3.7/site-packages/airflow/example_dags/example_xcom.py
[2022-07-07 01:49:48,058] {processor.py:641} INFO - Processing file /home/airflow/.local/lib/python3.7/site-packages/airflow/example_dags/example_xcom.py for tasks to queue
[2022-07-07 01:49:48,059] {logging_mixin.py:115} INFO - [2022-07-07 01:49:48,059] {dagbag.py:507} INFO - Filling up the DagBag from /home/airflow/.local/lib/python3.7/site-packages/airflow/example_dags/example_xcom.py
[2022-07-07 01:49:48,082] {processor.py:651} INFO - DAG(s) dict_keys(['example_xcom']) retrieved from /home/airflow/.local/lib/python3.7/site-packages/airflow/example_dags/example_xcom.py
[2022-07-07 01:49:48,288] {logging_mixin.py:115} INFO - [2022-07-07 01:49:48,287] {dag.py:2379} INFO - Sync 1 DAGs
[2022-07-07 01:49:48,302] {logging_mixin.py:115} INFO - [2022-07-07 01:49:48,301] {dag.py:2931} INFO - Setting next_dagrun for example_xcom to 2021-01-01T00:00:00+00:00, run_after=2021-01-01T00:00:00+00:00
[2022-07-07 01:49:48,314] {processor.py:161} INFO - Processing /home/airflow/.local/lib/python3.7/site-packages/airflow/example_dags/example_xcom.py took 0.261 seconds
[2022-07-07 01:50:19,224] {processor.py:153} INFO - Started process (PID=488) to work on /home/airflow/.local/lib/python3.7/site-packages/airflow/example_dags/example_xcom.py
[2022-07-07 01:50:19,226] {processor.py:641} INFO - Processing file /home/airflow/.local/lib/python3.7/site-packages/airflow/example_dags/example_xcom.py for tasks to queue
[2022-07-07 01:50:19,227] {logging_mixin.py:115} INFO - [2022-07-07 01:50:19,227] {dagbag.py:507} INFO - Filling up the DagBag from /home/airflow/.local/lib/python3.7/site-packages/airflow/example_dags/example_xcom.py
[2022-07-07 01:50:19,270] {processor.py:651} INFO - DAG(s) dict_keys(['example_xcom']) retrieved from /home/airflow/.local/lib/python3.7/site-packages/airflow/example_dags/example_xcom.py
[2022-07-07 01:50:21,227] {logging_mixin.py:115} INFO - [2022-07-07 01:50:21,227] {dag.py:2379} INFO - Sync 1 DAGs
[2022-07-07 01:50:21,269] {logging_mixin.py:115} INFO - [2022-07-07 01:50:21,269] {dag.py:2931} INFO - Setting next_dagrun for example_xcom to 2021-01-01T00:00:00+00:00, run_after=2021-01-01T00:00:00+00:00
[2022-07-07 01:50:21,300] {processor.py:161} INFO - Processing /home/airflow/.local/lib/python3.7/site-packages/airflow/example_dags/example_xcom.py took 2.079 seconds
[2022-07-07 01:50:51,564] {processor.py:153} INFO - Started process (PID=557) to work on /home/airflow/.local/lib/python3.7/site-packages/airflow/example_dags/example_xcom.py
[2022-07-07 01:50:51,565] {processor.py:641} INFO - Processing file /home/airflow/.local/lib/python3.7/site-packages/airflow/example_dags/example_xcom.py for tasks to queue
[2022-07-07 01:50:51,567] {logging_mixin.py:115} INFO - [2022-07-07 01:50:51,567] {dagbag.py:507} INFO - Filling up the DagBag from /home/airflow/.local/lib/python3.7/site-packages/airflow/example_dags/example_xcom.py
[2022-07-07 01:50:51,604] {processor.py:651} INFO - DAG(s) dict_keys(['example_xcom']) retrieved from /home/airflow/.local/lib/python3.7/site-packages/airflow/example_dags/example_xcom.py
[2022-07-07 01:50:52,107] {logging_mixin.py:115} INFO - [2022-07-07 01:50:52,106] {dag.py:2379} INFO - Sync 1 DAGs
[2022-07-07 01:50:52,146] {logging_mixin.py:115} INFO - [2022-07-07 01:50:52,146] {dag.py:2931} INFO - Setting next_dagrun for example_xcom to 2021-01-01T00:00:00+00:00, run_after=2021-01-01T00:00:00+00:00
[2022-07-07 01:50:52,182] {processor.py:161} INFO - Processing /home/airflow/.local/lib/python3.7/site-packages/airflow/example_dags/example_xcom.py took 0.627 seconds
[2022-07-07 01:51:22,927] {processor.py:153} INFO - Started process (PID=614) to work on /home/airflow/.local/lib/python3.7/site-packages/airflow/example_dags/example_xcom.py
[2022-07-07 01:51:22,928] {processor.py:641} INFO - Processing file /home/airflow/.local/lib/python3.7/site-packages/airflow/example_dags/example_xcom.py for tasks to queue
[2022-07-07 01:51:22,929] {logging_mixin.py:115} INFO - [2022-07-07 01:51:22,929] {dagbag.py:507} INFO - Filling up the DagBag from /home/airflow/.local/lib/python3.7/site-packages/airflow/example_dags/example_xcom.py
[2022-07-07 01:51:22,945] {processor.py:651} INFO - DAG(s) dict_keys(['example_xcom']) retrieved from /home/airflow/.local/lib/python3.7/site-packages/airflow/example_dags/example_xcom.py
[2022-07-07 01:51:23,141] {logging_mixin.py:115} INFO - [2022-07-07 01:51:23,141] {dag.py:2379} INFO - Sync 1 DAGs
[2022-07-07 01:51:23,160] {logging_mixin.py:115} INFO - [2022-07-07 01:51:23,160] {dag.py:2931} INFO - Setting next_dagrun for example_xcom to 2021-01-01T00:00:00+00:00, run_after=2021-01-01T00:00:00+00:00
[2022-07-07 01:51:23,177] {processor.py:161} INFO - Processing /home/airflow/.local/lib/python3.7/site-packages/airflow/example_dags/example_xcom.py took 0.253 seconds
[2022-07-07 01:51:53,332] {processor.py:153} INFO - Started process (PID=681) to work on /home/airflow/.local/lib/python3.7/site-packages/airflow/example_dags/example_xcom.py
[2022-07-07 01:51:53,333] {processor.py:641} INFO - Processing file /home/airflow/.local/lib/python3.7/site-packages/airflow/example_dags/example_xcom.py for tasks to queue
[2022-07-07 01:51:53,334] {logging_mixin.py:115} INFO - [2022-07-07 01:51:53,334] {dagbag.py:507} INFO - Filling up the DagBag from /home/airflow/.local/lib/python3.7/site-packages/airflow/example_dags/example_xcom.py
[2022-07-07 01:51:53,358] {processor.py:651} INFO - DAG(s) dict_keys(['example_xcom']) retrieved from /home/airflow/.local/lib/python3.7/site-packages/airflow/example_dags/example_xcom.py
[2022-07-07 01:51:53,589] {logging_mixin.py:115} INFO - [2022-07-07 01:51:53,588] {dag.py:2379} INFO - Sync 1 DAGs
[2022-07-07 01:51:53,620] {logging_mixin.py:115} INFO - [2022-07-07 01:51:53,620] {dag.py:2931} INFO - Setting next_dagrun for example_xcom to 2021-01-01T00:00:00+00:00, run_after=2021-01-01T00:00:00+00:00
[2022-07-07 01:51:53,640] {processor.py:161} INFO - Processing /home/airflow/.local/lib/python3.7/site-packages/airflow/example_dags/example_xcom.py took 0.311 seconds
[2022-07-07 01:54:28,362] {processor.py:153} INFO - Started process (PID=54) to work on /home/airflow/.local/lib/python3.7/site-packages/airflow/example_dags/example_xcom.py
[2022-07-07 01:54:28,364] {processor.py:641} INFO - Processing file /home/airflow/.local/lib/python3.7/site-packages/airflow/example_dags/example_xcom.py for tasks to queue
[2022-07-07 01:54:28,365] {logging_mixin.py:115} INFO - [2022-07-07 01:54:28,365] {dagbag.py:507} INFO - Filling up the DagBag from /home/airflow/.local/lib/python3.7/site-packages/airflow/example_dags/example_xcom.py
[2022-07-07 01:54:28,387] {processor.py:651} INFO - DAG(s) dict_keys(['example_xcom']) retrieved from /home/airflow/.local/lib/python3.7/site-packages/airflow/example_dags/example_xcom.py
[2022-07-07 01:54:28,711] {logging_mixin.py:115} INFO - [2022-07-07 01:54:28,710] {dag.py:2379} INFO - Sync 1 DAGs
[2022-07-07 01:54:28,751] {logging_mixin.py:115} INFO - [2022-07-07 01:54:28,751] {dag.py:2931} INFO - Setting next_dagrun for example_xcom to 2021-01-01T00:00:00+00:00, run_after=2021-01-01T00:00:00+00:00
[2022-07-07 01:54:28,775] {processor.py:161} INFO - Processing /home/airflow/.local/lib/python3.7/site-packages/airflow/example_dags/example_xcom.py took 0.415 seconds
[2022-07-07 01:55:25,404] {processor.py:153} INFO - Started process (PID=119) to work on /home/airflow/.local/lib/python3.7/site-packages/airflow/example_dags/example_xcom.py
[2022-07-07 01:55:25,405] {processor.py:641} INFO - Processing file /home/airflow/.local/lib/python3.7/site-packages/airflow/example_dags/example_xcom.py for tasks to queue
[2022-07-07 01:55:25,406] {logging_mixin.py:115} INFO - [2022-07-07 01:55:25,405] {dagbag.py:507} INFO - Filling up the DagBag from /home/airflow/.local/lib/python3.7/site-packages/airflow/example_dags/example_xcom.py
[2022-07-07 01:55:25,432] {processor.py:651} INFO - DAG(s) dict_keys(['example_xcom']) retrieved from /home/airflow/.local/lib/python3.7/site-packages/airflow/example_dags/example_xcom.py
[2022-07-07 01:55:25,645] {logging_mixin.py:115} INFO - [2022-07-07 01:55:25,644] {dag.py:2379} INFO - Sync 1 DAGs
[2022-07-07 01:55:25,661] {logging_mixin.py:115} INFO - [2022-07-07 01:55:25,661] {dag.py:2931} INFO - Setting next_dagrun for example_xcom to 2021-01-01T00:00:00+00:00, run_after=2021-01-01T00:00:00+00:00
[2022-07-07 01:55:25,677] {processor.py:161} INFO - Processing /home/airflow/.local/lib/python3.7/site-packages/airflow/example_dags/example_xcom.py took 0.277 seconds
[2022-07-07 01:57:11,482] {processor.py:153} INFO - Started process (PID=53) to work on /home/airflow/.local/lib/python3.7/site-packages/airflow/example_dags/example_xcom.py
[2022-07-07 01:57:11,484] {processor.py:641} INFO - Processing file /home/airflow/.local/lib/python3.7/site-packages/airflow/example_dags/example_xcom.py for tasks to queue
[2022-07-07 01:57:11,485] {logging_mixin.py:115} INFO - [2022-07-07 01:57:11,485] {dagbag.py:507} INFO - Filling up the DagBag from /home/airflow/.local/lib/python3.7/site-packages/airflow/example_dags/example_xcom.py
[2022-07-07 01:57:11,513] {processor.py:651} INFO - DAG(s) dict_keys(['example_xcom']) retrieved from /home/airflow/.local/lib/python3.7/site-packages/airflow/example_dags/example_xcom.py
[2022-07-07 01:57:11,893] {logging_mixin.py:115} INFO - [2022-07-07 01:57:11,893] {dag.py:2379} INFO - Sync 1 DAGs
[2022-07-07 01:57:11,924] {logging_mixin.py:115} INFO - [2022-07-07 01:57:11,924] {dag.py:2931} INFO - Setting next_dagrun for example_xcom to 2021-01-01T00:00:00+00:00, run_after=2021-01-01T00:00:00+00:00
[2022-07-07 01:57:11,949] {processor.py:161} INFO - Processing /home/airflow/.local/lib/python3.7/site-packages/airflow/example_dags/example_xcom.py took 0.472 seconds
[2022-07-07 01:58:05,239] {processor.py:153} INFO - Started process (PID=117) to work on /home/airflow/.local/lib/python3.7/site-packages/airflow/example_dags/example_xcom.py
[2022-07-07 01:58:05,240] {processor.py:641} INFO - Processing file /home/airflow/.local/lib/python3.7/site-packages/airflow/example_dags/example_xcom.py for tasks to queue
[2022-07-07 01:58:05,242] {logging_mixin.py:115} INFO - [2022-07-07 01:58:05,241] {dagbag.py:507} INFO - Filling up the DagBag from /home/airflow/.local/lib/python3.7/site-packages/airflow/example_dags/example_xcom.py
[2022-07-07 01:58:05,272] {processor.py:651} INFO - DAG(s) dict_keys(['example_xcom']) retrieved from /home/airflow/.local/lib/python3.7/site-packages/airflow/example_dags/example_xcom.py
[2022-07-07 01:58:05,663] {logging_mixin.py:115} INFO - [2022-07-07 01:58:05,662] {dag.py:2379} INFO - Sync 1 DAGs
[2022-07-07 01:58:05,685] {logging_mixin.py:115} INFO - [2022-07-07 01:58:05,684] {dag.py:2931} INFO - Setting next_dagrun for example_xcom to 2021-01-01T00:00:00+00:00, run_after=2021-01-01T00:00:00+00:00
[2022-07-07 01:58:05,707] {processor.py:161} INFO - Processing /home/airflow/.local/lib/python3.7/site-packages/airflow/example_dags/example_xcom.py took 0.481 seconds
[2022-07-07 01:58:37,336] {processor.py:153} INFO - Started process (PID=172) to work on /home/airflow/.local/lib/python3.7/site-packages/airflow/example_dags/example_xcom.py
[2022-07-07 01:58:37,347] {processor.py:641} INFO - Processing file /home/airflow/.local/lib/python3.7/site-packages/airflow/example_dags/example_xcom.py for tasks to queue
[2022-07-07 01:58:37,349] {logging_mixin.py:115} INFO - [2022-07-07 01:58:37,349] {dagbag.py:507} INFO - Filling up the DagBag from /home/airflow/.local/lib/python3.7/site-packages/airflow/example_dags/example_xcom.py
[2022-07-07 01:58:37,390] {processor.py:651} INFO - DAG(s) dict_keys(['example_xcom']) retrieved from /home/airflow/.local/lib/python3.7/site-packages/airflow/example_dags/example_xcom.py
[2022-07-07 01:58:37,780] {logging_mixin.py:115} INFO - [2022-07-07 01:58:37,780] {dag.py:2379} INFO - Sync 1 DAGs
[2022-07-07 01:58:37,818] {logging_mixin.py:115} INFO - [2022-07-07 01:58:37,817] {dag.py:2931} INFO - Setting next_dagrun for example_xcom to 2021-01-01T00:00:00+00:00, run_after=2021-01-01T00:00:00+00:00
[2022-07-07 01:58:37,844] {processor.py:161} INFO - Processing /home/airflow/.local/lib/python3.7/site-packages/airflow/example_dags/example_xcom.py took 0.513 seconds
[2022-07-07 01:59:08,045] {processor.py:153} INFO - Started process (PID=228) to work on /home/airflow/.local/lib/python3.7/site-packages/airflow/example_dags/example_xcom.py
[2022-07-07 01:59:08,046] {processor.py:641} INFO - Processing file /home/airflow/.local/lib/python3.7/site-packages/airflow/example_dags/example_xcom.py for tasks to queue
[2022-07-07 01:59:08,048] {logging_mixin.py:115} INFO - [2022-07-07 01:59:08,048] {dagbag.py:507} INFO - Filling up the DagBag from /home/airflow/.local/lib/python3.7/site-packages/airflow/example_dags/example_xcom.py
[2022-07-07 01:59:08,082] {processor.py:651} INFO - DAG(s) dict_keys(['example_xcom']) retrieved from /home/airflow/.local/lib/python3.7/site-packages/airflow/example_dags/example_xcom.py
[2022-07-07 01:59:08,428] {logging_mixin.py:115} INFO - [2022-07-07 01:59:08,428] {dag.py:2379} INFO - Sync 1 DAGs
[2022-07-07 01:59:08,477] {logging_mixin.py:115} INFO - [2022-07-07 01:59:08,477] {dag.py:2931} INFO - Setting next_dagrun for example_xcom to 2021-01-01T00:00:00+00:00, run_after=2021-01-01T00:00:00+00:00
[2022-07-07 01:59:08,506] {processor.py:161} INFO - Processing /home/airflow/.local/lib/python3.7/site-packages/airflow/example_dags/example_xcom.py took 0.465 seconds
[2022-07-07 01:59:39,527] {processor.py:153} INFO - Started process (PID=285) to work on /home/airflow/.local/lib/python3.7/site-packages/airflow/example_dags/example_xcom.py
[2022-07-07 01:59:39,528] {processor.py:641} INFO - Processing file /home/airflow/.local/lib/python3.7/site-packages/airflow/example_dags/example_xcom.py for tasks to queue
[2022-07-07 01:59:39,528] {logging_mixin.py:115} INFO - [2022-07-07 01:59:39,528] {dagbag.py:507} INFO - Filling up the DagBag from /home/airflow/.local/lib/python3.7/site-packages/airflow/example_dags/example_xcom.py
[2022-07-07 01:59:39,643] {processor.py:651} INFO - DAG(s) dict_keys(['example_xcom']) retrieved from /home/airflow/.local/lib/python3.7/site-packages/airflow/example_dags/example_xcom.py
[2022-07-07 01:59:39,807] {logging_mixin.py:115} INFO - [2022-07-07 01:59:39,807] {dag.py:2379} INFO - Sync 1 DAGs
[2022-07-07 01:59:39,824] {logging_mixin.py:115} INFO - [2022-07-07 01:59:39,824] {dag.py:2931} INFO - Setting next_dagrun for example_xcom to 2021-01-01T00:00:00+00:00, run_after=2021-01-01T00:00:00+00:00
[2022-07-07 01:59:40,024] {processor.py:161} INFO - Processing /home/airflow/.local/lib/python3.7/site-packages/airflow/example_dags/example_xcom.py took 0.500 seconds
[2022-07-07 02:00:10,251] {processor.py:153} INFO - Started process (PID=341) to work on /home/airflow/.local/lib/python3.7/site-packages/airflow/example_dags/example_xcom.py
[2022-07-07 02:00:10,251] {processor.py:641} INFO - Processing file /home/airflow/.local/lib/python3.7/site-packages/airflow/example_dags/example_xcom.py for tasks to queue
[2022-07-07 02:00:10,252] {logging_mixin.py:115} INFO - [2022-07-07 02:00:10,252] {dagbag.py:507} INFO - Filling up the DagBag from /home/airflow/.local/lib/python3.7/site-packages/airflow/example_dags/example_xcom.py
[2022-07-07 02:00:10,269] {processor.py:651} INFO - DAG(s) dict_keys(['example_xcom']) retrieved from /home/airflow/.local/lib/python3.7/site-packages/airflow/example_dags/example_xcom.py
[2022-07-07 02:00:10,438] {logging_mixin.py:115} INFO - [2022-07-07 02:00:10,438] {dag.py:2379} INFO - Sync 1 DAGs
[2022-07-07 02:00:10,453] {logging_mixin.py:115} INFO - [2022-07-07 02:00:10,453] {dag.py:2931} INFO - Setting next_dagrun for example_xcom to 2021-01-01T00:00:00+00:00, run_after=2021-01-01T00:00:00+00:00
[2022-07-07 02:00:10,465] {processor.py:161} INFO - Processing /home/airflow/.local/lib/python3.7/site-packages/airflow/example_dags/example_xcom.py took 0.218 seconds
[2022-07-07 02:00:41,281] {processor.py:153} INFO - Started process (PID=406) to work on /home/airflow/.local/lib/python3.7/site-packages/airflow/example_dags/example_xcom.py
[2022-07-07 02:00:41,281] {processor.py:641} INFO - Processing file /home/airflow/.local/lib/python3.7/site-packages/airflow/example_dags/example_xcom.py for tasks to queue
[2022-07-07 02:00:41,282] {logging_mixin.py:115} INFO - [2022-07-07 02:00:41,282] {dagbag.py:507} INFO - Filling up the DagBag from /home/airflow/.local/lib/python3.7/site-packages/airflow/example_dags/example_xcom.py
[2022-07-07 02:00:41,296] {processor.py:651} INFO - DAG(s) dict_keys(['example_xcom']) retrieved from /home/airflow/.local/lib/python3.7/site-packages/airflow/example_dags/example_xcom.py
[2022-07-07 02:00:41,478] {logging_mixin.py:115} INFO - [2022-07-07 02:00:41,478] {dag.py:2379} INFO - Sync 1 DAGs
[2022-07-07 02:00:41,492] {logging_mixin.py:115} INFO - [2022-07-07 02:00:41,492] {dag.py:2931} INFO - Setting next_dagrun for example_xcom to 2021-01-01T00:00:00+00:00, run_after=2021-01-01T00:00:00+00:00
[2022-07-07 02:00:41,504] {processor.py:161} INFO - Processing /home/airflow/.local/lib/python3.7/site-packages/airflow/example_dags/example_xcom.py took 0.226 seconds
[2022-07-07 02:01:11,734] {processor.py:153} INFO - Started process (PID=472) to work on /home/airflow/.local/lib/python3.7/site-packages/airflow/example_dags/example_xcom.py
[2022-07-07 02:01:11,735] {processor.py:641} INFO - Processing file /home/airflow/.local/lib/python3.7/site-packages/airflow/example_dags/example_xcom.py for tasks to queue
[2022-07-07 02:01:11,736] {logging_mixin.py:115} INFO - [2022-07-07 02:01:11,736] {dagbag.py:507} INFO - Filling up the DagBag from /home/airflow/.local/lib/python3.7/site-packages/airflow/example_dags/example_xcom.py
[2022-07-07 02:01:11,750] {processor.py:651} INFO - DAG(s) dict_keys(['example_xcom']) retrieved from /home/airflow/.local/lib/python3.7/site-packages/airflow/example_dags/example_xcom.py
[2022-07-07 02:01:11,900] {logging_mixin.py:115} INFO - [2022-07-07 02:01:11,900] {dag.py:2379} INFO - Sync 1 DAGs
[2022-07-07 02:01:11,916] {logging_mixin.py:115} INFO - [2022-07-07 02:01:11,916] {dag.py:2931} INFO - Setting next_dagrun for example_xcom to 2021-01-01T00:00:00+00:00, run_after=2021-01-01T00:00:00+00:00
[2022-07-07 02:01:11,927] {processor.py:161} INFO - Processing /home/airflow/.local/lib/python3.7/site-packages/airflow/example_dags/example_xcom.py took 0.196 seconds
[2022-07-07 02:01:42,382] {processor.py:153} INFO - Started process (PID=533) to work on /home/airflow/.local/lib/python3.7/site-packages/airflow/example_dags/example_xcom.py
[2022-07-07 02:01:42,383] {processor.py:641} INFO - Processing file /home/airflow/.local/lib/python3.7/site-packages/airflow/example_dags/example_xcom.py for tasks to queue
[2022-07-07 02:01:42,384] {logging_mixin.py:115} INFO - [2022-07-07 02:01:42,384] {dagbag.py:507} INFO - Filling up the DagBag from /home/airflow/.local/lib/python3.7/site-packages/airflow/example_dags/example_xcom.py
[2022-07-07 02:01:42,400] {processor.py:651} INFO - DAG(s) dict_keys(['example_xcom']) retrieved from /home/airflow/.local/lib/python3.7/site-packages/airflow/example_dags/example_xcom.py
[2022-07-07 02:01:42,566] {logging_mixin.py:115} INFO - [2022-07-07 02:01:42,566] {dag.py:2379} INFO - Sync 1 DAGs
[2022-07-07 02:01:42,582] {logging_mixin.py:115} INFO - [2022-07-07 02:01:42,581] {dag.py:2931} INFO - Setting next_dagrun for example_xcom to 2021-01-01T00:00:00+00:00, run_after=2021-01-01T00:00:00+00:00
[2022-07-07 02:01:42,597] {processor.py:161} INFO - Processing /home/airflow/.local/lib/python3.7/site-packages/airflow/example_dags/example_xcom.py took 0.217 seconds
[2022-07-07 02:02:12,842] {processor.py:153} INFO - Started process (PID=598) to work on /home/airflow/.local/lib/python3.7/site-packages/airflow/example_dags/example_xcom.py
[2022-07-07 02:02:12,843] {processor.py:641} INFO - Processing file /home/airflow/.local/lib/python3.7/site-packages/airflow/example_dags/example_xcom.py for tasks to queue
[2022-07-07 02:02:12,844] {logging_mixin.py:115} INFO - [2022-07-07 02:02:12,844] {dagbag.py:507} INFO - Filling up the DagBag from /home/airflow/.local/lib/python3.7/site-packages/airflow/example_dags/example_xcom.py
[2022-07-07 02:02:12,862] {processor.py:651} INFO - DAG(s) dict_keys(['example_xcom']) retrieved from /home/airflow/.local/lib/python3.7/site-packages/airflow/example_dags/example_xcom.py
[2022-07-07 02:02:13,025] {logging_mixin.py:115} INFO - [2022-07-07 02:02:13,025] {dag.py:2379} INFO - Sync 1 DAGs
[2022-07-07 02:02:13,041] {logging_mixin.py:115} INFO - [2022-07-07 02:02:13,041] {dag.py:2931} INFO - Setting next_dagrun for example_xcom to 2021-01-01T00:00:00+00:00, run_after=2021-01-01T00:00:00+00:00
[2022-07-07 02:02:13,053] {processor.py:161} INFO - Processing /home/airflow/.local/lib/python3.7/site-packages/airflow/example_dags/example_xcom.py took 0.215 seconds
[2022-07-07 02:02:43,263] {processor.py:153} INFO - Started process (PID=664) to work on /home/airflow/.local/lib/python3.7/site-packages/airflow/example_dags/example_xcom.py
[2022-07-07 02:02:43,263] {processor.py:641} INFO - Processing file /home/airflow/.local/lib/python3.7/site-packages/airflow/example_dags/example_xcom.py for tasks to queue
[2022-07-07 02:02:43,264] {logging_mixin.py:115} INFO - [2022-07-07 02:02:43,264] {dagbag.py:507} INFO - Filling up the DagBag from /home/airflow/.local/lib/python3.7/site-packages/airflow/example_dags/example_xcom.py
[2022-07-07 02:02:43,278] {processor.py:651} INFO - DAG(s) dict_keys(['example_xcom']) retrieved from /home/airflow/.local/lib/python3.7/site-packages/airflow/example_dags/example_xcom.py
[2022-07-07 02:02:43,429] {logging_mixin.py:115} INFO - [2022-07-07 02:02:43,429] {dag.py:2379} INFO - Sync 1 DAGs
[2022-07-07 02:02:43,442] {logging_mixin.py:115} INFO - [2022-07-07 02:02:43,442] {dag.py:2931} INFO - Setting next_dagrun for example_xcom to 2021-01-01T00:00:00+00:00, run_after=2021-01-01T00:00:00+00:00
[2022-07-07 02:02:43,455] {processor.py:161} INFO - Processing /home/airflow/.local/lib/python3.7/site-packages/airflow/example_dags/example_xcom.py took 0.195 seconds
[2022-07-07 02:03:13,607] {processor.py:153} INFO - Started process (PID=721) to work on /home/airflow/.local/lib/python3.7/site-packages/airflow/example_dags/example_xcom.py
[2022-07-07 02:03:13,608] {processor.py:641} INFO - Processing file /home/airflow/.local/lib/python3.7/site-packages/airflow/example_dags/example_xcom.py for tasks to queue
[2022-07-07 02:03:13,608] {logging_mixin.py:115} INFO - [2022-07-07 02:03:13,608] {dagbag.py:507} INFO - Filling up the DagBag from /home/airflow/.local/lib/python3.7/site-packages/airflow/example_dags/example_xcom.py
[2022-07-07 02:03:13,622] {processor.py:651} INFO - DAG(s) dict_keys(['example_xcom']) retrieved from /home/airflow/.local/lib/python3.7/site-packages/airflow/example_dags/example_xcom.py
[2022-07-07 02:03:13,645] {logging_mixin.py:115} INFO - [2022-07-07 02:03:13,645] {dag.py:2379} INFO - Sync 1 DAGs
[2022-07-07 02:03:13,762] {logging_mixin.py:115} INFO - [2022-07-07 02:03:13,762] {dag.py:2931} INFO - Setting next_dagrun for example_xcom to 2021-01-01T00:00:00+00:00, run_after=2021-01-01T00:00:00+00:00
[2022-07-07 02:03:13,784] {processor.py:161} INFO - Processing /home/airflow/.local/lib/python3.7/site-packages/airflow/example_dags/example_xcom.py took 0.180 seconds
[2022-07-07 02:03:44,047] {processor.py:153} INFO - Started process (PID=786) to work on /home/airflow/.local/lib/python3.7/site-packages/airflow/example_dags/example_xcom.py
[2022-07-07 02:03:44,048] {processor.py:641} INFO - Processing file /home/airflow/.local/lib/python3.7/site-packages/airflow/example_dags/example_xcom.py for tasks to queue
[2022-07-07 02:03:44,049] {logging_mixin.py:115} INFO - [2022-07-07 02:03:44,049] {dagbag.py:507} INFO - Filling up the DagBag from /home/airflow/.local/lib/python3.7/site-packages/airflow/example_dags/example_xcom.py
[2022-07-07 02:03:44,067] {processor.py:651} INFO - DAG(s) dict_keys(['example_xcom']) retrieved from /home/airflow/.local/lib/python3.7/site-packages/airflow/example_dags/example_xcom.py
[2022-07-07 02:03:44,255] {logging_mixin.py:115} INFO - [2022-07-07 02:03:44,255] {dag.py:2379} INFO - Sync 1 DAGs
[2022-07-07 02:03:44,272] {logging_mixin.py:115} INFO - [2022-07-07 02:03:44,272] {dag.py:2931} INFO - Setting next_dagrun for example_xcom to 2021-01-01T00:00:00+00:00, run_after=2021-01-01T00:00:00+00:00
[2022-07-07 02:03:44,286] {processor.py:161} INFO - Processing /home/airflow/.local/lib/python3.7/site-packages/airflow/example_dags/example_xcom.py took 0.242 seconds
[2022-07-07 02:04:14,378] {processor.py:153} INFO - Started process (PID=851) to work on /home/airflow/.local/lib/python3.7/site-packages/airflow/example_dags/example_xcom.py
[2022-07-07 02:04:14,378] {processor.py:641} INFO - Processing file /home/airflow/.local/lib/python3.7/site-packages/airflow/example_dags/example_xcom.py for tasks to queue
[2022-07-07 02:04:14,379] {logging_mixin.py:115} INFO - [2022-07-07 02:04:14,379] {dagbag.py:507} INFO - Filling up the DagBag from /home/airflow/.local/lib/python3.7/site-packages/airflow/example_dags/example_xcom.py
[2022-07-07 02:04:14,395] {processor.py:651} INFO - DAG(s) dict_keys(['example_xcom']) retrieved from /home/airflow/.local/lib/python3.7/site-packages/airflow/example_dags/example_xcom.py
[2022-07-07 02:04:14,422] {logging_mixin.py:115} INFO - [2022-07-07 02:04:14,422] {dag.py:2379} INFO - Sync 1 DAGs
[2022-07-07 02:04:14,555] {logging_mixin.py:115} INFO - [2022-07-07 02:04:14,555] {dag.py:2931} INFO - Setting next_dagrun for example_xcom to 2021-01-01T00:00:00+00:00, run_after=2021-01-01T00:00:00+00:00
[2022-07-07 02:04:14,566] {processor.py:161} INFO - Processing /home/airflow/.local/lib/python3.7/site-packages/airflow/example_dags/example_xcom.py took 0.191 seconds
[2022-07-07 02:04:44,892] {processor.py:153} INFO - Started process (PID=915) to work on /home/airflow/.local/lib/python3.7/site-packages/airflow/example_dags/example_xcom.py
[2022-07-07 02:04:44,893] {processor.py:641} INFO - Processing file /home/airflow/.local/lib/python3.7/site-packages/airflow/example_dags/example_xcom.py for tasks to queue
[2022-07-07 02:04:44,894] {logging_mixin.py:115} INFO - [2022-07-07 02:04:44,894] {dagbag.py:507} INFO - Filling up the DagBag from /home/airflow/.local/lib/python3.7/site-packages/airflow/example_dags/example_xcom.py
[2022-07-07 02:04:44,920] {processor.py:651} INFO - DAG(s) dict_keys(['example_xcom']) retrieved from /home/airflow/.local/lib/python3.7/site-packages/airflow/example_dags/example_xcom.py
[2022-07-07 02:04:45,115] {logging_mixin.py:115} INFO - [2022-07-07 02:04:45,115] {dag.py:2379} INFO - Sync 1 DAGs
[2022-07-07 02:04:45,133] {logging_mixin.py:115} INFO - [2022-07-07 02:04:45,132] {dag.py:2931} INFO - Setting next_dagrun for example_xcom to 2021-01-01T00:00:00+00:00, run_after=2021-01-01T00:00:00+00:00
[2022-07-07 02:04:45,146] {processor.py:161} INFO - Processing /home/airflow/.local/lib/python3.7/site-packages/airflow/example_dags/example_xcom.py took 0.257 seconds
[2022-07-07 02:05:15,429] {processor.py:153} INFO - Started process (PID=972) to work on /home/airflow/.local/lib/python3.7/site-packages/airflow/example_dags/example_xcom.py
[2022-07-07 02:05:15,429] {processor.py:641} INFO - Processing file /home/airflow/.local/lib/python3.7/site-packages/airflow/example_dags/example_xcom.py for tasks to queue
[2022-07-07 02:05:15,430] {logging_mixin.py:115} INFO - [2022-07-07 02:05:15,430] {dagbag.py:507} INFO - Filling up the DagBag from /home/airflow/.local/lib/python3.7/site-packages/airflow/example_dags/example_xcom.py
[2022-07-07 02:05:15,444] {processor.py:651} INFO - DAG(s) dict_keys(['example_xcom']) retrieved from /home/airflow/.local/lib/python3.7/site-packages/airflow/example_dags/example_xcom.py
[2022-07-07 02:05:15,600] {logging_mixin.py:115} INFO - [2022-07-07 02:05:15,600] {dag.py:2379} INFO - Sync 1 DAGs
[2022-07-07 02:05:15,618] {logging_mixin.py:115} INFO - [2022-07-07 02:05:15,618] {dag.py:2931} INFO - Setting next_dagrun for example_xcom to 2021-01-01T00:00:00+00:00, run_after=2021-01-01T00:00:00+00:00
[2022-07-07 02:05:15,636] {processor.py:161} INFO - Processing /home/airflow/.local/lib/python3.7/site-packages/airflow/example_dags/example_xcom.py took 0.210 seconds
[2022-07-07 02:05:46,090] {processor.py:153} INFO - Started process (PID=1036) to work on /home/airflow/.local/lib/python3.7/site-packages/airflow/example_dags/example_xcom.py
[2022-07-07 02:05:46,091] {processor.py:641} INFO - Processing file /home/airflow/.local/lib/python3.7/site-packages/airflow/example_dags/example_xcom.py for tasks to queue
[2022-07-07 02:05:46,091] {logging_mixin.py:115} INFO - [2022-07-07 02:05:46,091] {dagbag.py:507} INFO - Filling up the DagBag from /home/airflow/.local/lib/python3.7/site-packages/airflow/example_dags/example_xcom.py
[2022-07-07 02:05:46,106] {processor.py:651} INFO - DAG(s) dict_keys(['example_xcom']) retrieved from /home/airflow/.local/lib/python3.7/site-packages/airflow/example_dags/example_xcom.py
[2022-07-07 02:05:46,130] {logging_mixin.py:115} INFO - [2022-07-07 02:05:46,129] {dag.py:2379} INFO - Sync 1 DAGs
[2022-07-07 02:05:46,272] {logging_mixin.py:115} INFO - [2022-07-07 02:05:46,272] {dag.py:2931} INFO - Setting next_dagrun for example_xcom to 2021-01-01T00:00:00+00:00, run_after=2021-01-01T00:00:00+00:00
[2022-07-07 02:05:46,286] {processor.py:161} INFO - Processing /home/airflow/.local/lib/python3.7/site-packages/airflow/example_dags/example_xcom.py took 0.199 seconds
[2022-07-07 02:06:16,923] {processor.py:153} INFO - Started process (PID=1100) to work on /home/airflow/.local/lib/python3.7/site-packages/airflow/example_dags/example_xcom.py
[2022-07-07 02:06:16,924] {processor.py:641} INFO - Processing file /home/airflow/.local/lib/python3.7/site-packages/airflow/example_dags/example_xcom.py for tasks to queue
[2022-07-07 02:06:16,924] {logging_mixin.py:115} INFO - [2022-07-07 02:06:16,924] {dagbag.py:507} INFO - Filling up the DagBag from /home/airflow/.local/lib/python3.7/site-packages/airflow/example_dags/example_xcom.py
[2022-07-07 02:06:16,939] {processor.py:651} INFO - DAG(s) dict_keys(['example_xcom']) retrieved from /home/airflow/.local/lib/python3.7/site-packages/airflow/example_dags/example_xcom.py
[2022-07-07 02:06:17,095] {logging_mixin.py:115} INFO - [2022-07-07 02:06:17,095] {dag.py:2379} INFO - Sync 1 DAGs
[2022-07-07 02:06:17,109] {logging_mixin.py:115} INFO - [2022-07-07 02:06:17,109] {dag.py:2931} INFO - Setting next_dagrun for example_xcom to 2021-01-01T00:00:00+00:00, run_after=2021-01-01T00:00:00+00:00
[2022-07-07 02:06:17,122] {processor.py:161} INFO - Processing /home/airflow/.local/lib/python3.7/site-packages/airflow/example_dags/example_xcom.py took 0.202 seconds
[2022-07-07 02:06:47,683] {processor.py:153} INFO - Started process (PID=1157) to work on /home/airflow/.local/lib/python3.7/site-packages/airflow/example_dags/example_xcom.py
[2022-07-07 02:06:47,684] {processor.py:641} INFO - Processing file /home/airflow/.local/lib/python3.7/site-packages/airflow/example_dags/example_xcom.py for tasks to queue
[2022-07-07 02:06:47,684] {logging_mixin.py:115} INFO - [2022-07-07 02:06:47,684] {dagbag.py:507} INFO - Filling up the DagBag from /home/airflow/.local/lib/python3.7/site-packages/airflow/example_dags/example_xcom.py
[2022-07-07 02:06:47,700] {processor.py:651} INFO - DAG(s) dict_keys(['example_xcom']) retrieved from /home/airflow/.local/lib/python3.7/site-packages/airflow/example_dags/example_xcom.py
[2022-07-07 02:06:47,723] {logging_mixin.py:115} INFO - [2022-07-07 02:06:47,723] {dag.py:2379} INFO - Sync 1 DAGs
[2022-07-07 02:06:47,865] {logging_mixin.py:115} INFO - [2022-07-07 02:06:47,865] {dag.py:2931} INFO - Setting next_dagrun for example_xcom to 2021-01-01T00:00:00+00:00, run_after=2021-01-01T00:00:00+00:00
[2022-07-07 02:06:47,877] {processor.py:161} INFO - Processing /home/airflow/.local/lib/python3.7/site-packages/airflow/example_dags/example_xcom.py took 0.197 seconds
[2022-07-07 02:07:18,549] {processor.py:153} INFO - Started process (PID=1224) to work on /home/airflow/.local/lib/python3.7/site-packages/airflow/example_dags/example_xcom.py
[2022-07-07 02:07:18,549] {processor.py:641} INFO - Processing file /home/airflow/.local/lib/python3.7/site-packages/airflow/example_dags/example_xcom.py for tasks to queue
[2022-07-07 02:07:18,550] {logging_mixin.py:115} INFO - [2022-07-07 02:07:18,550] {dagbag.py:507} INFO - Filling up the DagBag from /home/airflow/.local/lib/python3.7/site-packages/airflow/example_dags/example_xcom.py
[2022-07-07 02:07:18,564] {processor.py:651} INFO - DAG(s) dict_keys(['example_xcom']) retrieved from /home/airflow/.local/lib/python3.7/site-packages/airflow/example_dags/example_xcom.py
[2022-07-07 02:07:18,719] {logging_mixin.py:115} INFO - [2022-07-07 02:07:18,719] {dag.py:2379} INFO - Sync 1 DAGs
[2022-07-07 02:07:18,733] {logging_mixin.py:115} INFO - [2022-07-07 02:07:18,733] {dag.py:2931} INFO - Setting next_dagrun for example_xcom to 2021-01-01T00:00:00+00:00, run_after=2021-01-01T00:00:00+00:00
[2022-07-07 02:07:18,747] {processor.py:161} INFO - Processing /home/airflow/.local/lib/python3.7/site-packages/airflow/example_dags/example_xcom.py took 0.201 seconds
[2022-07-07 02:07:48,835] {processor.py:153} INFO - Started process (PID=1287) to work on /home/airflow/.local/lib/python3.7/site-packages/airflow/example_dags/example_xcom.py
[2022-07-07 02:07:48,836] {processor.py:641} INFO - Processing file /home/airflow/.local/lib/python3.7/site-packages/airflow/example_dags/example_xcom.py for tasks to queue
[2022-07-07 02:07:48,836] {logging_mixin.py:115} INFO - [2022-07-07 02:07:48,836] {dagbag.py:507} INFO - Filling up the DagBag from /home/airflow/.local/lib/python3.7/site-packages/airflow/example_dags/example_xcom.py
[2022-07-07 02:07:48,851] {processor.py:651} INFO - DAG(s) dict_keys(['example_xcom']) retrieved from /home/airflow/.local/lib/python3.7/site-packages/airflow/example_dags/example_xcom.py
[2022-07-07 02:07:48,874] {logging_mixin.py:115} INFO - [2022-07-07 02:07:48,874] {dag.py:2379} INFO - Sync 1 DAGs
[2022-07-07 02:07:49,019] {logging_mixin.py:115} INFO - [2022-07-07 02:07:49,018] {dag.py:2931} INFO - Setting next_dagrun for example_xcom to 2021-01-01T00:00:00+00:00, run_after=2021-01-01T00:00:00+00:00
[2022-07-07 02:07:49,032] {processor.py:161} INFO - Processing /home/airflow/.local/lib/python3.7/site-packages/airflow/example_dags/example_xcom.py took 0.200 seconds
[2022-07-07 02:08:19,180] {processor.py:153} INFO - Started process (PID=1351) to work on /home/airflow/.local/lib/python3.7/site-packages/airflow/example_dags/example_xcom.py
[2022-07-07 02:08:19,181] {processor.py:641} INFO - Processing file /home/airflow/.local/lib/python3.7/site-packages/airflow/example_dags/example_xcom.py for tasks to queue
[2022-07-07 02:08:19,182] {logging_mixin.py:115} INFO - [2022-07-07 02:08:19,181] {dagbag.py:507} INFO - Filling up the DagBag from /home/airflow/.local/lib/python3.7/site-packages/airflow/example_dags/example_xcom.py
[2022-07-07 02:08:19,197] {processor.py:651} INFO - DAG(s) dict_keys(['example_xcom']) retrieved from /home/airflow/.local/lib/python3.7/site-packages/airflow/example_dags/example_xcom.py
[2022-07-07 02:08:19,383] {logging_mixin.py:115} INFO - [2022-07-07 02:08:19,383] {dag.py:2379} INFO - Sync 1 DAGs
[2022-07-07 02:08:19,397] {logging_mixin.py:115} INFO - [2022-07-07 02:08:19,397] {dag.py:2931} INFO - Setting next_dagrun for example_xcom to 2021-01-01T00:00:00+00:00, run_after=2021-01-01T00:00:00+00:00
[2022-07-07 02:08:19,411] {processor.py:161} INFO - Processing /home/airflow/.local/lib/python3.7/site-packages/airflow/example_dags/example_xcom.py took 0.233 seconds
[2022-07-07 02:08:50,365] {processor.py:153} INFO - Started process (PID=1408) to work on /home/airflow/.local/lib/python3.7/site-packages/airflow/example_dags/example_xcom.py
[2022-07-07 02:08:50,365] {processor.py:641} INFO - Processing file /home/airflow/.local/lib/python3.7/site-packages/airflow/example_dags/example_xcom.py for tasks to queue
[2022-07-07 02:08:50,366] {logging_mixin.py:115} INFO - [2022-07-07 02:08:50,366] {dagbag.py:507} INFO - Filling up the DagBag from /home/airflow/.local/lib/python3.7/site-packages/airflow/example_dags/example_xcom.py
[2022-07-07 02:08:50,381] {processor.py:651} INFO - DAG(s) dict_keys(['example_xcom']) retrieved from /home/airflow/.local/lib/python3.7/site-packages/airflow/example_dags/example_xcom.py
[2022-07-07 02:08:50,552] {logging_mixin.py:115} INFO - [2022-07-07 02:08:50,551] {dag.py:2379} INFO - Sync 1 DAGs
[2022-07-07 02:08:50,567] {logging_mixin.py:115} INFO - [2022-07-07 02:08:50,567] {dag.py:2931} INFO - Setting next_dagrun for example_xcom to 2021-01-01T00:00:00+00:00, run_after=2021-01-01T00:00:00+00:00
[2022-07-07 02:08:50,581] {processor.py:161} INFO - Processing /home/airflow/.local/lib/python3.7/site-packages/airflow/example_dags/example_xcom.py took 0.220 seconds
[2022-07-07 02:09:20,839] {processor.py:153} INFO - Started process (PID=1475) to work on /home/airflow/.local/lib/python3.7/site-packages/airflow/example_dags/example_xcom.py
[2022-07-07 02:09:20,840] {processor.py:641} INFO - Processing file /home/airflow/.local/lib/python3.7/site-packages/airflow/example_dags/example_xcom.py for tasks to queue
[2022-07-07 02:09:20,841] {logging_mixin.py:115} INFO - [2022-07-07 02:09:20,841] {dagbag.py:507} INFO - Filling up the DagBag from /home/airflow/.local/lib/python3.7/site-packages/airflow/example_dags/example_xcom.py
[2022-07-07 02:09:20,856] {processor.py:651} INFO - DAG(s) dict_keys(['example_xcom']) retrieved from /home/airflow/.local/lib/python3.7/site-packages/airflow/example_dags/example_xcom.py
[2022-07-07 02:09:20,880] {logging_mixin.py:115} INFO - [2022-07-07 02:09:20,880] {dag.py:2379} INFO - Sync 1 DAGs
[2022-07-07 02:09:21,018] {logging_mixin.py:115} INFO - [2022-07-07 02:09:21,018] {dag.py:2931} INFO - Setting next_dagrun for example_xcom to 2021-01-01T00:00:00+00:00, run_after=2021-01-01T00:00:00+00:00
[2022-07-07 02:09:21,030] {processor.py:161} INFO - Processing /home/airflow/.local/lib/python3.7/site-packages/airflow/example_dags/example_xcom.py took 0.193 seconds
[2022-07-07 02:09:51,508] {processor.py:153} INFO - Started process (PID=1540) to work on /home/airflow/.local/lib/python3.7/site-packages/airflow/example_dags/example_xcom.py
[2022-07-07 02:09:51,509] {processor.py:641} INFO - Processing file /home/airflow/.local/lib/python3.7/site-packages/airflow/example_dags/example_xcom.py for tasks to queue
[2022-07-07 02:09:51,509] {logging_mixin.py:115} INFO - [2022-07-07 02:09:51,509] {dagbag.py:507} INFO - Filling up the DagBag from /home/airflow/.local/lib/python3.7/site-packages/airflow/example_dags/example_xcom.py
[2022-07-07 02:09:51,524] {processor.py:651} INFO - DAG(s) dict_keys(['example_xcom']) retrieved from /home/airflow/.local/lib/python3.7/site-packages/airflow/example_dags/example_xcom.py
[2022-07-07 02:09:51,547] {logging_mixin.py:115} INFO - [2022-07-07 02:09:51,547] {dag.py:2379} INFO - Sync 1 DAGs
[2022-07-07 02:09:51,672] {logging_mixin.py:115} INFO - [2022-07-07 02:09:51,672] {dag.py:2931} INFO - Setting next_dagrun for example_xcom to 2021-01-01T00:00:00+00:00, run_after=2021-01-01T00:00:00+00:00
[2022-07-07 02:09:51,684] {processor.py:161} INFO - Processing /home/airflow/.local/lib/python3.7/site-packages/airflow/example_dags/example_xcom.py took 0.179 seconds
[2022-07-07 02:10:21,950] {processor.py:153} INFO - Started process (PID=1597) to work on /home/airflow/.local/lib/python3.7/site-packages/airflow/example_dags/example_xcom.py
[2022-07-07 02:10:21,951] {processor.py:641} INFO - Processing file /home/airflow/.local/lib/python3.7/site-packages/airflow/example_dags/example_xcom.py for tasks to queue
[2022-07-07 02:10:21,952] {logging_mixin.py:115} INFO - [2022-07-07 02:10:21,951] {dagbag.py:507} INFO - Filling up the DagBag from /home/airflow/.local/lib/python3.7/site-packages/airflow/example_dags/example_xcom.py
[2022-07-07 02:10:21,968] {processor.py:651} INFO - DAG(s) dict_keys(['example_xcom']) retrieved from /home/airflow/.local/lib/python3.7/site-packages/airflow/example_dags/example_xcom.py
[2022-07-07 02:10:22,138] {logging_mixin.py:115} INFO - [2022-07-07 02:10:22,138] {dag.py:2379} INFO - Sync 1 DAGs
[2022-07-07 02:10:22,152] {logging_mixin.py:115} INFO - [2022-07-07 02:10:22,152] {dag.py:2931} INFO - Setting next_dagrun for example_xcom to 2021-01-01T00:00:00+00:00, run_after=2021-01-01T00:00:00+00:00
[2022-07-07 02:10:22,167] {processor.py:161} INFO - Processing /home/airflow/.local/lib/python3.7/site-packages/airflow/example_dags/example_xcom.py took 0.219 seconds
[2022-07-07 02:10:53,068] {processor.py:153} INFO - Started process (PID=1661) to work on /home/airflow/.local/lib/python3.7/site-packages/airflow/example_dags/example_xcom.py
[2022-07-07 02:10:53,068] {processor.py:641} INFO - Processing file /home/airflow/.local/lib/python3.7/site-packages/airflow/example_dags/example_xcom.py for tasks to queue
[2022-07-07 02:10:53,069] {logging_mixin.py:115} INFO - [2022-07-07 02:10:53,069] {dagbag.py:507} INFO - Filling up the DagBag from /home/airflow/.local/lib/python3.7/site-packages/airflow/example_dags/example_xcom.py
[2022-07-07 02:10:53,086] {processor.py:651} INFO - DAG(s) dict_keys(['example_xcom']) retrieved from /home/airflow/.local/lib/python3.7/site-packages/airflow/example_dags/example_xcom.py
[2022-07-07 02:10:53,259] {logging_mixin.py:115} INFO - [2022-07-07 02:10:53,259] {dag.py:2379} INFO - Sync 1 DAGs
[2022-07-07 02:10:53,274] {logging_mixin.py:115} INFO - [2022-07-07 02:10:53,273] {dag.py:2931} INFO - Setting next_dagrun for example_xcom to 2021-01-01T00:00:00+00:00, run_after=2021-01-01T00:00:00+00:00
[2022-07-07 02:10:53,289] {processor.py:161} INFO - Processing /home/airflow/.local/lib/python3.7/site-packages/airflow/example_dags/example_xcom.py took 0.224 seconds
[2022-07-07 02:11:23,710] {processor.py:153} INFO - Started process (PID=1729) to work on /home/airflow/.local/lib/python3.7/site-packages/airflow/example_dags/example_xcom.py
[2022-07-07 02:11:23,710] {processor.py:641} INFO - Processing file /home/airflow/.local/lib/python3.7/site-packages/airflow/example_dags/example_xcom.py for tasks to queue
[2022-07-07 02:11:23,711] {logging_mixin.py:115} INFO - [2022-07-07 02:11:23,711] {dagbag.py:507} INFO - Filling up the DagBag from /home/airflow/.local/lib/python3.7/site-packages/airflow/example_dags/example_xcom.py
[2022-07-07 02:11:23,726] {processor.py:651} INFO - DAG(s) dict_keys(['example_xcom']) retrieved from /home/airflow/.local/lib/python3.7/site-packages/airflow/example_dags/example_xcom.py
[2022-07-07 02:11:23,750] {logging_mixin.py:115} INFO - [2022-07-07 02:11:23,750] {dag.py:2379} INFO - Sync 1 DAGs
[2022-07-07 02:11:23,887] {logging_mixin.py:115} INFO - [2022-07-07 02:11:23,887] {dag.py:2931} INFO - Setting next_dagrun for example_xcom to 2021-01-01T00:00:00+00:00, run_after=2021-01-01T00:00:00+00:00
[2022-07-07 02:11:23,899] {processor.py:161} INFO - Processing /home/airflow/.local/lib/python3.7/site-packages/airflow/example_dags/example_xcom.py took 0.192 seconds
[2022-07-07 02:11:54,232] {processor.py:153} INFO - Started process (PID=1795) to work on /home/airflow/.local/lib/python3.7/site-packages/airflow/example_dags/example_xcom.py
[2022-07-07 02:11:54,233] {processor.py:641} INFO - Processing file /home/airflow/.local/lib/python3.7/site-packages/airflow/example_dags/example_xcom.py for tasks to queue
[2022-07-07 02:11:54,234] {logging_mixin.py:115} INFO - [2022-07-07 02:11:54,234] {dagbag.py:507} INFO - Filling up the DagBag from /home/airflow/.local/lib/python3.7/site-packages/airflow/example_dags/example_xcom.py
[2022-07-07 02:11:54,275] {processor.py:651} INFO - DAG(s) dict_keys(['example_xcom']) retrieved from /home/airflow/.local/lib/python3.7/site-packages/airflow/example_dags/example_xcom.py
[2022-07-07 02:11:54,324] {logging_mixin.py:115} INFO - [2022-07-07 02:11:54,324] {dag.py:2379} INFO - Sync 1 DAGs
[2022-07-07 02:11:54,508] {logging_mixin.py:115} INFO - [2022-07-07 02:11:54,507] {dag.py:2931} INFO - Setting next_dagrun for example_xcom to 2021-01-01T00:00:00+00:00, run_after=2021-01-01T00:00:00+00:00
[2022-07-07 02:11:54,522] {processor.py:161} INFO - Processing /home/airflow/.local/lib/python3.7/site-packages/airflow/example_dags/example_xcom.py took 0.296 seconds
[2022-07-07 02:12:25,035] {processor.py:153} INFO - Started process (PID=1851) to work on /home/airflow/.local/lib/python3.7/site-packages/airflow/example_dags/example_xcom.py
[2022-07-07 02:12:25,036] {processor.py:641} INFO - Processing file /home/airflow/.local/lib/python3.7/site-packages/airflow/example_dags/example_xcom.py for tasks to queue
[2022-07-07 02:12:25,037] {logging_mixin.py:115} INFO - [2022-07-07 02:12:25,037] {dagbag.py:507} INFO - Filling up the DagBag from /home/airflow/.local/lib/python3.7/site-packages/airflow/example_dags/example_xcom.py
[2022-07-07 02:12:25,053] {processor.py:651} INFO - DAG(s) dict_keys(['example_xcom']) retrieved from /home/airflow/.local/lib/python3.7/site-packages/airflow/example_dags/example_xcom.py
[2022-07-07 02:12:25,211] {logging_mixin.py:115} INFO - [2022-07-07 02:12:25,211] {dag.py:2379} INFO - Sync 1 DAGs
[2022-07-07 02:12:25,225] {logging_mixin.py:115} INFO - [2022-07-07 02:12:25,225] {dag.py:2931} INFO - Setting next_dagrun for example_xcom to 2021-01-01T00:00:00+00:00, run_after=2021-01-01T00:00:00+00:00
[2022-07-07 02:12:25,240] {processor.py:161} INFO - Processing /home/airflow/.local/lib/python3.7/site-packages/airflow/example_dags/example_xcom.py took 0.208 seconds
[2022-07-07 02:12:55,433] {processor.py:153} INFO - Started process (PID=1916) to work on /home/airflow/.local/lib/python3.7/site-packages/airflow/example_dags/example_xcom.py
[2022-07-07 02:12:55,434] {processor.py:641} INFO - Processing file /home/airflow/.local/lib/python3.7/site-packages/airflow/example_dags/example_xcom.py for tasks to queue
[2022-07-07 02:12:55,435] {logging_mixin.py:115} INFO - [2022-07-07 02:12:55,435] {dagbag.py:507} INFO - Filling up the DagBag from /home/airflow/.local/lib/python3.7/site-packages/airflow/example_dags/example_xcom.py
[2022-07-07 02:12:55,449] {processor.py:651} INFO - DAG(s) dict_keys(['example_xcom']) retrieved from /home/airflow/.local/lib/python3.7/site-packages/airflow/example_dags/example_xcom.py
[2022-07-07 02:12:55,607] {logging_mixin.py:115} INFO - [2022-07-07 02:12:55,607] {dag.py:2379} INFO - Sync 1 DAGs
[2022-07-07 02:12:55,624] {logging_mixin.py:115} INFO - [2022-07-07 02:12:55,624] {dag.py:2931} INFO - Setting next_dagrun for example_xcom to 2021-01-01T00:00:00+00:00, run_after=2021-01-01T00:00:00+00:00
[2022-07-07 02:12:55,637] {processor.py:161} INFO - Processing /home/airflow/.local/lib/python3.7/site-packages/airflow/example_dags/example_xcom.py took 0.207 seconds
[2022-07-07 02:13:25,716] {processor.py:153} INFO - Started process (PID=1980) to work on /home/airflow/.local/lib/python3.7/site-packages/airflow/example_dags/example_xcom.py
[2022-07-07 02:13:25,717] {processor.py:641} INFO - Processing file /home/airflow/.local/lib/python3.7/site-packages/airflow/example_dags/example_xcom.py for tasks to queue
[2022-07-07 02:13:25,718] {logging_mixin.py:115} INFO - [2022-07-07 02:13:25,718] {dagbag.py:507} INFO - Filling up the DagBag from /home/airflow/.local/lib/python3.7/site-packages/airflow/example_dags/example_xcom.py
[2022-07-07 02:13:25,733] {processor.py:651} INFO - DAG(s) dict_keys(['example_xcom']) retrieved from /home/airflow/.local/lib/python3.7/site-packages/airflow/example_dags/example_xcom.py
[2022-07-07 02:13:25,899] {logging_mixin.py:115} INFO - [2022-07-07 02:13:25,899] {dag.py:2379} INFO - Sync 1 DAGs
[2022-07-07 02:13:25,915] {logging_mixin.py:115} INFO - [2022-07-07 02:13:25,915] {dag.py:2931} INFO - Setting next_dagrun for example_xcom to 2021-01-01T00:00:00+00:00, run_after=2021-01-01T00:00:00+00:00
[2022-07-07 02:13:25,929] {processor.py:161} INFO - Processing /home/airflow/.local/lib/python3.7/site-packages/airflow/example_dags/example_xcom.py took 0.216 seconds
[2022-07-07 02:13:56,564] {processor.py:153} INFO - Started process (PID=2039) to work on /home/airflow/.local/lib/python3.7/site-packages/airflow/example_dags/example_xcom.py
[2022-07-07 02:13:56,565] {processor.py:641} INFO - Processing file /home/airflow/.local/lib/python3.7/site-packages/airflow/example_dags/example_xcom.py for tasks to queue
[2022-07-07 02:13:56,566] {logging_mixin.py:115} INFO - [2022-07-07 02:13:56,566] {dagbag.py:507} INFO - Filling up the DagBag from /home/airflow/.local/lib/python3.7/site-packages/airflow/example_dags/example_xcom.py
[2022-07-07 02:13:56,586] {processor.py:651} INFO - DAG(s) dict_keys(['example_xcom']) retrieved from /home/airflow/.local/lib/python3.7/site-packages/airflow/example_dags/example_xcom.py
[2022-07-07 02:13:56,875] {logging_mixin.py:115} INFO - [2022-07-07 02:13:56,874] {dag.py:2379} INFO - Sync 1 DAGs
[2022-07-07 02:13:56,926] {logging_mixin.py:115} INFO - [2022-07-07 02:13:56,925] {dag.py:2931} INFO - Setting next_dagrun for example_xcom to 2021-01-01T00:00:00+00:00, run_after=2021-01-01T00:00:00+00:00
[2022-07-07 02:13:56,953] {processor.py:161} INFO - Processing /home/airflow/.local/lib/python3.7/site-packages/airflow/example_dags/example_xcom.py took 0.393 seconds
[2022-07-07 02:14:27,632] {processor.py:153} INFO - Started process (PID=2097) to work on /home/airflow/.local/lib/python3.7/site-packages/airflow/example_dags/example_xcom.py
[2022-07-07 02:14:27,633] {processor.py:641} INFO - Processing file /home/airflow/.local/lib/python3.7/site-packages/airflow/example_dags/example_xcom.py for tasks to queue
[2022-07-07 02:14:27,634] {logging_mixin.py:115} INFO - [2022-07-07 02:14:27,634] {dagbag.py:507} INFO - Filling up the DagBag from /home/airflow/.local/lib/python3.7/site-packages/airflow/example_dags/example_xcom.py
[2022-07-07 02:14:27,649] {processor.py:651} INFO - DAG(s) dict_keys(['example_xcom']) retrieved from /home/airflow/.local/lib/python3.7/site-packages/airflow/example_dags/example_xcom.py
[2022-07-07 02:14:27,816] {logging_mixin.py:115} INFO - [2022-07-07 02:14:27,816] {dag.py:2379} INFO - Sync 1 DAGs
[2022-07-07 02:14:27,831] {logging_mixin.py:115} INFO - [2022-07-07 02:14:27,831] {dag.py:2931} INFO - Setting next_dagrun for example_xcom to 2021-01-01T00:00:00+00:00, run_after=2021-01-01T00:00:00+00:00
[2022-07-07 02:14:27,845] {processor.py:161} INFO - Processing /home/airflow/.local/lib/python3.7/site-packages/airflow/example_dags/example_xcom.py took 0.216 seconds
[2022-07-07 02:14:58,221] {processor.py:153} INFO - Started process (PID=2161) to work on /home/airflow/.local/lib/python3.7/site-packages/airflow/example_dags/example_xcom.py
[2022-07-07 02:14:58,222] {processor.py:641} INFO - Processing file /home/airflow/.local/lib/python3.7/site-packages/airflow/example_dags/example_xcom.py for tasks to queue
[2022-07-07 02:14:58,222] {logging_mixin.py:115} INFO - [2022-07-07 02:14:58,222] {dagbag.py:507} INFO - Filling up the DagBag from /home/airflow/.local/lib/python3.7/site-packages/airflow/example_dags/example_xcom.py
[2022-07-07 02:14:58,238] {processor.py:651} INFO - DAG(s) dict_keys(['example_xcom']) retrieved from /home/airflow/.local/lib/python3.7/site-packages/airflow/example_dags/example_xcom.py
[2022-07-07 02:14:58,420] {logging_mixin.py:115} INFO - [2022-07-07 02:14:58,420] {dag.py:2379} INFO - Sync 1 DAGs
[2022-07-07 02:14:58,441] {logging_mixin.py:115} INFO - [2022-07-07 02:14:58,441] {dag.py:2931} INFO - Setting next_dagrun for example_xcom to 2021-01-01T00:00:00+00:00, run_after=2021-01-01T00:00:00+00:00
[2022-07-07 02:14:58,458] {processor.py:161} INFO - Processing /home/airflow/.local/lib/python3.7/site-packages/airflow/example_dags/example_xcom.py took 0.240 seconds
[2022-07-07 02:15:28,644] {processor.py:153} INFO - Started process (PID=2226) to work on /home/airflow/.local/lib/python3.7/site-packages/airflow/example_dags/example_xcom.py
[2022-07-07 02:15:28,645] {processor.py:641} INFO - Processing file /home/airflow/.local/lib/python3.7/site-packages/airflow/example_dags/example_xcom.py for tasks to queue
[2022-07-07 02:15:28,645] {logging_mixin.py:115} INFO - [2022-07-07 02:15:28,645] {dagbag.py:507} INFO - Filling up the DagBag from /home/airflow/.local/lib/python3.7/site-packages/airflow/example_dags/example_xcom.py
[2022-07-07 02:15:28,660] {processor.py:651} INFO - DAG(s) dict_keys(['example_xcom']) retrieved from /home/airflow/.local/lib/python3.7/site-packages/airflow/example_dags/example_xcom.py
[2022-07-07 02:15:28,820] {logging_mixin.py:115} INFO - [2022-07-07 02:15:28,820] {dag.py:2379} INFO - Sync 1 DAGs
[2022-07-07 02:15:28,836] {logging_mixin.py:115} INFO - [2022-07-07 02:15:28,836] {dag.py:2931} INFO - Setting next_dagrun for example_xcom to 2021-01-01T00:00:00+00:00, run_after=2021-01-01T00:00:00+00:00
[2022-07-07 02:15:28,856] {processor.py:161} INFO - Processing /home/airflow/.local/lib/python3.7/site-packages/airflow/example_dags/example_xcom.py took 0.215 seconds
[2022-07-07 02:15:59,832] {processor.py:153} INFO - Started process (PID=2281) to work on /home/airflow/.local/lib/python3.7/site-packages/airflow/example_dags/example_xcom.py
[2022-07-07 02:15:59,833] {processor.py:641} INFO - Processing file /home/airflow/.local/lib/python3.7/site-packages/airflow/example_dags/example_xcom.py for tasks to queue
[2022-07-07 02:15:59,834] {logging_mixin.py:115} INFO - [2022-07-07 02:15:59,833] {dagbag.py:507} INFO - Filling up the DagBag from /home/airflow/.local/lib/python3.7/site-packages/airflow/example_dags/example_xcom.py
[2022-07-07 02:15:59,851] {processor.py:651} INFO - DAG(s) dict_keys(['example_xcom']) retrieved from /home/airflow/.local/lib/python3.7/site-packages/airflow/example_dags/example_xcom.py
[2022-07-07 02:16:00,014] {logging_mixin.py:115} INFO - [2022-07-07 02:16:00,014] {dag.py:2379} INFO - Sync 1 DAGs
[2022-07-07 02:16:00,050] {logging_mixin.py:115} INFO - [2022-07-07 02:16:00,050] {dag.py:2931} INFO - Setting next_dagrun for example_xcom to 2021-01-01T00:00:00+00:00, run_after=2021-01-01T00:00:00+00:00
[2022-07-07 02:16:00,067] {processor.py:161} INFO - Processing /home/airflow/.local/lib/python3.7/site-packages/airflow/example_dags/example_xcom.py took 0.238 seconds
[2022-07-07 02:16:30,999] {processor.py:153} INFO - Started process (PID=2347) to work on /home/airflow/.local/lib/python3.7/site-packages/airflow/example_dags/example_xcom.py
[2022-07-07 02:16:30,999] {processor.py:641} INFO - Processing file /home/airflow/.local/lib/python3.7/site-packages/airflow/example_dags/example_xcom.py for tasks to queue
[2022-07-07 02:16:31,000] {logging_mixin.py:115} INFO - [2022-07-07 02:16:31,000] {dagbag.py:507} INFO - Filling up the DagBag from /home/airflow/.local/lib/python3.7/site-packages/airflow/example_dags/example_xcom.py
[2022-07-07 02:16:31,016] {processor.py:651} INFO - DAG(s) dict_keys(['example_xcom']) retrieved from /home/airflow/.local/lib/python3.7/site-packages/airflow/example_dags/example_xcom.py
[2022-07-07 02:16:31,174] {logging_mixin.py:115} INFO - [2022-07-07 02:16:31,174] {dag.py:2379} INFO - Sync 1 DAGs
[2022-07-07 02:16:31,192] {logging_mixin.py:115} INFO - [2022-07-07 02:16:31,191] {dag.py:2931} INFO - Setting next_dagrun for example_xcom to 2021-01-01T00:00:00+00:00, run_after=2021-01-01T00:00:00+00:00
[2022-07-07 02:16:31,205] {processor.py:161} INFO - Processing /home/airflow/.local/lib/python3.7/site-packages/airflow/example_dags/example_xcom.py took 0.209 seconds
[2022-07-07 02:17:02,208] {processor.py:153} INFO - Started process (PID=2412) to work on /home/airflow/.local/lib/python3.7/site-packages/airflow/example_dags/example_xcom.py
[2022-07-07 02:17:02,209] {processor.py:641} INFO - Processing file /home/airflow/.local/lib/python3.7/site-packages/airflow/example_dags/example_xcom.py for tasks to queue
[2022-07-07 02:17:02,209] {logging_mixin.py:115} INFO - [2022-07-07 02:17:02,209] {dagbag.py:507} INFO - Filling up the DagBag from /home/airflow/.local/lib/python3.7/site-packages/airflow/example_dags/example_xcom.py
[2022-07-07 02:17:02,223] {processor.py:651} INFO - DAG(s) dict_keys(['example_xcom']) retrieved from /home/airflow/.local/lib/python3.7/site-packages/airflow/example_dags/example_xcom.py
[2022-07-07 02:17:02,356] {logging_mixin.py:115} INFO - [2022-07-07 02:17:02,356] {dag.py:2379} INFO - Sync 1 DAGs
[2022-07-07 02:17:02,370] {logging_mixin.py:115} INFO - [2022-07-07 02:17:02,370] {dag.py:2931} INFO - Setting next_dagrun for example_xcom to 2021-01-01T00:00:00+00:00, run_after=2021-01-01T00:00:00+00:00
[2022-07-07 02:17:02,382] {processor.py:161} INFO - Processing /home/airflow/.local/lib/python3.7/site-packages/airflow/example_dags/example_xcom.py took 0.177 seconds
[2022-07-07 02:17:32,684] {processor.py:153} INFO - Started process (PID=2479) to work on /home/airflow/.local/lib/python3.7/site-packages/airflow/example_dags/example_xcom.py
[2022-07-07 02:17:32,685] {processor.py:641} INFO - Processing file /home/airflow/.local/lib/python3.7/site-packages/airflow/example_dags/example_xcom.py for tasks to queue
[2022-07-07 02:17:32,686] {logging_mixin.py:115} INFO - [2022-07-07 02:17:32,686] {dagbag.py:507} INFO - Filling up the DagBag from /home/airflow/.local/lib/python3.7/site-packages/airflow/example_dags/example_xcom.py
[2022-07-07 02:17:32,702] {processor.py:651} INFO - DAG(s) dict_keys(['example_xcom']) retrieved from /home/airflow/.local/lib/python3.7/site-packages/airflow/example_dags/example_xcom.py
[2022-07-07 02:17:32,900] {logging_mixin.py:115} INFO - [2022-07-07 02:17:32,900] {dag.py:2379} INFO - Sync 1 DAGs
[2022-07-07 02:17:32,916] {logging_mixin.py:115} INFO - [2022-07-07 02:17:32,915] {dag.py:2931} INFO - Setting next_dagrun for example_xcom to 2021-01-01T00:00:00+00:00, run_after=2021-01-01T00:00:00+00:00
[2022-07-07 02:17:32,929] {processor.py:161} INFO - Processing /home/airflow/.local/lib/python3.7/site-packages/airflow/example_dags/example_xcom.py took 0.247 seconds
[2022-07-07 02:18:03,688] {processor.py:153} INFO - Started process (PID=2534) to work on /home/airflow/.local/lib/python3.7/site-packages/airflow/example_dags/example_xcom.py
[2022-07-07 02:18:03,689] {processor.py:641} INFO - Processing file /home/airflow/.local/lib/python3.7/site-packages/airflow/example_dags/example_xcom.py for tasks to queue
[2022-07-07 02:18:03,690] {logging_mixin.py:115} INFO - [2022-07-07 02:18:03,690] {dagbag.py:507} INFO - Filling up the DagBag from /home/airflow/.local/lib/python3.7/site-packages/airflow/example_dags/example_xcom.py
[2022-07-07 02:18:03,716] {processor.py:651} INFO - DAG(s) dict_keys(['example_xcom']) retrieved from /home/airflow/.local/lib/python3.7/site-packages/airflow/example_dags/example_xcom.py
[2022-07-07 02:18:03,960] {logging_mixin.py:115} INFO - [2022-07-07 02:18:03,960] {dag.py:2379} INFO - Sync 1 DAGs
[2022-07-07 02:18:03,981] {logging_mixin.py:115} INFO - [2022-07-07 02:18:03,981] {dag.py:2931} INFO - Setting next_dagrun for example_xcom to 2021-01-01T00:00:00+00:00, run_after=2021-01-01T00:00:00+00:00
[2022-07-07 02:18:03,992] {processor.py:161} INFO - Processing /home/airflow/.local/lib/python3.7/site-packages/airflow/example_dags/example_xcom.py took 0.308 seconds
[2022-07-07 02:18:34,234] {processor.py:153} INFO - Started process (PID=2600) to work on /home/airflow/.local/lib/python3.7/site-packages/airflow/example_dags/example_xcom.py
[2022-07-07 02:18:34,235] {processor.py:641} INFO - Processing file /home/airflow/.local/lib/python3.7/site-packages/airflow/example_dags/example_xcom.py for tasks to queue
[2022-07-07 02:18:34,236] {logging_mixin.py:115} INFO - [2022-07-07 02:18:34,236] {dagbag.py:507} INFO - Filling up the DagBag from /home/airflow/.local/lib/python3.7/site-packages/airflow/example_dags/example_xcom.py
[2022-07-07 02:18:34,250] {processor.py:651} INFO - DAG(s) dict_keys(['example_xcom']) retrieved from /home/airflow/.local/lib/python3.7/site-packages/airflow/example_dags/example_xcom.py
[2022-07-07 02:18:34,409] {logging_mixin.py:115} INFO - [2022-07-07 02:18:34,409] {dag.py:2379} INFO - Sync 1 DAGs
[2022-07-07 02:18:34,424] {logging_mixin.py:115} INFO - [2022-07-07 02:18:34,424] {dag.py:2931} INFO - Setting next_dagrun for example_xcom to 2021-01-01T00:00:00+00:00, run_after=2021-01-01T00:00:00+00:00
[2022-07-07 02:18:34,436] {processor.py:161} INFO - Processing /home/airflow/.local/lib/python3.7/site-packages/airflow/example_dags/example_xcom.py took 0.204 seconds
[2022-07-07 02:19:04,476] {processor.py:153} INFO - Started process (PID=2666) to work on /home/airflow/.local/lib/python3.7/site-packages/airflow/example_dags/example_xcom.py
[2022-07-07 02:19:04,477] {processor.py:641} INFO - Processing file /home/airflow/.local/lib/python3.7/site-packages/airflow/example_dags/example_xcom.py for tasks to queue
[2022-07-07 02:19:04,478] {logging_mixin.py:115} INFO - [2022-07-07 02:19:04,478] {dagbag.py:507} INFO - Filling up the DagBag from /home/airflow/.local/lib/python3.7/site-packages/airflow/example_dags/example_xcom.py
[2022-07-07 02:19:04,492] {processor.py:651} INFO - DAG(s) dict_keys(['example_xcom']) retrieved from /home/airflow/.local/lib/python3.7/site-packages/airflow/example_dags/example_xcom.py
[2022-07-07 02:19:04,635] {logging_mixin.py:115} INFO - [2022-07-07 02:19:04,635] {dag.py:2379} INFO - Sync 1 DAGs
[2022-07-07 02:19:04,651] {logging_mixin.py:115} INFO - [2022-07-07 02:19:04,651] {dag.py:2931} INFO - Setting next_dagrun for example_xcom to 2021-01-01T00:00:00+00:00, run_after=2021-01-01T00:00:00+00:00
[2022-07-07 02:19:04,663] {processor.py:161} INFO - Processing /home/airflow/.local/lib/python3.7/site-packages/airflow/example_dags/example_xcom.py took 0.189 seconds
[2022-07-07 02:19:34,923] {processor.py:153} INFO - Started process (PID=2721) to work on /home/airflow/.local/lib/python3.7/site-packages/airflow/example_dags/example_xcom.py
[2022-07-07 02:19:34,924] {processor.py:641} INFO - Processing file /home/airflow/.local/lib/python3.7/site-packages/airflow/example_dags/example_xcom.py for tasks to queue
[2022-07-07 02:19:34,924] {logging_mixin.py:115} INFO - [2022-07-07 02:19:34,924] {dagbag.py:507} INFO - Filling up the DagBag from /home/airflow/.local/lib/python3.7/site-packages/airflow/example_dags/example_xcom.py
[2022-07-07 02:19:34,940] {processor.py:651} INFO - DAG(s) dict_keys(['example_xcom']) retrieved from /home/airflow/.local/lib/python3.7/site-packages/airflow/example_dags/example_xcom.py
[2022-07-07 02:19:35,076] {logging_mixin.py:115} INFO - [2022-07-07 02:19:35,076] {dag.py:2379} INFO - Sync 1 DAGs
[2022-07-07 02:19:35,091] {logging_mixin.py:115} INFO - [2022-07-07 02:19:35,091] {dag.py:2931} INFO - Setting next_dagrun for example_xcom to 2021-01-01T00:00:00+00:00, run_after=2021-01-01T00:00:00+00:00
[2022-07-07 02:19:35,105] {processor.py:161} INFO - Processing /home/airflow/.local/lib/python3.7/site-packages/airflow/example_dags/example_xcom.py took 0.185 seconds
[2022-07-07 02:29:51,972] {processor.py:153} INFO - Started process (PID=52) to work on /home/airflow/.local/lib/python3.7/site-packages/airflow/example_dags/example_xcom.py
[2022-07-07 02:29:51,974] {processor.py:641} INFO - Processing file /home/airflow/.local/lib/python3.7/site-packages/airflow/example_dags/example_xcom.py for tasks to queue
[2022-07-07 02:29:51,975] {logging_mixin.py:115} INFO - [2022-07-07 02:29:51,975] {dagbag.py:507} INFO - Filling up the DagBag from /home/airflow/.local/lib/python3.7/site-packages/airflow/example_dags/example_xcom.py
[2022-07-07 02:29:52,041] {processor.py:651} INFO - DAG(s) dict_keys(['example_xcom']) retrieved from /home/airflow/.local/lib/python3.7/site-packages/airflow/example_dags/example_xcom.py
[2022-07-07 02:29:52,441] {logging_mixin.py:115} INFO - [2022-07-07 02:29:52,441] {dag.py:2379} INFO - Sync 1 DAGs
[2022-07-07 02:29:52,491] {logging_mixin.py:115} INFO - [2022-07-07 02:29:52,491] {dag.py:2931} INFO - Setting next_dagrun for example_xcom to 2021-01-01T00:00:00+00:00, run_after=2021-01-01T00:00:00+00:00
[2022-07-07 02:29:52,531] {processor.py:161} INFO - Processing /home/airflow/.local/lib/python3.7/site-packages/airflow/example_dags/example_xcom.py took 0.572 seconds
[2022-07-07 02:30:24,000] {processor.py:153} INFO - Started process (PID=107) to work on /home/airflow/.local/lib/python3.7/site-packages/airflow/example_dags/example_xcom.py
[2022-07-07 02:30:24,002] {processor.py:641} INFO - Processing file /home/airflow/.local/lib/python3.7/site-packages/airflow/example_dags/example_xcom.py for tasks to queue
[2022-07-07 02:30:24,003] {logging_mixin.py:115} INFO - [2022-07-07 02:30:24,002] {dagbag.py:507} INFO - Filling up the DagBag from /home/airflow/.local/lib/python3.7/site-packages/airflow/example_dags/example_xcom.py
[2022-07-07 02:30:24,032] {processor.py:651} INFO - DAG(s) dict_keys(['example_xcom']) retrieved from /home/airflow/.local/lib/python3.7/site-packages/airflow/example_dags/example_xcom.py
[2022-07-07 02:30:24,317] {logging_mixin.py:115} INFO - [2022-07-07 02:30:24,317] {dag.py:2379} INFO - Sync 1 DAGs
[2022-07-07 02:30:24,347] {logging_mixin.py:115} INFO - [2022-07-07 02:30:24,346] {dag.py:2931} INFO - Setting next_dagrun for example_xcom to 2021-01-01T00:00:00+00:00, run_after=2021-01-01T00:00:00+00:00
[2022-07-07 02:30:24,369] {processor.py:161} INFO - Processing /home/airflow/.local/lib/python3.7/site-packages/airflow/example_dags/example_xcom.py took 0.373 seconds
[2022-07-07 02:30:55,065] {processor.py:153} INFO - Started process (PID=161) to work on /home/airflow/.local/lib/python3.7/site-packages/airflow/example_dags/example_xcom.py
[2022-07-07 02:30:55,066] {processor.py:641} INFO - Processing file /home/airflow/.local/lib/python3.7/site-packages/airflow/example_dags/example_xcom.py for tasks to queue
[2022-07-07 02:30:55,067] {logging_mixin.py:115} INFO - [2022-07-07 02:30:55,067] {dagbag.py:507} INFO - Filling up the DagBag from /home/airflow/.local/lib/python3.7/site-packages/airflow/example_dags/example_xcom.py
[2022-07-07 02:30:55,083] {processor.py:651} INFO - DAG(s) dict_keys(['example_xcom']) retrieved from /home/airflow/.local/lib/python3.7/site-packages/airflow/example_dags/example_xcom.py
[2022-07-07 02:30:55,268] {logging_mixin.py:115} INFO - [2022-07-07 02:30:55,268] {dag.py:2379} INFO - Sync 1 DAGs
[2022-07-07 02:30:55,284] {logging_mixin.py:115} INFO - [2022-07-07 02:30:55,283] {dag.py:2931} INFO - Setting next_dagrun for example_xcom to 2021-01-01T00:00:00+00:00, run_after=2021-01-01T00:00:00+00:00
[2022-07-07 02:30:55,313] {processor.py:161} INFO - Processing /home/airflow/.local/lib/python3.7/site-packages/airflow/example_dags/example_xcom.py took 0.250 seconds
[2022-07-07 02:31:25,344] {processor.py:153} INFO - Started process (PID=231) to work on /home/airflow/.local/lib/python3.7/site-packages/airflow/example_dags/example_xcom.py
[2022-07-07 02:31:25,345] {processor.py:641} INFO - Processing file /home/airflow/.local/lib/python3.7/site-packages/airflow/example_dags/example_xcom.py for tasks to queue
[2022-07-07 02:31:25,346] {logging_mixin.py:115} INFO - [2022-07-07 02:31:25,346] {dagbag.py:507} INFO - Filling up the DagBag from /home/airflow/.local/lib/python3.7/site-packages/airflow/example_dags/example_xcom.py
[2022-07-07 02:31:25,362] {processor.py:651} INFO - DAG(s) dict_keys(['example_xcom']) retrieved from /home/airflow/.local/lib/python3.7/site-packages/airflow/example_dags/example_xcom.py
[2022-07-07 02:31:25,532] {logging_mixin.py:115} INFO - [2022-07-07 02:31:25,532] {dag.py:2379} INFO - Sync 1 DAGs
[2022-07-07 02:31:25,546] {logging_mixin.py:115} INFO - [2022-07-07 02:31:25,546] {dag.py:2931} INFO - Setting next_dagrun for example_xcom to 2021-01-01T00:00:00+00:00, run_after=2021-01-01T00:00:00+00:00
[2022-07-07 02:31:25,559] {processor.py:161} INFO - Processing /home/airflow/.local/lib/python3.7/site-packages/airflow/example_dags/example_xcom.py took 0.217 seconds
[2022-07-07 02:31:56,287] {processor.py:153} INFO - Started process (PID=295) to work on /home/airflow/.local/lib/python3.7/site-packages/airflow/example_dags/example_xcom.py
[2022-07-07 02:31:56,298] {processor.py:641} INFO - Processing file /home/airflow/.local/lib/python3.7/site-packages/airflow/example_dags/example_xcom.py for tasks to queue
[2022-07-07 02:31:56,300] {logging_mixin.py:115} INFO - [2022-07-07 02:31:56,299] {dagbag.py:507} INFO - Filling up the DagBag from /home/airflow/.local/lib/python3.7/site-packages/airflow/example_dags/example_xcom.py
[2022-07-07 02:31:56,329] {processor.py:651} INFO - DAG(s) dict_keys(['example_xcom']) retrieved from /home/airflow/.local/lib/python3.7/site-packages/airflow/example_dags/example_xcom.py
[2022-07-07 02:31:56,724] {logging_mixin.py:115} INFO - [2022-07-07 02:31:56,724] {dag.py:2379} INFO - Sync 1 DAGs
[2022-07-07 02:31:56,754] {logging_mixin.py:115} INFO - [2022-07-07 02:31:56,754] {dag.py:2931} INFO - Setting next_dagrun for example_xcom to 2021-01-01T00:00:00+00:00, run_after=2021-01-01T00:00:00+00:00
[2022-07-07 02:31:56,778] {processor.py:161} INFO - Processing /home/airflow/.local/lib/python3.7/site-packages/airflow/example_dags/example_xcom.py took 0.495 seconds
[2022-07-07 02:32:27,595] {processor.py:153} INFO - Started process (PID=352) to work on /home/airflow/.local/lib/python3.7/site-packages/airflow/example_dags/example_xcom.py
[2022-07-07 02:32:27,596] {processor.py:641} INFO - Processing file /home/airflow/.local/lib/python3.7/site-packages/airflow/example_dags/example_xcom.py for tasks to queue
[2022-07-07 02:32:27,596] {logging_mixin.py:115} INFO - [2022-07-07 02:32:27,596] {dagbag.py:507} INFO - Filling up the DagBag from /home/airflow/.local/lib/python3.7/site-packages/airflow/example_dags/example_xcom.py
[2022-07-07 02:32:27,610] {processor.py:651} INFO - DAG(s) dict_keys(['example_xcom']) retrieved from /home/airflow/.local/lib/python3.7/site-packages/airflow/example_dags/example_xcom.py
[2022-07-07 02:32:27,796] {logging_mixin.py:115} INFO - [2022-07-07 02:32:27,796] {dag.py:2379} INFO - Sync 1 DAGs
[2022-07-07 02:32:27,811] {logging_mixin.py:115} INFO - [2022-07-07 02:32:27,811] {dag.py:2931} INFO - Setting next_dagrun for example_xcom to 2021-01-01T00:00:00+00:00, run_after=2021-01-01T00:00:00+00:00
[2022-07-07 02:32:27,825] {processor.py:161} INFO - Processing /home/airflow/.local/lib/python3.7/site-packages/airflow/example_dags/example_xcom.py took 0.233 seconds
[2022-07-07 02:32:58,723] {processor.py:153} INFO - Started process (PID=418) to work on /home/airflow/.local/lib/python3.7/site-packages/airflow/example_dags/example_xcom.py
[2022-07-07 02:32:58,724] {processor.py:641} INFO - Processing file /home/airflow/.local/lib/python3.7/site-packages/airflow/example_dags/example_xcom.py for tasks to queue
[2022-07-07 02:32:58,725] {logging_mixin.py:115} INFO - [2022-07-07 02:32:58,725] {dagbag.py:507} INFO - Filling up the DagBag from /home/airflow/.local/lib/python3.7/site-packages/airflow/example_dags/example_xcom.py
[2022-07-07 02:32:58,740] {processor.py:651} INFO - DAG(s) dict_keys(['example_xcom']) retrieved from /home/airflow/.local/lib/python3.7/site-packages/airflow/example_dags/example_xcom.py
[2022-07-07 02:32:58,909] {logging_mixin.py:115} INFO - [2022-07-07 02:32:58,909] {dag.py:2379} INFO - Sync 1 DAGs
[2022-07-07 02:32:58,924] {logging_mixin.py:115} INFO - [2022-07-07 02:32:58,924] {dag.py:2931} INFO - Setting next_dagrun for example_xcom to 2021-01-01T00:00:00+00:00, run_after=2021-01-01T00:00:00+00:00
[2022-07-07 02:32:58,938] {processor.py:161} INFO - Processing /home/airflow/.local/lib/python3.7/site-packages/airflow/example_dags/example_xcom.py took 0.219 seconds
