[2022-07-07 01:25:28,455] {processor.py:153} INFO - Started process (PID=60) to work on /home/airflow/.local/lib/python3.7/site-packages/airflow/example_dags/example_complex.py
[2022-07-07 01:25:28,456] {processor.py:641} INFO - Processing file /home/airflow/.local/lib/python3.7/site-packages/airflow/example_dags/example_complex.py for tasks to queue
[2022-07-07 01:25:28,457] {logging_mixin.py:115} INFO - [2022-07-07 01:25:28,457] {dagbag.py:507} INFO - Filling up the DagBag from /home/airflow/.local/lib/python3.7/site-packages/airflow/example_dags/example_complex.py
[2022-07-07 01:25:28,485] {processor.py:651} INFO - DAG(s) dict_keys(['example_complex']) retrieved from /home/airflow/.local/lib/python3.7/site-packages/airflow/example_dags/example_complex.py
[2022-07-07 01:25:29,577] {logging_mixin.py:115} INFO - [2022-07-07 01:25:29,577] {manager.py:508} INFO - Created Permission View: can edit on DAG:example_complex
[2022-07-07 01:25:29,598] {logging_mixin.py:115} INFO - [2022-07-07 01:25:29,598] {manager.py:508} INFO - Created Permission View: can read on DAG:example_complex
[2022-07-07 01:25:29,624] {logging_mixin.py:115} INFO - [2022-07-07 01:25:29,624] {manager.py:508} INFO - Created Permission View: can delete on DAG:example_complex
[2022-07-07 01:25:29,625] {logging_mixin.py:115} INFO - [2022-07-07 01:25:29,625] {dag.py:2379} INFO - Sync 1 DAGs
[2022-07-07 01:25:29,664] {logging_mixin.py:115} INFO - [2022-07-07 01:25:29,663] {dag.py:2398} INFO - Creating ORM DAG for example_complex
[2022-07-07 01:25:29,698] {logging_mixin.py:115} INFO - [2022-07-07 01:25:29,697] {dag.py:2931} INFO - Setting next_dagrun for example_complex to None, run_after=None
[2022-07-07 01:25:29,737] {processor.py:161} INFO - Processing /home/airflow/.local/lib/python3.7/site-packages/airflow/example_dags/example_complex.py took 1.287 seconds
[2022-07-07 01:25:59,992] {processor.py:153} INFO - Started process (PID=127) to work on /home/airflow/.local/lib/python3.7/site-packages/airflow/example_dags/example_complex.py
[2022-07-07 01:25:59,993] {processor.py:641} INFO - Processing file /home/airflow/.local/lib/python3.7/site-packages/airflow/example_dags/example_complex.py for tasks to queue
[2022-07-07 01:25:59,994] {logging_mixin.py:115} INFO - [2022-07-07 01:25:59,994] {dagbag.py:507} INFO - Filling up the DagBag from /home/airflow/.local/lib/python3.7/site-packages/airflow/example_dags/example_complex.py
[2022-07-07 01:26:00,005] {processor.py:651} INFO - DAG(s) dict_keys(['example_complex']) retrieved from /home/airflow/.local/lib/python3.7/site-packages/airflow/example_dags/example_complex.py
[2022-07-07 01:26:00,039] {logging_mixin.py:115} INFO - [2022-07-07 01:26:00,039] {dag.py:2379} INFO - Sync 1 DAGs
[2022-07-07 01:26:00,066] {logging_mixin.py:115} INFO - [2022-07-07 01:26:00,065] {dag.py:2931} INFO - Setting next_dagrun for example_complex to None, run_after=None
[2022-07-07 01:26:00,210] {processor.py:161} INFO - Processing /home/airflow/.local/lib/python3.7/site-packages/airflow/example_dags/example_complex.py took 0.220 seconds
[2022-07-07 01:26:30,825] {processor.py:153} INFO - Started process (PID=183) to work on /home/airflow/.local/lib/python3.7/site-packages/airflow/example_dags/example_complex.py
[2022-07-07 01:26:30,826] {processor.py:641} INFO - Processing file /home/airflow/.local/lib/python3.7/site-packages/airflow/example_dags/example_complex.py for tasks to queue
[2022-07-07 01:26:30,827] {logging_mixin.py:115} INFO - [2022-07-07 01:26:30,827] {dagbag.py:507} INFO - Filling up the DagBag from /home/airflow/.local/lib/python3.7/site-packages/airflow/example_dags/example_complex.py
[2022-07-07 01:26:30,839] {processor.py:651} INFO - DAG(s) dict_keys(['example_complex']) retrieved from /home/airflow/.local/lib/python3.7/site-packages/airflow/example_dags/example_complex.py
[2022-07-07 01:26:30,923] {logging_mixin.py:115} INFO - [2022-07-07 01:26:30,922] {dag.py:2379} INFO - Sync 1 DAGs
[2022-07-07 01:26:30,953] {logging_mixin.py:115} INFO - [2022-07-07 01:26:30,952] {dag.py:2931} INFO - Setting next_dagrun for example_complex to None, run_after=None
[2022-07-07 01:26:31,101] {processor.py:161} INFO - Processing /home/airflow/.local/lib/python3.7/site-packages/airflow/example_dags/example_complex.py took 0.280 seconds
[2022-07-07 01:27:08,799] {processor.py:153} INFO - Started process (PID=251) to work on /home/airflow/.local/lib/python3.7/site-packages/airflow/example_dags/example_complex.py
[2022-07-07 01:27:08,801] {processor.py:641} INFO - Processing file /home/airflow/.local/lib/python3.7/site-packages/airflow/example_dags/example_complex.py for tasks to queue
[2022-07-07 01:27:08,802] {logging_mixin.py:115} INFO - [2022-07-07 01:27:08,802] {dagbag.py:507} INFO - Filling up the DagBag from /home/airflow/.local/lib/python3.7/site-packages/airflow/example_dags/example_complex.py
[2022-07-07 01:27:08,825] {processor.py:651} INFO - DAG(s) dict_keys(['example_complex']) retrieved from /home/airflow/.local/lib/python3.7/site-packages/airflow/example_dags/example_complex.py
[2022-07-07 01:27:08,887] {logging_mixin.py:115} INFO - [2022-07-07 01:27:08,886] {dag.py:2379} INFO - Sync 1 DAGs
[2022-07-07 01:27:08,928] {logging_mixin.py:115} INFO - [2022-07-07 01:27:08,928] {dag.py:2931} INFO - Setting next_dagrun for example_complex to None, run_after=None
[2022-07-07 01:27:09,184] {processor.py:161} INFO - Processing /home/airflow/.local/lib/python3.7/site-packages/airflow/example_dags/example_complex.py took 0.390 seconds
[2022-07-07 01:27:39,390] {processor.py:153} INFO - Started process (PID=307) to work on /home/airflow/.local/lib/python3.7/site-packages/airflow/example_dags/example_complex.py
[2022-07-07 01:27:39,391] {processor.py:641} INFO - Processing file /home/airflow/.local/lib/python3.7/site-packages/airflow/example_dags/example_complex.py for tasks to queue
[2022-07-07 01:27:39,392] {logging_mixin.py:115} INFO - [2022-07-07 01:27:39,392] {dagbag.py:507} INFO - Filling up the DagBag from /home/airflow/.local/lib/python3.7/site-packages/airflow/example_dags/example_complex.py
[2022-07-07 01:27:39,406] {processor.py:651} INFO - DAG(s) dict_keys(['example_complex']) retrieved from /home/airflow/.local/lib/python3.7/site-packages/airflow/example_dags/example_complex.py
[2022-07-07 01:27:39,438] {logging_mixin.py:115} INFO - [2022-07-07 01:27:39,438] {dag.py:2379} INFO - Sync 1 DAGs
[2022-07-07 01:27:39,464] {logging_mixin.py:115} INFO - [2022-07-07 01:27:39,464] {dag.py:2931} INFO - Setting next_dagrun for example_complex to None, run_after=None
[2022-07-07 01:27:39,605] {processor.py:161} INFO - Processing /home/airflow/.local/lib/python3.7/site-packages/airflow/example_dags/example_complex.py took 0.217 seconds
[2022-07-07 01:28:10,650] {processor.py:153} INFO - Started process (PID=375) to work on /home/airflow/.local/lib/python3.7/site-packages/airflow/example_dags/example_complex.py
[2022-07-07 01:28:10,652] {processor.py:641} INFO - Processing file /home/airflow/.local/lib/python3.7/site-packages/airflow/example_dags/example_complex.py for tasks to queue
[2022-07-07 01:28:10,654] {logging_mixin.py:115} INFO - [2022-07-07 01:28:10,654] {dagbag.py:507} INFO - Filling up the DagBag from /home/airflow/.local/lib/python3.7/site-packages/airflow/example_dags/example_complex.py
[2022-07-07 01:28:10,681] {processor.py:651} INFO - DAG(s) dict_keys(['example_complex']) retrieved from /home/airflow/.local/lib/python3.7/site-packages/airflow/example_dags/example_complex.py
[2022-07-07 01:28:10,758] {logging_mixin.py:115} INFO - [2022-07-07 01:28:10,758] {dag.py:2379} INFO - Sync 1 DAGs
[2022-07-07 01:28:10,812] {logging_mixin.py:115} INFO - [2022-07-07 01:28:10,812] {dag.py:2931} INFO - Setting next_dagrun for example_complex to None, run_after=None
[2022-07-07 01:28:11,047] {processor.py:161} INFO - Processing /home/airflow/.local/lib/python3.7/site-packages/airflow/example_dags/example_complex.py took 0.402 seconds
[2022-07-07 01:28:44,844] {processor.py:153} INFO - Started process (PID=431) to work on /home/airflow/.local/lib/python3.7/site-packages/airflow/example_dags/example_complex.py
[2022-07-07 01:28:44,845] {processor.py:641} INFO - Processing file /home/airflow/.local/lib/python3.7/site-packages/airflow/example_dags/example_complex.py for tasks to queue
[2022-07-07 01:28:44,846] {logging_mixin.py:115} INFO - [2022-07-07 01:28:44,846] {dagbag.py:507} INFO - Filling up the DagBag from /home/airflow/.local/lib/python3.7/site-packages/airflow/example_dags/example_complex.py
[2022-07-07 01:28:44,857] {processor.py:651} INFO - DAG(s) dict_keys(['example_complex']) retrieved from /home/airflow/.local/lib/python3.7/site-packages/airflow/example_dags/example_complex.py
[2022-07-07 01:28:44,884] {logging_mixin.py:115} INFO - [2022-07-07 01:28:44,884] {dag.py:2379} INFO - Sync 1 DAGs
[2022-07-07 01:28:44,907] {logging_mixin.py:115} INFO - [2022-07-07 01:28:44,906] {dag.py:2931} INFO - Setting next_dagrun for example_complex to None, run_after=None
[2022-07-07 01:28:45,040] {processor.py:161} INFO - Processing /home/airflow/.local/lib/python3.7/site-packages/airflow/example_dags/example_complex.py took 0.198 seconds
[2022-07-07 01:46:12,595] {processor.py:153} INFO - Started process (PID=59) to work on /home/airflow/.local/lib/python3.7/site-packages/airflow/example_dags/example_complex.py
[2022-07-07 01:46:12,607] {processor.py:641} INFO - Processing file /home/airflow/.local/lib/python3.7/site-packages/airflow/example_dags/example_complex.py for tasks to queue
[2022-07-07 01:46:12,608] {logging_mixin.py:115} INFO - [2022-07-07 01:46:12,608] {dagbag.py:507} INFO - Filling up the DagBag from /home/airflow/.local/lib/python3.7/site-packages/airflow/example_dags/example_complex.py
[2022-07-07 01:46:12,623] {processor.py:651} INFO - DAG(s) dict_keys(['example_complex']) retrieved from /home/airflow/.local/lib/python3.7/site-packages/airflow/example_dags/example_complex.py
[2022-07-07 01:46:12,655] {logging_mixin.py:115} INFO - [2022-07-07 01:46:12,655] {dag.py:2379} INFO - Sync 1 DAGs
[2022-07-07 01:46:12,679] {logging_mixin.py:115} INFO - [2022-07-07 01:46:12,679] {dag.py:2931} INFO - Setting next_dagrun for example_complex to None, run_after=None
[2022-07-07 01:46:12,803] {processor.py:161} INFO - Processing /home/airflow/.local/lib/python3.7/site-packages/airflow/example_dags/example_complex.py took 0.210 seconds
[2022-07-07 01:47:15,850] {processor.py:153} INFO - Started process (PID=134) to work on /home/airflow/.local/lib/python3.7/site-packages/airflow/example_dags/example_complex.py
[2022-07-07 01:47:15,852] {processor.py:641} INFO - Processing file /home/airflow/.local/lib/python3.7/site-packages/airflow/example_dags/example_complex.py for tasks to queue
[2022-07-07 01:47:15,853] {logging_mixin.py:115} INFO - [2022-07-07 01:47:15,853] {dagbag.py:507} INFO - Filling up the DagBag from /home/airflow/.local/lib/python3.7/site-packages/airflow/example_dags/example_complex.py
[2022-07-07 01:47:15,881] {processor.py:651} INFO - DAG(s) dict_keys(['example_complex']) retrieved from /home/airflow/.local/lib/python3.7/site-packages/airflow/example_dags/example_complex.py
[2022-07-07 01:47:15,931] {logging_mixin.py:115} INFO - [2022-07-07 01:47:15,930] {dag.py:2379} INFO - Sync 1 DAGs
[2022-07-07 01:47:15,973] {logging_mixin.py:115} INFO - [2022-07-07 01:47:15,972] {dag.py:2931} INFO - Setting next_dagrun for example_complex to None, run_after=None
[2022-07-07 01:47:16,206] {processor.py:161} INFO - Processing /home/airflow/.local/lib/python3.7/site-packages/airflow/example_dags/example_complex.py took 0.362 seconds
[2022-07-07 01:47:46,920] {processor.py:153} INFO - Started process (PID=190) to work on /home/airflow/.local/lib/python3.7/site-packages/airflow/example_dags/example_complex.py
[2022-07-07 01:47:46,924] {processor.py:641} INFO - Processing file /home/airflow/.local/lib/python3.7/site-packages/airflow/example_dags/example_complex.py for tasks to queue
[2022-07-07 01:47:46,925] {logging_mixin.py:115} INFO - [2022-07-07 01:47:46,925] {dagbag.py:507} INFO - Filling up the DagBag from /home/airflow/.local/lib/python3.7/site-packages/airflow/example_dags/example_complex.py
[2022-07-07 01:47:46,955] {processor.py:651} INFO - DAG(s) dict_keys(['example_complex']) retrieved from /home/airflow/.local/lib/python3.7/site-packages/airflow/example_dags/example_complex.py
[2022-07-07 01:47:47,010] {logging_mixin.py:115} INFO - [2022-07-07 01:47:47,010] {dag.py:2379} INFO - Sync 1 DAGs
[2022-07-07 01:47:47,069] {logging_mixin.py:115} INFO - [2022-07-07 01:47:47,068] {dag.py:2931} INFO - Setting next_dagrun for example_complex to None, run_after=None
[2022-07-07 01:47:47,353] {processor.py:161} INFO - Processing /home/airflow/.local/lib/python3.7/site-packages/airflow/example_dags/example_complex.py took 0.439 seconds
[2022-07-07 01:48:17,780] {processor.py:153} INFO - Started process (PID=258) to work on /home/airflow/.local/lib/python3.7/site-packages/airflow/example_dags/example_complex.py
[2022-07-07 01:48:17,784] {processor.py:641} INFO - Processing file /home/airflow/.local/lib/python3.7/site-packages/airflow/example_dags/example_complex.py for tasks to queue
[2022-07-07 01:48:17,786] {logging_mixin.py:115} INFO - [2022-07-07 01:48:17,786] {dagbag.py:507} INFO - Filling up the DagBag from /home/airflow/.local/lib/python3.7/site-packages/airflow/example_dags/example_complex.py
[2022-07-07 01:48:17,809] {processor.py:651} INFO - DAG(s) dict_keys(['example_complex']) retrieved from /home/airflow/.local/lib/python3.7/site-packages/airflow/example_dags/example_complex.py
[2022-07-07 01:48:17,886] {logging_mixin.py:115} INFO - [2022-07-07 01:48:17,886] {dag.py:2379} INFO - Sync 1 DAGs
[2022-07-07 01:48:17,933] {logging_mixin.py:115} INFO - [2022-07-07 01:48:17,933] {dag.py:2931} INFO - Setting next_dagrun for example_complex to None, run_after=None
[2022-07-07 01:48:18,204] {processor.py:161} INFO - Processing /home/airflow/.local/lib/python3.7/site-packages/airflow/example_dags/example_complex.py took 0.429 seconds
[2022-07-07 01:48:48,347] {processor.py:153} INFO - Started process (PID=313) to work on /home/airflow/.local/lib/python3.7/site-packages/airflow/example_dags/example_complex.py
[2022-07-07 01:48:48,348] {processor.py:641} INFO - Processing file /home/airflow/.local/lib/python3.7/site-packages/airflow/example_dags/example_complex.py for tasks to queue
[2022-07-07 01:48:48,349] {logging_mixin.py:115} INFO - [2022-07-07 01:48:48,349] {dagbag.py:507} INFO - Filling up the DagBag from /home/airflow/.local/lib/python3.7/site-packages/airflow/example_dags/example_complex.py
[2022-07-07 01:48:48,370] {processor.py:651} INFO - DAG(s) dict_keys(['example_complex']) retrieved from /home/airflow/.local/lib/python3.7/site-packages/airflow/example_dags/example_complex.py
[2022-07-07 01:48:48,416] {logging_mixin.py:115} INFO - [2022-07-07 01:48:48,416] {dag.py:2379} INFO - Sync 1 DAGs
[2022-07-07 01:48:48,451] {logging_mixin.py:115} INFO - [2022-07-07 01:48:48,451] {dag.py:2931} INFO - Setting next_dagrun for example_complex to None, run_after=None
[2022-07-07 01:48:48,603] {processor.py:161} INFO - Processing /home/airflow/.local/lib/python3.7/site-packages/airflow/example_dags/example_complex.py took 0.263 seconds
[2022-07-07 01:49:18,917] {processor.py:153} INFO - Started process (PID=381) to work on /home/airflow/.local/lib/python3.7/site-packages/airflow/example_dags/example_complex.py
[2022-07-07 01:49:18,918] {processor.py:641} INFO - Processing file /home/airflow/.local/lib/python3.7/site-packages/airflow/example_dags/example_complex.py for tasks to queue
[2022-07-07 01:49:18,919] {logging_mixin.py:115} INFO - [2022-07-07 01:49:18,919] {dagbag.py:507} INFO - Filling up the DagBag from /home/airflow/.local/lib/python3.7/site-packages/airflow/example_dags/example_complex.py
[2022-07-07 01:49:18,932] {processor.py:651} INFO - DAG(s) dict_keys(['example_complex']) retrieved from /home/airflow/.local/lib/python3.7/site-packages/airflow/example_dags/example_complex.py
[2022-07-07 01:49:18,968] {logging_mixin.py:115} INFO - [2022-07-07 01:49:18,968] {dag.py:2379} INFO - Sync 1 DAGs
[2022-07-07 01:49:18,994] {logging_mixin.py:115} INFO - [2022-07-07 01:49:18,994] {dag.py:2931} INFO - Setting next_dagrun for example_complex to None, run_after=None
[2022-07-07 01:49:19,157] {processor.py:161} INFO - Processing /home/airflow/.local/lib/python3.7/site-packages/airflow/example_dags/example_complex.py took 0.243 seconds
[2022-07-07 01:49:49,655] {processor.py:153} INFO - Started process (PID=439) to work on /home/airflow/.local/lib/python3.7/site-packages/airflow/example_dags/example_complex.py
[2022-07-07 01:49:49,656] {processor.py:641} INFO - Processing file /home/airflow/.local/lib/python3.7/site-packages/airflow/example_dags/example_complex.py for tasks to queue
[2022-07-07 01:49:49,657] {logging_mixin.py:115} INFO - [2022-07-07 01:49:49,657] {dagbag.py:507} INFO - Filling up the DagBag from /home/airflow/.local/lib/python3.7/site-packages/airflow/example_dags/example_complex.py
[2022-07-07 01:49:49,678] {processor.py:651} INFO - DAG(s) dict_keys(['example_complex']) retrieved from /home/airflow/.local/lib/python3.7/site-packages/airflow/example_dags/example_complex.py
[2022-07-07 01:49:49,727] {logging_mixin.py:115} INFO - [2022-07-07 01:49:49,727] {dag.py:2379} INFO - Sync 1 DAGs
[2022-07-07 01:49:49,774] {logging_mixin.py:115} INFO - [2022-07-07 01:49:49,774] {dag.py:2931} INFO - Setting next_dagrun for example_complex to None, run_after=None
[2022-07-07 01:49:50,010] {processor.py:161} INFO - Processing /home/airflow/.local/lib/python3.7/site-packages/airflow/example_dags/example_complex.py took 0.360 seconds
[2022-07-07 01:50:22,277] {processor.py:153} INFO - Started process (PID=503) to work on /home/airflow/.local/lib/python3.7/site-packages/airflow/example_dags/example_complex.py
[2022-07-07 01:50:22,279] {processor.py:641} INFO - Processing file /home/airflow/.local/lib/python3.7/site-packages/airflow/example_dags/example_complex.py for tasks to queue
[2022-07-07 01:50:22,280] {logging_mixin.py:115} INFO - [2022-07-07 01:50:22,280] {dagbag.py:507} INFO - Filling up the DagBag from /home/airflow/.local/lib/python3.7/site-packages/airflow/example_dags/example_complex.py
[2022-07-07 01:50:22,297] {processor.py:651} INFO - DAG(s) dict_keys(['example_complex']) retrieved from /home/airflow/.local/lib/python3.7/site-packages/airflow/example_dags/example_complex.py
[2022-07-07 01:50:22,339] {logging_mixin.py:115} INFO - [2022-07-07 01:50:22,339] {dag.py:2379} INFO - Sync 1 DAGs
[2022-07-07 01:50:22,382] {logging_mixin.py:115} INFO - [2022-07-07 01:50:22,382] {dag.py:2931} INFO - Setting next_dagrun for example_complex to None, run_after=None
[2022-07-07 01:50:22,639] {processor.py:161} INFO - Processing /home/airflow/.local/lib/python3.7/site-packages/airflow/example_dags/example_complex.py took 0.366 seconds
[2022-07-07 01:50:53,255] {processor.py:153} INFO - Started process (PID=565) to work on /home/airflow/.local/lib/python3.7/site-packages/airflow/example_dags/example_complex.py
[2022-07-07 01:50:53,256] {processor.py:641} INFO - Processing file /home/airflow/.local/lib/python3.7/site-packages/airflow/example_dags/example_complex.py for tasks to queue
[2022-07-07 01:50:53,257] {logging_mixin.py:115} INFO - [2022-07-07 01:50:53,257] {dagbag.py:507} INFO - Filling up the DagBag from /home/airflow/.local/lib/python3.7/site-packages/airflow/example_dags/example_complex.py
[2022-07-07 01:50:53,276] {processor.py:651} INFO - DAG(s) dict_keys(['example_complex']) retrieved from /home/airflow/.local/lib/python3.7/site-packages/airflow/example_dags/example_complex.py
[2022-07-07 01:50:53,317] {logging_mixin.py:115} INFO - [2022-07-07 01:50:53,317] {dag.py:2379} INFO - Sync 1 DAGs
[2022-07-07 01:50:53,351] {logging_mixin.py:115} INFO - [2022-07-07 01:50:53,351] {dag.py:2931} INFO - Setting next_dagrun for example_complex to None, run_after=None
[2022-07-07 01:50:53,528] {processor.py:161} INFO - Processing /home/airflow/.local/lib/python3.7/site-packages/airflow/example_dags/example_complex.py took 0.277 seconds
[2022-07-07 01:51:23,744] {processor.py:153} INFO - Started process (PID=621) to work on /home/airflow/.local/lib/python3.7/site-packages/airflow/example_dags/example_complex.py
[2022-07-07 01:51:23,744] {processor.py:641} INFO - Processing file /home/airflow/.local/lib/python3.7/site-packages/airflow/example_dags/example_complex.py for tasks to queue
[2022-07-07 01:51:23,745] {logging_mixin.py:115} INFO - [2022-07-07 01:51:23,745] {dagbag.py:507} INFO - Filling up the DagBag from /home/airflow/.local/lib/python3.7/site-packages/airflow/example_dags/example_complex.py
[2022-07-07 01:51:23,757] {processor.py:651} INFO - DAG(s) dict_keys(['example_complex']) retrieved from /home/airflow/.local/lib/python3.7/site-packages/airflow/example_dags/example_complex.py
[2022-07-07 01:51:23,786] {logging_mixin.py:115} INFO - [2022-07-07 01:51:23,786] {dag.py:2379} INFO - Sync 1 DAGs
[2022-07-07 01:51:23,927] {logging_mixin.py:115} INFO - [2022-07-07 01:51:23,927] {dag.py:2931} INFO - Setting next_dagrun for example_complex to None, run_after=None
[2022-07-07 01:51:23,939] {processor.py:161} INFO - Processing /home/airflow/.local/lib/python3.7/site-packages/airflow/example_dags/example_complex.py took 0.198 seconds
[2022-07-07 01:51:54,353] {processor.py:153} INFO - Started process (PID=688) to work on /home/airflow/.local/lib/python3.7/site-packages/airflow/example_dags/example_complex.py
[2022-07-07 01:51:54,354] {processor.py:641} INFO - Processing file /home/airflow/.local/lib/python3.7/site-packages/airflow/example_dags/example_complex.py for tasks to queue
[2022-07-07 01:51:54,356] {logging_mixin.py:115} INFO - [2022-07-07 01:51:54,356] {dagbag.py:507} INFO - Filling up the DagBag from /home/airflow/.local/lib/python3.7/site-packages/airflow/example_dags/example_complex.py
[2022-07-07 01:51:54,393] {processor.py:651} INFO - DAG(s) dict_keys(['example_complex']) retrieved from /home/airflow/.local/lib/python3.7/site-packages/airflow/example_dags/example_complex.py
[2022-07-07 01:51:54,503] {logging_mixin.py:115} INFO - [2022-07-07 01:51:54,502] {dag.py:2379} INFO - Sync 1 DAGs
[2022-07-07 01:51:54,906] {logging_mixin.py:115} INFO - [2022-07-07 01:51:54,906] {dag.py:2931} INFO - Setting next_dagrun for example_complex to None, run_after=None
[2022-07-07 01:51:54,946] {processor.py:161} INFO - Processing /home/airflow/.local/lib/python3.7/site-packages/airflow/example_dags/example_complex.py took 0.600 seconds
[2022-07-07 01:54:29,773] {processor.py:153} INFO - Started process (PID=60) to work on /home/airflow/.local/lib/python3.7/site-packages/airflow/example_dags/example_complex.py
[2022-07-07 01:54:29,774] {processor.py:641} INFO - Processing file /home/airflow/.local/lib/python3.7/site-packages/airflow/example_dags/example_complex.py for tasks to queue
[2022-07-07 01:54:29,776] {logging_mixin.py:115} INFO - [2022-07-07 01:54:29,775] {dagbag.py:507} INFO - Filling up the DagBag from /home/airflow/.local/lib/python3.7/site-packages/airflow/example_dags/example_complex.py
[2022-07-07 01:54:29,793] {processor.py:651} INFO - DAG(s) dict_keys(['example_complex']) retrieved from /home/airflow/.local/lib/python3.7/site-packages/airflow/example_dags/example_complex.py
[2022-07-07 01:54:29,840] {logging_mixin.py:115} INFO - [2022-07-07 01:54:29,840] {dag.py:2379} INFO - Sync 1 DAGs
[2022-07-07 01:54:29,876] {logging_mixin.py:115} INFO - [2022-07-07 01:54:29,876] {dag.py:2931} INFO - Setting next_dagrun for example_complex to None, run_after=None
[2022-07-07 01:54:30,056] {processor.py:161} INFO - Processing /home/airflow/.local/lib/python3.7/site-packages/airflow/example_dags/example_complex.py took 0.287 seconds
[2022-07-07 01:55:26,135] {processor.py:153} INFO - Started process (PID=125) to work on /home/airflow/.local/lib/python3.7/site-packages/airflow/example_dags/example_complex.py
[2022-07-07 01:55:26,136] {processor.py:641} INFO - Processing file /home/airflow/.local/lib/python3.7/site-packages/airflow/example_dags/example_complex.py for tasks to queue
[2022-07-07 01:55:26,137] {logging_mixin.py:115} INFO - [2022-07-07 01:55:26,137] {dagbag.py:507} INFO - Filling up the DagBag from /home/airflow/.local/lib/python3.7/site-packages/airflow/example_dags/example_complex.py
[2022-07-07 01:55:26,149] {processor.py:651} INFO - DAG(s) dict_keys(['example_complex']) retrieved from /home/airflow/.local/lib/python3.7/site-packages/airflow/example_dags/example_complex.py
[2022-07-07 01:55:26,193] {logging_mixin.py:115} INFO - [2022-07-07 01:55:26,193] {dag.py:2379} INFO - Sync 1 DAGs
[2022-07-07 01:55:26,225] {logging_mixin.py:115} INFO - [2022-07-07 01:55:26,224] {dag.py:2931} INFO - Setting next_dagrun for example_complex to None, run_after=None
[2022-07-07 01:55:26,439] {processor.py:161} INFO - Processing /home/airflow/.local/lib/python3.7/site-packages/airflow/example_dags/example_complex.py took 0.307 seconds
[2022-07-07 01:57:12,909] {processor.py:153} INFO - Started process (PID=59) to work on /home/airflow/.local/lib/python3.7/site-packages/airflow/example_dags/example_complex.py
[2022-07-07 01:57:12,915] {processor.py:641} INFO - Processing file /home/airflow/.local/lib/python3.7/site-packages/airflow/example_dags/example_complex.py for tasks to queue
[2022-07-07 01:57:12,916] {logging_mixin.py:115} INFO - [2022-07-07 01:57:12,916] {dagbag.py:507} INFO - Filling up the DagBag from /home/airflow/.local/lib/python3.7/site-packages/airflow/example_dags/example_complex.py
[2022-07-07 01:57:12,936] {processor.py:651} INFO - DAG(s) dict_keys(['example_complex']) retrieved from /home/airflow/.local/lib/python3.7/site-packages/airflow/example_dags/example_complex.py
[2022-07-07 01:57:12,999] {logging_mixin.py:115} INFO - [2022-07-07 01:57:12,999] {dag.py:2379} INFO - Sync 1 DAGs
[2022-07-07 01:57:13,041] {logging_mixin.py:115} INFO - [2022-07-07 01:57:13,041] {dag.py:2931} INFO - Setting next_dagrun for example_complex to None, run_after=None
[2022-07-07 01:57:13,228] {processor.py:161} INFO - Processing /home/airflow/.local/lib/python3.7/site-packages/airflow/example_dags/example_complex.py took 0.322 seconds
[2022-07-07 01:58:06,290] {processor.py:153} INFO - Started process (PID=123) to work on /home/airflow/.local/lib/python3.7/site-packages/airflow/example_dags/example_complex.py
[2022-07-07 01:58:06,291] {processor.py:641} INFO - Processing file /home/airflow/.local/lib/python3.7/site-packages/airflow/example_dags/example_complex.py for tasks to queue
[2022-07-07 01:58:06,292] {logging_mixin.py:115} INFO - [2022-07-07 01:58:06,292] {dagbag.py:507} INFO - Filling up the DagBag from /home/airflow/.local/lib/python3.7/site-packages/airflow/example_dags/example_complex.py
[2022-07-07 01:58:06,304] {processor.py:651} INFO - DAG(s) dict_keys(['example_complex']) retrieved from /home/airflow/.local/lib/python3.7/site-packages/airflow/example_dags/example_complex.py
[2022-07-07 01:58:06,338] {logging_mixin.py:115} INFO - [2022-07-07 01:58:06,338] {dag.py:2379} INFO - Sync 1 DAGs
[2022-07-07 01:58:06,368] {logging_mixin.py:115} INFO - [2022-07-07 01:58:06,367] {dag.py:2931} INFO - Setting next_dagrun for example_complex to None, run_after=None
[2022-07-07 01:58:06,541] {processor.py:161} INFO - Processing /home/airflow/.local/lib/python3.7/site-packages/airflow/example_dags/example_complex.py took 0.254 seconds
[2022-07-07 01:58:38,815] {processor.py:153} INFO - Started process (PID=178) to work on /home/airflow/.local/lib/python3.7/site-packages/airflow/example_dags/example_complex.py
[2022-07-07 01:58:38,817] {processor.py:641} INFO - Processing file /home/airflow/.local/lib/python3.7/site-packages/airflow/example_dags/example_complex.py for tasks to queue
[2022-07-07 01:58:38,818] {logging_mixin.py:115} INFO - [2022-07-07 01:58:38,818] {dagbag.py:507} INFO - Filling up the DagBag from /home/airflow/.local/lib/python3.7/site-packages/airflow/example_dags/example_complex.py
[2022-07-07 01:58:38,850] {processor.py:651} INFO - DAG(s) dict_keys(['example_complex']) retrieved from /home/airflow/.local/lib/python3.7/site-packages/airflow/example_dags/example_complex.py
[2022-07-07 01:58:38,924] {logging_mixin.py:115} INFO - [2022-07-07 01:58:38,923] {dag.py:2379} INFO - Sync 1 DAGs
[2022-07-07 01:58:38,980] {logging_mixin.py:115} INFO - [2022-07-07 01:58:38,980] {dag.py:2931} INFO - Setting next_dagrun for example_complex to None, run_after=None
[2022-07-07 01:58:39,219] {processor.py:161} INFO - Processing /home/airflow/.local/lib/python3.7/site-packages/airflow/example_dags/example_complex.py took 0.409 seconds
[2022-07-07 01:59:09,683] {processor.py:153} INFO - Started process (PID=235) to work on /home/airflow/.local/lib/python3.7/site-packages/airflow/example_dags/example_complex.py
[2022-07-07 01:59:09,684] {processor.py:641} INFO - Processing file /home/airflow/.local/lib/python3.7/site-packages/airflow/example_dags/example_complex.py for tasks to queue
[2022-07-07 01:59:09,685] {logging_mixin.py:115} INFO - [2022-07-07 01:59:09,685] {dagbag.py:507} INFO - Filling up the DagBag from /home/airflow/.local/lib/python3.7/site-packages/airflow/example_dags/example_complex.py
[2022-07-07 01:59:09,703] {processor.py:651} INFO - DAG(s) dict_keys(['example_complex']) retrieved from /home/airflow/.local/lib/python3.7/site-packages/airflow/example_dags/example_complex.py
[2022-07-07 01:59:09,751] {logging_mixin.py:115} INFO - [2022-07-07 01:59:09,751] {dag.py:2379} INFO - Sync 1 DAGs
[2022-07-07 01:59:09,792] {logging_mixin.py:115} INFO - [2022-07-07 01:59:09,792] {dag.py:2931} INFO - Setting next_dagrun for example_complex to None, run_after=None
[2022-07-07 01:59:09,979] {processor.py:161} INFO - Processing /home/airflow/.local/lib/python3.7/site-packages/airflow/example_dags/example_complex.py took 0.301 seconds
[2022-07-07 01:59:45,756] {processor.py:153} INFO - Started process (PID=299) to work on /home/airflow/.local/lib/python3.7/site-packages/airflow/example_dags/example_complex.py
[2022-07-07 01:59:45,757] {processor.py:641} INFO - Processing file /home/airflow/.local/lib/python3.7/site-packages/airflow/example_dags/example_complex.py for tasks to queue
[2022-07-07 01:59:45,758] {logging_mixin.py:115} INFO - [2022-07-07 01:59:45,758] {dagbag.py:507} INFO - Filling up the DagBag from /home/airflow/.local/lib/python3.7/site-packages/airflow/example_dags/example_complex.py
[2022-07-07 01:59:45,850] {processor.py:651} INFO - DAG(s) dict_keys(['example_complex']) retrieved from /home/airflow/.local/lib/python3.7/site-packages/airflow/example_dags/example_complex.py
[2022-07-07 01:59:45,881] {logging_mixin.py:115} INFO - [2022-07-07 01:59:45,881] {dag.py:2379} INFO - Sync 1 DAGs
[2022-07-07 01:59:46,024] {logging_mixin.py:115} INFO - [2022-07-07 01:59:46,024] {dag.py:2931} INFO - Setting next_dagrun for example_complex to None, run_after=None
[2022-07-07 01:59:46,301] {processor.py:161} INFO - Processing /home/airflow/.local/lib/python3.7/site-packages/airflow/example_dags/example_complex.py took 0.548 seconds
[2022-07-07 02:00:16,703] {processor.py:153} INFO - Started process (PID=356) to work on /home/airflow/.local/lib/python3.7/site-packages/airflow/example_dags/example_complex.py
[2022-07-07 02:00:16,705] {processor.py:641} INFO - Processing file /home/airflow/.local/lib/python3.7/site-packages/airflow/example_dags/example_complex.py for tasks to queue
[2022-07-07 02:00:16,706] {logging_mixin.py:115} INFO - [2022-07-07 02:00:16,706] {dagbag.py:507} INFO - Filling up the DagBag from /home/airflow/.local/lib/python3.7/site-packages/airflow/example_dags/example_complex.py
[2022-07-07 02:00:16,730] {processor.py:651} INFO - DAG(s) dict_keys(['example_complex']) retrieved from /home/airflow/.local/lib/python3.7/site-packages/airflow/example_dags/example_complex.py
[2022-07-07 02:00:16,779] {logging_mixin.py:115} INFO - [2022-07-07 02:00:16,779] {dag.py:2379} INFO - Sync 1 DAGs
[2022-07-07 02:00:16,812] {logging_mixin.py:115} INFO - [2022-07-07 02:00:16,812] {dag.py:2931} INFO - Setting next_dagrun for example_complex to None, run_after=None
[2022-07-07 02:00:17,014] {processor.py:161} INFO - Processing /home/airflow/.local/lib/python3.7/site-packages/airflow/example_dags/example_complex.py took 0.319 seconds
[2022-07-07 02:00:47,123] {processor.py:153} INFO - Started process (PID=422) to work on /home/airflow/.local/lib/python3.7/site-packages/airflow/example_dags/example_complex.py
[2022-07-07 02:00:47,124] {processor.py:641} INFO - Processing file /home/airflow/.local/lib/python3.7/site-packages/airflow/example_dags/example_complex.py for tasks to queue
[2022-07-07 02:00:47,125] {logging_mixin.py:115} INFO - [2022-07-07 02:00:47,125] {dagbag.py:507} INFO - Filling up the DagBag from /home/airflow/.local/lib/python3.7/site-packages/airflow/example_dags/example_complex.py
[2022-07-07 02:00:47,142] {processor.py:651} INFO - DAG(s) dict_keys(['example_complex']) retrieved from /home/airflow/.local/lib/python3.7/site-packages/airflow/example_dags/example_complex.py
[2022-07-07 02:00:47,191] {logging_mixin.py:115} INFO - [2022-07-07 02:00:47,191] {dag.py:2379} INFO - Sync 1 DAGs
[2022-07-07 02:00:47,218] {logging_mixin.py:115} INFO - [2022-07-07 02:00:47,217] {dag.py:2931} INFO - Setting next_dagrun for example_complex to None, run_after=None
[2022-07-07 02:00:47,392] {processor.py:161} INFO - Processing /home/airflow/.local/lib/python3.7/site-packages/airflow/example_dags/example_complex.py took 0.273 seconds
[2022-07-07 02:01:18,112] {processor.py:153} INFO - Started process (PID=478) to work on /home/airflow/.local/lib/python3.7/site-packages/airflow/example_dags/example_complex.py
[2022-07-07 02:01:18,113] {processor.py:641} INFO - Processing file /home/airflow/.local/lib/python3.7/site-packages/airflow/example_dags/example_complex.py for tasks to queue
[2022-07-07 02:01:18,114] {logging_mixin.py:115} INFO - [2022-07-07 02:01:18,114] {dagbag.py:507} INFO - Filling up the DagBag from /home/airflow/.local/lib/python3.7/site-packages/airflow/example_dags/example_complex.py
[2022-07-07 02:01:18,124] {processor.py:651} INFO - DAG(s) dict_keys(['example_complex']) retrieved from /home/airflow/.local/lib/python3.7/site-packages/airflow/example_dags/example_complex.py
[2022-07-07 02:01:18,153] {logging_mixin.py:115} INFO - [2022-07-07 02:01:18,153] {dag.py:2379} INFO - Sync 1 DAGs
[2022-07-07 02:01:18,174] {logging_mixin.py:115} INFO - [2022-07-07 02:01:18,174] {dag.py:2931} INFO - Setting next_dagrun for example_complex to None, run_after=None
[2022-07-07 02:01:18,305] {processor.py:161} INFO - Processing /home/airflow/.local/lib/python3.7/site-packages/airflow/example_dags/example_complex.py took 0.196 seconds
[2022-07-07 02:01:48,954] {processor.py:153} INFO - Started process (PID=548) to work on /home/airflow/.local/lib/python3.7/site-packages/airflow/example_dags/example_complex.py
[2022-07-07 02:01:48,955] {processor.py:641} INFO - Processing file /home/airflow/.local/lib/python3.7/site-packages/airflow/example_dags/example_complex.py for tasks to queue
[2022-07-07 02:01:48,955] {logging_mixin.py:115} INFO - [2022-07-07 02:01:48,955] {dagbag.py:507} INFO - Filling up the DagBag from /home/airflow/.local/lib/python3.7/site-packages/airflow/example_dags/example_complex.py
[2022-07-07 02:01:48,967] {processor.py:651} INFO - DAG(s) dict_keys(['example_complex']) retrieved from /home/airflow/.local/lib/python3.7/site-packages/airflow/example_dags/example_complex.py
[2022-07-07 02:01:48,993] {logging_mixin.py:115} INFO - [2022-07-07 02:01:48,993] {dag.py:2379} INFO - Sync 1 DAGs
[2022-07-07 02:01:49,017] {logging_mixin.py:115} INFO - [2022-07-07 02:01:49,017] {dag.py:2931} INFO - Setting next_dagrun for example_complex to None, run_after=None
[2022-07-07 02:01:49,143] {processor.py:161} INFO - Processing /home/airflow/.local/lib/python3.7/site-packages/airflow/example_dags/example_complex.py took 0.192 seconds
[2022-07-07 02:02:19,335] {processor.py:153} INFO - Started process (PID=614) to work on /home/airflow/.local/lib/python3.7/site-packages/airflow/example_dags/example_complex.py
[2022-07-07 02:02:19,336] {processor.py:641} INFO - Processing file /home/airflow/.local/lib/python3.7/site-packages/airflow/example_dags/example_complex.py for tasks to queue
[2022-07-07 02:02:19,337] {logging_mixin.py:115} INFO - [2022-07-07 02:02:19,337] {dagbag.py:507} INFO - Filling up the DagBag from /home/airflow/.local/lib/python3.7/site-packages/airflow/example_dags/example_complex.py
[2022-07-07 02:02:19,350] {processor.py:651} INFO - DAG(s) dict_keys(['example_complex']) retrieved from /home/airflow/.local/lib/python3.7/site-packages/airflow/example_dags/example_complex.py
[2022-07-07 02:02:19,380] {logging_mixin.py:115} INFO - [2022-07-07 02:02:19,380] {dag.py:2379} INFO - Sync 1 DAGs
[2022-07-07 02:02:19,525] {logging_mixin.py:115} INFO - [2022-07-07 02:02:19,525] {dag.py:2931} INFO - Setting next_dagrun for example_complex to None, run_after=None
[2022-07-07 02:02:19,539] {processor.py:161} INFO - Processing /home/airflow/.local/lib/python3.7/site-packages/airflow/example_dags/example_complex.py took 0.206 seconds
[2022-07-07 02:02:49,707] {processor.py:153} INFO - Started process (PID=670) to work on /home/airflow/.local/lib/python3.7/site-packages/airflow/example_dags/example_complex.py
[2022-07-07 02:02:49,708] {processor.py:641} INFO - Processing file /home/airflow/.local/lib/python3.7/site-packages/airflow/example_dags/example_complex.py for tasks to queue
[2022-07-07 02:02:49,708] {logging_mixin.py:115} INFO - [2022-07-07 02:02:49,708] {dagbag.py:507} INFO - Filling up the DagBag from /home/airflow/.local/lib/python3.7/site-packages/airflow/example_dags/example_complex.py
[2022-07-07 02:02:49,720] {processor.py:651} INFO - DAG(s) dict_keys(['example_complex']) retrieved from /home/airflow/.local/lib/python3.7/site-packages/airflow/example_dags/example_complex.py
[2022-07-07 02:02:49,745] {logging_mixin.py:115} INFO - [2022-07-07 02:02:49,745] {dag.py:2379} INFO - Sync 1 DAGs
[2022-07-07 02:02:49,876] {logging_mixin.py:115} INFO - [2022-07-07 02:02:49,876] {dag.py:2931} INFO - Setting next_dagrun for example_complex to None, run_after=None
[2022-07-07 02:02:49,889] {processor.py:161} INFO - Processing /home/airflow/.local/lib/python3.7/site-packages/airflow/example_dags/example_complex.py took 0.185 seconds
[2022-07-07 02:03:20,243] {processor.py:153} INFO - Started process (PID=736) to work on /home/airflow/.local/lib/python3.7/site-packages/airflow/example_dags/example_complex.py
[2022-07-07 02:03:20,244] {processor.py:641} INFO - Processing file /home/airflow/.local/lib/python3.7/site-packages/airflow/example_dags/example_complex.py for tasks to queue
[2022-07-07 02:03:20,244] {logging_mixin.py:115} INFO - [2022-07-07 02:03:20,244] {dagbag.py:507} INFO - Filling up the DagBag from /home/airflow/.local/lib/python3.7/site-packages/airflow/example_dags/example_complex.py
[2022-07-07 02:03:20,256] {processor.py:651} INFO - DAG(s) dict_keys(['example_complex']) retrieved from /home/airflow/.local/lib/python3.7/site-packages/airflow/example_dags/example_complex.py
[2022-07-07 02:03:20,281] {logging_mixin.py:115} INFO - [2022-07-07 02:03:20,281] {dag.py:2379} INFO - Sync 1 DAGs
[2022-07-07 02:03:20,417] {logging_mixin.py:115} INFO - [2022-07-07 02:03:20,417] {dag.py:2931} INFO - Setting next_dagrun for example_complex to None, run_after=None
[2022-07-07 02:03:20,430] {processor.py:161} INFO - Processing /home/airflow/.local/lib/python3.7/site-packages/airflow/example_dags/example_complex.py took 0.190 seconds
[2022-07-07 02:03:50,861] {processor.py:153} INFO - Started process (PID=801) to work on /home/airflow/.local/lib/python3.7/site-packages/airflow/example_dags/example_complex.py
[2022-07-07 02:03:50,862] {processor.py:641} INFO - Processing file /home/airflow/.local/lib/python3.7/site-packages/airflow/example_dags/example_complex.py for tasks to queue
[2022-07-07 02:03:50,863] {logging_mixin.py:115} INFO - [2022-07-07 02:03:50,863] {dagbag.py:507} INFO - Filling up the DagBag from /home/airflow/.local/lib/python3.7/site-packages/airflow/example_dags/example_complex.py
[2022-07-07 02:03:50,877] {processor.py:651} INFO - DAG(s) dict_keys(['example_complex']) retrieved from /home/airflow/.local/lib/python3.7/site-packages/airflow/example_dags/example_complex.py
[2022-07-07 02:03:50,909] {logging_mixin.py:115} INFO - [2022-07-07 02:03:50,909] {dag.py:2379} INFO - Sync 1 DAGs
[2022-07-07 02:03:51,066] {logging_mixin.py:115} INFO - [2022-07-07 02:03:51,066] {dag.py:2931} INFO - Setting next_dagrun for example_complex to None, run_after=None
[2022-07-07 02:03:51,079] {processor.py:161} INFO - Processing /home/airflow/.local/lib/python3.7/site-packages/airflow/example_dags/example_complex.py took 0.221 seconds
[2022-07-07 02:04:21,322] {processor.py:153} INFO - Started process (PID=864) to work on /home/airflow/.local/lib/python3.7/site-packages/airflow/example_dags/example_complex.py
[2022-07-07 02:04:21,323] {processor.py:641} INFO - Processing file /home/airflow/.local/lib/python3.7/site-packages/airflow/example_dags/example_complex.py for tasks to queue
[2022-07-07 02:04:21,323] {logging_mixin.py:115} INFO - [2022-07-07 02:04:21,323] {dagbag.py:507} INFO - Filling up the DagBag from /home/airflow/.local/lib/python3.7/site-packages/airflow/example_dags/example_complex.py
[2022-07-07 02:04:21,335] {processor.py:651} INFO - DAG(s) dict_keys(['example_complex']) retrieved from /home/airflow/.local/lib/python3.7/site-packages/airflow/example_dags/example_complex.py
[2022-07-07 02:04:21,360] {logging_mixin.py:115} INFO - [2022-07-07 02:04:21,360] {dag.py:2379} INFO - Sync 1 DAGs
[2022-07-07 02:04:21,486] {logging_mixin.py:115} INFO - [2022-07-07 02:04:21,486] {dag.py:2931} INFO - Setting next_dagrun for example_complex to None, run_after=None
[2022-07-07 02:04:21,499] {processor.py:161} INFO - Processing /home/airflow/.local/lib/python3.7/site-packages/airflow/example_dags/example_complex.py took 0.180 seconds
[2022-07-07 02:04:51,756] {processor.py:153} INFO - Started process (PID=922) to work on /home/airflow/.local/lib/python3.7/site-packages/airflow/example_dags/example_complex.py
[2022-07-07 02:04:51,757] {processor.py:641} INFO - Processing file /home/airflow/.local/lib/python3.7/site-packages/airflow/example_dags/example_complex.py for tasks to queue
[2022-07-07 02:04:51,758] {logging_mixin.py:115} INFO - [2022-07-07 02:04:51,758] {dagbag.py:507} INFO - Filling up the DagBag from /home/airflow/.local/lib/python3.7/site-packages/airflow/example_dags/example_complex.py
[2022-07-07 02:04:51,778] {processor.py:651} INFO - DAG(s) dict_keys(['example_complex']) retrieved from /home/airflow/.local/lib/python3.7/site-packages/airflow/example_dags/example_complex.py
[2022-07-07 02:04:51,820] {logging_mixin.py:115} INFO - [2022-07-07 02:04:51,820] {dag.py:2379} INFO - Sync 1 DAGs
[2022-07-07 02:04:52,079] {logging_mixin.py:115} INFO - [2022-07-07 02:04:52,079] {dag.py:2931} INFO - Setting next_dagrun for example_complex to None, run_after=None
[2022-07-07 02:04:52,093] {processor.py:161} INFO - Processing /home/airflow/.local/lib/python3.7/site-packages/airflow/example_dags/example_complex.py took 0.342 seconds
[2022-07-07 02:05:22,208] {processor.py:153} INFO - Started process (PID=988) to work on /home/airflow/.local/lib/python3.7/site-packages/airflow/example_dags/example_complex.py
[2022-07-07 02:05:22,209] {processor.py:641} INFO - Processing file /home/airflow/.local/lib/python3.7/site-packages/airflow/example_dags/example_complex.py for tasks to queue
[2022-07-07 02:05:22,209] {logging_mixin.py:115} INFO - [2022-07-07 02:05:22,209] {dagbag.py:507} INFO - Filling up the DagBag from /home/airflow/.local/lib/python3.7/site-packages/airflow/example_dags/example_complex.py
[2022-07-07 02:05:22,221] {processor.py:651} INFO - DAG(s) dict_keys(['example_complex']) retrieved from /home/airflow/.local/lib/python3.7/site-packages/airflow/example_dags/example_complex.py
[2022-07-07 02:05:22,250] {logging_mixin.py:115} INFO - [2022-07-07 02:05:22,250] {dag.py:2379} INFO - Sync 1 DAGs
[2022-07-07 02:05:22,402] {logging_mixin.py:115} INFO - [2022-07-07 02:05:22,402] {dag.py:2931} INFO - Setting next_dagrun for example_complex to None, run_after=None
[2022-07-07 02:05:22,418] {processor.py:161} INFO - Processing /home/airflow/.local/lib/python3.7/site-packages/airflow/example_dags/example_complex.py took 0.213 seconds
[2022-07-07 02:05:52,820] {processor.py:153} INFO - Started process (PID=1052) to work on /home/airflow/.local/lib/python3.7/site-packages/airflow/example_dags/example_complex.py
[2022-07-07 02:05:52,821] {processor.py:641} INFO - Processing file /home/airflow/.local/lib/python3.7/site-packages/airflow/example_dags/example_complex.py for tasks to queue
[2022-07-07 02:05:52,822] {logging_mixin.py:115} INFO - [2022-07-07 02:05:52,822] {dagbag.py:507} INFO - Filling up the DagBag from /home/airflow/.local/lib/python3.7/site-packages/airflow/example_dags/example_complex.py
[2022-07-07 02:05:52,834] {processor.py:651} INFO - DAG(s) dict_keys(['example_complex']) retrieved from /home/airflow/.local/lib/python3.7/site-packages/airflow/example_dags/example_complex.py
[2022-07-07 02:05:52,864] {logging_mixin.py:115} INFO - [2022-07-07 02:05:52,864] {dag.py:2379} INFO - Sync 1 DAGs
[2022-07-07 02:05:53,001] {logging_mixin.py:115} INFO - [2022-07-07 02:05:53,001] {dag.py:2931} INFO - Setting next_dagrun for example_complex to None, run_after=None
[2022-07-07 02:05:53,013] {processor.py:161} INFO - Processing /home/airflow/.local/lib/python3.7/site-packages/airflow/example_dags/example_complex.py took 0.196 seconds
[2022-07-07 02:06:23,649] {processor.py:153} INFO - Started process (PID=1107) to work on /home/airflow/.local/lib/python3.7/site-packages/airflow/example_dags/example_complex.py
[2022-07-07 02:06:23,650] {processor.py:641} INFO - Processing file /home/airflow/.local/lib/python3.7/site-packages/airflow/example_dags/example_complex.py for tasks to queue
[2022-07-07 02:06:23,650] {logging_mixin.py:115} INFO - [2022-07-07 02:06:23,650] {dagbag.py:507} INFO - Filling up the DagBag from /home/airflow/.local/lib/python3.7/site-packages/airflow/example_dags/example_complex.py
[2022-07-07 02:06:23,661] {processor.py:651} INFO - DAG(s) dict_keys(['example_complex']) retrieved from /home/airflow/.local/lib/python3.7/site-packages/airflow/example_dags/example_complex.py
[2022-07-07 02:06:23,689] {logging_mixin.py:115} INFO - [2022-07-07 02:06:23,689] {dag.py:2379} INFO - Sync 1 DAGs
[2022-07-07 02:06:23,844] {logging_mixin.py:115} INFO - [2022-07-07 02:06:23,844] {dag.py:2931} INFO - Setting next_dagrun for example_complex to None, run_after=None
[2022-07-07 02:06:23,856] {processor.py:161} INFO - Processing /home/airflow/.local/lib/python3.7/site-packages/airflow/example_dags/example_complex.py took 0.210 seconds
[2022-07-07 02:06:54,504] {processor.py:153} INFO - Started process (PID=1174) to work on /home/airflow/.local/lib/python3.7/site-packages/airflow/example_dags/example_complex.py
[2022-07-07 02:06:54,505] {processor.py:641} INFO - Processing file /home/airflow/.local/lib/python3.7/site-packages/airflow/example_dags/example_complex.py for tasks to queue
[2022-07-07 02:06:54,505] {logging_mixin.py:115} INFO - [2022-07-07 02:06:54,505] {dagbag.py:507} INFO - Filling up the DagBag from /home/airflow/.local/lib/python3.7/site-packages/airflow/example_dags/example_complex.py
[2022-07-07 02:06:54,516] {processor.py:651} INFO - DAG(s) dict_keys(['example_complex']) retrieved from /home/airflow/.local/lib/python3.7/site-packages/airflow/example_dags/example_complex.py
[2022-07-07 02:06:54,542] {logging_mixin.py:115} INFO - [2022-07-07 02:06:54,542] {dag.py:2379} INFO - Sync 1 DAGs
[2022-07-07 02:06:54,690] {logging_mixin.py:115} INFO - [2022-07-07 02:06:54,690] {dag.py:2931} INFO - Setting next_dagrun for example_complex to None, run_after=None
[2022-07-07 02:06:54,703] {processor.py:161} INFO - Processing /home/airflow/.local/lib/python3.7/site-packages/airflow/example_dags/example_complex.py took 0.202 seconds
[2022-07-07 02:07:25,306] {processor.py:153} INFO - Started process (PID=1240) to work on /home/airflow/.local/lib/python3.7/site-packages/airflow/example_dags/example_complex.py
[2022-07-07 02:07:25,307] {processor.py:641} INFO - Processing file /home/airflow/.local/lib/python3.7/site-packages/airflow/example_dags/example_complex.py for tasks to queue
[2022-07-07 02:07:25,307] {logging_mixin.py:115} INFO - [2022-07-07 02:07:25,307] {dagbag.py:507} INFO - Filling up the DagBag from /home/airflow/.local/lib/python3.7/site-packages/airflow/example_dags/example_complex.py
[2022-07-07 02:07:25,318] {processor.py:651} INFO - DAG(s) dict_keys(['example_complex']) retrieved from /home/airflow/.local/lib/python3.7/site-packages/airflow/example_dags/example_complex.py
[2022-07-07 02:07:25,344] {logging_mixin.py:115} INFO - [2022-07-07 02:07:25,344] {dag.py:2379} INFO - Sync 1 DAGs
[2022-07-07 02:07:25,484] {logging_mixin.py:115} INFO - [2022-07-07 02:07:25,483] {dag.py:2931} INFO - Setting next_dagrun for example_complex to None, run_after=None
[2022-07-07 02:07:25,496] {processor.py:161} INFO - Processing /home/airflow/.local/lib/python3.7/site-packages/airflow/example_dags/example_complex.py took 0.192 seconds
[2022-07-07 02:07:55,731] {processor.py:153} INFO - Started process (PID=1305) to work on /home/airflow/.local/lib/python3.7/site-packages/airflow/example_dags/example_complex.py
[2022-07-07 02:07:55,732] {processor.py:641} INFO - Processing file /home/airflow/.local/lib/python3.7/site-packages/airflow/example_dags/example_complex.py for tasks to queue
[2022-07-07 02:07:55,732] {logging_mixin.py:115} INFO - [2022-07-07 02:07:55,732] {dagbag.py:507} INFO - Filling up the DagBag from /home/airflow/.local/lib/python3.7/site-packages/airflow/example_dags/example_complex.py
[2022-07-07 02:07:55,743] {processor.py:651} INFO - DAG(s) dict_keys(['example_complex']) retrieved from /home/airflow/.local/lib/python3.7/site-packages/airflow/example_dags/example_complex.py
[2022-07-07 02:07:55,770] {logging_mixin.py:115} INFO - [2022-07-07 02:07:55,769] {dag.py:2379} INFO - Sync 1 DAGs
[2022-07-07 02:07:55,906] {logging_mixin.py:115} INFO - [2022-07-07 02:07:55,906] {dag.py:2931} INFO - Setting next_dagrun for example_complex to None, run_after=None
[2022-07-07 02:07:55,918] {processor.py:161} INFO - Processing /home/airflow/.local/lib/python3.7/site-packages/airflow/example_dags/example_complex.py took 0.190 seconds
[2022-07-07 02:08:26,155] {processor.py:153} INFO - Started process (PID=1360) to work on /home/airflow/.local/lib/python3.7/site-packages/airflow/example_dags/example_complex.py
[2022-07-07 02:08:26,156] {processor.py:641} INFO - Processing file /home/airflow/.local/lib/python3.7/site-packages/airflow/example_dags/example_complex.py for tasks to queue
[2022-07-07 02:08:26,156] {logging_mixin.py:115} INFO - [2022-07-07 02:08:26,156] {dagbag.py:507} INFO - Filling up the DagBag from /home/airflow/.local/lib/python3.7/site-packages/airflow/example_dags/example_complex.py
[2022-07-07 02:08:26,169] {processor.py:651} INFO - DAG(s) dict_keys(['example_complex']) retrieved from /home/airflow/.local/lib/python3.7/site-packages/airflow/example_dags/example_complex.py
[2022-07-07 02:08:26,211] {logging_mixin.py:115} INFO - [2022-07-07 02:08:26,210] {dag.py:2379} INFO - Sync 1 DAGs
[2022-07-07 02:08:26,399] {logging_mixin.py:115} INFO - [2022-07-07 02:08:26,399] {dag.py:2931} INFO - Setting next_dagrun for example_complex to None, run_after=None
[2022-07-07 02:08:26,410] {processor.py:161} INFO - Processing /home/airflow/.local/lib/python3.7/site-packages/airflow/example_dags/example_complex.py took 0.259 seconds
[2022-07-07 02:08:56,671] {processor.py:153} INFO - Started process (PID=1427) to work on /home/airflow/.local/lib/python3.7/site-packages/airflow/example_dags/example_complex.py
[2022-07-07 02:08:56,672] {processor.py:641} INFO - Processing file /home/airflow/.local/lib/python3.7/site-packages/airflow/example_dags/example_complex.py for tasks to queue
[2022-07-07 02:08:56,673] {logging_mixin.py:115} INFO - [2022-07-07 02:08:56,673] {dagbag.py:507} INFO - Filling up the DagBag from /home/airflow/.local/lib/python3.7/site-packages/airflow/example_dags/example_complex.py
[2022-07-07 02:08:56,692] {processor.py:651} INFO - DAG(s) dict_keys(['example_complex']) retrieved from /home/airflow/.local/lib/python3.7/site-packages/airflow/example_dags/example_complex.py
[2022-07-07 02:08:56,732] {logging_mixin.py:115} INFO - [2022-07-07 02:08:56,732] {dag.py:2379} INFO - Sync 1 DAGs
[2022-07-07 02:08:56,929] {logging_mixin.py:115} INFO - [2022-07-07 02:08:56,929] {dag.py:2931} INFO - Setting next_dagrun for example_complex to None, run_after=None
[2022-07-07 02:08:56,949] {processor.py:161} INFO - Processing /home/airflow/.local/lib/python3.7/site-packages/airflow/example_dags/example_complex.py took 0.283 seconds
[2022-07-07 02:09:27,117] {processor.py:153} INFO - Started process (PID=1493) to work on /home/airflow/.local/lib/python3.7/site-packages/airflow/example_dags/example_complex.py
[2022-07-07 02:09:27,118] {processor.py:641} INFO - Processing file /home/airflow/.local/lib/python3.7/site-packages/airflow/example_dags/example_complex.py for tasks to queue
[2022-07-07 02:09:27,118] {logging_mixin.py:115} INFO - [2022-07-07 02:09:27,118] {dagbag.py:507} INFO - Filling up the DagBag from /home/airflow/.local/lib/python3.7/site-packages/airflow/example_dags/example_complex.py
[2022-07-07 02:09:27,129] {processor.py:651} INFO - DAG(s) dict_keys(['example_complex']) retrieved from /home/airflow/.local/lib/python3.7/site-packages/airflow/example_dags/example_complex.py
[2022-07-07 02:09:27,160] {logging_mixin.py:115} INFO - [2022-07-07 02:09:27,160] {dag.py:2379} INFO - Sync 1 DAGs
[2022-07-07 02:09:27,356] {logging_mixin.py:115} INFO - [2022-07-07 02:09:27,356] {dag.py:2931} INFO - Setting next_dagrun for example_complex to None, run_after=None
[2022-07-07 02:09:27,369] {processor.py:161} INFO - Processing /home/airflow/.local/lib/python3.7/site-packages/airflow/example_dags/example_complex.py took 0.255 seconds
[2022-07-07 02:09:57,430] {processor.py:153} INFO - Started process (PID=1549) to work on /home/airflow/.local/lib/python3.7/site-packages/airflow/example_dags/example_complex.py
[2022-07-07 02:09:57,431] {processor.py:641} INFO - Processing file /home/airflow/.local/lib/python3.7/site-packages/airflow/example_dags/example_complex.py for tasks to queue
[2022-07-07 02:09:57,431] {logging_mixin.py:115} INFO - [2022-07-07 02:09:57,431] {dagbag.py:507} INFO - Filling up the DagBag from /home/airflow/.local/lib/python3.7/site-packages/airflow/example_dags/example_complex.py
[2022-07-07 02:09:57,442] {processor.py:651} INFO - DAG(s) dict_keys(['example_complex']) retrieved from /home/airflow/.local/lib/python3.7/site-packages/airflow/example_dags/example_complex.py
[2022-07-07 02:09:57,469] {logging_mixin.py:115} INFO - [2022-07-07 02:09:57,469] {dag.py:2379} INFO - Sync 1 DAGs
[2022-07-07 02:09:57,608] {logging_mixin.py:115} INFO - [2022-07-07 02:09:57,608] {dag.py:2931} INFO - Setting next_dagrun for example_complex to None, run_after=None
[2022-07-07 02:09:57,619] {processor.py:161} INFO - Processing /home/airflow/.local/lib/python3.7/site-packages/airflow/example_dags/example_complex.py took 0.193 seconds
[2022-07-07 02:10:27,792] {processor.py:153} INFO - Started process (PID=1615) to work on /home/airflow/.local/lib/python3.7/site-packages/airflow/example_dags/example_complex.py
[2022-07-07 02:10:27,793] {processor.py:641} INFO - Processing file /home/airflow/.local/lib/python3.7/site-packages/airflow/example_dags/example_complex.py for tasks to queue
[2022-07-07 02:10:27,794] {logging_mixin.py:115} INFO - [2022-07-07 02:10:27,794] {dagbag.py:507} INFO - Filling up the DagBag from /home/airflow/.local/lib/python3.7/site-packages/airflow/example_dags/example_complex.py
[2022-07-07 02:10:27,805] {processor.py:651} INFO - DAG(s) dict_keys(['example_complex']) retrieved from /home/airflow/.local/lib/python3.7/site-packages/airflow/example_dags/example_complex.py
[2022-07-07 02:10:27,831] {logging_mixin.py:115} INFO - [2022-07-07 02:10:27,831] {dag.py:2379} INFO - Sync 1 DAGs
[2022-07-07 02:10:27,958] {logging_mixin.py:115} INFO - [2022-07-07 02:10:27,958] {dag.py:2931} INFO - Setting next_dagrun for example_complex to None, run_after=None
[2022-07-07 02:10:27,971] {processor.py:161} INFO - Processing /home/airflow/.local/lib/python3.7/site-packages/airflow/example_dags/example_complex.py took 0.181 seconds
[2022-07-07 02:10:58,182] {processor.py:153} INFO - Started process (PID=1680) to work on /home/airflow/.local/lib/python3.7/site-packages/airflow/example_dags/example_complex.py
[2022-07-07 02:10:58,183] {processor.py:641} INFO - Processing file /home/airflow/.local/lib/python3.7/site-packages/airflow/example_dags/example_complex.py for tasks to queue
[2022-07-07 02:10:58,184] {logging_mixin.py:115} INFO - [2022-07-07 02:10:58,184] {dagbag.py:507} INFO - Filling up the DagBag from /home/airflow/.local/lib/python3.7/site-packages/airflow/example_dags/example_complex.py
[2022-07-07 02:10:58,200] {processor.py:651} INFO - DAG(s) dict_keys(['example_complex']) retrieved from /home/airflow/.local/lib/python3.7/site-packages/airflow/example_dags/example_complex.py
[2022-07-07 02:10:58,239] {logging_mixin.py:115} INFO - [2022-07-07 02:10:58,238] {dag.py:2379} INFO - Sync 1 DAGs
[2022-07-07 02:10:58,394] {logging_mixin.py:115} INFO - [2022-07-07 02:10:58,394] {dag.py:2931} INFO - Setting next_dagrun for example_complex to None, run_after=None
[2022-07-07 02:10:58,408] {processor.py:161} INFO - Processing /home/airflow/.local/lib/python3.7/site-packages/airflow/example_dags/example_complex.py took 0.229 seconds
[2022-07-07 02:11:28,577] {processor.py:153} INFO - Started process (PID=1736) to work on /home/airflow/.local/lib/python3.7/site-packages/airflow/example_dags/example_complex.py
[2022-07-07 02:11:28,578] {processor.py:641} INFO - Processing file /home/airflow/.local/lib/python3.7/site-packages/airflow/example_dags/example_complex.py for tasks to queue
[2022-07-07 02:11:28,578] {logging_mixin.py:115} INFO - [2022-07-07 02:11:28,578] {dagbag.py:507} INFO - Filling up the DagBag from /home/airflow/.local/lib/python3.7/site-packages/airflow/example_dags/example_complex.py
[2022-07-07 02:11:28,589] {processor.py:651} INFO - DAG(s) dict_keys(['example_complex']) retrieved from /home/airflow/.local/lib/python3.7/site-packages/airflow/example_dags/example_complex.py
[2022-07-07 02:11:28,613] {logging_mixin.py:115} INFO - [2022-07-07 02:11:28,613] {dag.py:2379} INFO - Sync 1 DAGs
[2022-07-07 02:11:28,761] {logging_mixin.py:115} INFO - [2022-07-07 02:11:28,761] {dag.py:2931} INFO - Setting next_dagrun for example_complex to None, run_after=None
[2022-07-07 02:11:28,771] {processor.py:161} INFO - Processing /home/airflow/.local/lib/python3.7/site-packages/airflow/example_dags/example_complex.py took 0.197 seconds
[2022-07-07 02:11:59,011] {processor.py:153} INFO - Started process (PID=1802) to work on /home/airflow/.local/lib/python3.7/site-packages/airflow/example_dags/example_complex.py
[2022-07-07 02:11:59,012] {processor.py:641} INFO - Processing file /home/airflow/.local/lib/python3.7/site-packages/airflow/example_dags/example_complex.py for tasks to queue
[2022-07-07 02:11:59,013] {logging_mixin.py:115} INFO - [2022-07-07 02:11:59,013] {dagbag.py:507} INFO - Filling up the DagBag from /home/airflow/.local/lib/python3.7/site-packages/airflow/example_dags/example_complex.py
[2022-07-07 02:11:59,024] {processor.py:651} INFO - DAG(s) dict_keys(['example_complex']) retrieved from /home/airflow/.local/lib/python3.7/site-packages/airflow/example_dags/example_complex.py
[2022-07-07 02:11:59,051] {logging_mixin.py:115} INFO - [2022-07-07 02:11:59,050] {dag.py:2379} INFO - Sync 1 DAGs
[2022-07-07 02:11:59,190] {logging_mixin.py:115} INFO - [2022-07-07 02:11:59,190] {dag.py:2931} INFO - Setting next_dagrun for example_complex to None, run_after=None
[2022-07-07 02:11:59,203] {processor.py:161} INFO - Processing /home/airflow/.local/lib/python3.7/site-packages/airflow/example_dags/example_complex.py took 0.194 seconds
[2022-07-07 02:12:29,738] {processor.py:153} INFO - Started process (PID=1868) to work on /home/airflow/.local/lib/python3.7/site-packages/airflow/example_dags/example_complex.py
[2022-07-07 02:12:29,738] {processor.py:641} INFO - Processing file /home/airflow/.local/lib/python3.7/site-packages/airflow/example_dags/example_complex.py for tasks to queue
[2022-07-07 02:12:29,739] {logging_mixin.py:115} INFO - [2022-07-07 02:12:29,739] {dagbag.py:507} INFO - Filling up the DagBag from /home/airflow/.local/lib/python3.7/site-packages/airflow/example_dags/example_complex.py
[2022-07-07 02:12:29,750] {processor.py:651} INFO - DAG(s) dict_keys(['example_complex']) retrieved from /home/airflow/.local/lib/python3.7/site-packages/airflow/example_dags/example_complex.py
[2022-07-07 02:12:29,783] {logging_mixin.py:115} INFO - [2022-07-07 02:12:29,782] {dag.py:2379} INFO - Sync 1 DAGs
[2022-07-07 02:12:29,918] {logging_mixin.py:115} INFO - [2022-07-07 02:12:29,917] {dag.py:2931} INFO - Setting next_dagrun for example_complex to None, run_after=None
[2022-07-07 02:12:29,930] {processor.py:161} INFO - Processing /home/airflow/.local/lib/python3.7/site-packages/airflow/example_dags/example_complex.py took 0.195 seconds
[2022-07-07 02:13:00,110] {processor.py:153} INFO - Started process (PID=1923) to work on /home/airflow/.local/lib/python3.7/site-packages/airflow/example_dags/example_complex.py
[2022-07-07 02:13:00,110] {processor.py:641} INFO - Processing file /home/airflow/.local/lib/python3.7/site-packages/airflow/example_dags/example_complex.py for tasks to queue
[2022-07-07 02:13:00,111] {logging_mixin.py:115} INFO - [2022-07-07 02:13:00,111] {dagbag.py:507} INFO - Filling up the DagBag from /home/airflow/.local/lib/python3.7/site-packages/airflow/example_dags/example_complex.py
[2022-07-07 02:13:00,122] {processor.py:651} INFO - DAG(s) dict_keys(['example_complex']) retrieved from /home/airflow/.local/lib/python3.7/site-packages/airflow/example_dags/example_complex.py
[2022-07-07 02:13:00,148] {logging_mixin.py:115} INFO - [2022-07-07 02:13:00,148] {dag.py:2379} INFO - Sync 1 DAGs
[2022-07-07 02:13:00,281] {logging_mixin.py:115} INFO - [2022-07-07 02:13:00,281] {dag.py:2931} INFO - Setting next_dagrun for example_complex to None, run_after=None
[2022-07-07 02:13:00,292] {processor.py:161} INFO - Processing /home/airflow/.local/lib/python3.7/site-packages/airflow/example_dags/example_complex.py took 0.185 seconds
[2022-07-07 02:13:30,428] {processor.py:153} INFO - Started process (PID=1987) to work on /home/airflow/.local/lib/python3.7/site-packages/airflow/example_dags/example_complex.py
[2022-07-07 02:13:30,429] {processor.py:641} INFO - Processing file /home/airflow/.local/lib/python3.7/site-packages/airflow/example_dags/example_complex.py for tasks to queue
[2022-07-07 02:13:30,429] {logging_mixin.py:115} INFO - [2022-07-07 02:13:30,429] {dagbag.py:507} INFO - Filling up the DagBag from /home/airflow/.local/lib/python3.7/site-packages/airflow/example_dags/example_complex.py
[2022-07-07 02:13:30,440] {processor.py:651} INFO - DAG(s) dict_keys(['example_complex']) retrieved from /home/airflow/.local/lib/python3.7/site-packages/airflow/example_dags/example_complex.py
[2022-07-07 02:13:30,470] {logging_mixin.py:115} INFO - [2022-07-07 02:13:30,469] {dag.py:2379} INFO - Sync 1 DAGs
[2022-07-07 02:13:30,601] {logging_mixin.py:115} INFO - [2022-07-07 02:13:30,601] {dag.py:2931} INFO - Setting next_dagrun for example_complex to None, run_after=None
[2022-07-07 02:13:30,613] {processor.py:161} INFO - Processing /home/airflow/.local/lib/python3.7/site-packages/airflow/example_dags/example_complex.py took 0.187 seconds
[2022-07-07 02:14:00,871] {processor.py:153} INFO - Started process (PID=2052) to work on /home/airflow/.local/lib/python3.7/site-packages/airflow/example_dags/example_complex.py
[2022-07-07 02:14:00,872] {processor.py:641} INFO - Processing file /home/airflow/.local/lib/python3.7/site-packages/airflow/example_dags/example_complex.py for tasks to queue
[2022-07-07 02:14:00,873] {logging_mixin.py:115} INFO - [2022-07-07 02:14:00,873] {dagbag.py:507} INFO - Filling up the DagBag from /home/airflow/.local/lib/python3.7/site-packages/airflow/example_dags/example_complex.py
[2022-07-07 02:14:00,886] {processor.py:651} INFO - DAG(s) dict_keys(['example_complex']) retrieved from /home/airflow/.local/lib/python3.7/site-packages/airflow/example_dags/example_complex.py
[2022-07-07 02:14:00,919] {logging_mixin.py:115} INFO - [2022-07-07 02:14:00,919] {dag.py:2379} INFO - Sync 1 DAGs
[2022-07-07 02:14:01,162] {logging_mixin.py:115} INFO - [2022-07-07 02:14:01,161] {dag.py:2931} INFO - Setting next_dagrun for example_complex to None, run_after=None
[2022-07-07 02:14:01,217] {processor.py:161} INFO - Processing /home/airflow/.local/lib/python3.7/site-packages/airflow/example_dags/example_complex.py took 0.349 seconds
[2022-07-07 02:14:31,720] {processor.py:153} INFO - Started process (PID=2117) to work on /home/airflow/.local/lib/python3.7/site-packages/airflow/example_dags/example_complex.py
[2022-07-07 02:14:31,720] {processor.py:641} INFO - Processing file /home/airflow/.local/lib/python3.7/site-packages/airflow/example_dags/example_complex.py for tasks to queue
[2022-07-07 02:14:31,721] {logging_mixin.py:115} INFO - [2022-07-07 02:14:31,721] {dagbag.py:507} INFO - Filling up the DagBag from /home/airflow/.local/lib/python3.7/site-packages/airflow/example_dags/example_complex.py
[2022-07-07 02:14:31,731] {processor.py:651} INFO - DAG(s) dict_keys(['example_complex']) retrieved from /home/airflow/.local/lib/python3.7/site-packages/airflow/example_dags/example_complex.py
[2022-07-07 02:14:31,760] {logging_mixin.py:115} INFO - [2022-07-07 02:14:31,760] {dag.py:2379} INFO - Sync 1 DAGs
[2022-07-07 02:14:31,890] {logging_mixin.py:115} INFO - [2022-07-07 02:14:31,890] {dag.py:2931} INFO - Setting next_dagrun for example_complex to None, run_after=None
[2022-07-07 02:14:31,903] {processor.py:161} INFO - Processing /home/airflow/.local/lib/python3.7/site-packages/airflow/example_dags/example_complex.py took 0.186 seconds
[2022-07-07 02:15:02,190] {processor.py:153} INFO - Started process (PID=2172) to work on /home/airflow/.local/lib/python3.7/site-packages/airflow/example_dags/example_complex.py
[2022-07-07 02:15:02,191] {processor.py:641} INFO - Processing file /home/airflow/.local/lib/python3.7/site-packages/airflow/example_dags/example_complex.py for tasks to queue
[2022-07-07 02:15:02,192] {logging_mixin.py:115} INFO - [2022-07-07 02:15:02,191] {dagbag.py:507} INFO - Filling up the DagBag from /home/airflow/.local/lib/python3.7/site-packages/airflow/example_dags/example_complex.py
[2022-07-07 02:15:02,202] {processor.py:651} INFO - DAG(s) dict_keys(['example_complex']) retrieved from /home/airflow/.local/lib/python3.7/site-packages/airflow/example_dags/example_complex.py
[2022-07-07 02:15:02,231] {logging_mixin.py:115} INFO - [2022-07-07 02:15:02,231] {dag.py:2379} INFO - Sync 1 DAGs
[2022-07-07 02:15:02,380] {logging_mixin.py:115} INFO - [2022-07-07 02:15:02,380] {dag.py:2931} INFO - Setting next_dagrun for example_complex to None, run_after=None
[2022-07-07 02:15:02,390] {processor.py:161} INFO - Processing /home/airflow/.local/lib/python3.7/site-packages/airflow/example_dags/example_complex.py took 0.202 seconds
[2022-07-07 02:15:32,730] {processor.py:153} INFO - Started process (PID=2237) to work on /home/airflow/.local/lib/python3.7/site-packages/airflow/example_dags/example_complex.py
[2022-07-07 02:15:32,732] {processor.py:641} INFO - Processing file /home/airflow/.local/lib/python3.7/site-packages/airflow/example_dags/example_complex.py for tasks to queue
[2022-07-07 02:15:32,733] {logging_mixin.py:115} INFO - [2022-07-07 02:15:32,733] {dagbag.py:507} INFO - Filling up the DagBag from /home/airflow/.local/lib/python3.7/site-packages/airflow/example_dags/example_complex.py
[2022-07-07 02:15:32,748] {processor.py:651} INFO - DAG(s) dict_keys(['example_complex']) retrieved from /home/airflow/.local/lib/python3.7/site-packages/airflow/example_dags/example_complex.py
[2022-07-07 02:15:32,788] {logging_mixin.py:115} INFO - [2022-07-07 02:15:32,788] {dag.py:2379} INFO - Sync 1 DAGs
[2022-07-07 02:15:32,930] {logging_mixin.py:115} INFO - [2022-07-07 02:15:32,929] {dag.py:2931} INFO - Setting next_dagrun for example_complex to None, run_after=None
[2022-07-07 02:15:32,941] {processor.py:161} INFO - Processing /home/airflow/.local/lib/python3.7/site-packages/airflow/example_dags/example_complex.py took 0.215 seconds
[2022-07-07 02:16:03,233] {processor.py:153} INFO - Started process (PID=2302) to work on /home/airflow/.local/lib/python3.7/site-packages/airflow/example_dags/example_complex.py
[2022-07-07 02:16:03,234] {processor.py:641} INFO - Processing file /home/airflow/.local/lib/python3.7/site-packages/airflow/example_dags/example_complex.py for tasks to queue
[2022-07-07 02:16:03,236] {logging_mixin.py:115} INFO - [2022-07-07 02:16:03,235] {dagbag.py:507} INFO - Filling up the DagBag from /home/airflow/.local/lib/python3.7/site-packages/airflow/example_dags/example_complex.py
[2022-07-07 02:16:03,259] {processor.py:651} INFO - DAG(s) dict_keys(['example_complex']) retrieved from /home/airflow/.local/lib/python3.7/site-packages/airflow/example_dags/example_complex.py
[2022-07-07 02:16:03,315] {logging_mixin.py:115} INFO - [2022-07-07 02:16:03,315] {dag.py:2379} INFO - Sync 1 DAGs
[2022-07-07 02:16:03,496] {logging_mixin.py:115} INFO - [2022-07-07 02:16:03,496] {dag.py:2931} INFO - Setting next_dagrun for example_complex to None, run_after=None
[2022-07-07 02:16:03,512] {processor.py:161} INFO - Processing /home/airflow/.local/lib/python3.7/site-packages/airflow/example_dags/example_complex.py took 0.284 seconds
[2022-07-07 02:16:34,098] {processor.py:153} INFO - Started process (PID=2358) to work on /home/airflow/.local/lib/python3.7/site-packages/airflow/example_dags/example_complex.py
[2022-07-07 02:16:34,099] {processor.py:641} INFO - Processing file /home/airflow/.local/lib/python3.7/site-packages/airflow/example_dags/example_complex.py for tasks to queue
[2022-07-07 02:16:34,100] {logging_mixin.py:115} INFO - [2022-07-07 02:16:34,100] {dagbag.py:507} INFO - Filling up the DagBag from /home/airflow/.local/lib/python3.7/site-packages/airflow/example_dags/example_complex.py
[2022-07-07 02:16:34,117] {processor.py:651} INFO - DAG(s) dict_keys(['example_complex']) retrieved from /home/airflow/.local/lib/python3.7/site-packages/airflow/example_dags/example_complex.py
[2022-07-07 02:16:34,156] {logging_mixin.py:115} INFO - [2022-07-07 02:16:34,156] {dag.py:2379} INFO - Sync 1 DAGs
[2022-07-07 02:16:34,315] {logging_mixin.py:115} INFO - [2022-07-07 02:16:34,315] {dag.py:2931} INFO - Setting next_dagrun for example_complex to None, run_after=None
[2022-07-07 02:16:34,328] {processor.py:161} INFO - Processing /home/airflow/.local/lib/python3.7/site-packages/airflow/example_dags/example_complex.py took 0.235 seconds
[2022-07-07 02:17:05,270] {processor.py:153} INFO - Started process (PID=2423) to work on /home/airflow/.local/lib/python3.7/site-packages/airflow/example_dags/example_complex.py
[2022-07-07 02:17:05,270] {processor.py:641} INFO - Processing file /home/airflow/.local/lib/python3.7/site-packages/airflow/example_dags/example_complex.py for tasks to queue
[2022-07-07 02:17:05,271] {logging_mixin.py:115} INFO - [2022-07-07 02:17:05,271] {dagbag.py:507} INFO - Filling up the DagBag from /home/airflow/.local/lib/python3.7/site-packages/airflow/example_dags/example_complex.py
[2022-07-07 02:17:05,283] {processor.py:651} INFO - DAG(s) dict_keys(['example_complex']) retrieved from /home/airflow/.local/lib/python3.7/site-packages/airflow/example_dags/example_complex.py
[2022-07-07 02:17:05,312] {logging_mixin.py:115} INFO - [2022-07-07 02:17:05,312] {dag.py:2379} INFO - Sync 1 DAGs
[2022-07-07 02:17:05,469] {logging_mixin.py:115} INFO - [2022-07-07 02:17:05,469] {dag.py:2931} INFO - Setting next_dagrun for example_complex to None, run_after=None
[2022-07-07 02:17:05,481] {processor.py:161} INFO - Processing /home/airflow/.local/lib/python3.7/site-packages/airflow/example_dags/example_complex.py took 0.215 seconds
[2022-07-07 02:17:35,700] {processor.py:153} INFO - Started process (PID=2490) to work on /home/airflow/.local/lib/python3.7/site-packages/airflow/example_dags/example_complex.py
[2022-07-07 02:17:35,700] {processor.py:641} INFO - Processing file /home/airflow/.local/lib/python3.7/site-packages/airflow/example_dags/example_complex.py for tasks to queue
[2022-07-07 02:17:35,701] {logging_mixin.py:115} INFO - [2022-07-07 02:17:35,701] {dagbag.py:507} INFO - Filling up the DagBag from /home/airflow/.local/lib/python3.7/site-packages/airflow/example_dags/example_complex.py
[2022-07-07 02:17:35,713] {processor.py:651} INFO - DAG(s) dict_keys(['example_complex']) retrieved from /home/airflow/.local/lib/python3.7/site-packages/airflow/example_dags/example_complex.py
[2022-07-07 02:17:35,740] {logging_mixin.py:115} INFO - [2022-07-07 02:17:35,740] {dag.py:2379} INFO - Sync 1 DAGs
[2022-07-07 02:17:35,863] {logging_mixin.py:115} INFO - [2022-07-07 02:17:35,863] {dag.py:2931} INFO - Setting next_dagrun for example_complex to None, run_after=None
[2022-07-07 02:17:35,875] {processor.py:161} INFO - Processing /home/airflow/.local/lib/python3.7/site-packages/airflow/example_dags/example_complex.py took 0.179 seconds
[2022-07-07 02:18:06,149] {processor.py:153} INFO - Started process (PID=2555) to work on /home/airflow/.local/lib/python3.7/site-packages/airflow/example_dags/example_complex.py
[2022-07-07 02:18:06,150] {processor.py:641} INFO - Processing file /home/airflow/.local/lib/python3.7/site-packages/airflow/example_dags/example_complex.py for tasks to queue
[2022-07-07 02:18:06,151] {logging_mixin.py:115} INFO - [2022-07-07 02:18:06,151] {dagbag.py:507} INFO - Filling up the DagBag from /home/airflow/.local/lib/python3.7/site-packages/airflow/example_dags/example_complex.py
[2022-07-07 02:18:06,166] {processor.py:651} INFO - DAG(s) dict_keys(['example_complex']) retrieved from /home/airflow/.local/lib/python3.7/site-packages/airflow/example_dags/example_complex.py
[2022-07-07 02:18:06,197] {logging_mixin.py:115} INFO - [2022-07-07 02:18:06,197] {dag.py:2379} INFO - Sync 1 DAGs
[2022-07-07 02:18:06,344] {logging_mixin.py:115} INFO - [2022-07-07 02:18:06,344] {dag.py:2931} INFO - Setting next_dagrun for example_complex to None, run_after=None
[2022-07-07 02:18:06,356] {processor.py:161} INFO - Processing /home/airflow/.local/lib/python3.7/site-packages/airflow/example_dags/example_complex.py took 0.209 seconds
[2022-07-07 02:18:36,527] {processor.py:153} INFO - Started process (PID=2611) to work on /home/airflow/.local/lib/python3.7/site-packages/airflow/example_dags/example_complex.py
[2022-07-07 02:18:36,528] {processor.py:641} INFO - Processing file /home/airflow/.local/lib/python3.7/site-packages/airflow/example_dags/example_complex.py for tasks to queue
[2022-07-07 02:18:36,529] {logging_mixin.py:115} INFO - [2022-07-07 02:18:36,529] {dagbag.py:507} INFO - Filling up the DagBag from /home/airflow/.local/lib/python3.7/site-packages/airflow/example_dags/example_complex.py
[2022-07-07 02:18:36,539] {processor.py:651} INFO - DAG(s) dict_keys(['example_complex']) retrieved from /home/airflow/.local/lib/python3.7/site-packages/airflow/example_dags/example_complex.py
[2022-07-07 02:18:36,567] {logging_mixin.py:115} INFO - [2022-07-07 02:18:36,567] {dag.py:2379} INFO - Sync 1 DAGs
[2022-07-07 02:18:36,722] {logging_mixin.py:115} INFO - [2022-07-07 02:18:36,721] {dag.py:2931} INFO - Setting next_dagrun for example_complex to None, run_after=None
[2022-07-07 02:18:36,745] {processor.py:161} INFO - Processing /home/airflow/.local/lib/python3.7/site-packages/airflow/example_dags/example_complex.py took 0.221 seconds
[2022-07-07 02:19:07,386] {processor.py:153} INFO - Started process (PID=2677) to work on /home/airflow/.local/lib/python3.7/site-packages/airflow/example_dags/example_complex.py
[2022-07-07 02:19:07,387] {processor.py:641} INFO - Processing file /home/airflow/.local/lib/python3.7/site-packages/airflow/example_dags/example_complex.py for tasks to queue
[2022-07-07 02:19:07,388] {logging_mixin.py:115} INFO - [2022-07-07 02:19:07,388] {dagbag.py:507} INFO - Filling up the DagBag from /home/airflow/.local/lib/python3.7/site-packages/airflow/example_dags/example_complex.py
[2022-07-07 02:19:07,398] {processor.py:651} INFO - DAG(s) dict_keys(['example_complex']) retrieved from /home/airflow/.local/lib/python3.7/site-packages/airflow/example_dags/example_complex.py
[2022-07-07 02:19:07,427] {logging_mixin.py:115} INFO - [2022-07-07 02:19:07,427] {dag.py:2379} INFO - Sync 1 DAGs
[2022-07-07 02:19:07,559] {logging_mixin.py:115} INFO - [2022-07-07 02:19:07,559] {dag.py:2931} INFO - Setting next_dagrun for example_complex to None, run_after=None
[2022-07-07 02:19:07,572] {processor.py:161} INFO - Processing /home/airflow/.local/lib/python3.7/site-packages/airflow/example_dags/example_complex.py took 0.188 seconds
[2022-07-07 02:19:37,912] {processor.py:153} INFO - Started process (PID=2742) to work on /home/airflow/.local/lib/python3.7/site-packages/airflow/example_dags/example_complex.py
[2022-07-07 02:19:37,913] {processor.py:641} INFO - Processing file /home/airflow/.local/lib/python3.7/site-packages/airflow/example_dags/example_complex.py for tasks to queue
[2022-07-07 02:19:37,913] {logging_mixin.py:115} INFO - [2022-07-07 02:19:37,913] {dagbag.py:507} INFO - Filling up the DagBag from /home/airflow/.local/lib/python3.7/site-packages/airflow/example_dags/example_complex.py
[2022-07-07 02:19:37,924] {processor.py:651} INFO - DAG(s) dict_keys(['example_complex']) retrieved from /home/airflow/.local/lib/python3.7/site-packages/airflow/example_dags/example_complex.py
[2022-07-07 02:19:37,954] {logging_mixin.py:115} INFO - [2022-07-07 02:19:37,953] {dag.py:2379} INFO - Sync 1 DAGs
[2022-07-07 02:19:38,091] {logging_mixin.py:115} INFO - [2022-07-07 02:19:38,091] {dag.py:2931} INFO - Setting next_dagrun for example_complex to None, run_after=None
[2022-07-07 02:19:38,104] {processor.py:161} INFO - Processing /home/airflow/.local/lib/python3.7/site-packages/airflow/example_dags/example_complex.py took 0.195 seconds
[2022-07-07 02:29:53,644] {processor.py:153} INFO - Started process (PID=58) to work on /home/airflow/.local/lib/python3.7/site-packages/airflow/example_dags/example_complex.py
[2022-07-07 02:29:53,646] {processor.py:641} INFO - Processing file /home/airflow/.local/lib/python3.7/site-packages/airflow/example_dags/example_complex.py for tasks to queue
[2022-07-07 02:29:53,647] {logging_mixin.py:115} INFO - [2022-07-07 02:29:53,647] {dagbag.py:507} INFO - Filling up the DagBag from /home/airflow/.local/lib/python3.7/site-packages/airflow/example_dags/example_complex.py
[2022-07-07 02:29:53,668] {processor.py:651} INFO - DAG(s) dict_keys(['example_complex']) retrieved from /home/airflow/.local/lib/python3.7/site-packages/airflow/example_dags/example_complex.py
[2022-07-07 02:29:53,745] {logging_mixin.py:115} INFO - [2022-07-07 02:29:53,745] {dag.py:2379} INFO - Sync 1 DAGs
[2022-07-07 02:29:53,808] {logging_mixin.py:115} INFO - [2022-07-07 02:29:53,808] {dag.py:2931} INFO - Setting next_dagrun for example_complex to None, run_after=None
[2022-07-07 02:29:53,993] {processor.py:161} INFO - Processing /home/airflow/.local/lib/python3.7/site-packages/airflow/example_dags/example_complex.py took 0.354 seconds
[2022-07-07 02:30:25,306] {processor.py:153} INFO - Started process (PID=114) to work on /home/airflow/.local/lib/python3.7/site-packages/airflow/example_dags/example_complex.py
[2022-07-07 02:30:25,307] {processor.py:641} INFO - Processing file /home/airflow/.local/lib/python3.7/site-packages/airflow/example_dags/example_complex.py for tasks to queue
[2022-07-07 02:30:25,308] {logging_mixin.py:115} INFO - [2022-07-07 02:30:25,308] {dagbag.py:507} INFO - Filling up the DagBag from /home/airflow/.local/lib/python3.7/site-packages/airflow/example_dags/example_complex.py
[2022-07-07 02:30:25,327] {processor.py:651} INFO - DAG(s) dict_keys(['example_complex']) retrieved from /home/airflow/.local/lib/python3.7/site-packages/airflow/example_dags/example_complex.py
[2022-07-07 02:30:25,363] {logging_mixin.py:115} INFO - [2022-07-07 02:30:25,363] {dag.py:2379} INFO - Sync 1 DAGs
[2022-07-07 02:30:25,395] {logging_mixin.py:115} INFO - [2022-07-07 02:30:25,395] {dag.py:2931} INFO - Setting next_dagrun for example_complex to None, run_after=None
[2022-07-07 02:30:25,553] {processor.py:161} INFO - Processing /home/airflow/.local/lib/python3.7/site-packages/airflow/example_dags/example_complex.py took 0.251 seconds
[2022-07-07 02:30:55,878] {processor.py:153} INFO - Started process (PID=169) to work on /home/airflow/.local/lib/python3.7/site-packages/airflow/example_dags/example_complex.py
[2022-07-07 02:30:55,879] {processor.py:641} INFO - Processing file /home/airflow/.local/lib/python3.7/site-packages/airflow/example_dags/example_complex.py for tasks to queue
[2022-07-07 02:30:55,880] {logging_mixin.py:115} INFO - [2022-07-07 02:30:55,880] {dagbag.py:507} INFO - Filling up the DagBag from /home/airflow/.local/lib/python3.7/site-packages/airflow/example_dags/example_complex.py
[2022-07-07 02:30:55,892] {processor.py:651} INFO - DAG(s) dict_keys(['example_complex']) retrieved from /home/airflow/.local/lib/python3.7/site-packages/airflow/example_dags/example_complex.py
[2022-07-07 02:30:55,921] {logging_mixin.py:115} INFO - [2022-07-07 02:30:55,921] {dag.py:2379} INFO - Sync 1 DAGs
[2022-07-07 02:30:55,942] {logging_mixin.py:115} INFO - [2022-07-07 02:30:55,942] {dag.py:2931} INFO - Setting next_dagrun for example_complex to None, run_after=None
[2022-07-07 02:30:56,070] {processor.py:161} INFO - Processing /home/airflow/.local/lib/python3.7/site-packages/airflow/example_dags/example_complex.py took 0.196 seconds
[2022-07-07 02:31:26,393] {processor.py:153} INFO - Started process (PID=239) to work on /home/airflow/.local/lib/python3.7/site-packages/airflow/example_dags/example_complex.py
[2022-07-07 02:31:26,394] {processor.py:641} INFO - Processing file /home/airflow/.local/lib/python3.7/site-packages/airflow/example_dags/example_complex.py for tasks to queue
[2022-07-07 02:31:26,394] {logging_mixin.py:115} INFO - [2022-07-07 02:31:26,394] {dagbag.py:507} INFO - Filling up the DagBag from /home/airflow/.local/lib/python3.7/site-packages/airflow/example_dags/example_complex.py
[2022-07-07 02:31:26,405] {processor.py:651} INFO - DAG(s) dict_keys(['example_complex']) retrieved from /home/airflow/.local/lib/python3.7/site-packages/airflow/example_dags/example_complex.py
[2022-07-07 02:31:26,431] {logging_mixin.py:115} INFO - [2022-07-07 02:31:26,431] {dag.py:2379} INFO - Sync 1 DAGs
[2022-07-07 02:31:26,451] {logging_mixin.py:115} INFO - [2022-07-07 02:31:26,451] {dag.py:2931} INFO - Setting next_dagrun for example_complex to None, run_after=None
[2022-07-07 02:31:26,578] {processor.py:161} INFO - Processing /home/airflow/.local/lib/python3.7/site-packages/airflow/example_dags/example_complex.py took 0.188 seconds
[2022-07-07 02:31:57,437] {processor.py:153} INFO - Started process (PID=303) to work on /home/airflow/.local/lib/python3.7/site-packages/airflow/example_dags/example_complex.py
[2022-07-07 02:31:57,438] {processor.py:641} INFO - Processing file /home/airflow/.local/lib/python3.7/site-packages/airflow/example_dags/example_complex.py for tasks to queue
[2022-07-07 02:31:57,439] {logging_mixin.py:115} INFO - [2022-07-07 02:31:57,439] {dagbag.py:507} INFO - Filling up the DagBag from /home/airflow/.local/lib/python3.7/site-packages/airflow/example_dags/example_complex.py
[2022-07-07 02:31:57,454] {processor.py:651} INFO - DAG(s) dict_keys(['example_complex']) retrieved from /home/airflow/.local/lib/python3.7/site-packages/airflow/example_dags/example_complex.py
[2022-07-07 02:31:57,486] {logging_mixin.py:115} INFO - [2022-07-07 02:31:57,486] {dag.py:2379} INFO - Sync 1 DAGs
[2022-07-07 02:31:57,511] {logging_mixin.py:115} INFO - [2022-07-07 02:31:57,511] {dag.py:2931} INFO - Setting next_dagrun for example_complex to None, run_after=None
[2022-07-07 02:31:57,644] {processor.py:161} INFO - Processing /home/airflow/.local/lib/python3.7/site-packages/airflow/example_dags/example_complex.py took 0.210 seconds
[2022-07-07 02:32:28,324] {processor.py:153} INFO - Started process (PID=359) to work on /home/airflow/.local/lib/python3.7/site-packages/airflow/example_dags/example_complex.py
[2022-07-07 02:32:28,325] {processor.py:641} INFO - Processing file /home/airflow/.local/lib/python3.7/site-packages/airflow/example_dags/example_complex.py for tasks to queue
[2022-07-07 02:32:28,325] {logging_mixin.py:115} INFO - [2022-07-07 02:32:28,325] {dagbag.py:507} INFO - Filling up the DagBag from /home/airflow/.local/lib/python3.7/site-packages/airflow/example_dags/example_complex.py
[2022-07-07 02:32:28,336] {processor.py:651} INFO - DAG(s) dict_keys(['example_complex']) retrieved from /home/airflow/.local/lib/python3.7/site-packages/airflow/example_dags/example_complex.py
[2022-07-07 02:32:28,364] {logging_mixin.py:115} INFO - [2022-07-07 02:32:28,364] {dag.py:2379} INFO - Sync 1 DAGs
[2022-07-07 02:32:28,388] {logging_mixin.py:115} INFO - [2022-07-07 02:32:28,388] {dag.py:2931} INFO - Setting next_dagrun for example_complex to None, run_after=None
[2022-07-07 02:32:28,528] {processor.py:161} INFO - Processing /home/airflow/.local/lib/python3.7/site-packages/airflow/example_dags/example_complex.py took 0.207 seconds
[2022-07-07 02:32:59,491] {processor.py:153} INFO - Started process (PID=425) to work on /home/airflow/.local/lib/python3.7/site-packages/airflow/example_dags/example_complex.py
[2022-07-07 02:32:59,492] {processor.py:641} INFO - Processing file /home/airflow/.local/lib/python3.7/site-packages/airflow/example_dags/example_complex.py for tasks to queue
[2022-07-07 02:32:59,493] {logging_mixin.py:115} INFO - [2022-07-07 02:32:59,493] {dagbag.py:507} INFO - Filling up the DagBag from /home/airflow/.local/lib/python3.7/site-packages/airflow/example_dags/example_complex.py
[2022-07-07 02:32:59,504] {processor.py:651} INFO - DAG(s) dict_keys(['example_complex']) retrieved from /home/airflow/.local/lib/python3.7/site-packages/airflow/example_dags/example_complex.py
[2022-07-07 02:32:59,531] {logging_mixin.py:115} INFO - [2022-07-07 02:32:59,531] {dag.py:2379} INFO - Sync 1 DAGs
[2022-07-07 02:32:59,552] {logging_mixin.py:115} INFO - [2022-07-07 02:32:59,552] {dag.py:2931} INFO - Setting next_dagrun for example_complex to None, run_after=None
[2022-07-07 02:32:59,710] {processor.py:161} INFO - Processing /home/airflow/.local/lib/python3.7/site-packages/airflow/example_dags/example_complex.py took 0.221 seconds
