[2022-07-07 01:25:31,135] {processor.py:153} INFO - Started process (PID=65) to work on /home/airflow/.local/lib/python3.7/site-packages/airflow/example_dags/example_branch_day_of_week_operator.py
[2022-07-07 01:25:31,136] {processor.py:641} INFO - Processing file /home/airflow/.local/lib/python3.7/site-packages/airflow/example_dags/example_branch_day_of_week_operator.py for tasks to queue
[2022-07-07 01:25:31,137] {logging_mixin.py:115} INFO - [2022-07-07 01:25:31,137] {dagbag.py:507} INFO - Filling up the DagBag from /home/airflow/.local/lib/python3.7/site-packages/airflow/example_dags/example_branch_day_of_week_operator.py
[2022-07-07 01:25:31,300] {processor.py:651} INFO - DAG(s) dict_keys(['example_weekday_branch_operator']) retrieved from /home/airflow/.local/lib/python3.7/site-packages/airflow/example_dags/example_branch_day_of_week_operator.py
[2022-07-07 01:25:32,748] {logging_mixin.py:115} INFO - [2022-07-07 01:25:32,748] {manager.py:508} INFO - Created Permission View: can edit on DAG:example_weekday_branch_operator
[2022-07-07 01:25:32,799] {logging_mixin.py:115} INFO - [2022-07-07 01:25:32,799] {manager.py:508} INFO - Created Permission View: can read on DAG:example_weekday_branch_operator
[2022-07-07 01:25:32,822] {logging_mixin.py:115} INFO - [2022-07-07 01:25:32,822] {manager.py:508} INFO - Created Permission View: can delete on DAG:example_weekday_branch_operator
[2022-07-07 01:25:32,822] {logging_mixin.py:115} INFO - [2022-07-07 01:25:32,822] {dag.py:2379} INFO - Sync 1 DAGs
[2022-07-07 01:25:32,853] {logging_mixin.py:115} INFO - [2022-07-07 01:25:32,850] {dag.py:2398} INFO - Creating ORM DAG for example_weekday_branch_operator
[2022-07-07 01:25:32,887] {logging_mixin.py:115} INFO - [2022-07-07 01:25:32,887] {dag.py:2931} INFO - Setting next_dagrun for example_weekday_branch_operator to 2022-07-06T00:00:00+00:00, run_after=2022-07-07T00:00:00+00:00
[2022-07-07 01:25:32,921] {processor.py:161} INFO - Processing /home/airflow/.local/lib/python3.7/site-packages/airflow/example_dags/example_branch_day_of_week_operator.py took 1.790 seconds
[2022-07-07 01:26:03,359] {processor.py:153} INFO - Started process (PID=132) to work on /home/airflow/.local/lib/python3.7/site-packages/airflow/example_dags/example_branch_day_of_week_operator.py
[2022-07-07 01:26:03,360] {processor.py:641} INFO - Processing file /home/airflow/.local/lib/python3.7/site-packages/airflow/example_dags/example_branch_day_of_week_operator.py for tasks to queue
[2022-07-07 01:26:03,361] {logging_mixin.py:115} INFO - [2022-07-07 01:26:03,361] {dagbag.py:507} INFO - Filling up the DagBag from /home/airflow/.local/lib/python3.7/site-packages/airflow/example_dags/example_branch_day_of_week_operator.py
[2022-07-07 01:26:03,368] {processor.py:651} INFO - DAG(s) dict_keys(['example_weekday_branch_operator']) retrieved from /home/airflow/.local/lib/python3.7/site-packages/airflow/example_dags/example_branch_day_of_week_operator.py
[2022-07-07 01:26:03,388] {logging_mixin.py:115} INFO - [2022-07-07 01:26:03,388] {dag.py:2379} INFO - Sync 1 DAGs
[2022-07-07 01:26:03,407] {logging_mixin.py:115} INFO - [2022-07-07 01:26:03,407] {dag.py:2931} INFO - Setting next_dagrun for example_weekday_branch_operator to 2022-07-06T00:00:00+00:00, run_after=2022-07-07T00:00:00+00:00
[2022-07-07 01:26:03,420] {processor.py:161} INFO - Processing /home/airflow/.local/lib/python3.7/site-packages/airflow/example_dags/example_branch_day_of_week_operator.py took 0.063 seconds
[2022-07-07 01:26:34,108] {processor.py:153} INFO - Started process (PID=197) to work on /home/airflow/.local/lib/python3.7/site-packages/airflow/example_dags/example_branch_day_of_week_operator.py
[2022-07-07 01:26:34,109] {processor.py:641} INFO - Processing file /home/airflow/.local/lib/python3.7/site-packages/airflow/example_dags/example_branch_day_of_week_operator.py for tasks to queue
[2022-07-07 01:26:34,110] {logging_mixin.py:115} INFO - [2022-07-07 01:26:34,110] {dagbag.py:507} INFO - Filling up the DagBag from /home/airflow/.local/lib/python3.7/site-packages/airflow/example_dags/example_branch_day_of_week_operator.py
[2022-07-07 01:26:34,118] {processor.py:651} INFO - DAG(s) dict_keys(['example_weekday_branch_operator']) retrieved from /home/airflow/.local/lib/python3.7/site-packages/airflow/example_dags/example_branch_day_of_week_operator.py
[2022-07-07 01:26:34,151] {logging_mixin.py:115} INFO - [2022-07-07 01:26:34,151] {dag.py:2379} INFO - Sync 1 DAGs
[2022-07-07 01:26:34,178] {logging_mixin.py:115} INFO - [2022-07-07 01:26:34,178] {dag.py:2931} INFO - Setting next_dagrun for example_weekday_branch_operator to 2022-07-06T00:00:00+00:00, run_after=2022-07-07T00:00:00+00:00
[2022-07-07 01:26:34,192] {processor.py:161} INFO - Processing /home/airflow/.local/lib/python3.7/site-packages/airflow/example_dags/example_branch_day_of_week_operator.py took 0.087 seconds
[2022-07-07 01:27:09,785] {processor.py:153} INFO - Started process (PID=256) to work on /home/airflow/.local/lib/python3.7/site-packages/airflow/example_dags/example_branch_day_of_week_operator.py
[2022-07-07 01:27:09,789] {processor.py:641} INFO - Processing file /home/airflow/.local/lib/python3.7/site-packages/airflow/example_dags/example_branch_day_of_week_operator.py for tasks to queue
[2022-07-07 01:27:09,793] {logging_mixin.py:115} INFO - [2022-07-07 01:27:09,792] {dagbag.py:507} INFO - Filling up the DagBag from /home/airflow/.local/lib/python3.7/site-packages/airflow/example_dags/example_branch_day_of_week_operator.py
[2022-07-07 01:27:09,847] {processor.py:651} INFO - DAG(s) dict_keys(['example_weekday_branch_operator']) retrieved from /home/airflow/.local/lib/python3.7/site-packages/airflow/example_dags/example_branch_day_of_week_operator.py
[2022-07-07 01:27:09,959] {logging_mixin.py:115} INFO - [2022-07-07 01:27:09,958] {dag.py:2379} INFO - Sync 1 DAGs
[2022-07-07 01:27:10,018] {logging_mixin.py:115} INFO - [2022-07-07 01:27:10,018] {dag.py:2931} INFO - Setting next_dagrun for example_weekday_branch_operator to 2022-07-06T00:00:00+00:00, run_after=2022-07-07T00:00:00+00:00
[2022-07-07 01:27:10,064] {processor.py:161} INFO - Processing /home/airflow/.local/lib/python3.7/site-packages/airflow/example_dags/example_branch_day_of_week_operator.py took 0.291 seconds
[2022-07-07 01:27:40,836] {processor.py:153} INFO - Started process (PID=312) to work on /home/airflow/.local/lib/python3.7/site-packages/airflow/example_dags/example_branch_day_of_week_operator.py
[2022-07-07 01:27:40,838] {processor.py:641} INFO - Processing file /home/airflow/.local/lib/python3.7/site-packages/airflow/example_dags/example_branch_day_of_week_operator.py for tasks to queue
[2022-07-07 01:27:40,839] {logging_mixin.py:115} INFO - [2022-07-07 01:27:40,839] {dagbag.py:507} INFO - Filling up the DagBag from /home/airflow/.local/lib/python3.7/site-packages/airflow/example_dags/example_branch_day_of_week_operator.py
[2022-07-07 01:27:40,855] {processor.py:651} INFO - DAG(s) dict_keys(['example_weekday_branch_operator']) retrieved from /home/airflow/.local/lib/python3.7/site-packages/airflow/example_dags/example_branch_day_of_week_operator.py
[2022-07-07 01:27:40,907] {logging_mixin.py:115} INFO - [2022-07-07 01:27:40,907] {dag.py:2379} INFO - Sync 1 DAGs
[2022-07-07 01:27:40,963] {logging_mixin.py:115} INFO - [2022-07-07 01:27:40,963] {dag.py:2931} INFO - Setting next_dagrun for example_weekday_branch_operator to 2022-07-06T00:00:00+00:00, run_after=2022-07-07T00:00:00+00:00
[2022-07-07 01:27:40,987] {processor.py:161} INFO - Processing /home/airflow/.local/lib/python3.7/site-packages/airflow/example_dags/example_branch_day_of_week_operator.py took 0.156 seconds
[2022-07-07 01:28:11,249] {processor.py:153} INFO - Started process (PID=379) to work on /home/airflow/.local/lib/python3.7/site-packages/airflow/example_dags/example_branch_day_of_week_operator.py
[2022-07-07 01:28:11,251] {processor.py:641} INFO - Processing file /home/airflow/.local/lib/python3.7/site-packages/airflow/example_dags/example_branch_day_of_week_operator.py for tasks to queue
[2022-07-07 01:28:11,252] {logging_mixin.py:115} INFO - [2022-07-07 01:28:11,251] {dagbag.py:507} INFO - Filling up the DagBag from /home/airflow/.local/lib/python3.7/site-packages/airflow/example_dags/example_branch_day_of_week_operator.py
[2022-07-07 01:28:11,264] {processor.py:651} INFO - DAG(s) dict_keys(['example_weekday_branch_operator']) retrieved from /home/airflow/.local/lib/python3.7/site-packages/airflow/example_dags/example_branch_day_of_week_operator.py
[2022-07-07 01:28:11,305] {logging_mixin.py:115} INFO - [2022-07-07 01:28:11,305] {dag.py:2379} INFO - Sync 1 DAGs
[2022-07-07 01:28:11,352] {logging_mixin.py:115} INFO - [2022-07-07 01:28:11,352] {dag.py:2931} INFO - Setting next_dagrun for example_weekday_branch_operator to 2022-07-06T00:00:00+00:00, run_after=2022-07-07T00:00:00+00:00
[2022-07-07 01:28:11,368] {processor.py:161} INFO - Processing /home/airflow/.local/lib/python3.7/site-packages/airflow/example_dags/example_branch_day_of_week_operator.py took 0.123 seconds
[2022-07-07 01:28:45,298] {processor.py:153} INFO - Started process (PID=436) to work on /home/airflow/.local/lib/python3.7/site-packages/airflow/example_dags/example_branch_day_of_week_operator.py
[2022-07-07 01:28:45,299] {processor.py:641} INFO - Processing file /home/airflow/.local/lib/python3.7/site-packages/airflow/example_dags/example_branch_day_of_week_operator.py for tasks to queue
[2022-07-07 01:28:45,299] {logging_mixin.py:115} INFO - [2022-07-07 01:28:45,299] {dagbag.py:507} INFO - Filling up the DagBag from /home/airflow/.local/lib/python3.7/site-packages/airflow/example_dags/example_branch_day_of_week_operator.py
[2022-07-07 01:28:45,307] {processor.py:651} INFO - DAG(s) dict_keys(['example_weekday_branch_operator']) retrieved from /home/airflow/.local/lib/python3.7/site-packages/airflow/example_dags/example_branch_day_of_week_operator.py
[2022-07-07 01:28:45,332] {logging_mixin.py:115} INFO - [2022-07-07 01:28:45,332] {dag.py:2379} INFO - Sync 1 DAGs
[2022-07-07 01:28:45,365] {logging_mixin.py:115} INFO - [2022-07-07 01:28:45,365] {dag.py:2931} INFO - Setting next_dagrun for example_weekday_branch_operator to 2022-07-06T00:00:00+00:00, run_after=2022-07-07T00:00:00+00:00
[2022-07-07 01:28:45,381] {processor.py:161} INFO - Processing /home/airflow/.local/lib/python3.7/site-packages/airflow/example_dags/example_branch_day_of_week_operator.py took 0.087 seconds
[2022-07-07 01:46:13,196] {processor.py:153} INFO - Started process (PID=64) to work on /home/airflow/.local/lib/python3.7/site-packages/airflow/example_dags/example_branch_day_of_week_operator.py
[2022-07-07 01:46:13,225] {processor.py:641} INFO - Processing file /home/airflow/.local/lib/python3.7/site-packages/airflow/example_dags/example_branch_day_of_week_operator.py for tasks to queue
[2022-07-07 01:46:13,226] {logging_mixin.py:115} INFO - [2022-07-07 01:46:13,226] {dagbag.py:507} INFO - Filling up the DagBag from /home/airflow/.local/lib/python3.7/site-packages/airflow/example_dags/example_branch_day_of_week_operator.py
[2022-07-07 01:46:13,268] {processor.py:651} INFO - DAG(s) dict_keys(['example_weekday_branch_operator']) retrieved from /home/airflow/.local/lib/python3.7/site-packages/airflow/example_dags/example_branch_day_of_week_operator.py
[2022-07-07 01:46:13,322] {logging_mixin.py:115} INFO - [2022-07-07 01:46:13,322] {dag.py:2379} INFO - Sync 1 DAGs
[2022-07-07 01:46:13,346] {logging_mixin.py:115} INFO - [2022-07-07 01:46:13,346] {dag.py:2931} INFO - Setting next_dagrun for example_weekday_branch_operator to 2022-07-06T00:00:00+00:00, run_after=2022-07-07T00:00:00+00:00
[2022-07-07 01:46:13,495] {processor.py:161} INFO - Processing /home/airflow/.local/lib/python3.7/site-packages/airflow/example_dags/example_branch_day_of_week_operator.py took 0.303 seconds
[2022-07-07 01:47:16,564] {processor.py:153} INFO - Started process (PID=139) to work on /home/airflow/.local/lib/python3.7/site-packages/airflow/example_dags/example_branch_day_of_week_operator.py
[2022-07-07 01:47:16,566] {processor.py:641} INFO - Processing file /home/airflow/.local/lib/python3.7/site-packages/airflow/example_dags/example_branch_day_of_week_operator.py for tasks to queue
[2022-07-07 01:47:16,567] {logging_mixin.py:115} INFO - [2022-07-07 01:47:16,567] {dagbag.py:507} INFO - Filling up the DagBag from /home/airflow/.local/lib/python3.7/site-packages/airflow/example_dags/example_branch_day_of_week_operator.py
[2022-07-07 01:47:16,581] {processor.py:651} INFO - DAG(s) dict_keys(['example_weekday_branch_operator']) retrieved from /home/airflow/.local/lib/python3.7/site-packages/airflow/example_dags/example_branch_day_of_week_operator.py
[2022-07-07 01:47:16,622] {logging_mixin.py:115} INFO - [2022-07-07 01:47:16,621] {dag.py:2379} INFO - Sync 1 DAGs
[2022-07-07 01:47:16,686] {logging_mixin.py:115} INFO - [2022-07-07 01:47:16,686] {dag.py:2931} INFO - Setting next_dagrun for example_weekday_branch_operator to 2022-07-06T00:00:00+00:00, run_after=2022-07-07T00:00:00+00:00
[2022-07-07 01:47:16,930] {processor.py:161} INFO - Processing /home/airflow/.local/lib/python3.7/site-packages/airflow/example_dags/example_branch_day_of_week_operator.py took 0.370 seconds
[2022-07-07 01:47:48,150] {processor.py:153} INFO - Started process (PID=195) to work on /home/airflow/.local/lib/python3.7/site-packages/airflow/example_dags/example_branch_day_of_week_operator.py
[2022-07-07 01:47:48,151] {processor.py:641} INFO - Processing file /home/airflow/.local/lib/python3.7/site-packages/airflow/example_dags/example_branch_day_of_week_operator.py for tasks to queue
[2022-07-07 01:47:48,154] {logging_mixin.py:115} INFO - [2022-07-07 01:47:48,153] {dagbag.py:507} INFO - Filling up the DagBag from /home/airflow/.local/lib/python3.7/site-packages/airflow/example_dags/example_branch_day_of_week_operator.py
[2022-07-07 01:47:48,172] {processor.py:651} INFO - DAG(s) dict_keys(['example_weekday_branch_operator']) retrieved from /home/airflow/.local/lib/python3.7/site-packages/airflow/example_dags/example_branch_day_of_week_operator.py
[2022-07-07 01:47:48,212] {logging_mixin.py:115} INFO - [2022-07-07 01:47:48,212] {dag.py:2379} INFO - Sync 1 DAGs
[2022-07-07 01:47:48,264] {logging_mixin.py:115} INFO - [2022-07-07 01:47:48,264] {dag.py:2931} INFO - Setting next_dagrun for example_weekday_branch_operator to 2022-07-06T00:00:00+00:00, run_after=2022-07-07T00:00:00+00:00
[2022-07-07 01:47:48,489] {processor.py:161} INFO - Processing /home/airflow/.local/lib/python3.7/site-packages/airflow/example_dags/example_branch_day_of_week_operator.py took 0.344 seconds
[2022-07-07 01:48:19,142] {processor.py:153} INFO - Started process (PID=263) to work on /home/airflow/.local/lib/python3.7/site-packages/airflow/example_dags/example_branch_day_of_week_operator.py
[2022-07-07 01:48:19,143] {processor.py:641} INFO - Processing file /home/airflow/.local/lib/python3.7/site-packages/airflow/example_dags/example_branch_day_of_week_operator.py for tasks to queue
[2022-07-07 01:48:19,144] {logging_mixin.py:115} INFO - [2022-07-07 01:48:19,144] {dagbag.py:507} INFO - Filling up the DagBag from /home/airflow/.local/lib/python3.7/site-packages/airflow/example_dags/example_branch_day_of_week_operator.py
[2022-07-07 01:48:19,162] {processor.py:651} INFO - DAG(s) dict_keys(['example_weekday_branch_operator']) retrieved from /home/airflow/.local/lib/python3.7/site-packages/airflow/example_dags/example_branch_day_of_week_operator.py
[2022-07-07 01:48:19,202] {logging_mixin.py:115} INFO - [2022-07-07 01:48:19,202] {dag.py:2379} INFO - Sync 1 DAGs
[2022-07-07 01:48:19,243] {logging_mixin.py:115} INFO - [2022-07-07 01:48:19,243] {dag.py:2931} INFO - Setting next_dagrun for example_weekday_branch_operator to 2022-07-06T00:00:00+00:00, run_after=2022-07-07T00:00:00+00:00
[2022-07-07 01:48:19,432] {processor.py:161} INFO - Processing /home/airflow/.local/lib/python3.7/site-packages/airflow/example_dags/example_branch_day_of_week_operator.py took 0.295 seconds
[2022-07-07 01:48:49,959] {processor.py:153} INFO - Started process (PID=318) to work on /home/airflow/.local/lib/python3.7/site-packages/airflow/example_dags/example_branch_day_of_week_operator.py
[2022-07-07 01:48:49,960] {processor.py:641} INFO - Processing file /home/airflow/.local/lib/python3.7/site-packages/airflow/example_dags/example_branch_day_of_week_operator.py for tasks to queue
[2022-07-07 01:48:49,961] {logging_mixin.py:115} INFO - [2022-07-07 01:48:49,961] {dagbag.py:507} INFO - Filling up the DagBag from /home/airflow/.local/lib/python3.7/site-packages/airflow/example_dags/example_branch_day_of_week_operator.py
[2022-07-07 01:48:49,985] {processor.py:651} INFO - DAG(s) dict_keys(['example_weekday_branch_operator']) retrieved from /home/airflow/.local/lib/python3.7/site-packages/airflow/example_dags/example_branch_day_of_week_operator.py
[2022-07-07 01:48:50,054] {logging_mixin.py:115} INFO - [2022-07-07 01:48:50,053] {dag.py:2379} INFO - Sync 1 DAGs
[2022-07-07 01:48:50,100] {logging_mixin.py:115} INFO - [2022-07-07 01:48:50,100] {dag.py:2931} INFO - Setting next_dagrun for example_weekday_branch_operator to 2022-07-06T00:00:00+00:00, run_after=2022-07-07T00:00:00+00:00
[2022-07-07 01:48:50,451] {processor.py:161} INFO - Processing /home/airflow/.local/lib/python3.7/site-packages/airflow/example_dags/example_branch_day_of_week_operator.py took 0.497 seconds
[2022-07-07 01:49:21,423] {processor.py:153} INFO - Started process (PID=386) to work on /home/airflow/.local/lib/python3.7/site-packages/airflow/example_dags/example_branch_day_of_week_operator.py
[2022-07-07 01:49:21,424] {processor.py:641} INFO - Processing file /home/airflow/.local/lib/python3.7/site-packages/airflow/example_dags/example_branch_day_of_week_operator.py for tasks to queue
[2022-07-07 01:49:21,427] {logging_mixin.py:115} INFO - [2022-07-07 01:49:21,426] {dagbag.py:507} INFO - Filling up the DagBag from /home/airflow/.local/lib/python3.7/site-packages/airflow/example_dags/example_branch_day_of_week_operator.py
[2022-07-07 01:49:21,441] {processor.py:651} INFO - DAG(s) dict_keys(['example_weekday_branch_operator']) retrieved from /home/airflow/.local/lib/python3.7/site-packages/airflow/example_dags/example_branch_day_of_week_operator.py
[2022-07-07 01:49:21,492] {logging_mixin.py:115} INFO - [2022-07-07 01:49:21,491] {dag.py:2379} INFO - Sync 1 DAGs
[2022-07-07 01:49:21,551] {logging_mixin.py:115} INFO - [2022-07-07 01:49:21,551] {dag.py:2931} INFO - Setting next_dagrun for example_weekday_branch_operator to 2022-07-06T00:00:00+00:00, run_after=2022-07-07T00:00:00+00:00
[2022-07-07 01:49:21,958] {processor.py:161} INFO - Processing /home/airflow/.local/lib/python3.7/site-packages/airflow/example_dags/example_branch_day_of_week_operator.py took 0.541 seconds
[2022-07-07 01:49:52,321] {processor.py:153} INFO - Started process (PID=444) to work on /home/airflow/.local/lib/python3.7/site-packages/airflow/example_dags/example_branch_day_of_week_operator.py
[2022-07-07 01:49:52,323] {processor.py:641} INFO - Processing file /home/airflow/.local/lib/python3.7/site-packages/airflow/example_dags/example_branch_day_of_week_operator.py for tasks to queue
[2022-07-07 01:49:52,325] {logging_mixin.py:115} INFO - [2022-07-07 01:49:52,325] {dagbag.py:507} INFO - Filling up the DagBag from /home/airflow/.local/lib/python3.7/site-packages/airflow/example_dags/example_branch_day_of_week_operator.py
[2022-07-07 01:49:52,355] {processor.py:651} INFO - DAG(s) dict_keys(['example_weekday_branch_operator']) retrieved from /home/airflow/.local/lib/python3.7/site-packages/airflow/example_dags/example_branch_day_of_week_operator.py
[2022-07-07 01:49:52,398] {logging_mixin.py:115} INFO - [2022-07-07 01:49:52,398] {dag.py:2379} INFO - Sync 1 DAGs
[2022-07-07 01:49:52,438] {logging_mixin.py:115} INFO - [2022-07-07 01:49:52,438] {dag.py:2931} INFO - Setting next_dagrun for example_weekday_branch_operator to 2022-07-06T00:00:00+00:00, run_after=2022-07-07T00:00:00+00:00
[2022-07-07 01:49:52,607] {processor.py:161} INFO - Processing /home/airflow/.local/lib/python3.7/site-packages/airflow/example_dags/example_branch_day_of_week_operator.py took 0.290 seconds
[2022-07-07 01:50:23,093] {processor.py:153} INFO - Started process (PID=511) to work on /home/airflow/.local/lib/python3.7/site-packages/airflow/example_dags/example_branch_day_of_week_operator.py
[2022-07-07 01:50:23,094] {processor.py:641} INFO - Processing file /home/airflow/.local/lib/python3.7/site-packages/airflow/example_dags/example_branch_day_of_week_operator.py for tasks to queue
[2022-07-07 01:50:23,095] {logging_mixin.py:115} INFO - [2022-07-07 01:50:23,095] {dagbag.py:507} INFO - Filling up the DagBag from /home/airflow/.local/lib/python3.7/site-packages/airflow/example_dags/example_branch_day_of_week_operator.py
[2022-07-07 01:50:23,115] {processor.py:651} INFO - DAG(s) dict_keys(['example_weekday_branch_operator']) retrieved from /home/airflow/.local/lib/python3.7/site-packages/airflow/example_dags/example_branch_day_of_week_operator.py
[2022-07-07 01:50:23,156] {logging_mixin.py:115} INFO - [2022-07-07 01:50:23,156] {dag.py:2379} INFO - Sync 1 DAGs
[2022-07-07 01:50:23,199] {logging_mixin.py:115} INFO - [2022-07-07 01:50:23,198] {dag.py:2931} INFO - Setting next_dagrun for example_weekday_branch_operator to 2022-07-06T00:00:00+00:00, run_after=2022-07-07T00:00:00+00:00
[2022-07-07 01:50:23,472] {processor.py:161} INFO - Processing /home/airflow/.local/lib/python3.7/site-packages/airflow/example_dags/example_branch_day_of_week_operator.py took 0.384 seconds
[2022-07-07 01:50:53,912] {processor.py:153} INFO - Started process (PID=570) to work on /home/airflow/.local/lib/python3.7/site-packages/airflow/example_dags/example_branch_day_of_week_operator.py
[2022-07-07 01:50:53,913] {processor.py:641} INFO - Processing file /home/airflow/.local/lib/python3.7/site-packages/airflow/example_dags/example_branch_day_of_week_operator.py for tasks to queue
[2022-07-07 01:50:53,915] {logging_mixin.py:115} INFO - [2022-07-07 01:50:53,914] {dagbag.py:507} INFO - Filling up the DagBag from /home/airflow/.local/lib/python3.7/site-packages/airflow/example_dags/example_branch_day_of_week_operator.py
[2022-07-07 01:50:53,928] {processor.py:651} INFO - DAG(s) dict_keys(['example_weekday_branch_operator']) retrieved from /home/airflow/.local/lib/python3.7/site-packages/airflow/example_dags/example_branch_day_of_week_operator.py
[2022-07-07 01:50:53,968] {logging_mixin.py:115} INFO - [2022-07-07 01:50:53,968] {dag.py:2379} INFO - Sync 1 DAGs
[2022-07-07 01:50:54,006] {logging_mixin.py:115} INFO - [2022-07-07 01:50:54,006] {dag.py:2931} INFO - Setting next_dagrun for example_weekday_branch_operator to 2022-07-06T00:00:00+00:00, run_after=2022-07-07T00:00:00+00:00
[2022-07-07 01:50:54,181] {processor.py:161} INFO - Processing /home/airflow/.local/lib/python3.7/site-packages/airflow/example_dags/example_branch_day_of_week_operator.py took 0.273 seconds
[2022-07-07 01:51:24,822] {processor.py:153} INFO - Started process (PID=628) to work on /home/airflow/.local/lib/python3.7/site-packages/airflow/example_dags/example_branch_day_of_week_operator.py
[2022-07-07 01:51:24,823] {processor.py:641} INFO - Processing file /home/airflow/.local/lib/python3.7/site-packages/airflow/example_dags/example_branch_day_of_week_operator.py for tasks to queue
[2022-07-07 01:51:24,824] {logging_mixin.py:115} INFO - [2022-07-07 01:51:24,824] {dagbag.py:507} INFO - Filling up the DagBag from /home/airflow/.local/lib/python3.7/site-packages/airflow/example_dags/example_branch_day_of_week_operator.py
[2022-07-07 01:51:24,847] {processor.py:651} INFO - DAG(s) dict_keys(['example_weekday_branch_operator']) retrieved from /home/airflow/.local/lib/python3.7/site-packages/airflow/example_dags/example_branch_day_of_week_operator.py
[2022-07-07 01:51:24,891] {logging_mixin.py:115} INFO - [2022-07-07 01:51:24,890] {dag.py:2379} INFO - Sync 1 DAGs
[2022-07-07 01:51:24,924] {logging_mixin.py:115} INFO - [2022-07-07 01:51:24,924] {dag.py:2931} INFO - Setting next_dagrun for example_weekday_branch_operator to 2022-07-06T00:00:00+00:00, run_after=2022-07-07T00:00:00+00:00
[2022-07-07 01:51:25,119] {processor.py:161} INFO - Processing /home/airflow/.local/lib/python3.7/site-packages/airflow/example_dags/example_branch_day_of_week_operator.py took 0.302 seconds
[2022-07-07 01:51:57,944] {processor.py:153} INFO - Started process (PID=695) to work on /home/airflow/.local/lib/python3.7/site-packages/airflow/example_dags/example_branch_day_of_week_operator.py
[2022-07-07 01:51:57,949] {processor.py:641} INFO - Processing file /home/airflow/.local/lib/python3.7/site-packages/airflow/example_dags/example_branch_day_of_week_operator.py for tasks to queue
[2022-07-07 01:51:57,952] {logging_mixin.py:115} INFO - [2022-07-07 01:51:57,952] {dagbag.py:507} INFO - Filling up the DagBag from /home/airflow/.local/lib/python3.7/site-packages/airflow/example_dags/example_branch_day_of_week_operator.py
[2022-07-07 01:51:57,999] {processor.py:651} INFO - DAG(s) dict_keys(['example_weekday_branch_operator']) retrieved from /home/airflow/.local/lib/python3.7/site-packages/airflow/example_dags/example_branch_day_of_week_operator.py
[2022-07-07 01:51:58,093] {logging_mixin.py:115} INFO - [2022-07-07 01:51:58,093] {dag.py:2379} INFO - Sync 1 DAGs
[2022-07-07 01:51:58,169] {logging_mixin.py:115} INFO - [2022-07-07 01:51:58,168] {dag.py:2931} INFO - Setting next_dagrun for example_weekday_branch_operator to 2022-07-06T00:00:00+00:00, run_after=2022-07-07T00:00:00+00:00
[2022-07-07 01:51:58,593] {processor.py:161} INFO - Processing /home/airflow/.local/lib/python3.7/site-packages/airflow/example_dags/example_branch_day_of_week_operator.py took 0.662 seconds
[2022-07-07 01:54:31,013] {processor.py:153} INFO - Started process (PID=65) to work on /home/airflow/.local/lib/python3.7/site-packages/airflow/example_dags/example_branch_day_of_week_operator.py
[2022-07-07 01:54:31,019] {processor.py:641} INFO - Processing file /home/airflow/.local/lib/python3.7/site-packages/airflow/example_dags/example_branch_day_of_week_operator.py for tasks to queue
[2022-07-07 01:54:31,020] {logging_mixin.py:115} INFO - [2022-07-07 01:54:31,020] {dagbag.py:507} INFO - Filling up the DagBag from /home/airflow/.local/lib/python3.7/site-packages/airflow/example_dags/example_branch_day_of_week_operator.py
[2022-07-07 01:54:31,039] {processor.py:651} INFO - DAG(s) dict_keys(['example_weekday_branch_operator']) retrieved from /home/airflow/.local/lib/python3.7/site-packages/airflow/example_dags/example_branch_day_of_week_operator.py
[2022-07-07 01:54:31,078] {logging_mixin.py:115} INFO - [2022-07-07 01:54:31,078] {dag.py:2379} INFO - Sync 1 DAGs
[2022-07-07 01:54:31,150] {logging_mixin.py:115} INFO - [2022-07-07 01:54:31,150] {dag.py:2931} INFO - Setting next_dagrun for example_weekday_branch_operator to 2022-07-06T00:00:00+00:00, run_after=2022-07-07T00:00:00+00:00
[2022-07-07 01:54:31,400] {processor.py:161} INFO - Processing /home/airflow/.local/lib/python3.7/site-packages/airflow/example_dags/example_branch_day_of_week_operator.py took 0.396 seconds
[2022-07-07 01:55:26,772] {processor.py:153} INFO - Started process (PID=130) to work on /home/airflow/.local/lib/python3.7/site-packages/airflow/example_dags/example_branch_day_of_week_operator.py
[2022-07-07 01:55:26,773] {processor.py:641} INFO - Processing file /home/airflow/.local/lib/python3.7/site-packages/airflow/example_dags/example_branch_day_of_week_operator.py for tasks to queue
[2022-07-07 01:55:26,774] {logging_mixin.py:115} INFO - [2022-07-07 01:55:26,773] {dagbag.py:507} INFO - Filling up the DagBag from /home/airflow/.local/lib/python3.7/site-packages/airflow/example_dags/example_branch_day_of_week_operator.py
[2022-07-07 01:55:26,783] {processor.py:651} INFO - DAG(s) dict_keys(['example_weekday_branch_operator']) retrieved from /home/airflow/.local/lib/python3.7/site-packages/airflow/example_dags/example_branch_day_of_week_operator.py
[2022-07-07 01:55:26,815] {logging_mixin.py:115} INFO - [2022-07-07 01:55:26,815] {dag.py:2379} INFO - Sync 1 DAGs
[2022-07-07 01:55:26,847] {logging_mixin.py:115} INFO - [2022-07-07 01:55:26,847] {dag.py:2931} INFO - Setting next_dagrun for example_weekday_branch_operator to 2022-07-06T00:00:00+00:00, run_after=2022-07-07T00:00:00+00:00
[2022-07-07 01:55:26,988] {processor.py:161} INFO - Processing /home/airflow/.local/lib/python3.7/site-packages/airflow/example_dags/example_branch_day_of_week_operator.py took 0.220 seconds
[2022-07-07 01:57:13,651] {processor.py:153} INFO - Started process (PID=64) to work on /home/airflow/.local/lib/python3.7/site-packages/airflow/example_dags/example_branch_day_of_week_operator.py
[2022-07-07 01:57:13,653] {processor.py:641} INFO - Processing file /home/airflow/.local/lib/python3.7/site-packages/airflow/example_dags/example_branch_day_of_week_operator.py for tasks to queue
[2022-07-07 01:57:13,655] {logging_mixin.py:115} INFO - [2022-07-07 01:57:13,655] {dagbag.py:507} INFO - Filling up the DagBag from /home/airflow/.local/lib/python3.7/site-packages/airflow/example_dags/example_branch_day_of_week_operator.py
[2022-07-07 01:57:13,678] {processor.py:651} INFO - DAG(s) dict_keys(['example_weekday_branch_operator']) retrieved from /home/airflow/.local/lib/python3.7/site-packages/airflow/example_dags/example_branch_day_of_week_operator.py
[2022-07-07 01:57:13,746] {logging_mixin.py:115} INFO - [2022-07-07 01:57:13,746] {dag.py:2379} INFO - Sync 1 DAGs
[2022-07-07 01:57:13,791] {logging_mixin.py:115} INFO - [2022-07-07 01:57:13,791] {dag.py:2931} INFO - Setting next_dagrun for example_weekday_branch_operator to 2022-07-06T00:00:00+00:00, run_after=2022-07-07T00:00:00+00:00
[2022-07-07 01:57:14,075] {processor.py:161} INFO - Processing /home/airflow/.local/lib/python3.7/site-packages/airflow/example_dags/example_branch_day_of_week_operator.py took 0.434 seconds
[2022-07-07 01:58:06,831] {processor.py:153} INFO - Started process (PID=128) to work on /home/airflow/.local/lib/python3.7/site-packages/airflow/example_dags/example_branch_day_of_week_operator.py
[2022-07-07 01:58:06,832] {processor.py:641} INFO - Processing file /home/airflow/.local/lib/python3.7/site-packages/airflow/example_dags/example_branch_day_of_week_operator.py for tasks to queue
[2022-07-07 01:58:06,832] {logging_mixin.py:115} INFO - [2022-07-07 01:58:06,832] {dagbag.py:507} INFO - Filling up the DagBag from /home/airflow/.local/lib/python3.7/site-packages/airflow/example_dags/example_branch_day_of_week_operator.py
[2022-07-07 01:58:06,843] {processor.py:651} INFO - DAG(s) dict_keys(['example_weekday_branch_operator']) retrieved from /home/airflow/.local/lib/python3.7/site-packages/airflow/example_dags/example_branch_day_of_week_operator.py
[2022-07-07 01:58:06,874] {logging_mixin.py:115} INFO - [2022-07-07 01:58:06,874] {dag.py:2379} INFO - Sync 1 DAGs
[2022-07-07 01:58:06,910] {logging_mixin.py:115} INFO - [2022-07-07 01:58:06,910] {dag.py:2931} INFO - Setting next_dagrun for example_weekday_branch_operator to 2022-07-06T00:00:00+00:00, run_after=2022-07-07T00:00:00+00:00
[2022-07-07 01:58:07,078] {processor.py:161} INFO - Processing /home/airflow/.local/lib/python3.7/site-packages/airflow/example_dags/example_branch_day_of_week_operator.py took 0.251 seconds
[2022-07-07 01:58:39,611] {processor.py:153} INFO - Started process (PID=183) to work on /home/airflow/.local/lib/python3.7/site-packages/airflow/example_dags/example_branch_day_of_week_operator.py
[2022-07-07 01:58:39,612] {processor.py:641} INFO - Processing file /home/airflow/.local/lib/python3.7/site-packages/airflow/example_dags/example_branch_day_of_week_operator.py for tasks to queue
[2022-07-07 01:58:39,615] {logging_mixin.py:115} INFO - [2022-07-07 01:58:39,614] {dagbag.py:507} INFO - Filling up the DagBag from /home/airflow/.local/lib/python3.7/site-packages/airflow/example_dags/example_branch_day_of_week_operator.py
[2022-07-07 01:58:39,626] {processor.py:651} INFO - DAG(s) dict_keys(['example_weekday_branch_operator']) retrieved from /home/airflow/.local/lib/python3.7/site-packages/airflow/example_dags/example_branch_day_of_week_operator.py
[2022-07-07 01:58:39,659] {logging_mixin.py:115} INFO - [2022-07-07 01:58:39,659] {dag.py:2379} INFO - Sync 1 DAGs
[2022-07-07 01:58:39,687] {logging_mixin.py:115} INFO - [2022-07-07 01:58:39,686] {dag.py:2931} INFO - Setting next_dagrun for example_weekday_branch_operator to 2022-07-06T00:00:00+00:00, run_after=2022-07-07T00:00:00+00:00
[2022-07-07 01:58:39,848] {processor.py:161} INFO - Processing /home/airflow/.local/lib/python3.7/site-packages/airflow/example_dags/example_branch_day_of_week_operator.py took 0.240 seconds
[2022-07-07 01:59:10,460] {processor.py:153} INFO - Started process (PID=240) to work on /home/airflow/.local/lib/python3.7/site-packages/airflow/example_dags/example_branch_day_of_week_operator.py
[2022-07-07 01:59:10,461] {processor.py:641} INFO - Processing file /home/airflow/.local/lib/python3.7/site-packages/airflow/example_dags/example_branch_day_of_week_operator.py for tasks to queue
[2022-07-07 01:59:10,462] {logging_mixin.py:115} INFO - [2022-07-07 01:59:10,462] {dagbag.py:507} INFO - Filling up the DagBag from /home/airflow/.local/lib/python3.7/site-packages/airflow/example_dags/example_branch_day_of_week_operator.py
[2022-07-07 01:59:10,475] {processor.py:651} INFO - DAG(s) dict_keys(['example_weekday_branch_operator']) retrieved from /home/airflow/.local/lib/python3.7/site-packages/airflow/example_dags/example_branch_day_of_week_operator.py
[2022-07-07 01:59:10,507] {logging_mixin.py:115} INFO - [2022-07-07 01:59:10,507] {dag.py:2379} INFO - Sync 1 DAGs
[2022-07-07 01:59:10,540] {logging_mixin.py:115} INFO - [2022-07-07 01:59:10,540] {dag.py:2931} INFO - Setting next_dagrun for example_weekday_branch_operator to 2022-07-06T00:00:00+00:00, run_after=2022-07-07T00:00:00+00:00
[2022-07-07 01:59:10,674] {processor.py:161} INFO - Processing /home/airflow/.local/lib/python3.7/site-packages/airflow/example_dags/example_branch_day_of_week_operator.py took 0.219 seconds
[2022-07-07 01:59:47,945] {processor.py:153} INFO - Started process (PID=307) to work on /home/airflow/.local/lib/python3.7/site-packages/airflow/example_dags/example_branch_day_of_week_operator.py
[2022-07-07 01:59:47,946] {processor.py:641} INFO - Processing file /home/airflow/.local/lib/python3.7/site-packages/airflow/example_dags/example_branch_day_of_week_operator.py for tasks to queue
[2022-07-07 01:59:47,947] {logging_mixin.py:115} INFO - [2022-07-07 01:59:47,947] {dagbag.py:507} INFO - Filling up the DagBag from /home/airflow/.local/lib/python3.7/site-packages/airflow/example_dags/example_branch_day_of_week_operator.py
[2022-07-07 01:59:47,960] {processor.py:651} INFO - DAG(s) dict_keys(['example_weekday_branch_operator']) retrieved from /home/airflow/.local/lib/python3.7/site-packages/airflow/example_dags/example_branch_day_of_week_operator.py
[2022-07-07 01:59:47,994] {logging_mixin.py:115} INFO - [2022-07-07 01:59:47,994] {dag.py:2379} INFO - Sync 1 DAGs
[2022-07-07 01:59:48,031] {logging_mixin.py:115} INFO - [2022-07-07 01:59:48,031] {dag.py:2931} INFO - Setting next_dagrun for example_weekday_branch_operator to 2022-07-06T00:00:00+00:00, run_after=2022-07-07T00:00:00+00:00
[2022-07-07 01:59:48,197] {processor.py:161} INFO - Processing /home/airflow/.local/lib/python3.7/site-packages/airflow/example_dags/example_branch_day_of_week_operator.py took 0.256 seconds
[2022-07-07 02:00:18,551] {processor.py:153} INFO - Started process (PID=363) to work on /home/airflow/.local/lib/python3.7/site-packages/airflow/example_dags/example_branch_day_of_week_operator.py
[2022-07-07 02:00:18,552] {processor.py:641} INFO - Processing file /home/airflow/.local/lib/python3.7/site-packages/airflow/example_dags/example_branch_day_of_week_operator.py for tasks to queue
[2022-07-07 02:00:18,553] {logging_mixin.py:115} INFO - [2022-07-07 02:00:18,553] {dagbag.py:507} INFO - Filling up the DagBag from /home/airflow/.local/lib/python3.7/site-packages/airflow/example_dags/example_branch_day_of_week_operator.py
[2022-07-07 02:00:18,562] {processor.py:651} INFO - DAG(s) dict_keys(['example_weekday_branch_operator']) retrieved from /home/airflow/.local/lib/python3.7/site-packages/airflow/example_dags/example_branch_day_of_week_operator.py
[2022-07-07 02:00:18,585] {logging_mixin.py:115} INFO - [2022-07-07 02:00:18,585] {dag.py:2379} INFO - Sync 1 DAGs
[2022-07-07 02:00:18,607] {logging_mixin.py:115} INFO - [2022-07-07 02:00:18,606] {dag.py:2931} INFO - Setting next_dagrun for example_weekday_branch_operator to 2022-07-06T00:00:00+00:00, run_after=2022-07-07T00:00:00+00:00
[2022-07-07 02:00:18,731] {processor.py:161} INFO - Processing /home/airflow/.local/lib/python3.7/site-packages/airflow/example_dags/example_branch_day_of_week_operator.py took 0.182 seconds
[2022-07-07 02:00:48,899] {processor.py:153} INFO - Started process (PID=428) to work on /home/airflow/.local/lib/python3.7/site-packages/airflow/example_dags/example_branch_day_of_week_operator.py
[2022-07-07 02:00:48,901] {processor.py:641} INFO - Processing file /home/airflow/.local/lib/python3.7/site-packages/airflow/example_dags/example_branch_day_of_week_operator.py for tasks to queue
[2022-07-07 02:00:48,901] {logging_mixin.py:115} INFO - [2022-07-07 02:00:48,901] {dagbag.py:507} INFO - Filling up the DagBag from /home/airflow/.local/lib/python3.7/site-packages/airflow/example_dags/example_branch_day_of_week_operator.py
[2022-07-07 02:00:48,909] {processor.py:651} INFO - DAG(s) dict_keys(['example_weekday_branch_operator']) retrieved from /home/airflow/.local/lib/python3.7/site-packages/airflow/example_dags/example_branch_day_of_week_operator.py
[2022-07-07 02:00:48,938] {logging_mixin.py:115} INFO - [2022-07-07 02:00:48,938] {dag.py:2379} INFO - Sync 1 DAGs
[2022-07-07 02:00:48,969] {logging_mixin.py:115} INFO - [2022-07-07 02:00:48,969] {dag.py:2931} INFO - Setting next_dagrun for example_weekday_branch_operator to 2022-07-06T00:00:00+00:00, run_after=2022-07-07T00:00:00+00:00
[2022-07-07 02:00:49,120] {processor.py:161} INFO - Processing /home/airflow/.local/lib/python3.7/site-packages/airflow/example_dags/example_branch_day_of_week_operator.py took 0.226 seconds
[2022-07-07 02:01:19,515] {processor.py:153} INFO - Started process (PID=483) to work on /home/airflow/.local/lib/python3.7/site-packages/airflow/example_dags/example_branch_day_of_week_operator.py
[2022-07-07 02:01:19,516] {processor.py:641} INFO - Processing file /home/airflow/.local/lib/python3.7/site-packages/airflow/example_dags/example_branch_day_of_week_operator.py for tasks to queue
[2022-07-07 02:01:19,517] {logging_mixin.py:115} INFO - [2022-07-07 02:01:19,517] {dagbag.py:507} INFO - Filling up the DagBag from /home/airflow/.local/lib/python3.7/site-packages/airflow/example_dags/example_branch_day_of_week_operator.py
[2022-07-07 02:01:19,524] {processor.py:651} INFO - DAG(s) dict_keys(['example_weekday_branch_operator']) retrieved from /home/airflow/.local/lib/python3.7/site-packages/airflow/example_dags/example_branch_day_of_week_operator.py
[2022-07-07 02:01:19,547] {logging_mixin.py:115} INFO - [2022-07-07 02:01:19,547] {dag.py:2379} INFO - Sync 1 DAGs
[2022-07-07 02:01:19,570] {logging_mixin.py:115} INFO - [2022-07-07 02:01:19,570] {dag.py:2931} INFO - Setting next_dagrun for example_weekday_branch_operator to 2022-07-06T00:00:00+00:00, run_after=2022-07-07T00:00:00+00:00
[2022-07-07 02:01:19,691] {processor.py:161} INFO - Processing /home/airflow/.local/lib/python3.7/site-packages/airflow/example_dags/example_branch_day_of_week_operator.py took 0.178 seconds
[2022-07-07 02:01:50,354] {processor.py:153} INFO - Started process (PID=553) to work on /home/airflow/.local/lib/python3.7/site-packages/airflow/example_dags/example_branch_day_of_week_operator.py
[2022-07-07 02:01:50,355] {processor.py:641} INFO - Processing file /home/airflow/.local/lib/python3.7/site-packages/airflow/example_dags/example_branch_day_of_week_operator.py for tasks to queue
[2022-07-07 02:01:50,356] {logging_mixin.py:115} INFO - [2022-07-07 02:01:50,356] {dagbag.py:507} INFO - Filling up the DagBag from /home/airflow/.local/lib/python3.7/site-packages/airflow/example_dags/example_branch_day_of_week_operator.py
[2022-07-07 02:01:50,362] {processor.py:651} INFO - DAG(s) dict_keys(['example_weekday_branch_operator']) retrieved from /home/airflow/.local/lib/python3.7/site-packages/airflow/example_dags/example_branch_day_of_week_operator.py
[2022-07-07 02:01:50,385] {logging_mixin.py:115} INFO - [2022-07-07 02:01:50,385] {dag.py:2379} INFO - Sync 1 DAGs
[2022-07-07 02:01:50,409] {logging_mixin.py:115} INFO - [2022-07-07 02:01:50,409] {dag.py:2931} INFO - Setting next_dagrun for example_weekday_branch_operator to 2022-07-06T00:00:00+00:00, run_after=2022-07-07T00:00:00+00:00
[2022-07-07 02:01:50,549] {processor.py:161} INFO - Processing /home/airflow/.local/lib/python3.7/site-packages/airflow/example_dags/example_branch_day_of_week_operator.py took 0.197 seconds
[2022-07-07 02:02:20,796] {processor.py:153} INFO - Started process (PID=619) to work on /home/airflow/.local/lib/python3.7/site-packages/airflow/example_dags/example_branch_day_of_week_operator.py
[2022-07-07 02:02:20,797] {processor.py:641} INFO - Processing file /home/airflow/.local/lib/python3.7/site-packages/airflow/example_dags/example_branch_day_of_week_operator.py for tasks to queue
[2022-07-07 02:02:20,798] {logging_mixin.py:115} INFO - [2022-07-07 02:02:20,798] {dagbag.py:507} INFO - Filling up the DagBag from /home/airflow/.local/lib/python3.7/site-packages/airflow/example_dags/example_branch_day_of_week_operator.py
[2022-07-07 02:02:20,804] {processor.py:651} INFO - DAG(s) dict_keys(['example_weekday_branch_operator']) retrieved from /home/airflow/.local/lib/python3.7/site-packages/airflow/example_dags/example_branch_day_of_week_operator.py
[2022-07-07 02:02:20,827] {logging_mixin.py:115} INFO - [2022-07-07 02:02:20,827] {dag.py:2379} INFO - Sync 1 DAGs
[2022-07-07 02:02:20,847] {logging_mixin.py:115} INFO - [2022-07-07 02:02:20,847] {dag.py:2931} INFO - Setting next_dagrun for example_weekday_branch_operator to 2022-07-06T00:00:00+00:00, run_after=2022-07-07T00:00:00+00:00
[2022-07-07 02:02:20,961] {processor.py:161} INFO - Processing /home/airflow/.local/lib/python3.7/site-packages/airflow/example_dags/example_branch_day_of_week_operator.py took 0.168 seconds
[2022-07-07 02:02:51,428] {processor.py:153} INFO - Started process (PID=684) to work on /home/airflow/.local/lib/python3.7/site-packages/airflow/example_dags/example_branch_day_of_week_operator.py
[2022-07-07 02:02:51,429] {processor.py:641} INFO - Processing file /home/airflow/.local/lib/python3.7/site-packages/airflow/example_dags/example_branch_day_of_week_operator.py for tasks to queue
[2022-07-07 02:02:51,431] {logging_mixin.py:115} INFO - [2022-07-07 02:02:51,430] {dagbag.py:507} INFO - Filling up the DagBag from /home/airflow/.local/lib/python3.7/site-packages/airflow/example_dags/example_branch_day_of_week_operator.py
[2022-07-07 02:02:51,440] {processor.py:651} INFO - DAG(s) dict_keys(['example_weekday_branch_operator']) retrieved from /home/airflow/.local/lib/python3.7/site-packages/airflow/example_dags/example_branch_day_of_week_operator.py
[2022-07-07 02:02:51,467] {logging_mixin.py:115} INFO - [2022-07-07 02:02:51,467] {dag.py:2379} INFO - Sync 1 DAGs
[2022-07-07 02:02:51,494] {logging_mixin.py:115} INFO - [2022-07-07 02:02:51,494] {dag.py:2931} INFO - Setting next_dagrun for example_weekday_branch_operator to 2022-07-06T00:00:00+00:00, run_after=2022-07-07T00:00:00+00:00
[2022-07-07 02:02:51,648] {processor.py:161} INFO - Processing /home/airflow/.local/lib/python3.7/site-packages/airflow/example_dags/example_branch_day_of_week_operator.py took 0.222 seconds
[2022-07-07 02:03:22,496] {processor.py:153} INFO - Started process (PID=741) to work on /home/airflow/.local/lib/python3.7/site-packages/airflow/example_dags/example_branch_day_of_week_operator.py
[2022-07-07 02:03:22,497] {processor.py:641} INFO - Processing file /home/airflow/.local/lib/python3.7/site-packages/airflow/example_dags/example_branch_day_of_week_operator.py for tasks to queue
[2022-07-07 02:03:22,498] {logging_mixin.py:115} INFO - [2022-07-07 02:03:22,498] {dagbag.py:507} INFO - Filling up the DagBag from /home/airflow/.local/lib/python3.7/site-packages/airflow/example_dags/example_branch_day_of_week_operator.py
[2022-07-07 02:03:22,505] {processor.py:651} INFO - DAG(s) dict_keys(['example_weekday_branch_operator']) retrieved from /home/airflow/.local/lib/python3.7/site-packages/airflow/example_dags/example_branch_day_of_week_operator.py
[2022-07-07 02:03:22,526] {logging_mixin.py:115} INFO - [2022-07-07 02:03:22,525] {dag.py:2379} INFO - Sync 1 DAGs
[2022-07-07 02:03:22,549] {logging_mixin.py:115} INFO - [2022-07-07 02:03:22,548] {dag.py:2931} INFO - Setting next_dagrun for example_weekday_branch_operator to 2022-07-06T00:00:00+00:00, run_after=2022-07-07T00:00:00+00:00
[2022-07-07 02:03:22,668] {processor.py:161} INFO - Processing /home/airflow/.local/lib/python3.7/site-packages/airflow/example_dags/example_branch_day_of_week_operator.py took 0.175 seconds
[2022-07-07 02:03:53,405] {processor.py:153} INFO - Started process (PID=806) to work on /home/airflow/.local/lib/python3.7/site-packages/airflow/example_dags/example_branch_day_of_week_operator.py
[2022-07-07 02:03:53,405] {processor.py:641} INFO - Processing file /home/airflow/.local/lib/python3.7/site-packages/airflow/example_dags/example_branch_day_of_week_operator.py for tasks to queue
[2022-07-07 02:03:53,406] {logging_mixin.py:115} INFO - [2022-07-07 02:03:53,406] {dagbag.py:507} INFO - Filling up the DagBag from /home/airflow/.local/lib/python3.7/site-packages/airflow/example_dags/example_branch_day_of_week_operator.py
[2022-07-07 02:03:53,413] {processor.py:651} INFO - DAG(s) dict_keys(['example_weekday_branch_operator']) retrieved from /home/airflow/.local/lib/python3.7/site-packages/airflow/example_dags/example_branch_day_of_week_operator.py
[2022-07-07 02:03:53,436] {logging_mixin.py:115} INFO - [2022-07-07 02:03:53,436] {dag.py:2379} INFO - Sync 1 DAGs
[2022-07-07 02:03:53,458] {logging_mixin.py:115} INFO - [2022-07-07 02:03:53,458] {dag.py:2931} INFO - Setting next_dagrun for example_weekday_branch_operator to 2022-07-06T00:00:00+00:00, run_after=2022-07-07T00:00:00+00:00
[2022-07-07 02:03:53,592] {processor.py:161} INFO - Processing /home/airflow/.local/lib/python3.7/site-packages/airflow/example_dags/example_branch_day_of_week_operator.py took 0.190 seconds
[2022-07-07 02:04:23,805] {processor.py:153} INFO - Started process (PID=871) to work on /home/airflow/.local/lib/python3.7/site-packages/airflow/example_dags/example_branch_day_of_week_operator.py
[2022-07-07 02:04:23,806] {processor.py:641} INFO - Processing file /home/airflow/.local/lib/python3.7/site-packages/airflow/example_dags/example_branch_day_of_week_operator.py for tasks to queue
[2022-07-07 02:04:23,807] {logging_mixin.py:115} INFO - [2022-07-07 02:04:23,807] {dagbag.py:507} INFO - Filling up the DagBag from /home/airflow/.local/lib/python3.7/site-packages/airflow/example_dags/example_branch_day_of_week_operator.py
[2022-07-07 02:04:23,814] {processor.py:651} INFO - DAG(s) dict_keys(['example_weekday_branch_operator']) retrieved from /home/airflow/.local/lib/python3.7/site-packages/airflow/example_dags/example_branch_day_of_week_operator.py
[2022-07-07 02:04:23,835] {logging_mixin.py:115} INFO - [2022-07-07 02:04:23,835] {dag.py:2379} INFO - Sync 1 DAGs
[2022-07-07 02:04:23,857] {logging_mixin.py:115} INFO - [2022-07-07 02:04:23,857] {dag.py:2931} INFO - Setting next_dagrun for example_weekday_branch_operator to 2022-07-06T00:00:00+00:00, run_after=2022-07-07T00:00:00+00:00
[2022-07-07 02:04:23,982] {processor.py:161} INFO - Processing /home/airflow/.local/lib/python3.7/site-packages/airflow/example_dags/example_branch_day_of_week_operator.py took 0.180 seconds
[2022-07-07 02:04:54,496] {processor.py:153} INFO - Started process (PID=927) to work on /home/airflow/.local/lib/python3.7/site-packages/airflow/example_dags/example_branch_day_of_week_operator.py
[2022-07-07 02:04:54,496] {processor.py:641} INFO - Processing file /home/airflow/.local/lib/python3.7/site-packages/airflow/example_dags/example_branch_day_of_week_operator.py for tasks to queue
[2022-07-07 02:04:54,497] {logging_mixin.py:115} INFO - [2022-07-07 02:04:54,497] {dagbag.py:507} INFO - Filling up the DagBag from /home/airflow/.local/lib/python3.7/site-packages/airflow/example_dags/example_branch_day_of_week_operator.py
[2022-07-07 02:04:54,521] {processor.py:651} INFO - DAG(s) dict_keys(['example_weekday_branch_operator']) retrieved from /home/airflow/.local/lib/python3.7/site-packages/airflow/example_dags/example_branch_day_of_week_operator.py
[2022-07-07 02:04:54,553] {logging_mixin.py:115} INFO - [2022-07-07 02:04:54,553] {dag.py:2379} INFO - Sync 1 DAGs
[2022-07-07 02:04:54,580] {logging_mixin.py:115} INFO - [2022-07-07 02:04:54,579] {dag.py:2931} INFO - Setting next_dagrun for example_weekday_branch_operator to 2022-07-06T00:00:00+00:00, run_after=2022-07-07T00:00:00+00:00
[2022-07-07 02:04:54,718] {processor.py:161} INFO - Processing /home/airflow/.local/lib/python3.7/site-packages/airflow/example_dags/example_branch_day_of_week_operator.py took 0.225 seconds
[2022-07-07 02:05:24,855] {processor.py:153} INFO - Started process (PID=993) to work on /home/airflow/.local/lib/python3.7/site-packages/airflow/example_dags/example_branch_day_of_week_operator.py
[2022-07-07 02:05:24,856] {processor.py:641} INFO - Processing file /home/airflow/.local/lib/python3.7/site-packages/airflow/example_dags/example_branch_day_of_week_operator.py for tasks to queue
[2022-07-07 02:05:24,857] {logging_mixin.py:115} INFO - [2022-07-07 02:05:24,857] {dagbag.py:507} INFO - Filling up the DagBag from /home/airflow/.local/lib/python3.7/site-packages/airflow/example_dags/example_branch_day_of_week_operator.py
[2022-07-07 02:05:24,863] {processor.py:651} INFO - DAG(s) dict_keys(['example_weekday_branch_operator']) retrieved from /home/airflow/.local/lib/python3.7/site-packages/airflow/example_dags/example_branch_day_of_week_operator.py
[2022-07-07 02:05:24,882] {logging_mixin.py:115} INFO - [2022-07-07 02:05:24,882] {dag.py:2379} INFO - Sync 1 DAGs
[2022-07-07 02:05:24,903] {logging_mixin.py:115} INFO - [2022-07-07 02:05:24,903] {dag.py:2931} INFO - Setting next_dagrun for example_weekday_branch_operator to 2022-07-06T00:00:00+00:00, run_after=2022-07-07T00:00:00+00:00
[2022-07-07 02:05:25,032] {processor.py:161} INFO - Processing /home/airflow/.local/lib/python3.7/site-packages/airflow/example_dags/example_branch_day_of_week_operator.py took 0.179 seconds
[2022-07-07 02:05:55,246] {processor.py:153} INFO - Started process (PID=1057) to work on /home/airflow/.local/lib/python3.7/site-packages/airflow/example_dags/example_branch_day_of_week_operator.py
[2022-07-07 02:05:55,247] {processor.py:641} INFO - Processing file /home/airflow/.local/lib/python3.7/site-packages/airflow/example_dags/example_branch_day_of_week_operator.py for tasks to queue
[2022-07-07 02:05:55,248] {logging_mixin.py:115} INFO - [2022-07-07 02:05:55,248] {dagbag.py:507} INFO - Filling up the DagBag from /home/airflow/.local/lib/python3.7/site-packages/airflow/example_dags/example_branch_day_of_week_operator.py
[2022-07-07 02:05:55,254] {processor.py:651} INFO - DAG(s) dict_keys(['example_weekday_branch_operator']) retrieved from /home/airflow/.local/lib/python3.7/site-packages/airflow/example_dags/example_branch_day_of_week_operator.py
[2022-07-07 02:05:55,275] {logging_mixin.py:115} INFO - [2022-07-07 02:05:55,275] {dag.py:2379} INFO - Sync 1 DAGs
[2022-07-07 02:05:55,297] {logging_mixin.py:115} INFO - [2022-07-07 02:05:55,297] {dag.py:2931} INFO - Setting next_dagrun for example_weekday_branch_operator to 2022-07-06T00:00:00+00:00, run_after=2022-07-07T00:00:00+00:00
[2022-07-07 02:05:55,430] {processor.py:161} INFO - Processing /home/airflow/.local/lib/python3.7/site-packages/airflow/example_dags/example_branch_day_of_week_operator.py took 0.188 seconds
[2022-07-07 02:06:26,137] {processor.py:153} INFO - Started process (PID=1122) to work on /home/airflow/.local/lib/python3.7/site-packages/airflow/example_dags/example_branch_day_of_week_operator.py
[2022-07-07 02:06:26,138] {processor.py:641} INFO - Processing file /home/airflow/.local/lib/python3.7/site-packages/airflow/example_dags/example_branch_day_of_week_operator.py for tasks to queue
[2022-07-07 02:06:26,139] {logging_mixin.py:115} INFO - [2022-07-07 02:06:26,139] {dagbag.py:507} INFO - Filling up the DagBag from /home/airflow/.local/lib/python3.7/site-packages/airflow/example_dags/example_branch_day_of_week_operator.py
[2022-07-07 02:06:26,147] {processor.py:651} INFO - DAG(s) dict_keys(['example_weekday_branch_operator']) retrieved from /home/airflow/.local/lib/python3.7/site-packages/airflow/example_dags/example_branch_day_of_week_operator.py
[2022-07-07 02:06:26,175] {logging_mixin.py:115} INFO - [2022-07-07 02:06:26,175] {dag.py:2379} INFO - Sync 1 DAGs
[2022-07-07 02:06:26,197] {logging_mixin.py:115} INFO - [2022-07-07 02:06:26,197] {dag.py:2931} INFO - Setting next_dagrun for example_weekday_branch_operator to 2022-07-06T00:00:00+00:00, run_after=2022-07-07T00:00:00+00:00
[2022-07-07 02:06:26,371] {processor.py:161} INFO - Processing /home/airflow/.local/lib/python3.7/site-packages/airflow/example_dags/example_branch_day_of_week_operator.py took 0.238 seconds
[2022-07-07 02:06:56,956] {processor.py:153} INFO - Started process (PID=1179) to work on /home/airflow/.local/lib/python3.7/site-packages/airflow/example_dags/example_branch_day_of_week_operator.py
[2022-07-07 02:06:56,957] {processor.py:641} INFO - Processing file /home/airflow/.local/lib/python3.7/site-packages/airflow/example_dags/example_branch_day_of_week_operator.py for tasks to queue
[2022-07-07 02:06:56,957] {logging_mixin.py:115} INFO - [2022-07-07 02:06:56,957] {dagbag.py:507} INFO - Filling up the DagBag from /home/airflow/.local/lib/python3.7/site-packages/airflow/example_dags/example_branch_day_of_week_operator.py
[2022-07-07 02:06:56,964] {processor.py:651} INFO - DAG(s) dict_keys(['example_weekday_branch_operator']) retrieved from /home/airflow/.local/lib/python3.7/site-packages/airflow/example_dags/example_branch_day_of_week_operator.py
[2022-07-07 02:06:56,986] {logging_mixin.py:115} INFO - [2022-07-07 02:06:56,986] {dag.py:2379} INFO - Sync 1 DAGs
[2022-07-07 02:06:57,016] {logging_mixin.py:115} INFO - [2022-07-07 02:06:57,015] {dag.py:2931} INFO - Setting next_dagrun for example_weekday_branch_operator to 2022-07-06T00:00:00+00:00, run_after=2022-07-07T00:00:00+00:00
[2022-07-07 02:06:57,182] {processor.py:161} INFO - Processing /home/airflow/.local/lib/python3.7/site-packages/airflow/example_dags/example_branch_day_of_week_operator.py took 0.229 seconds
[2022-07-07 02:07:27,784] {processor.py:153} INFO - Started process (PID=1245) to work on /home/airflow/.local/lib/python3.7/site-packages/airflow/example_dags/example_branch_day_of_week_operator.py
[2022-07-07 02:07:27,785] {processor.py:641} INFO - Processing file /home/airflow/.local/lib/python3.7/site-packages/airflow/example_dags/example_branch_day_of_week_operator.py for tasks to queue
[2022-07-07 02:07:27,786] {logging_mixin.py:115} INFO - [2022-07-07 02:07:27,785] {dagbag.py:507} INFO - Filling up the DagBag from /home/airflow/.local/lib/python3.7/site-packages/airflow/example_dags/example_branch_day_of_week_operator.py
[2022-07-07 02:07:27,792] {processor.py:651} INFO - DAG(s) dict_keys(['example_weekday_branch_operator']) retrieved from /home/airflow/.local/lib/python3.7/site-packages/airflow/example_dags/example_branch_day_of_week_operator.py
[2022-07-07 02:07:27,812] {logging_mixin.py:115} INFO - [2022-07-07 02:07:27,812] {dag.py:2379} INFO - Sync 1 DAGs
[2022-07-07 02:07:27,946] {logging_mixin.py:115} INFO - [2022-07-07 02:07:27,946] {dag.py:2931} INFO - Setting next_dagrun for example_weekday_branch_operator to 2022-07-06T00:00:00+00:00, run_after=2022-07-07T00:00:00+00:00
[2022-07-07 02:07:27,967] {processor.py:161} INFO - Processing /home/airflow/.local/lib/python3.7/site-packages/airflow/example_dags/example_branch_day_of_week_operator.py took 0.185 seconds
[2022-07-07 02:07:58,197] {processor.py:153} INFO - Started process (PID=1310) to work on /home/airflow/.local/lib/python3.7/site-packages/airflow/example_dags/example_branch_day_of_week_operator.py
[2022-07-07 02:07:58,197] {processor.py:641} INFO - Processing file /home/airflow/.local/lib/python3.7/site-packages/airflow/example_dags/example_branch_day_of_week_operator.py for tasks to queue
[2022-07-07 02:07:58,198] {logging_mixin.py:115} INFO - [2022-07-07 02:07:58,198] {dagbag.py:507} INFO - Filling up the DagBag from /home/airflow/.local/lib/python3.7/site-packages/airflow/example_dags/example_branch_day_of_week_operator.py
[2022-07-07 02:07:58,207] {processor.py:651} INFO - DAG(s) dict_keys(['example_weekday_branch_operator']) retrieved from /home/airflow/.local/lib/python3.7/site-packages/airflow/example_dags/example_branch_day_of_week_operator.py
[2022-07-07 02:07:58,234] {logging_mixin.py:115} INFO - [2022-07-07 02:07:58,234] {dag.py:2379} INFO - Sync 1 DAGs
[2022-07-07 02:07:58,401] {logging_mixin.py:115} INFO - [2022-07-07 02:07:58,401] {dag.py:2931} INFO - Setting next_dagrun for example_weekday_branch_operator to 2022-07-06T00:00:00+00:00, run_after=2022-07-07T00:00:00+00:00
[2022-07-07 02:07:58,412] {processor.py:161} INFO - Processing /home/airflow/.local/lib/python3.7/site-packages/airflow/example_dags/example_branch_day_of_week_operator.py took 0.218 seconds
[2022-07-07 02:08:28,856] {processor.py:153} INFO - Started process (PID=1365) to work on /home/airflow/.local/lib/python3.7/site-packages/airflow/example_dags/example_branch_day_of_week_operator.py
[2022-07-07 02:08:28,856] {processor.py:641} INFO - Processing file /home/airflow/.local/lib/python3.7/site-packages/airflow/example_dags/example_branch_day_of_week_operator.py for tasks to queue
[2022-07-07 02:08:28,857] {logging_mixin.py:115} INFO - [2022-07-07 02:08:28,857] {dagbag.py:507} INFO - Filling up the DagBag from /home/airflow/.local/lib/python3.7/site-packages/airflow/example_dags/example_branch_day_of_week_operator.py
[2022-07-07 02:08:28,865] {processor.py:651} INFO - DAG(s) dict_keys(['example_weekday_branch_operator']) retrieved from /home/airflow/.local/lib/python3.7/site-packages/airflow/example_dags/example_branch_day_of_week_operator.py
[2022-07-07 02:08:28,885] {logging_mixin.py:115} INFO - [2022-07-07 02:08:28,884] {dag.py:2379} INFO - Sync 1 DAGs
[2022-07-07 02:08:29,011] {logging_mixin.py:115} INFO - [2022-07-07 02:08:29,011] {dag.py:2931} INFO - Setting next_dagrun for example_weekday_branch_operator to 2022-07-06T00:00:00+00:00, run_after=2022-07-07T00:00:00+00:00
[2022-07-07 02:08:29,022] {processor.py:161} INFO - Processing /home/airflow/.local/lib/python3.7/site-packages/airflow/example_dags/example_branch_day_of_week_operator.py took 0.169 seconds
[2022-07-07 02:08:59,349] {processor.py:153} INFO - Started process (PID=1432) to work on /home/airflow/.local/lib/python3.7/site-packages/airflow/example_dags/example_branch_day_of_week_operator.py
[2022-07-07 02:08:59,350] {processor.py:641} INFO - Processing file /home/airflow/.local/lib/python3.7/site-packages/airflow/example_dags/example_branch_day_of_week_operator.py for tasks to queue
[2022-07-07 02:08:59,351] {logging_mixin.py:115} INFO - [2022-07-07 02:08:59,351] {dagbag.py:507} INFO - Filling up the DagBag from /home/airflow/.local/lib/python3.7/site-packages/airflow/example_dags/example_branch_day_of_week_operator.py
[2022-07-07 02:08:59,362] {processor.py:651} INFO - DAG(s) dict_keys(['example_weekday_branch_operator']) retrieved from /home/airflow/.local/lib/python3.7/site-packages/airflow/example_dags/example_branch_day_of_week_operator.py
[2022-07-07 02:08:59,406] {logging_mixin.py:115} INFO - [2022-07-07 02:08:59,406] {dag.py:2379} INFO - Sync 1 DAGs
[2022-07-07 02:08:59,643] {logging_mixin.py:115} INFO - [2022-07-07 02:08:59,643] {dag.py:2931} INFO - Setting next_dagrun for example_weekday_branch_operator to 2022-07-06T00:00:00+00:00, run_after=2022-07-07T00:00:00+00:00
[2022-07-07 02:08:59,670] {processor.py:161} INFO - Processing /home/airflow/.local/lib/python3.7/site-packages/airflow/example_dags/example_branch_day_of_week_operator.py took 0.325 seconds
[2022-07-07 02:09:29,894] {processor.py:153} INFO - Started process (PID=1498) to work on /home/airflow/.local/lib/python3.7/site-packages/airflow/example_dags/example_branch_day_of_week_operator.py
[2022-07-07 02:09:29,895] {processor.py:641} INFO - Processing file /home/airflow/.local/lib/python3.7/site-packages/airflow/example_dags/example_branch_day_of_week_operator.py for tasks to queue
[2022-07-07 02:09:29,896] {logging_mixin.py:115} INFO - [2022-07-07 02:09:29,896] {dagbag.py:507} INFO - Filling up the DagBag from /home/airflow/.local/lib/python3.7/site-packages/airflow/example_dags/example_branch_day_of_week_operator.py
[2022-07-07 02:09:29,904] {processor.py:651} INFO - DAG(s) dict_keys(['example_weekday_branch_operator']) retrieved from /home/airflow/.local/lib/python3.7/site-packages/airflow/example_dags/example_branch_day_of_week_operator.py
[2022-07-07 02:09:29,927] {logging_mixin.py:115} INFO - [2022-07-07 02:09:29,927] {dag.py:2379} INFO - Sync 1 DAGs
[2022-07-07 02:09:30,073] {logging_mixin.py:115} INFO - [2022-07-07 02:09:30,073] {dag.py:2931} INFO - Setting next_dagrun for example_weekday_branch_operator to 2022-07-06T00:00:00+00:00, run_after=2022-07-07T00:00:00+00:00
[2022-07-07 02:09:30,084] {processor.py:161} INFO - Processing /home/airflow/.local/lib/python3.7/site-packages/airflow/example_dags/example_branch_day_of_week_operator.py took 0.192 seconds
[2022-07-07 02:10:00,191] {processor.py:153} INFO - Started process (PID=1561) to work on /home/airflow/.local/lib/python3.7/site-packages/airflow/example_dags/example_branch_day_of_week_operator.py
[2022-07-07 02:10:00,192] {processor.py:641} INFO - Processing file /home/airflow/.local/lib/python3.7/site-packages/airflow/example_dags/example_branch_day_of_week_operator.py for tasks to queue
[2022-07-07 02:10:00,193] {logging_mixin.py:115} INFO - [2022-07-07 02:10:00,192] {dagbag.py:507} INFO - Filling up the DagBag from /home/airflow/.local/lib/python3.7/site-packages/airflow/example_dags/example_branch_day_of_week_operator.py
[2022-07-07 02:10:00,207] {processor.py:651} INFO - DAG(s) dict_keys(['example_weekday_branch_operator']) retrieved from /home/airflow/.local/lib/python3.7/site-packages/airflow/example_dags/example_branch_day_of_week_operator.py
[2022-07-07 02:10:00,240] {logging_mixin.py:115} INFO - [2022-07-07 02:10:00,240] {dag.py:2379} INFO - Sync 1 DAGs
[2022-07-07 02:10:00,417] {logging_mixin.py:115} INFO - [2022-07-07 02:10:00,417] {dag.py:2931} INFO - Setting next_dagrun for example_weekday_branch_operator to 2022-07-06T00:00:00+00:00, run_after=2022-07-07T00:00:00+00:00
[2022-07-07 02:10:00,431] {processor.py:161} INFO - Processing /home/airflow/.local/lib/python3.7/site-packages/airflow/example_dags/example_branch_day_of_week_operator.py took 0.245 seconds
[2022-07-07 02:10:31,236] {processor.py:153} INFO - Started process (PID=1620) to work on /home/airflow/.local/lib/python3.7/site-packages/airflow/example_dags/example_branch_day_of_week_operator.py
[2022-07-07 02:10:31,236] {processor.py:641} INFO - Processing file /home/airflow/.local/lib/python3.7/site-packages/airflow/example_dags/example_branch_day_of_week_operator.py for tasks to queue
[2022-07-07 02:10:31,237] {logging_mixin.py:115} INFO - [2022-07-07 02:10:31,237] {dagbag.py:507} INFO - Filling up the DagBag from /home/airflow/.local/lib/python3.7/site-packages/airflow/example_dags/example_branch_day_of_week_operator.py
[2022-07-07 02:10:31,245] {processor.py:651} INFO - DAG(s) dict_keys(['example_weekday_branch_operator']) retrieved from /home/airflow/.local/lib/python3.7/site-packages/airflow/example_dags/example_branch_day_of_week_operator.py
[2022-07-07 02:10:31,266] {logging_mixin.py:115} INFO - [2022-07-07 02:10:31,266] {dag.py:2379} INFO - Sync 1 DAGs
[2022-07-07 02:10:31,389] {logging_mixin.py:115} INFO - [2022-07-07 02:10:31,389] {dag.py:2931} INFO - Setting next_dagrun for example_weekday_branch_operator to 2022-07-06T00:00:00+00:00, run_after=2022-07-07T00:00:00+00:00
[2022-07-07 02:10:31,400] {processor.py:161} INFO - Processing /home/airflow/.local/lib/python3.7/site-packages/airflow/example_dags/example_branch_day_of_week_operator.py took 0.167 seconds
[2022-07-07 02:11:01,692] {processor.py:153} INFO - Started process (PID=1685) to work on /home/airflow/.local/lib/python3.7/site-packages/airflow/example_dags/example_branch_day_of_week_operator.py
[2022-07-07 02:11:01,693] {processor.py:641} INFO - Processing file /home/airflow/.local/lib/python3.7/site-packages/airflow/example_dags/example_branch_day_of_week_operator.py for tasks to queue
[2022-07-07 02:11:01,693] {logging_mixin.py:115} INFO - [2022-07-07 02:11:01,693] {dagbag.py:507} INFO - Filling up the DagBag from /home/airflow/.local/lib/python3.7/site-packages/airflow/example_dags/example_branch_day_of_week_operator.py
[2022-07-07 02:11:01,701] {processor.py:651} INFO - DAG(s) dict_keys(['example_weekday_branch_operator']) retrieved from /home/airflow/.local/lib/python3.7/site-packages/airflow/example_dags/example_branch_day_of_week_operator.py
[2022-07-07 02:11:01,721] {logging_mixin.py:115} INFO - [2022-07-07 02:11:01,721] {dag.py:2379} INFO - Sync 1 DAGs
[2022-07-07 02:11:01,855] {logging_mixin.py:115} INFO - [2022-07-07 02:11:01,855] {dag.py:2931} INFO - Setting next_dagrun for example_weekday_branch_operator to 2022-07-06T00:00:00+00:00, run_after=2022-07-07T00:00:00+00:00
[2022-07-07 02:11:01,867] {processor.py:161} INFO - Processing /home/airflow/.local/lib/python3.7/site-packages/airflow/example_dags/example_branch_day_of_week_operator.py took 0.178 seconds
[2022-07-07 02:11:32,004] {processor.py:153} INFO - Started process (PID=1751) to work on /home/airflow/.local/lib/python3.7/site-packages/airflow/example_dags/example_branch_day_of_week_operator.py
[2022-07-07 02:11:32,005] {processor.py:641} INFO - Processing file /home/airflow/.local/lib/python3.7/site-packages/airflow/example_dags/example_branch_day_of_week_operator.py for tasks to queue
[2022-07-07 02:11:32,006] {logging_mixin.py:115} INFO - [2022-07-07 02:11:32,006] {dagbag.py:507} INFO - Filling up the DagBag from /home/airflow/.local/lib/python3.7/site-packages/airflow/example_dags/example_branch_day_of_week_operator.py
[2022-07-07 02:11:32,016] {processor.py:651} INFO - DAG(s) dict_keys(['example_weekday_branch_operator']) retrieved from /home/airflow/.local/lib/python3.7/site-packages/airflow/example_dags/example_branch_day_of_week_operator.py
[2022-07-07 02:11:32,043] {logging_mixin.py:115} INFO - [2022-07-07 02:11:32,043] {dag.py:2379} INFO - Sync 1 DAGs
[2022-07-07 02:11:32,214] {logging_mixin.py:115} INFO - [2022-07-07 02:11:32,214] {dag.py:2931} INFO - Setting next_dagrun for example_weekday_branch_operator to 2022-07-06T00:00:00+00:00, run_after=2022-07-07T00:00:00+00:00
[2022-07-07 02:11:32,226] {processor.py:161} INFO - Processing /home/airflow/.local/lib/python3.7/site-packages/airflow/example_dags/example_branch_day_of_week_operator.py took 0.226 seconds
[2022-07-07 02:12:02,575] {processor.py:153} INFO - Started process (PID=1807) to work on /home/airflow/.local/lib/python3.7/site-packages/airflow/example_dags/example_branch_day_of_week_operator.py
[2022-07-07 02:12:02,576] {processor.py:641} INFO - Processing file /home/airflow/.local/lib/python3.7/site-packages/airflow/example_dags/example_branch_day_of_week_operator.py for tasks to queue
[2022-07-07 02:12:02,577] {logging_mixin.py:115} INFO - [2022-07-07 02:12:02,577] {dagbag.py:507} INFO - Filling up the DagBag from /home/airflow/.local/lib/python3.7/site-packages/airflow/example_dags/example_branch_day_of_week_operator.py
[2022-07-07 02:12:02,585] {processor.py:651} INFO - DAG(s) dict_keys(['example_weekday_branch_operator']) retrieved from /home/airflow/.local/lib/python3.7/site-packages/airflow/example_dags/example_branch_day_of_week_operator.py
[2022-07-07 02:12:02,610] {logging_mixin.py:115} INFO - [2022-07-07 02:12:02,610] {dag.py:2379} INFO - Sync 1 DAGs
[2022-07-07 02:12:02,787] {logging_mixin.py:115} INFO - [2022-07-07 02:12:02,787] {dag.py:2931} INFO - Setting next_dagrun for example_weekday_branch_operator to 2022-07-06T00:00:00+00:00, run_after=2022-07-07T00:00:00+00:00
[2022-07-07 02:12:02,805] {processor.py:161} INFO - Processing /home/airflow/.local/lib/python3.7/site-packages/airflow/example_dags/example_branch_day_of_week_operator.py took 0.233 seconds
[2022-07-07 02:12:33,209] {processor.py:153} INFO - Started process (PID=1873) to work on /home/airflow/.local/lib/python3.7/site-packages/airflow/example_dags/example_branch_day_of_week_operator.py
[2022-07-07 02:12:33,209] {processor.py:641} INFO - Processing file /home/airflow/.local/lib/python3.7/site-packages/airflow/example_dags/example_branch_day_of_week_operator.py for tasks to queue
[2022-07-07 02:12:33,210] {logging_mixin.py:115} INFO - [2022-07-07 02:12:33,210] {dagbag.py:507} INFO - Filling up the DagBag from /home/airflow/.local/lib/python3.7/site-packages/airflow/example_dags/example_branch_day_of_week_operator.py
[2022-07-07 02:12:33,217] {processor.py:651} INFO - DAG(s) dict_keys(['example_weekday_branch_operator']) retrieved from /home/airflow/.local/lib/python3.7/site-packages/airflow/example_dags/example_branch_day_of_week_operator.py
[2022-07-07 02:12:33,238] {logging_mixin.py:115} INFO - [2022-07-07 02:12:33,238] {dag.py:2379} INFO - Sync 1 DAGs
[2022-07-07 02:12:33,364] {logging_mixin.py:115} INFO - [2022-07-07 02:12:33,364] {dag.py:2931} INFO - Setting next_dagrun for example_weekday_branch_operator to 2022-07-06T00:00:00+00:00, run_after=2022-07-07T00:00:00+00:00
[2022-07-07 02:12:33,381] {processor.py:161} INFO - Processing /home/airflow/.local/lib/python3.7/site-packages/airflow/example_dags/example_branch_day_of_week_operator.py took 0.176 seconds
[2022-07-07 02:13:03,646] {processor.py:153} INFO - Started process (PID=1937) to work on /home/airflow/.local/lib/python3.7/site-packages/airflow/example_dags/example_branch_day_of_week_operator.py
[2022-07-07 02:13:03,647] {processor.py:641} INFO - Processing file /home/airflow/.local/lib/python3.7/site-packages/airflow/example_dags/example_branch_day_of_week_operator.py for tasks to queue
[2022-07-07 02:13:03,647] {logging_mixin.py:115} INFO - [2022-07-07 02:13:03,647] {dagbag.py:507} INFO - Filling up the DagBag from /home/airflow/.local/lib/python3.7/site-packages/airflow/example_dags/example_branch_day_of_week_operator.py
[2022-07-07 02:13:03,654] {processor.py:651} INFO - DAG(s) dict_keys(['example_weekday_branch_operator']) retrieved from /home/airflow/.local/lib/python3.7/site-packages/airflow/example_dags/example_branch_day_of_week_operator.py
[2022-07-07 02:13:03,674] {logging_mixin.py:115} INFO - [2022-07-07 02:13:03,674] {dag.py:2379} INFO - Sync 1 DAGs
[2022-07-07 02:13:03,803] {logging_mixin.py:115} INFO - [2022-07-07 02:13:03,803] {dag.py:2931} INFO - Setting next_dagrun for example_weekday_branch_operator to 2022-07-06T00:00:00+00:00, run_after=2022-07-07T00:00:00+00:00
[2022-07-07 02:13:03,816] {processor.py:161} INFO - Processing /home/airflow/.local/lib/python3.7/site-packages/airflow/example_dags/example_branch_day_of_week_operator.py took 0.173 seconds
[2022-07-07 02:13:33,879] {processor.py:153} INFO - Started process (PID=1992) to work on /home/airflow/.local/lib/python3.7/site-packages/airflow/example_dags/example_branch_day_of_week_operator.py
[2022-07-07 02:13:33,879] {processor.py:641} INFO - Processing file /home/airflow/.local/lib/python3.7/site-packages/airflow/example_dags/example_branch_day_of_week_operator.py for tasks to queue
[2022-07-07 02:13:33,880] {logging_mixin.py:115} INFO - [2022-07-07 02:13:33,880] {dagbag.py:507} INFO - Filling up the DagBag from /home/airflow/.local/lib/python3.7/site-packages/airflow/example_dags/example_branch_day_of_week_operator.py
[2022-07-07 02:13:33,887] {processor.py:651} INFO - DAG(s) dict_keys(['example_weekday_branch_operator']) retrieved from /home/airflow/.local/lib/python3.7/site-packages/airflow/example_dags/example_branch_day_of_week_operator.py
[2022-07-07 02:13:33,910] {logging_mixin.py:115} INFO - [2022-07-07 02:13:33,909] {dag.py:2379} INFO - Sync 1 DAGs
[2022-07-07 02:13:34,064] {logging_mixin.py:115} INFO - [2022-07-07 02:13:34,064] {dag.py:2931} INFO - Setting next_dagrun for example_weekday_branch_operator to 2022-07-06T00:00:00+00:00, run_after=2022-07-07T00:00:00+00:00
[2022-07-07 02:13:34,075] {processor.py:161} INFO - Processing /home/airflow/.local/lib/python3.7/site-packages/airflow/example_dags/example_branch_day_of_week_operator.py took 0.199 seconds
[2022-07-07 02:14:04,649] {processor.py:153} INFO - Started process (PID=2057) to work on /home/airflow/.local/lib/python3.7/site-packages/airflow/example_dags/example_branch_day_of_week_operator.py
[2022-07-07 02:14:04,650] {processor.py:641} INFO - Processing file /home/airflow/.local/lib/python3.7/site-packages/airflow/example_dags/example_branch_day_of_week_operator.py for tasks to queue
[2022-07-07 02:14:04,651] {logging_mixin.py:115} INFO - [2022-07-07 02:14:04,651] {dagbag.py:507} INFO - Filling up the DagBag from /home/airflow/.local/lib/python3.7/site-packages/airflow/example_dags/example_branch_day_of_week_operator.py
[2022-07-07 02:14:04,659] {processor.py:651} INFO - DAG(s) dict_keys(['example_weekday_branch_operator']) retrieved from /home/airflow/.local/lib/python3.7/site-packages/airflow/example_dags/example_branch_day_of_week_operator.py
[2022-07-07 02:14:04,689] {logging_mixin.py:115} INFO - [2022-07-07 02:14:04,689] {dag.py:2379} INFO - Sync 1 DAGs
[2022-07-07 02:14:04,858] {logging_mixin.py:115} INFO - [2022-07-07 02:14:04,858] {dag.py:2931} INFO - Setting next_dagrun for example_weekday_branch_operator to 2022-07-06T00:00:00+00:00, run_after=2022-07-07T00:00:00+00:00
[2022-07-07 02:14:04,872] {processor.py:161} INFO - Processing /home/airflow/.local/lib/python3.7/site-packages/airflow/example_dags/example_branch_day_of_week_operator.py took 0.225 seconds
[2022-07-07 02:14:35,195] {processor.py:153} INFO - Started process (PID=2122) to work on /home/airflow/.local/lib/python3.7/site-packages/airflow/example_dags/example_branch_day_of_week_operator.py
[2022-07-07 02:14:35,196] {processor.py:641} INFO - Processing file /home/airflow/.local/lib/python3.7/site-packages/airflow/example_dags/example_branch_day_of_week_operator.py for tasks to queue
[2022-07-07 02:14:35,197] {logging_mixin.py:115} INFO - [2022-07-07 02:14:35,197] {dagbag.py:507} INFO - Filling up the DagBag from /home/airflow/.local/lib/python3.7/site-packages/airflow/example_dags/example_branch_day_of_week_operator.py
[2022-07-07 02:14:35,203] {processor.py:651} INFO - DAG(s) dict_keys(['example_weekday_branch_operator']) retrieved from /home/airflow/.local/lib/python3.7/site-packages/airflow/example_dags/example_branch_day_of_week_operator.py
[2022-07-07 02:14:35,224] {logging_mixin.py:115} INFO - [2022-07-07 02:14:35,223] {dag.py:2379} INFO - Sync 1 DAGs
[2022-07-07 02:14:35,365] {logging_mixin.py:115} INFO - [2022-07-07 02:14:35,365] {dag.py:2931} INFO - Setting next_dagrun for example_weekday_branch_operator to 2022-07-06T00:00:00+00:00, run_after=2022-07-07T00:00:00+00:00
[2022-07-07 02:14:35,376] {processor.py:161} INFO - Processing /home/airflow/.local/lib/python3.7/site-packages/airflow/example_dags/example_branch_day_of_week_operator.py took 0.183 seconds
[2022-07-07 02:15:05,506] {processor.py:153} INFO - Started process (PID=2187) to work on /home/airflow/.local/lib/python3.7/site-packages/airflow/example_dags/example_branch_day_of_week_operator.py
[2022-07-07 02:15:05,507] {processor.py:641} INFO - Processing file /home/airflow/.local/lib/python3.7/site-packages/airflow/example_dags/example_branch_day_of_week_operator.py for tasks to queue
[2022-07-07 02:15:05,508] {logging_mixin.py:115} INFO - [2022-07-07 02:15:05,508] {dagbag.py:507} INFO - Filling up the DagBag from /home/airflow/.local/lib/python3.7/site-packages/airflow/example_dags/example_branch_day_of_week_operator.py
[2022-07-07 02:15:05,515] {processor.py:651} INFO - DAG(s) dict_keys(['example_weekday_branch_operator']) retrieved from /home/airflow/.local/lib/python3.7/site-packages/airflow/example_dags/example_branch_day_of_week_operator.py
[2022-07-07 02:15:05,540] {logging_mixin.py:115} INFO - [2022-07-07 02:15:05,540] {dag.py:2379} INFO - Sync 1 DAGs
[2022-07-07 02:15:05,699] {logging_mixin.py:115} INFO - [2022-07-07 02:15:05,699] {dag.py:2931} INFO - Setting next_dagrun for example_weekday_branch_operator to 2022-07-06T00:00:00+00:00, run_after=2022-07-07T00:00:00+00:00
[2022-07-07 02:15:05,713] {processor.py:161} INFO - Processing /home/airflow/.local/lib/python3.7/site-packages/airflow/example_dags/example_branch_day_of_week_operator.py took 0.210 seconds
[2022-07-07 02:15:35,980] {processor.py:153} INFO - Started process (PID=2242) to work on /home/airflow/.local/lib/python3.7/site-packages/airflow/example_dags/example_branch_day_of_week_operator.py
[2022-07-07 02:15:35,981] {processor.py:641} INFO - Processing file /home/airflow/.local/lib/python3.7/site-packages/airflow/example_dags/example_branch_day_of_week_operator.py for tasks to queue
[2022-07-07 02:15:35,981] {logging_mixin.py:115} INFO - [2022-07-07 02:15:35,981] {dagbag.py:507} INFO - Filling up the DagBag from /home/airflow/.local/lib/python3.7/site-packages/airflow/example_dags/example_branch_day_of_week_operator.py
[2022-07-07 02:15:35,987] {processor.py:651} INFO - DAG(s) dict_keys(['example_weekday_branch_operator']) retrieved from /home/airflow/.local/lib/python3.7/site-packages/airflow/example_dags/example_branch_day_of_week_operator.py
[2022-07-07 02:15:36,008] {logging_mixin.py:115} INFO - [2022-07-07 02:15:36,008] {dag.py:2379} INFO - Sync 1 DAGs
[2022-07-07 02:15:36,135] {logging_mixin.py:115} INFO - [2022-07-07 02:15:36,135] {dag.py:2931} INFO - Setting next_dagrun for example_weekday_branch_operator to 2022-07-06T00:00:00+00:00, run_after=2022-07-07T00:00:00+00:00
[2022-07-07 02:15:36,158] {processor.py:161} INFO - Processing /home/airflow/.local/lib/python3.7/site-packages/airflow/example_dags/example_branch_day_of_week_operator.py took 0.180 seconds
[2022-07-07 02:16:06,590] {processor.py:153} INFO - Started process (PID=2307) to work on /home/airflow/.local/lib/python3.7/site-packages/airflow/example_dags/example_branch_day_of_week_operator.py
[2022-07-07 02:16:06,591] {processor.py:641} INFO - Processing file /home/airflow/.local/lib/python3.7/site-packages/airflow/example_dags/example_branch_day_of_week_operator.py for tasks to queue
[2022-07-07 02:16:06,591] {logging_mixin.py:115} INFO - [2022-07-07 02:16:06,591] {dagbag.py:507} INFO - Filling up the DagBag from /home/airflow/.local/lib/python3.7/site-packages/airflow/example_dags/example_branch_day_of_week_operator.py
[2022-07-07 02:16:06,603] {processor.py:651} INFO - DAG(s) dict_keys(['example_weekday_branch_operator']) retrieved from /home/airflow/.local/lib/python3.7/site-packages/airflow/example_dags/example_branch_day_of_week_operator.py
[2022-07-07 02:16:06,632] {logging_mixin.py:115} INFO - [2022-07-07 02:16:06,632] {dag.py:2379} INFO - Sync 1 DAGs
[2022-07-07 02:16:06,811] {logging_mixin.py:115} INFO - [2022-07-07 02:16:06,811] {dag.py:2931} INFO - Setting next_dagrun for example_weekday_branch_operator to 2022-07-06T00:00:00+00:00, run_after=2022-07-07T00:00:00+00:00
[2022-07-07 02:16:06,826] {processor.py:161} INFO - Processing /home/airflow/.local/lib/python3.7/site-packages/airflow/example_dags/example_branch_day_of_week_operator.py took 0.239 seconds
[2022-07-07 02:16:37,531] {processor.py:153} INFO - Started process (PID=2373) to work on /home/airflow/.local/lib/python3.7/site-packages/airflow/example_dags/example_branch_day_of_week_operator.py
[2022-07-07 02:16:37,532] {processor.py:641} INFO - Processing file /home/airflow/.local/lib/python3.7/site-packages/airflow/example_dags/example_branch_day_of_week_operator.py for tasks to queue
[2022-07-07 02:16:37,533] {logging_mixin.py:115} INFO - [2022-07-07 02:16:37,533] {dagbag.py:507} INFO - Filling up the DagBag from /home/airflow/.local/lib/python3.7/site-packages/airflow/example_dags/example_branch_day_of_week_operator.py
[2022-07-07 02:16:37,550] {processor.py:651} INFO - DAG(s) dict_keys(['example_weekday_branch_operator']) retrieved from /home/airflow/.local/lib/python3.7/site-packages/airflow/example_dags/example_branch_day_of_week_operator.py
[2022-07-07 02:16:37,572] {logging_mixin.py:115} INFO - [2022-07-07 02:16:37,572] {dag.py:2379} INFO - Sync 1 DAGs
[2022-07-07 02:16:37,700] {logging_mixin.py:115} INFO - [2022-07-07 02:16:37,700] {dag.py:2931} INFO - Setting next_dagrun for example_weekday_branch_operator to 2022-07-06T00:00:00+00:00, run_after=2022-07-07T00:00:00+00:00
[2022-07-07 02:16:37,716] {processor.py:161} INFO - Processing /home/airflow/.local/lib/python3.7/site-packages/airflow/example_dags/example_branch_day_of_week_operator.py took 0.188 seconds
[2022-07-07 02:17:07,941] {processor.py:153} INFO - Started process (PID=2428) to work on /home/airflow/.local/lib/python3.7/site-packages/airflow/example_dags/example_branch_day_of_week_operator.py
[2022-07-07 02:17:07,942] {processor.py:641} INFO - Processing file /home/airflow/.local/lib/python3.7/site-packages/airflow/example_dags/example_branch_day_of_week_operator.py for tasks to queue
[2022-07-07 02:17:07,943] {logging_mixin.py:115} INFO - [2022-07-07 02:17:07,943] {dagbag.py:507} INFO - Filling up the DagBag from /home/airflow/.local/lib/python3.7/site-packages/airflow/example_dags/example_branch_day_of_week_operator.py
[2022-07-07 02:17:07,949] {processor.py:651} INFO - DAG(s) dict_keys(['example_weekday_branch_operator']) retrieved from /home/airflow/.local/lib/python3.7/site-packages/airflow/example_dags/example_branch_day_of_week_operator.py
[2022-07-07 02:17:07,969] {logging_mixin.py:115} INFO - [2022-07-07 02:17:07,969] {dag.py:2379} INFO - Sync 1 DAGs
[2022-07-07 02:17:08,103] {logging_mixin.py:115} INFO - [2022-07-07 02:17:08,103] {dag.py:2931} INFO - Setting next_dagrun for example_weekday_branch_operator to 2022-07-06T00:00:00+00:00, run_after=2022-07-07T00:00:00+00:00
[2022-07-07 02:17:08,114] {processor.py:161} INFO - Processing /home/airflow/.local/lib/python3.7/site-packages/airflow/example_dags/example_branch_day_of_week_operator.py took 0.175 seconds
[2022-07-07 02:17:38,324] {processor.py:153} INFO - Started process (PID=2495) to work on /home/airflow/.local/lib/python3.7/site-packages/airflow/example_dags/example_branch_day_of_week_operator.py
[2022-07-07 02:17:38,325] {processor.py:641} INFO - Processing file /home/airflow/.local/lib/python3.7/site-packages/airflow/example_dags/example_branch_day_of_week_operator.py for tasks to queue
[2022-07-07 02:17:38,326] {logging_mixin.py:115} INFO - [2022-07-07 02:17:38,326] {dagbag.py:507} INFO - Filling up the DagBag from /home/airflow/.local/lib/python3.7/site-packages/airflow/example_dags/example_branch_day_of_week_operator.py
[2022-07-07 02:17:38,333] {processor.py:651} INFO - DAG(s) dict_keys(['example_weekday_branch_operator']) retrieved from /home/airflow/.local/lib/python3.7/site-packages/airflow/example_dags/example_branch_day_of_week_operator.py
[2022-07-07 02:17:38,353] {logging_mixin.py:115} INFO - [2022-07-07 02:17:38,353] {dag.py:2379} INFO - Sync 1 DAGs
[2022-07-07 02:17:38,499] {logging_mixin.py:115} INFO - [2022-07-07 02:17:38,499] {dag.py:2931} INFO - Setting next_dagrun for example_weekday_branch_operator to 2022-07-06T00:00:00+00:00, run_after=2022-07-07T00:00:00+00:00
[2022-07-07 02:17:38,511] {processor.py:161} INFO - Processing /home/airflow/.local/lib/python3.7/site-packages/airflow/example_dags/example_branch_day_of_week_operator.py took 0.189 seconds
[2022-07-07 02:18:08,651] {processor.py:153} INFO - Started process (PID=2560) to work on /home/airflow/.local/lib/python3.7/site-packages/airflow/example_dags/example_branch_day_of_week_operator.py
[2022-07-07 02:18:08,652] {processor.py:641} INFO - Processing file /home/airflow/.local/lib/python3.7/site-packages/airflow/example_dags/example_branch_day_of_week_operator.py for tasks to queue
[2022-07-07 02:18:08,652] {logging_mixin.py:115} INFO - [2022-07-07 02:18:08,652] {dagbag.py:507} INFO - Filling up the DagBag from /home/airflow/.local/lib/python3.7/site-packages/airflow/example_dags/example_branch_day_of_week_operator.py
[2022-07-07 02:18:08,660] {processor.py:651} INFO - DAG(s) dict_keys(['example_weekday_branch_operator']) retrieved from /home/airflow/.local/lib/python3.7/site-packages/airflow/example_dags/example_branch_day_of_week_operator.py
[2022-07-07 02:18:08,681] {logging_mixin.py:115} INFO - [2022-07-07 02:18:08,681] {dag.py:2379} INFO - Sync 1 DAGs
[2022-07-07 02:18:08,814] {logging_mixin.py:115} INFO - [2022-07-07 02:18:08,814] {dag.py:2931} INFO - Setting next_dagrun for example_weekday_branch_operator to 2022-07-06T00:00:00+00:00, run_after=2022-07-07T00:00:00+00:00
[2022-07-07 02:18:08,855] {processor.py:161} INFO - Processing /home/airflow/.local/lib/python3.7/site-packages/airflow/example_dags/example_branch_day_of_week_operator.py took 0.207 seconds
[2022-07-07 02:18:39,048] {processor.py:153} INFO - Started process (PID=2616) to work on /home/airflow/.local/lib/python3.7/site-packages/airflow/example_dags/example_branch_day_of_week_operator.py
[2022-07-07 02:18:39,049] {processor.py:641} INFO - Processing file /home/airflow/.local/lib/python3.7/site-packages/airflow/example_dags/example_branch_day_of_week_operator.py for tasks to queue
[2022-07-07 02:18:39,049] {logging_mixin.py:115} INFO - [2022-07-07 02:18:39,049] {dagbag.py:507} INFO - Filling up the DagBag from /home/airflow/.local/lib/python3.7/site-packages/airflow/example_dags/example_branch_day_of_week_operator.py
[2022-07-07 02:18:39,057] {processor.py:651} INFO - DAG(s) dict_keys(['example_weekday_branch_operator']) retrieved from /home/airflow/.local/lib/python3.7/site-packages/airflow/example_dags/example_branch_day_of_week_operator.py
[2022-07-07 02:18:39,127] {logging_mixin.py:115} INFO - [2022-07-07 02:18:39,127] {dag.py:2379} INFO - Sync 1 DAGs
[2022-07-07 02:18:39,290] {logging_mixin.py:115} INFO - [2022-07-07 02:18:39,290] {dag.py:2931} INFO - Setting next_dagrun for example_weekday_branch_operator to 2022-07-06T00:00:00+00:00, run_after=2022-07-07T00:00:00+00:00
[2022-07-07 02:18:39,306] {processor.py:161} INFO - Processing /home/airflow/.local/lib/python3.7/site-packages/airflow/example_dags/example_branch_day_of_week_operator.py took 0.263 seconds
[2022-07-07 02:19:09,817] {processor.py:153} INFO - Started process (PID=2682) to work on /home/airflow/.local/lib/python3.7/site-packages/airflow/example_dags/example_branch_day_of_week_operator.py
[2022-07-07 02:19:09,817] {processor.py:641} INFO - Processing file /home/airflow/.local/lib/python3.7/site-packages/airflow/example_dags/example_branch_day_of_week_operator.py for tasks to queue
[2022-07-07 02:19:09,818] {logging_mixin.py:115} INFO - [2022-07-07 02:19:09,818] {dagbag.py:507} INFO - Filling up the DagBag from /home/airflow/.local/lib/python3.7/site-packages/airflow/example_dags/example_branch_day_of_week_operator.py
[2022-07-07 02:19:09,825] {processor.py:651} INFO - DAG(s) dict_keys(['example_weekday_branch_operator']) retrieved from /home/airflow/.local/lib/python3.7/site-packages/airflow/example_dags/example_branch_day_of_week_operator.py
[2022-07-07 02:19:09,846] {logging_mixin.py:115} INFO - [2022-07-07 02:19:09,845] {dag.py:2379} INFO - Sync 1 DAGs
[2022-07-07 02:19:09,976] {logging_mixin.py:115} INFO - [2022-07-07 02:19:09,976] {dag.py:2931} INFO - Setting next_dagrun for example_weekday_branch_operator to 2022-07-06T00:00:00+00:00, run_after=2022-07-07T00:00:00+00:00
[2022-07-07 02:19:09,999] {processor.py:161} INFO - Processing /home/airflow/.local/lib/python3.7/site-packages/airflow/example_dags/example_branch_day_of_week_operator.py took 0.185 seconds
[2022-07-07 02:19:40,359] {processor.py:153} INFO - Started process (PID=2747) to work on /home/airflow/.local/lib/python3.7/site-packages/airflow/example_dags/example_branch_day_of_week_operator.py
[2022-07-07 02:19:40,360] {processor.py:641} INFO - Processing file /home/airflow/.local/lib/python3.7/site-packages/airflow/example_dags/example_branch_day_of_week_operator.py for tasks to queue
[2022-07-07 02:19:40,361] {logging_mixin.py:115} INFO - [2022-07-07 02:19:40,360] {dagbag.py:507} INFO - Filling up the DagBag from /home/airflow/.local/lib/python3.7/site-packages/airflow/example_dags/example_branch_day_of_week_operator.py
[2022-07-07 02:19:40,371] {processor.py:651} INFO - DAG(s) dict_keys(['example_weekday_branch_operator']) retrieved from /home/airflow/.local/lib/python3.7/site-packages/airflow/example_dags/example_branch_day_of_week_operator.py
[2022-07-07 02:19:40,394] {logging_mixin.py:115} INFO - [2022-07-07 02:19:40,394] {dag.py:2379} INFO - Sync 1 DAGs
[2022-07-07 02:19:40,536] {logging_mixin.py:115} INFO - [2022-07-07 02:19:40,536] {dag.py:2931} INFO - Setting next_dagrun for example_weekday_branch_operator to 2022-07-06T00:00:00+00:00, run_after=2022-07-07T00:00:00+00:00
[2022-07-07 02:19:40,558] {processor.py:161} INFO - Processing /home/airflow/.local/lib/python3.7/site-packages/airflow/example_dags/example_branch_day_of_week_operator.py took 0.203 seconds
[2022-07-07 02:29:54,446] {processor.py:153} INFO - Started process (PID=63) to work on /home/airflow/.local/lib/python3.7/site-packages/airflow/example_dags/example_branch_day_of_week_operator.py
[2022-07-07 02:29:54,447] {processor.py:641} INFO - Processing file /home/airflow/.local/lib/python3.7/site-packages/airflow/example_dags/example_branch_day_of_week_operator.py for tasks to queue
[2022-07-07 02:29:54,449] {logging_mixin.py:115} INFO - [2022-07-07 02:29:54,449] {dagbag.py:507} INFO - Filling up the DagBag from /home/airflow/.local/lib/python3.7/site-packages/airflow/example_dags/example_branch_day_of_week_operator.py
[2022-07-07 02:29:54,467] {processor.py:651} INFO - DAG(s) dict_keys(['example_weekday_branch_operator']) retrieved from /home/airflow/.local/lib/python3.7/site-packages/airflow/example_dags/example_branch_day_of_week_operator.py
[2022-07-07 02:29:54,533] {logging_mixin.py:115} INFO - [2022-07-07 02:29:54,533] {dag.py:2379} INFO - Sync 1 DAGs
[2022-07-07 02:29:54,580] {logging_mixin.py:115} INFO - [2022-07-07 02:29:54,580] {dag.py:2931} INFO - Setting next_dagrun for example_weekday_branch_operator to 2022-07-06T00:00:00+00:00, run_after=2022-07-07T00:00:00+00:00
[2022-07-07 02:29:54,857] {processor.py:161} INFO - Processing /home/airflow/.local/lib/python3.7/site-packages/airflow/example_dags/example_branch_day_of_week_operator.py took 0.418 seconds
[2022-07-07 02:30:25,851] {processor.py:153} INFO - Started process (PID=119) to work on /home/airflow/.local/lib/python3.7/site-packages/airflow/example_dags/example_branch_day_of_week_operator.py
[2022-07-07 02:30:25,852] {processor.py:641} INFO - Processing file /home/airflow/.local/lib/python3.7/site-packages/airflow/example_dags/example_branch_day_of_week_operator.py for tasks to queue
[2022-07-07 02:30:25,853] {logging_mixin.py:115} INFO - [2022-07-07 02:30:25,853] {dagbag.py:507} INFO - Filling up the DagBag from /home/airflow/.local/lib/python3.7/site-packages/airflow/example_dags/example_branch_day_of_week_operator.py
[2022-07-07 02:30:25,863] {processor.py:651} INFO - DAG(s) dict_keys(['example_weekday_branch_operator']) retrieved from /home/airflow/.local/lib/python3.7/site-packages/airflow/example_dags/example_branch_day_of_week_operator.py
[2022-07-07 02:30:25,889] {logging_mixin.py:115} INFO - [2022-07-07 02:30:25,889] {dag.py:2379} INFO - Sync 1 DAGs
[2022-07-07 02:30:25,917] {logging_mixin.py:115} INFO - [2022-07-07 02:30:25,917] {dag.py:2931} INFO - Setting next_dagrun for example_weekday_branch_operator to 2022-07-06T00:00:00+00:00, run_after=2022-07-07T00:00:00+00:00
[2022-07-07 02:30:26,069] {processor.py:161} INFO - Processing /home/airflow/.local/lib/python3.7/site-packages/airflow/example_dags/example_branch_day_of_week_operator.py took 0.221 seconds
[2022-07-07 02:30:56,266] {processor.py:153} INFO - Started process (PID=174) to work on /home/airflow/.local/lib/python3.7/site-packages/airflow/example_dags/example_branch_day_of_week_operator.py
[2022-07-07 02:30:56,266] {processor.py:641} INFO - Processing file /home/airflow/.local/lib/python3.7/site-packages/airflow/example_dags/example_branch_day_of_week_operator.py for tasks to queue
[2022-07-07 02:30:56,267] {logging_mixin.py:115} INFO - [2022-07-07 02:30:56,267] {dagbag.py:507} INFO - Filling up the DagBag from /home/airflow/.local/lib/python3.7/site-packages/airflow/example_dags/example_branch_day_of_week_operator.py
[2022-07-07 02:30:56,275] {processor.py:651} INFO - DAG(s) dict_keys(['example_weekday_branch_operator']) retrieved from /home/airflow/.local/lib/python3.7/site-packages/airflow/example_dags/example_branch_day_of_week_operator.py
[2022-07-07 02:30:56,300] {logging_mixin.py:115} INFO - [2022-07-07 02:30:56,300] {dag.py:2379} INFO - Sync 1 DAGs
[2022-07-07 02:30:56,324] {logging_mixin.py:115} INFO - [2022-07-07 02:30:56,324] {dag.py:2931} INFO - Setting next_dagrun for example_weekday_branch_operator to 2022-07-06T00:00:00+00:00, run_after=2022-07-07T00:00:00+00:00
[2022-07-07 02:30:56,451] {processor.py:161} INFO - Processing /home/airflow/.local/lib/python3.7/site-packages/airflow/example_dags/example_branch_day_of_week_operator.py took 0.188 seconds
[2022-07-07 02:31:26,767] {processor.py:153} INFO - Started process (PID=244) to work on /home/airflow/.local/lib/python3.7/site-packages/airflow/example_dags/example_branch_day_of_week_operator.py
[2022-07-07 02:31:26,768] {processor.py:641} INFO - Processing file /home/airflow/.local/lib/python3.7/site-packages/airflow/example_dags/example_branch_day_of_week_operator.py for tasks to queue
[2022-07-07 02:31:26,769] {logging_mixin.py:115} INFO - [2022-07-07 02:31:26,769] {dagbag.py:507} INFO - Filling up the DagBag from /home/airflow/.local/lib/python3.7/site-packages/airflow/example_dags/example_branch_day_of_week_operator.py
[2022-07-07 02:31:26,776] {processor.py:651} INFO - DAG(s) dict_keys(['example_weekday_branch_operator']) retrieved from /home/airflow/.local/lib/python3.7/site-packages/airflow/example_dags/example_branch_day_of_week_operator.py
[2022-07-07 02:31:26,799] {logging_mixin.py:115} INFO - [2022-07-07 02:31:26,798] {dag.py:2379} INFO - Sync 1 DAGs
[2022-07-07 02:31:26,820] {logging_mixin.py:115} INFO - [2022-07-07 02:31:26,820] {dag.py:2931} INFO - Setting next_dagrun for example_weekday_branch_operator to 2022-07-06T00:00:00+00:00, run_after=2022-07-07T00:00:00+00:00
[2022-07-07 02:31:26,942] {processor.py:161} INFO - Processing /home/airflow/.local/lib/python3.7/site-packages/airflow/example_dags/example_branch_day_of_week_operator.py took 0.177 seconds
[2022-07-07 02:31:57,869] {processor.py:153} INFO - Started process (PID=308) to work on /home/airflow/.local/lib/python3.7/site-packages/airflow/example_dags/example_branch_day_of_week_operator.py
[2022-07-07 02:31:57,870] {processor.py:641} INFO - Processing file /home/airflow/.local/lib/python3.7/site-packages/airflow/example_dags/example_branch_day_of_week_operator.py for tasks to queue
[2022-07-07 02:31:57,871] {logging_mixin.py:115} INFO - [2022-07-07 02:31:57,871] {dagbag.py:507} INFO - Filling up the DagBag from /home/airflow/.local/lib/python3.7/site-packages/airflow/example_dags/example_branch_day_of_week_operator.py
[2022-07-07 02:31:57,878] {processor.py:651} INFO - DAG(s) dict_keys(['example_weekday_branch_operator']) retrieved from /home/airflow/.local/lib/python3.7/site-packages/airflow/example_dags/example_branch_day_of_week_operator.py
[2022-07-07 02:31:57,901] {logging_mixin.py:115} INFO - [2022-07-07 02:31:57,901] {dag.py:2379} INFO - Sync 1 DAGs
[2022-07-07 02:31:57,929] {logging_mixin.py:115} INFO - [2022-07-07 02:31:57,929] {dag.py:2931} INFO - Setting next_dagrun for example_weekday_branch_operator to 2022-07-06T00:00:00+00:00, run_after=2022-07-07T00:00:00+00:00
[2022-07-07 02:31:58,077] {processor.py:161} INFO - Processing /home/airflow/.local/lib/python3.7/site-packages/airflow/example_dags/example_branch_day_of_week_operator.py took 0.210 seconds
[2022-07-07 02:32:28,778] {processor.py:153} INFO - Started process (PID=364) to work on /home/airflow/.local/lib/python3.7/site-packages/airflow/example_dags/example_branch_day_of_week_operator.py
[2022-07-07 02:32:28,778] {processor.py:641} INFO - Processing file /home/airflow/.local/lib/python3.7/site-packages/airflow/example_dags/example_branch_day_of_week_operator.py for tasks to queue
[2022-07-07 02:32:28,779] {logging_mixin.py:115} INFO - [2022-07-07 02:32:28,779] {dagbag.py:507} INFO - Filling up the DagBag from /home/airflow/.local/lib/python3.7/site-packages/airflow/example_dags/example_branch_day_of_week_operator.py
[2022-07-07 02:32:28,786] {processor.py:651} INFO - DAG(s) dict_keys(['example_weekday_branch_operator']) retrieved from /home/airflow/.local/lib/python3.7/site-packages/airflow/example_dags/example_branch_day_of_week_operator.py
[2022-07-07 02:32:28,809] {logging_mixin.py:115} INFO - [2022-07-07 02:32:28,809] {dag.py:2379} INFO - Sync 1 DAGs
[2022-07-07 02:32:28,829] {logging_mixin.py:115} INFO - [2022-07-07 02:32:28,829] {dag.py:2931} INFO - Setting next_dagrun for example_weekday_branch_operator to 2022-07-06T00:00:00+00:00, run_after=2022-07-07T00:00:00+00:00
[2022-07-07 02:32:28,956] {processor.py:161} INFO - Processing /home/airflow/.local/lib/python3.7/site-packages/airflow/example_dags/example_branch_day_of_week_operator.py took 0.181 seconds
[2022-07-07 02:33:00,010] {processor.py:153} INFO - Started process (PID=430) to work on /home/airflow/.local/lib/python3.7/site-packages/airflow/example_dags/example_branch_day_of_week_operator.py
[2022-07-07 02:33:00,013] {processor.py:641} INFO - Processing file /home/airflow/.local/lib/python3.7/site-packages/airflow/example_dags/example_branch_day_of_week_operator.py for tasks to queue
[2022-07-07 02:33:00,015] {logging_mixin.py:115} INFO - [2022-07-07 02:33:00,015] {dagbag.py:507} INFO - Filling up the DagBag from /home/airflow/.local/lib/python3.7/site-packages/airflow/example_dags/example_branch_day_of_week_operator.py
[2022-07-07 02:33:00,022] {processor.py:651} INFO - DAG(s) dict_keys(['example_weekday_branch_operator']) retrieved from /home/airflow/.local/lib/python3.7/site-packages/airflow/example_dags/example_branch_day_of_week_operator.py
[2022-07-07 02:33:00,057] {logging_mixin.py:115} INFO - [2022-07-07 02:33:00,057] {dag.py:2379} INFO - Sync 1 DAGs
[2022-07-07 02:33:00,080] {logging_mixin.py:115} INFO - [2022-07-07 02:33:00,079] {dag.py:2931} INFO - Setting next_dagrun for example_weekday_branch_operator to 2022-07-06T00:00:00+00:00, run_after=2022-07-07T00:00:00+00:00
[2022-07-07 02:33:00,206] {processor.py:161} INFO - Processing /home/airflow/.local/lib/python3.7/site-packages/airflow/example_dags/example_branch_day_of_week_operator.py took 0.200 seconds
