[2022-07-07 01:25:29,789] {processor.py:153} INFO - Started process (PID=62) to work on /home/airflow/.local/lib/python3.7/site-packages/airflow/example_dags/example_skip_dag.py
[2022-07-07 01:25:29,791] {processor.py:641} INFO - Processing file /home/airflow/.local/lib/python3.7/site-packages/airflow/example_dags/example_skip_dag.py for tasks to queue
[2022-07-07 01:25:29,801] {logging_mixin.py:115} INFO - [2022-07-07 01:25:29,800] {dagbag.py:507} INFO - Filling up the DagBag from /home/airflow/.local/lib/python3.7/site-packages/airflow/example_dags/example_skip_dag.py
[2022-07-07 01:25:29,817] {processor.py:651} INFO - DAG(s) dict_keys(['example_skip_dag']) retrieved from /home/airflow/.local/lib/python3.7/site-packages/airflow/example_dags/example_skip_dag.py
[2022-07-07 01:25:30,252] {logging_mixin.py:115} INFO - [2022-07-07 01:25:30,252] {manager.py:508} INFO - Created Permission View: can edit on DAG:example_skip_dag
[2022-07-07 01:25:30,269] {logging_mixin.py:115} INFO - [2022-07-07 01:25:30,268] {manager.py:508} INFO - Created Permission View: can read on DAG:example_skip_dag
[2022-07-07 01:25:30,281] {logging_mixin.py:115} INFO - [2022-07-07 01:25:30,281] {manager.py:508} INFO - Created Permission View: can delete on DAG:example_skip_dag
[2022-07-07 01:25:30,281] {logging_mixin.py:115} INFO - [2022-07-07 01:25:30,281] {dag.py:2379} INFO - Sync 1 DAGs
[2022-07-07 01:25:30,302] {logging_mixin.py:115} INFO - [2022-07-07 01:25:30,302] {dag.py:2398} INFO - Creating ORM DAG for example_skip_dag
[2022-07-07 01:25:30,334] {logging_mixin.py:115} INFO - [2022-07-07 01:25:30,334] {dag.py:2931} INFO - Setting next_dagrun for example_skip_dag to 2022-07-06T01:25:30.333750+00:00, run_after=2022-07-07T01:25:30.333750+00:00
[2022-07-07 01:25:30,389] {processor.py:161} INFO - Processing /home/airflow/.local/lib/python3.7/site-packages/airflow/example_dags/example_skip_dag.py took 0.605 seconds
[2022-07-07 01:26:01,246] {processor.py:153} INFO - Started process (PID=129) to work on /home/airflow/.local/lib/python3.7/site-packages/airflow/example_dags/example_skip_dag.py
[2022-07-07 01:26:01,247] {processor.py:641} INFO - Processing file /home/airflow/.local/lib/python3.7/site-packages/airflow/example_dags/example_skip_dag.py for tasks to queue
[2022-07-07 01:26:01,247] {logging_mixin.py:115} INFO - [2022-07-07 01:26:01,247] {dagbag.py:507} INFO - Filling up the DagBag from /home/airflow/.local/lib/python3.7/site-packages/airflow/example_dags/example_skip_dag.py
[2022-07-07 01:26:01,254] {processor.py:651} INFO - DAG(s) dict_keys(['example_skip_dag']) retrieved from /home/airflow/.local/lib/python3.7/site-packages/airflow/example_dags/example_skip_dag.py
[2022-07-07 01:26:01,276] {logging_mixin.py:115} INFO - [2022-07-07 01:26:01,276] {dag.py:2379} INFO - Sync 1 DAGs
[2022-07-07 01:26:01,296] {logging_mixin.py:115} INFO - [2022-07-07 01:26:01,296] {dag.py:2931} INFO - Setting next_dagrun for example_skip_dag to 2022-07-06T01:26:01.296331+00:00, run_after=2022-07-07T01:26:01.296331+00:00
[2022-07-07 01:26:01,309] {processor.py:161} INFO - Processing /home/airflow/.local/lib/python3.7/site-packages/airflow/example_dags/example_skip_dag.py took 0.065 seconds
[2022-07-07 01:26:32,003] {processor.py:153} INFO - Started process (PID=185) to work on /home/airflow/.local/lib/python3.7/site-packages/airflow/example_dags/example_skip_dag.py
[2022-07-07 01:26:32,004] {processor.py:641} INFO - Processing file /home/airflow/.local/lib/python3.7/site-packages/airflow/example_dags/example_skip_dag.py for tasks to queue
[2022-07-07 01:26:32,004] {logging_mixin.py:115} INFO - [2022-07-07 01:26:32,004] {dagbag.py:507} INFO - Filling up the DagBag from /home/airflow/.local/lib/python3.7/site-packages/airflow/example_dags/example_skip_dag.py
[2022-07-07 01:26:32,009] {processor.py:651} INFO - DAG(s) dict_keys(['example_skip_dag']) retrieved from /home/airflow/.local/lib/python3.7/site-packages/airflow/example_dags/example_skip_dag.py
[2022-07-07 01:26:32,032] {logging_mixin.py:115} INFO - [2022-07-07 01:26:32,031] {dag.py:2379} INFO - Sync 1 DAGs
[2022-07-07 01:26:32,051] {logging_mixin.py:115} INFO - [2022-07-07 01:26:32,051] {dag.py:2931} INFO - Setting next_dagrun for example_skip_dag to 2022-07-06T01:26:32.050819+00:00, run_after=2022-07-07T01:26:32.050819+00:00
[2022-07-07 01:26:32,063] {processor.py:161} INFO - Processing /home/airflow/.local/lib/python3.7/site-packages/airflow/example_dags/example_skip_dag.py took 0.063 seconds
[2022-07-07 01:27:09,261] {processor.py:153} INFO - Started process (PID=253) to work on /home/airflow/.local/lib/python3.7/site-packages/airflow/example_dags/example_skip_dag.py
[2022-07-07 01:27:09,263] {processor.py:641} INFO - Processing file /home/airflow/.local/lib/python3.7/site-packages/airflow/example_dags/example_skip_dag.py for tasks to queue
[2022-07-07 01:27:09,270] {logging_mixin.py:115} INFO - [2022-07-07 01:27:09,270] {dagbag.py:507} INFO - Filling up the DagBag from /home/airflow/.local/lib/python3.7/site-packages/airflow/example_dags/example_skip_dag.py
[2022-07-07 01:27:09,297] {processor.py:651} INFO - DAG(s) dict_keys(['example_skip_dag']) retrieved from /home/airflow/.local/lib/python3.7/site-packages/airflow/example_dags/example_skip_dag.py
[2022-07-07 01:27:09,346] {logging_mixin.py:115} INFO - [2022-07-07 01:27:09,345] {dag.py:2379} INFO - Sync 1 DAGs
[2022-07-07 01:27:09,388] {logging_mixin.py:115} INFO - [2022-07-07 01:27:09,388] {dag.py:2931} INFO - Setting next_dagrun for example_skip_dag to 2022-07-06T01:27:09.387918+00:00, run_after=2022-07-07T01:27:09.387918+00:00
[2022-07-07 01:27:09,429] {processor.py:161} INFO - Processing /home/airflow/.local/lib/python3.7/site-packages/airflow/example_dags/example_skip_dag.py took 0.175 seconds
[2022-07-07 01:27:39,629] {processor.py:153} INFO - Started process (PID=309) to work on /home/airflow/.local/lib/python3.7/site-packages/airflow/example_dags/example_skip_dag.py
[2022-07-07 01:27:39,630] {processor.py:641} INFO - Processing file /home/airflow/.local/lib/python3.7/site-packages/airflow/example_dags/example_skip_dag.py for tasks to queue
[2022-07-07 01:27:39,630] {logging_mixin.py:115} INFO - [2022-07-07 01:27:39,630] {dagbag.py:507} INFO - Filling up the DagBag from /home/airflow/.local/lib/python3.7/site-packages/airflow/example_dags/example_skip_dag.py
[2022-07-07 01:27:39,635] {processor.py:651} INFO - DAG(s) dict_keys(['example_skip_dag']) retrieved from /home/airflow/.local/lib/python3.7/site-packages/airflow/example_dags/example_skip_dag.py
[2022-07-07 01:27:39,658] {logging_mixin.py:115} INFO - [2022-07-07 01:27:39,658] {dag.py:2379} INFO - Sync 1 DAGs
[2022-07-07 01:27:39,680] {logging_mixin.py:115} INFO - [2022-07-07 01:27:39,680] {dag.py:2931} INFO - Setting next_dagrun for example_skip_dag to 2022-07-06T01:27:39.680531+00:00, run_after=2022-07-07T01:27:39.680531+00:00
[2022-07-07 01:27:39,693] {processor.py:161} INFO - Processing /home/airflow/.local/lib/python3.7/site-packages/airflow/example_dags/example_skip_dag.py took 0.067 seconds
[2022-07-07 01:28:11,087] {processor.py:153} INFO - Started process (PID=377) to work on /home/airflow/.local/lib/python3.7/site-packages/airflow/example_dags/example_skip_dag.py
[2022-07-07 01:28:11,088] {processor.py:641} INFO - Processing file /home/airflow/.local/lib/python3.7/site-packages/airflow/example_dags/example_skip_dag.py for tasks to queue
[2022-07-07 01:28:11,089] {logging_mixin.py:115} INFO - [2022-07-07 01:28:11,089] {dagbag.py:507} INFO - Filling up the DagBag from /home/airflow/.local/lib/python3.7/site-packages/airflow/example_dags/example_skip_dag.py
[2022-07-07 01:28:11,099] {processor.py:651} INFO - DAG(s) dict_keys(['example_skip_dag']) retrieved from /home/airflow/.local/lib/python3.7/site-packages/airflow/example_dags/example_skip_dag.py
[2022-07-07 01:28:11,143] {logging_mixin.py:115} INFO - [2022-07-07 01:28:11,143] {dag.py:2379} INFO - Sync 1 DAGs
[2022-07-07 01:28:11,190] {logging_mixin.py:115} INFO - [2022-07-07 01:28:11,190] {dag.py:2931} INFO - Setting next_dagrun for example_skip_dag to 2022-07-06T01:28:11.190053+00:00, run_after=2022-07-07T01:28:11.190053+00:00
[2022-07-07 01:28:11,208] {processor.py:161} INFO - Processing /home/airflow/.local/lib/python3.7/site-packages/airflow/example_dags/example_skip_dag.py took 0.125 seconds
[2022-07-07 01:28:45,061] {processor.py:153} INFO - Started process (PID=433) to work on /home/airflow/.local/lib/python3.7/site-packages/airflow/example_dags/example_skip_dag.py
[2022-07-07 01:28:45,062] {processor.py:641} INFO - Processing file /home/airflow/.local/lib/python3.7/site-packages/airflow/example_dags/example_skip_dag.py for tasks to queue
[2022-07-07 01:28:45,063] {logging_mixin.py:115} INFO - [2022-07-07 01:28:45,063] {dagbag.py:507} INFO - Filling up the DagBag from /home/airflow/.local/lib/python3.7/site-packages/airflow/example_dags/example_skip_dag.py
[2022-07-07 01:28:45,068] {processor.py:651} INFO - DAG(s) dict_keys(['example_skip_dag']) retrieved from /home/airflow/.local/lib/python3.7/site-packages/airflow/example_dags/example_skip_dag.py
[2022-07-07 01:28:45,091] {logging_mixin.py:115} INFO - [2022-07-07 01:28:45,091] {dag.py:2379} INFO - Sync 1 DAGs
[2022-07-07 01:28:45,112] {logging_mixin.py:115} INFO - [2022-07-07 01:28:45,111] {dag.py:2931} INFO - Setting next_dagrun for example_skip_dag to 2022-07-06T01:28:45.111766+00:00, run_after=2022-07-07T01:28:45.111766+00:00
[2022-07-07 01:28:45,125] {processor.py:161} INFO - Processing /home/airflow/.local/lib/python3.7/site-packages/airflow/example_dags/example_skip_dag.py took 0.066 seconds
[2022-07-07 01:46:12,858] {processor.py:153} INFO - Started process (PID=61) to work on /home/airflow/.local/lib/python3.7/site-packages/airflow/example_dags/example_skip_dag.py
[2022-07-07 01:46:12,875] {processor.py:641} INFO - Processing file /home/airflow/.local/lib/python3.7/site-packages/airflow/example_dags/example_skip_dag.py for tasks to queue
[2022-07-07 01:46:12,876] {logging_mixin.py:115} INFO - [2022-07-07 01:46:12,876] {dagbag.py:507} INFO - Filling up the DagBag from /home/airflow/.local/lib/python3.7/site-packages/airflow/example_dags/example_skip_dag.py
[2022-07-07 01:46:12,881] {processor.py:651} INFO - DAG(s) dict_keys(['example_skip_dag']) retrieved from /home/airflow/.local/lib/python3.7/site-packages/airflow/example_dags/example_skip_dag.py
[2022-07-07 01:46:12,968] {logging_mixin.py:115} INFO - [2022-07-07 01:46:12,968] {dag.py:2379} INFO - Sync 1 DAGs
[2022-07-07 01:46:13,002] {logging_mixin.py:115} INFO - [2022-07-07 01:46:13,002] {dag.py:2931} INFO - Setting next_dagrun for example_skip_dag to 2022-07-06T01:46:13.001858+00:00, run_after=2022-07-07T01:46:13.001858+00:00
[2022-07-07 01:46:13,037] {processor.py:161} INFO - Processing /home/airflow/.local/lib/python3.7/site-packages/airflow/example_dags/example_skip_dag.py took 0.186 seconds
[2022-07-07 01:47:16,245] {processor.py:153} INFO - Started process (PID=136) to work on /home/airflow/.local/lib/python3.7/site-packages/airflow/example_dags/example_skip_dag.py
[2022-07-07 01:47:16,246] {processor.py:641} INFO - Processing file /home/airflow/.local/lib/python3.7/site-packages/airflow/example_dags/example_skip_dag.py for tasks to queue
[2022-07-07 01:47:16,248] {logging_mixin.py:115} INFO - [2022-07-07 01:47:16,248] {dagbag.py:507} INFO - Filling up the DagBag from /home/airflow/.local/lib/python3.7/site-packages/airflow/example_dags/example_skip_dag.py
[2022-07-07 01:47:16,259] {processor.py:651} INFO - DAG(s) dict_keys(['example_skip_dag']) retrieved from /home/airflow/.local/lib/python3.7/site-packages/airflow/example_dags/example_skip_dag.py
[2022-07-07 01:47:16,306] {logging_mixin.py:115} INFO - [2022-07-07 01:47:16,306] {dag.py:2379} INFO - Sync 1 DAGs
[2022-07-07 01:47:16,349] {logging_mixin.py:115} INFO - [2022-07-07 01:47:16,349] {dag.py:2931} INFO - Setting next_dagrun for example_skip_dag to 2022-07-06T01:47:16.348741+00:00, run_after=2022-07-07T01:47:16.348741+00:00
[2022-07-07 01:47:16,370] {processor.py:161} INFO - Processing /home/airflow/.local/lib/python3.7/site-packages/airflow/example_dags/example_skip_dag.py took 0.130 seconds
[2022-07-07 01:47:47,432] {processor.py:153} INFO - Started process (PID=192) to work on /home/airflow/.local/lib/python3.7/site-packages/airflow/example_dags/example_skip_dag.py
[2022-07-07 01:47:47,448] {processor.py:641} INFO - Processing file /home/airflow/.local/lib/python3.7/site-packages/airflow/example_dags/example_skip_dag.py for tasks to queue
[2022-07-07 01:47:47,451] {logging_mixin.py:115} INFO - [2022-07-07 01:47:47,451] {dagbag.py:507} INFO - Filling up the DagBag from /home/airflow/.local/lib/python3.7/site-packages/airflow/example_dags/example_skip_dag.py
[2022-07-07 01:47:47,501] {processor.py:651} INFO - DAG(s) dict_keys(['example_skip_dag']) retrieved from /home/airflow/.local/lib/python3.7/site-packages/airflow/example_dags/example_skip_dag.py
[2022-07-07 01:47:47,666] {logging_mixin.py:115} INFO - [2022-07-07 01:47:47,666] {dag.py:2379} INFO - Sync 1 DAGs
[2022-07-07 01:47:47,775] {logging_mixin.py:115} INFO - [2022-07-07 01:47:47,775] {dag.py:2931} INFO - Setting next_dagrun for example_skip_dag to 2022-07-06T01:47:47.774218+00:00, run_after=2022-07-07T01:47:47.774218+00:00
[2022-07-07 01:47:47,821] {processor.py:161} INFO - Processing /home/airflow/.local/lib/python3.7/site-packages/airflow/example_dags/example_skip_dag.py took 0.394 seconds
[2022-07-07 01:48:18,280] {processor.py:153} INFO - Started process (PID=260) to work on /home/airflow/.local/lib/python3.7/site-packages/airflow/example_dags/example_skip_dag.py
[2022-07-07 01:48:18,282] {processor.py:641} INFO - Processing file /home/airflow/.local/lib/python3.7/site-packages/airflow/example_dags/example_skip_dag.py for tasks to queue
[2022-07-07 01:48:18,284] {logging_mixin.py:115} INFO - [2022-07-07 01:48:18,284] {dagbag.py:507} INFO - Filling up the DagBag from /home/airflow/.local/lib/python3.7/site-packages/airflow/example_dags/example_skip_dag.py
[2022-07-07 01:48:18,295] {processor.py:651} INFO - DAG(s) dict_keys(['example_skip_dag']) retrieved from /home/airflow/.local/lib/python3.7/site-packages/airflow/example_dags/example_skip_dag.py
[2022-07-07 01:48:18,463] {logging_mixin.py:115} INFO - [2022-07-07 01:48:18,460] {dag.py:2379} INFO - Sync 1 DAGs
[2022-07-07 01:48:18,547] {logging_mixin.py:115} INFO - [2022-07-07 01:48:18,547] {dag.py:2931} INFO - Setting next_dagrun for example_skip_dag to 2022-07-06T01:48:18.546009+00:00, run_after=2022-07-07T01:48:18.546009+00:00
[2022-07-07 01:48:18,586] {processor.py:161} INFO - Processing /home/airflow/.local/lib/python3.7/site-packages/airflow/example_dags/example_skip_dag.py took 0.310 seconds
[2022-07-07 01:48:48,636] {processor.py:153} INFO - Started process (PID=315) to work on /home/airflow/.local/lib/python3.7/site-packages/airflow/example_dags/example_skip_dag.py
[2022-07-07 01:48:48,637] {processor.py:641} INFO - Processing file /home/airflow/.local/lib/python3.7/site-packages/airflow/example_dags/example_skip_dag.py for tasks to queue
[2022-07-07 01:48:48,638] {logging_mixin.py:115} INFO - [2022-07-07 01:48:48,638] {dagbag.py:507} INFO - Filling up the DagBag from /home/airflow/.local/lib/python3.7/site-packages/airflow/example_dags/example_skip_dag.py
[2022-07-07 01:48:48,643] {processor.py:651} INFO - DAG(s) dict_keys(['example_skip_dag']) retrieved from /home/airflow/.local/lib/python3.7/site-packages/airflow/example_dags/example_skip_dag.py
[2022-07-07 01:48:48,667] {logging_mixin.py:115} INFO - [2022-07-07 01:48:48,667] {dag.py:2379} INFO - Sync 1 DAGs
[2022-07-07 01:48:48,691] {logging_mixin.py:115} INFO - [2022-07-07 01:48:48,690] {dag.py:2931} INFO - Setting next_dagrun for example_skip_dag to 2022-07-06T01:48:48.690635+00:00, run_after=2022-07-07T01:48:48.690635+00:00
[2022-07-07 01:48:48,705] {processor.py:161} INFO - Processing /home/airflow/.local/lib/python3.7/site-packages/airflow/example_dags/example_skip_dag.py took 0.073 seconds
[2022-07-07 01:49:19,180] {processor.py:153} INFO - Started process (PID=383) to work on /home/airflow/.local/lib/python3.7/site-packages/airflow/example_dags/example_skip_dag.py
[2022-07-07 01:49:19,181] {processor.py:641} INFO - Processing file /home/airflow/.local/lib/python3.7/site-packages/airflow/example_dags/example_skip_dag.py for tasks to queue
[2022-07-07 01:49:19,181] {logging_mixin.py:115} INFO - [2022-07-07 01:49:19,181] {dagbag.py:507} INFO - Filling up the DagBag from /home/airflow/.local/lib/python3.7/site-packages/airflow/example_dags/example_skip_dag.py
[2022-07-07 01:49:19,187] {processor.py:651} INFO - DAG(s) dict_keys(['example_skip_dag']) retrieved from /home/airflow/.local/lib/python3.7/site-packages/airflow/example_dags/example_skip_dag.py
[2022-07-07 01:49:19,217] {logging_mixin.py:115} INFO - [2022-07-07 01:49:19,216] {dag.py:2379} INFO - Sync 1 DAGs
[2022-07-07 01:49:19,248] {logging_mixin.py:115} INFO - [2022-07-07 01:49:19,248] {dag.py:2931} INFO - Setting next_dagrun for example_skip_dag to 2022-07-06T01:49:19.247916+00:00, run_after=2022-07-07T01:49:19.247916+00:00
[2022-07-07 01:49:19,266] {processor.py:161} INFO - Processing /home/airflow/.local/lib/python3.7/site-packages/airflow/example_dags/example_skip_dag.py took 0.089 seconds
[2022-07-07 01:49:50,125] {processor.py:153} INFO - Started process (PID=441) to work on /home/airflow/.local/lib/python3.7/site-packages/airflow/example_dags/example_skip_dag.py
[2022-07-07 01:49:50,127] {processor.py:641} INFO - Processing file /home/airflow/.local/lib/python3.7/site-packages/airflow/example_dags/example_skip_dag.py for tasks to queue
[2022-07-07 01:49:50,129] {logging_mixin.py:115} INFO - [2022-07-07 01:49:50,129] {dagbag.py:507} INFO - Filling up the DagBag from /home/airflow/.local/lib/python3.7/site-packages/airflow/example_dags/example_skip_dag.py
[2022-07-07 01:49:50,138] {processor.py:651} INFO - DAG(s) dict_keys(['example_skip_dag']) retrieved from /home/airflow/.local/lib/python3.7/site-packages/airflow/example_dags/example_skip_dag.py
[2022-07-07 01:49:50,188] {logging_mixin.py:115} INFO - [2022-07-07 01:49:50,188] {dag.py:2379} INFO - Sync 1 DAGs
[2022-07-07 01:49:50,226] {logging_mixin.py:115} INFO - [2022-07-07 01:49:50,226] {dag.py:2931} INFO - Setting next_dagrun for example_skip_dag to 2022-07-06T01:49:50.226059+00:00, run_after=2022-07-07T01:49:50.226059+00:00
[2022-07-07 01:49:50,250] {processor.py:161} INFO - Processing /home/airflow/.local/lib/python3.7/site-packages/airflow/example_dags/example_skip_dag.py took 0.144 seconds
[2022-07-07 01:50:22,711] {processor.py:153} INFO - Started process (PID=507) to work on /home/airflow/.local/lib/python3.7/site-packages/airflow/example_dags/example_skip_dag.py
[2022-07-07 01:50:22,713] {processor.py:641} INFO - Processing file /home/airflow/.local/lib/python3.7/site-packages/airflow/example_dags/example_skip_dag.py for tasks to queue
[2022-07-07 01:50:22,715] {logging_mixin.py:115} INFO - [2022-07-07 01:50:22,715] {dagbag.py:507} INFO - Filling up the DagBag from /home/airflow/.local/lib/python3.7/site-packages/airflow/example_dags/example_skip_dag.py
[2022-07-07 01:50:22,728] {processor.py:651} INFO - DAG(s) dict_keys(['example_skip_dag']) retrieved from /home/airflow/.local/lib/python3.7/site-packages/airflow/example_dags/example_skip_dag.py
[2022-07-07 01:50:22,785] {logging_mixin.py:115} INFO - [2022-07-07 01:50:22,784] {dag.py:2379} INFO - Sync 1 DAGs
[2022-07-07 01:50:22,861] {logging_mixin.py:115} INFO - [2022-07-07 01:50:22,861] {dag.py:2931} INFO - Setting next_dagrun for example_skip_dag to 2022-07-06T01:50:22.860749+00:00, run_after=2022-07-07T01:50:22.860749+00:00
[2022-07-07 01:50:22,888] {processor.py:161} INFO - Processing /home/airflow/.local/lib/python3.7/site-packages/airflow/example_dags/example_skip_dag.py took 0.182 seconds
[2022-07-07 01:50:53,723] {processor.py:153} INFO - Started process (PID=568) to work on /home/airflow/.local/lib/python3.7/site-packages/airflow/example_dags/example_skip_dag.py
[2022-07-07 01:50:53,724] {processor.py:641} INFO - Processing file /home/airflow/.local/lib/python3.7/site-packages/airflow/example_dags/example_skip_dag.py for tasks to queue
[2022-07-07 01:50:53,725] {logging_mixin.py:115} INFO - [2022-07-07 01:50:53,725] {dagbag.py:507} INFO - Filling up the DagBag from /home/airflow/.local/lib/python3.7/site-packages/airflow/example_dags/example_skip_dag.py
[2022-07-07 01:50:53,733] {processor.py:651} INFO - DAG(s) dict_keys(['example_skip_dag']) retrieved from /home/airflow/.local/lib/python3.7/site-packages/airflow/example_dags/example_skip_dag.py
[2022-07-07 01:50:53,772] {logging_mixin.py:115} INFO - [2022-07-07 01:50:53,772] {dag.py:2379} INFO - Sync 1 DAGs
[2022-07-07 01:50:53,805] {logging_mixin.py:115} INFO - [2022-07-07 01:50:53,805] {dag.py:2931} INFO - Setting next_dagrun for example_skip_dag to 2022-07-06T01:50:53.804754+00:00, run_after=2022-07-07T01:50:53.804754+00:00
[2022-07-07 01:50:53,820] {processor.py:161} INFO - Processing /home/airflow/.local/lib/python3.7/site-packages/airflow/example_dags/example_skip_dag.py took 0.103 seconds
[2022-07-07 01:51:24,279] {processor.py:153} INFO - Started process (PID=625) to work on /home/airflow/.local/lib/python3.7/site-packages/airflow/example_dags/example_skip_dag.py
[2022-07-07 01:51:24,280] {processor.py:641} INFO - Processing file /home/airflow/.local/lib/python3.7/site-packages/airflow/example_dags/example_skip_dag.py for tasks to queue
[2022-07-07 01:51:24,282] {logging_mixin.py:115} INFO - [2022-07-07 01:51:24,282] {dagbag.py:507} INFO - Filling up the DagBag from /home/airflow/.local/lib/python3.7/site-packages/airflow/example_dags/example_skip_dag.py
[2022-07-07 01:51:24,292] {processor.py:651} INFO - DAG(s) dict_keys(['example_skip_dag']) retrieved from /home/airflow/.local/lib/python3.7/site-packages/airflow/example_dags/example_skip_dag.py
[2022-07-07 01:51:24,330] {logging_mixin.py:115} INFO - [2022-07-07 01:51:24,329] {dag.py:2379} INFO - Sync 1 DAGs
[2022-07-07 01:51:24,368] {logging_mixin.py:115} INFO - [2022-07-07 01:51:24,367] {dag.py:2931} INFO - Setting next_dagrun for example_skip_dag to 2022-07-06T01:51:24.367284+00:00, run_after=2022-07-07T01:51:24.367284+00:00
[2022-07-07 01:51:24,558] {processor.py:161} INFO - Processing /home/airflow/.local/lib/python3.7/site-packages/airflow/example_dags/example_skip_dag.py took 0.285 seconds
[2022-07-07 01:51:55,084] {processor.py:153} INFO - Started process (PID=691) to work on /home/airflow/.local/lib/python3.7/site-packages/airflow/example_dags/example_skip_dag.py
[2022-07-07 01:51:55,086] {processor.py:641} INFO - Processing file /home/airflow/.local/lib/python3.7/site-packages/airflow/example_dags/example_skip_dag.py for tasks to queue
[2022-07-07 01:51:55,092] {logging_mixin.py:115} INFO - [2022-07-07 01:51:55,090] {dagbag.py:507} INFO - Filling up the DagBag from /home/airflow/.local/lib/python3.7/site-packages/airflow/example_dags/example_skip_dag.py
[2022-07-07 01:51:55,110] {processor.py:651} INFO - DAG(s) dict_keys(['example_skip_dag']) retrieved from /home/airflow/.local/lib/python3.7/site-packages/airflow/example_dags/example_skip_dag.py
[2022-07-07 01:51:55,204] {logging_mixin.py:115} INFO - [2022-07-07 01:51:55,204] {dag.py:2379} INFO - Sync 1 DAGs
[2022-07-07 01:51:55,260] {logging_mixin.py:115} INFO - [2022-07-07 01:51:55,260] {dag.py:2931} INFO - Setting next_dagrun for example_skip_dag to 2022-07-06T01:51:55.260233+00:00, run_after=2022-07-07T01:51:55.260233+00:00
[2022-07-07 01:51:55,476] {processor.py:161} INFO - Processing /home/airflow/.local/lib/python3.7/site-packages/airflow/example_dags/example_skip_dag.py took 0.398 seconds
[2022-07-07 01:54:30,086] {processor.py:153} INFO - Started process (PID=62) to work on /home/airflow/.local/lib/python3.7/site-packages/airflow/example_dags/example_skip_dag.py
[2022-07-07 01:54:30,088] {processor.py:641} INFO - Processing file /home/airflow/.local/lib/python3.7/site-packages/airflow/example_dags/example_skip_dag.py for tasks to queue
[2022-07-07 01:54:30,090] {logging_mixin.py:115} INFO - [2022-07-07 01:54:30,090] {dagbag.py:507} INFO - Filling up the DagBag from /home/airflow/.local/lib/python3.7/site-packages/airflow/example_dags/example_skip_dag.py
[2022-07-07 01:54:30,107] {processor.py:651} INFO - DAG(s) dict_keys(['example_skip_dag']) retrieved from /home/airflow/.local/lib/python3.7/site-packages/airflow/example_dags/example_skip_dag.py
[2022-07-07 01:54:30,179] {logging_mixin.py:115} INFO - [2022-07-07 01:54:30,179] {dag.py:2379} INFO - Sync 1 DAGs
[2022-07-07 01:54:30,241] {logging_mixin.py:115} INFO - [2022-07-07 01:54:30,241] {dag.py:2931} INFO - Setting next_dagrun for example_skip_dag to 2022-07-06T01:54:30.240517+00:00, run_after=2022-07-07T01:54:30.240517+00:00
[2022-07-07 01:54:30,274] {processor.py:161} INFO - Processing /home/airflow/.local/lib/python3.7/site-packages/airflow/example_dags/example_skip_dag.py took 0.192 seconds
[2022-07-07 01:55:26,466] {processor.py:153} INFO - Started process (PID=127) to work on /home/airflow/.local/lib/python3.7/site-packages/airflow/example_dags/example_skip_dag.py
[2022-07-07 01:55:26,467] {processor.py:641} INFO - Processing file /home/airflow/.local/lib/python3.7/site-packages/airflow/example_dags/example_skip_dag.py for tasks to queue
[2022-07-07 01:55:26,468] {logging_mixin.py:115} INFO - [2022-07-07 01:55:26,468] {dagbag.py:507} INFO - Filling up the DagBag from /home/airflow/.local/lib/python3.7/site-packages/airflow/example_dags/example_skip_dag.py
[2022-07-07 01:55:26,474] {processor.py:651} INFO - DAG(s) dict_keys(['example_skip_dag']) retrieved from /home/airflow/.local/lib/python3.7/site-packages/airflow/example_dags/example_skip_dag.py
[2022-07-07 01:55:26,500] {logging_mixin.py:115} INFO - [2022-07-07 01:55:26,500] {dag.py:2379} INFO - Sync 1 DAGs
[2022-07-07 01:55:26,535] {logging_mixin.py:115} INFO - [2022-07-07 01:55:26,535] {dag.py:2931} INFO - Setting next_dagrun for example_skip_dag to 2022-07-06T01:55:26.534548+00:00, run_after=2022-07-07T01:55:26.534548+00:00
[2022-07-07 01:55:26,559] {processor.py:161} INFO - Processing /home/airflow/.local/lib/python3.7/site-packages/airflow/example_dags/example_skip_dag.py took 0.096 seconds
[2022-07-07 01:57:13,272] {processor.py:153} INFO - Started process (PID=61) to work on /home/airflow/.local/lib/python3.7/site-packages/airflow/example_dags/example_skip_dag.py
[2022-07-07 01:57:13,274] {processor.py:641} INFO - Processing file /home/airflow/.local/lib/python3.7/site-packages/airflow/example_dags/example_skip_dag.py for tasks to queue
[2022-07-07 01:57:13,277] {logging_mixin.py:115} INFO - [2022-07-07 01:57:13,277] {dagbag.py:507} INFO - Filling up the DagBag from /home/airflow/.local/lib/python3.7/site-packages/airflow/example_dags/example_skip_dag.py
[2022-07-07 01:57:13,289] {processor.py:651} INFO - DAG(s) dict_keys(['example_skip_dag']) retrieved from /home/airflow/.local/lib/python3.7/site-packages/airflow/example_dags/example_skip_dag.py
[2022-07-07 01:57:13,350] {logging_mixin.py:115} INFO - [2022-07-07 01:57:13,350] {dag.py:2379} INFO - Sync 1 DAGs
[2022-07-07 01:57:13,403] {logging_mixin.py:115} INFO - [2022-07-07 01:57:13,403] {dag.py:2931} INFO - Setting next_dagrun for example_skip_dag to 2022-07-06T01:57:13.402711+00:00, run_after=2022-07-07T01:57:13.402711+00:00
[2022-07-07 01:57:13,428] {processor.py:161} INFO - Processing /home/airflow/.local/lib/python3.7/site-packages/airflow/example_dags/example_skip_dag.py took 0.161 seconds
[2022-07-07 01:58:06,567] {processor.py:153} INFO - Started process (PID=125) to work on /home/airflow/.local/lib/python3.7/site-packages/airflow/example_dags/example_skip_dag.py
[2022-07-07 01:58:06,568] {processor.py:641} INFO - Processing file /home/airflow/.local/lib/python3.7/site-packages/airflow/example_dags/example_skip_dag.py for tasks to queue
[2022-07-07 01:58:06,569] {logging_mixin.py:115} INFO - [2022-07-07 01:58:06,569] {dagbag.py:507} INFO - Filling up the DagBag from /home/airflow/.local/lib/python3.7/site-packages/airflow/example_dags/example_skip_dag.py
[2022-07-07 01:58:06,575] {processor.py:651} INFO - DAG(s) dict_keys(['example_skip_dag']) retrieved from /home/airflow/.local/lib/python3.7/site-packages/airflow/example_dags/example_skip_dag.py
[2022-07-07 01:58:06,608] {logging_mixin.py:115} INFO - [2022-07-07 01:58:06,608] {dag.py:2379} INFO - Sync 1 DAGs
[2022-07-07 01:58:06,637] {logging_mixin.py:115} INFO - [2022-07-07 01:58:06,637] {dag.py:2931} INFO - Setting next_dagrun for example_skip_dag to 2022-07-06T01:58:06.636873+00:00, run_after=2022-07-07T01:58:06.636873+00:00
[2022-07-07 01:58:06,653] {processor.py:161} INFO - Processing /home/airflow/.local/lib/python3.7/site-packages/airflow/example_dags/example_skip_dag.py took 0.089 seconds
[2022-07-07 01:58:39,270] {processor.py:153} INFO - Started process (PID=180) to work on /home/airflow/.local/lib/python3.7/site-packages/airflow/example_dags/example_skip_dag.py
[2022-07-07 01:58:39,272] {processor.py:641} INFO - Processing file /home/airflow/.local/lib/python3.7/site-packages/airflow/example_dags/example_skip_dag.py for tasks to queue
[2022-07-07 01:58:39,273] {logging_mixin.py:115} INFO - [2022-07-07 01:58:39,273] {dagbag.py:507} INFO - Filling up the DagBag from /home/airflow/.local/lib/python3.7/site-packages/airflow/example_dags/example_skip_dag.py
[2022-07-07 01:58:39,287] {processor.py:651} INFO - DAG(s) dict_keys(['example_skip_dag']) retrieved from /home/airflow/.local/lib/python3.7/site-packages/airflow/example_dags/example_skip_dag.py
[2022-07-07 01:58:39,337] {logging_mixin.py:115} INFO - [2022-07-07 01:58:39,337] {dag.py:2379} INFO - Sync 1 DAGs
[2022-07-07 01:58:39,382] {logging_mixin.py:115} INFO - [2022-07-07 01:58:39,382] {dag.py:2931} INFO - Setting next_dagrun for example_skip_dag to 2022-07-06T01:58:39.382131+00:00, run_after=2022-07-07T01:58:39.382131+00:00
[2022-07-07 01:58:39,402] {processor.py:161} INFO - Processing /home/airflow/.local/lib/python3.7/site-packages/airflow/example_dags/example_skip_dag.py took 0.137 seconds
[2022-07-07 01:59:10,016] {processor.py:153} INFO - Started process (PID=237) to work on /home/airflow/.local/lib/python3.7/site-packages/airflow/example_dags/example_skip_dag.py
[2022-07-07 01:59:10,017] {processor.py:641} INFO - Processing file /home/airflow/.local/lib/python3.7/site-packages/airflow/example_dags/example_skip_dag.py for tasks to queue
[2022-07-07 01:59:10,019] {logging_mixin.py:115} INFO - [2022-07-07 01:59:10,018] {dagbag.py:507} INFO - Filling up the DagBag from /home/airflow/.local/lib/python3.7/site-packages/airflow/example_dags/example_skip_dag.py
[2022-07-07 01:59:10,027] {processor.py:651} INFO - DAG(s) dict_keys(['example_skip_dag']) retrieved from /home/airflow/.local/lib/python3.7/site-packages/airflow/example_dags/example_skip_dag.py
[2022-07-07 01:59:10,070] {logging_mixin.py:115} INFO - [2022-07-07 01:59:10,070] {dag.py:2379} INFO - Sync 1 DAGs
[2022-07-07 01:59:10,107] {logging_mixin.py:115} INFO - [2022-07-07 01:59:10,106] {dag.py:2931} INFO - Setting next_dagrun for example_skip_dag to 2022-07-06T01:59:10.106469+00:00, run_after=2022-07-07T01:59:10.106469+00:00
[2022-07-07 01:59:10,125] {processor.py:161} INFO - Processing /home/airflow/.local/lib/python3.7/site-packages/airflow/example_dags/example_skip_dag.py took 0.113 seconds
[2022-07-07 01:59:46,928] {processor.py:153} INFO - Started process (PID=302) to work on /home/airflow/.local/lib/python3.7/site-packages/airflow/example_dags/example_skip_dag.py
[2022-07-07 01:59:46,929] {processor.py:641} INFO - Processing file /home/airflow/.local/lib/python3.7/site-packages/airflow/example_dags/example_skip_dag.py for tasks to queue
[2022-07-07 01:59:46,930] {logging_mixin.py:115} INFO - [2022-07-07 01:59:46,930] {dagbag.py:507} INFO - Filling up the DagBag from /home/airflow/.local/lib/python3.7/site-packages/airflow/example_dags/example_skip_dag.py
[2022-07-07 01:59:47,153] {processor.py:651} INFO - DAG(s) dict_keys(['example_skip_dag']) retrieved from /home/airflow/.local/lib/python3.7/site-packages/airflow/example_dags/example_skip_dag.py
[2022-07-07 01:59:47,178] {logging_mixin.py:115} INFO - [2022-07-07 01:59:47,178] {dag.py:2379} INFO - Sync 1 DAGs
[2022-07-07 01:59:47,198] {logging_mixin.py:115} INFO - [2022-07-07 01:59:47,198] {dag.py:2931} INFO - Setting next_dagrun for example_skip_dag to 2022-07-06T01:59:47.197975+00:00, run_after=2022-07-07T01:59:47.197975+00:00
[2022-07-07 01:59:47,359] {processor.py:161} INFO - Processing /home/airflow/.local/lib/python3.7/site-packages/airflow/example_dags/example_skip_dag.py took 0.433 seconds
[2022-07-07 02:00:18,068] {processor.py:153} INFO - Started process (PID=359) to work on /home/airflow/.local/lib/python3.7/site-packages/airflow/example_dags/example_skip_dag.py
[2022-07-07 02:00:18,068] {processor.py:641} INFO - Processing file /home/airflow/.local/lib/python3.7/site-packages/airflow/example_dags/example_skip_dag.py for tasks to queue
[2022-07-07 02:00:18,069] {logging_mixin.py:115} INFO - [2022-07-07 02:00:18,069] {dagbag.py:507} INFO - Filling up the DagBag from /home/airflow/.local/lib/python3.7/site-packages/airflow/example_dags/example_skip_dag.py
[2022-07-07 02:00:18,074] {processor.py:651} INFO - DAG(s) dict_keys(['example_skip_dag']) retrieved from /home/airflow/.local/lib/python3.7/site-packages/airflow/example_dags/example_skip_dag.py
[2022-07-07 02:00:18,097] {logging_mixin.py:115} INFO - [2022-07-07 02:00:18,096] {dag.py:2379} INFO - Sync 1 DAGs
[2022-07-07 02:00:18,117] {logging_mixin.py:115} INFO - [2022-07-07 02:00:18,116] {dag.py:2931} INFO - Setting next_dagrun for example_skip_dag to 2022-07-06T02:00:18.116741+00:00, run_after=2022-07-07T02:00:18.116741+00:00
[2022-07-07 02:00:18,129] {processor.py:161} INFO - Processing /home/airflow/.local/lib/python3.7/site-packages/airflow/example_dags/example_skip_dag.py took 0.064 seconds
[2022-07-07 02:00:48,441] {processor.py:153} INFO - Started process (PID=424) to work on /home/airflow/.local/lib/python3.7/site-packages/airflow/example_dags/example_skip_dag.py
[2022-07-07 02:00:48,442] {processor.py:641} INFO - Processing file /home/airflow/.local/lib/python3.7/site-packages/airflow/example_dags/example_skip_dag.py for tasks to queue
[2022-07-07 02:00:48,442] {logging_mixin.py:115} INFO - [2022-07-07 02:00:48,442] {dagbag.py:507} INFO - Filling up the DagBag from /home/airflow/.local/lib/python3.7/site-packages/airflow/example_dags/example_skip_dag.py
[2022-07-07 02:00:48,452] {processor.py:651} INFO - DAG(s) dict_keys(['example_skip_dag']) retrieved from /home/airflow/.local/lib/python3.7/site-packages/airflow/example_dags/example_skip_dag.py
[2022-07-07 02:00:48,481] {logging_mixin.py:115} INFO - [2022-07-07 02:00:48,481] {dag.py:2379} INFO - Sync 1 DAGs
[2022-07-07 02:00:48,507] {logging_mixin.py:115} INFO - [2022-07-07 02:00:48,507] {dag.py:2931} INFO - Setting next_dagrun for example_skip_dag to 2022-07-06T02:00:48.506810+00:00, run_after=2022-07-07T02:00:48.506810+00:00
[2022-07-07 02:00:48,518] {processor.py:161} INFO - Processing /home/airflow/.local/lib/python3.7/site-packages/airflow/example_dags/example_skip_dag.py took 0.081 seconds
[2022-07-07 02:01:19,341] {processor.py:153} INFO - Started process (PID=480) to work on /home/airflow/.local/lib/python3.7/site-packages/airflow/example_dags/example_skip_dag.py
[2022-07-07 02:01:19,342] {processor.py:641} INFO - Processing file /home/airflow/.local/lib/python3.7/site-packages/airflow/example_dags/example_skip_dag.py for tasks to queue
[2022-07-07 02:01:19,342] {logging_mixin.py:115} INFO - [2022-07-07 02:01:19,342] {dagbag.py:507} INFO - Filling up the DagBag from /home/airflow/.local/lib/python3.7/site-packages/airflow/example_dags/example_skip_dag.py
[2022-07-07 02:01:19,347] {processor.py:651} INFO - DAG(s) dict_keys(['example_skip_dag']) retrieved from /home/airflow/.local/lib/python3.7/site-packages/airflow/example_dags/example_skip_dag.py
[2022-07-07 02:01:19,371] {logging_mixin.py:115} INFO - [2022-07-07 02:01:19,371] {dag.py:2379} INFO - Sync 1 DAGs
[2022-07-07 02:01:19,391] {logging_mixin.py:115} INFO - [2022-07-07 02:01:19,391] {dag.py:2931} INFO - Setting next_dagrun for example_skip_dag to 2022-07-06T02:01:19.391070+00:00, run_after=2022-07-07T02:01:19.391070+00:00
[2022-07-07 02:01:19,403] {processor.py:161} INFO - Processing /home/airflow/.local/lib/python3.7/site-packages/airflow/example_dags/example_skip_dag.py took 0.065 seconds
[2022-07-07 02:01:50,191] {processor.py:153} INFO - Started process (PID=550) to work on /home/airflow/.local/lib/python3.7/site-packages/airflow/example_dags/example_skip_dag.py
[2022-07-07 02:01:50,192] {processor.py:641} INFO - Processing file /home/airflow/.local/lib/python3.7/site-packages/airflow/example_dags/example_skip_dag.py for tasks to queue
[2022-07-07 02:01:50,192] {logging_mixin.py:115} INFO - [2022-07-07 02:01:50,192] {dagbag.py:507} INFO - Filling up the DagBag from /home/airflow/.local/lib/python3.7/site-packages/airflow/example_dags/example_skip_dag.py
[2022-07-07 02:01:50,197] {processor.py:651} INFO - DAG(s) dict_keys(['example_skip_dag']) retrieved from /home/airflow/.local/lib/python3.7/site-packages/airflow/example_dags/example_skip_dag.py
[2022-07-07 02:01:50,221] {logging_mixin.py:115} INFO - [2022-07-07 02:01:50,221] {dag.py:2379} INFO - Sync 1 DAGs
[2022-07-07 02:01:50,241] {logging_mixin.py:115} INFO - [2022-07-07 02:01:50,241] {dag.py:2931} INFO - Setting next_dagrun for example_skip_dag to 2022-07-06T02:01:50.241545+00:00, run_after=2022-07-07T02:01:50.241545+00:00
[2022-07-07 02:01:50,253] {processor.py:161} INFO - Processing /home/airflow/.local/lib/python3.7/site-packages/airflow/example_dags/example_skip_dag.py took 0.065 seconds
[2022-07-07 02:02:20,575] {processor.py:153} INFO - Started process (PID=616) to work on /home/airflow/.local/lib/python3.7/site-packages/airflow/example_dags/example_skip_dag.py
[2022-07-07 02:02:20,576] {processor.py:641} INFO - Processing file /home/airflow/.local/lib/python3.7/site-packages/airflow/example_dags/example_skip_dag.py for tasks to queue
[2022-07-07 02:02:20,577] {logging_mixin.py:115} INFO - [2022-07-07 02:02:20,577] {dagbag.py:507} INFO - Filling up the DagBag from /home/airflow/.local/lib/python3.7/site-packages/airflow/example_dags/example_skip_dag.py
[2022-07-07 02:02:20,581] {processor.py:651} INFO - DAG(s) dict_keys(['example_skip_dag']) retrieved from /home/airflow/.local/lib/python3.7/site-packages/airflow/example_dags/example_skip_dag.py
[2022-07-07 02:02:20,604] {logging_mixin.py:115} INFO - [2022-07-07 02:02:20,604] {dag.py:2379} INFO - Sync 1 DAGs
[2022-07-07 02:02:20,623] {logging_mixin.py:115} INFO - [2022-07-07 02:02:20,623] {dag.py:2931} INFO - Setting next_dagrun for example_skip_dag to 2022-07-06T02:02:20.623115+00:00, run_after=2022-07-07T02:02:20.623115+00:00
[2022-07-07 02:02:20,741] {processor.py:161} INFO - Processing /home/airflow/.local/lib/python3.7/site-packages/airflow/example_dags/example_skip_dag.py took 0.168 seconds
[2022-07-07 02:02:50,923] {processor.py:153} INFO - Started process (PID=672) to work on /home/airflow/.local/lib/python3.7/site-packages/airflow/example_dags/example_skip_dag.py
[2022-07-07 02:02:50,924] {processor.py:641} INFO - Processing file /home/airflow/.local/lib/python3.7/site-packages/airflow/example_dags/example_skip_dag.py for tasks to queue
[2022-07-07 02:02:50,925] {logging_mixin.py:115} INFO - [2022-07-07 02:02:50,924] {dagbag.py:507} INFO - Filling up the DagBag from /home/airflow/.local/lib/python3.7/site-packages/airflow/example_dags/example_skip_dag.py
[2022-07-07 02:02:50,929] {processor.py:651} INFO - DAG(s) dict_keys(['example_skip_dag']) retrieved from /home/airflow/.local/lib/python3.7/site-packages/airflow/example_dags/example_skip_dag.py
[2022-07-07 02:02:50,952] {logging_mixin.py:115} INFO - [2022-07-07 02:02:50,952] {dag.py:2379} INFO - Sync 1 DAGs
[2022-07-07 02:02:50,972] {logging_mixin.py:115} INFO - [2022-07-07 02:02:50,972] {dag.py:2931} INFO - Setting next_dagrun for example_skip_dag to 2022-07-06T02:02:50.971775+00:00, run_after=2022-07-07T02:02:50.971775+00:00
[2022-07-07 02:02:51,111] {processor.py:161} INFO - Processing /home/airflow/.local/lib/python3.7/site-packages/airflow/example_dags/example_skip_dag.py took 0.191 seconds
[2022-07-07 02:03:21,270] {processor.py:153} INFO - Started process (PID=738) to work on /home/airflow/.local/lib/python3.7/site-packages/airflow/example_dags/example_skip_dag.py
[2022-07-07 02:03:21,271] {processor.py:641} INFO - Processing file /home/airflow/.local/lib/python3.7/site-packages/airflow/example_dags/example_skip_dag.py for tasks to queue
[2022-07-07 02:03:21,272] {logging_mixin.py:115} INFO - [2022-07-07 02:03:21,272] {dagbag.py:507} INFO - Filling up the DagBag from /home/airflow/.local/lib/python3.7/site-packages/airflow/example_dags/example_skip_dag.py
[2022-07-07 02:03:21,287] {processor.py:651} INFO - DAG(s) dict_keys(['example_skip_dag']) retrieved from /home/airflow/.local/lib/python3.7/site-packages/airflow/example_dags/example_skip_dag.py
[2022-07-07 02:03:21,311] {logging_mixin.py:115} INFO - [2022-07-07 02:03:21,310] {dag.py:2379} INFO - Sync 1 DAGs
[2022-07-07 02:03:21,331] {logging_mixin.py:115} INFO - [2022-07-07 02:03:21,331] {dag.py:2931} INFO - Setting next_dagrun for example_skip_dag to 2022-07-06T02:03:21.331260+00:00, run_after=2022-07-07T02:03:21.331260+00:00
[2022-07-07 02:03:21,451] {processor.py:161} INFO - Processing /home/airflow/.local/lib/python3.7/site-packages/airflow/example_dags/example_skip_dag.py took 0.184 seconds
[2022-07-07 02:03:52,112] {processor.py:153} INFO - Started process (PID=803) to work on /home/airflow/.local/lib/python3.7/site-packages/airflow/example_dags/example_skip_dag.py
[2022-07-07 02:03:52,113] {processor.py:641} INFO - Processing file /home/airflow/.local/lib/python3.7/site-packages/airflow/example_dags/example_skip_dag.py for tasks to queue
[2022-07-07 02:03:52,113] {logging_mixin.py:115} INFO - [2022-07-07 02:03:52,113] {dagbag.py:507} INFO - Filling up the DagBag from /home/airflow/.local/lib/python3.7/site-packages/airflow/example_dags/example_skip_dag.py
[2022-07-07 02:03:52,118] {processor.py:651} INFO - DAG(s) dict_keys(['example_skip_dag']) retrieved from /home/airflow/.local/lib/python3.7/site-packages/airflow/example_dags/example_skip_dag.py
[2022-07-07 02:03:52,142] {logging_mixin.py:115} INFO - [2022-07-07 02:03:52,142] {dag.py:2379} INFO - Sync 1 DAGs
[2022-07-07 02:03:52,163] {logging_mixin.py:115} INFO - [2022-07-07 02:03:52,163] {dag.py:2931} INFO - Setting next_dagrun for example_skip_dag to 2022-07-06T02:03:52.162934+00:00, run_after=2022-07-07T02:03:52.162934+00:00
[2022-07-07 02:03:52,340] {processor.py:161} INFO - Processing /home/airflow/.local/lib/python3.7/site-packages/airflow/example_dags/example_skip_dag.py took 0.231 seconds
[2022-07-07 02:04:22,531] {processor.py:153} INFO - Started process (PID=868) to work on /home/airflow/.local/lib/python3.7/site-packages/airflow/example_dags/example_skip_dag.py
[2022-07-07 02:04:22,532] {processor.py:641} INFO - Processing file /home/airflow/.local/lib/python3.7/site-packages/airflow/example_dags/example_skip_dag.py for tasks to queue
[2022-07-07 02:04:22,532] {logging_mixin.py:115} INFO - [2022-07-07 02:04:22,532] {dagbag.py:507} INFO - Filling up the DagBag from /home/airflow/.local/lib/python3.7/site-packages/airflow/example_dags/example_skip_dag.py
[2022-07-07 02:04:22,537] {processor.py:651} INFO - DAG(s) dict_keys(['example_skip_dag']) retrieved from /home/airflow/.local/lib/python3.7/site-packages/airflow/example_dags/example_skip_dag.py
[2022-07-07 02:04:22,561] {logging_mixin.py:115} INFO - [2022-07-07 02:04:22,561] {dag.py:2379} INFO - Sync 1 DAGs
[2022-07-07 02:04:22,581] {logging_mixin.py:115} INFO - [2022-07-07 02:04:22,581] {dag.py:2931} INFO - Setting next_dagrun for example_skip_dag to 2022-07-06T02:04:22.581077+00:00, run_after=2022-07-07T02:04:22.581077+00:00
[2022-07-07 02:04:22,715] {processor.py:161} INFO - Processing /home/airflow/.local/lib/python3.7/site-packages/airflow/example_dags/example_skip_dag.py took 0.187 seconds
[2022-07-07 02:04:53,131] {processor.py:153} INFO - Started process (PID=924) to work on /home/airflow/.local/lib/python3.7/site-packages/airflow/example_dags/example_skip_dag.py
[2022-07-07 02:04:53,132] {processor.py:641} INFO - Processing file /home/airflow/.local/lib/python3.7/site-packages/airflow/example_dags/example_skip_dag.py for tasks to queue
[2022-07-07 02:04:53,133] {logging_mixin.py:115} INFO - [2022-07-07 02:04:53,133] {dagbag.py:507} INFO - Filling up the DagBag from /home/airflow/.local/lib/python3.7/site-packages/airflow/example_dags/example_skip_dag.py
[2022-07-07 02:04:53,138] {processor.py:651} INFO - DAG(s) dict_keys(['example_skip_dag']) retrieved from /home/airflow/.local/lib/python3.7/site-packages/airflow/example_dags/example_skip_dag.py
[2022-07-07 02:04:53,170] {logging_mixin.py:115} INFO - [2022-07-07 02:04:53,170] {dag.py:2379} INFO - Sync 1 DAGs
[2022-07-07 02:04:53,195] {logging_mixin.py:115} INFO - [2022-07-07 02:04:53,195] {dag.py:2931} INFO - Setting next_dagrun for example_skip_dag to 2022-07-06T02:04:53.195019+00:00, run_after=2022-07-07T02:04:53.195019+00:00
[2022-07-07 02:04:53,396] {processor.py:161} INFO - Processing /home/airflow/.local/lib/python3.7/site-packages/airflow/example_dags/example_skip_dag.py took 0.268 seconds
[2022-07-07 02:05:23,448] {processor.py:153} INFO - Started process (PID=990) to work on /home/airflow/.local/lib/python3.7/site-packages/airflow/example_dags/example_skip_dag.py
[2022-07-07 02:05:23,448] {processor.py:641} INFO - Processing file /home/airflow/.local/lib/python3.7/site-packages/airflow/example_dags/example_skip_dag.py for tasks to queue
[2022-07-07 02:05:23,449] {logging_mixin.py:115} INFO - [2022-07-07 02:05:23,449] {dagbag.py:507} INFO - Filling up the DagBag from /home/airflow/.local/lib/python3.7/site-packages/airflow/example_dags/example_skip_dag.py
[2022-07-07 02:05:23,454] {processor.py:651} INFO - DAG(s) dict_keys(['example_skip_dag']) retrieved from /home/airflow/.local/lib/python3.7/site-packages/airflow/example_dags/example_skip_dag.py
[2022-07-07 02:05:23,476] {logging_mixin.py:115} INFO - [2022-07-07 02:05:23,475] {dag.py:2379} INFO - Sync 1 DAGs
[2022-07-07 02:05:23,494] {logging_mixin.py:115} INFO - [2022-07-07 02:05:23,494] {dag.py:2931} INFO - Setting next_dagrun for example_skip_dag to 2022-07-06T02:05:23.494324+00:00, run_after=2022-07-07T02:05:23.494324+00:00
[2022-07-07 02:05:23,602] {processor.py:161} INFO - Processing /home/airflow/.local/lib/python3.7/site-packages/airflow/example_dags/example_skip_dag.py took 0.157 seconds
[2022-07-07 02:05:53,839] {processor.py:153} INFO - Started process (PID=1054) to work on /home/airflow/.local/lib/python3.7/site-packages/airflow/example_dags/example_skip_dag.py
[2022-07-07 02:05:53,839] {processor.py:641} INFO - Processing file /home/airflow/.local/lib/python3.7/site-packages/airflow/example_dags/example_skip_dag.py for tasks to queue
[2022-07-07 02:05:53,840] {logging_mixin.py:115} INFO - [2022-07-07 02:05:53,840] {dagbag.py:507} INFO - Filling up the DagBag from /home/airflow/.local/lib/python3.7/site-packages/airflow/example_dags/example_skip_dag.py
[2022-07-07 02:05:53,856] {processor.py:651} INFO - DAG(s) dict_keys(['example_skip_dag']) retrieved from /home/airflow/.local/lib/python3.7/site-packages/airflow/example_dags/example_skip_dag.py
[2022-07-07 02:05:53,880] {logging_mixin.py:115} INFO - [2022-07-07 02:05:53,880] {dag.py:2379} INFO - Sync 1 DAGs
[2022-07-07 02:05:53,901] {logging_mixin.py:115} INFO - [2022-07-07 02:05:53,901] {dag.py:2931} INFO - Setting next_dagrun for example_skip_dag to 2022-07-06T02:05:53.900793+00:00, run_after=2022-07-07T02:05:53.900793+00:00
[2022-07-07 02:05:54,031] {processor.py:161} INFO - Processing /home/airflow/.local/lib/python3.7/site-packages/airflow/example_dags/example_skip_dag.py took 0.195 seconds
[2022-07-07 02:06:24,889] {processor.py:153} INFO - Started process (PID=1109) to work on /home/airflow/.local/lib/python3.7/site-packages/airflow/example_dags/example_skip_dag.py
[2022-07-07 02:06:24,889] {processor.py:641} INFO - Processing file /home/airflow/.local/lib/python3.7/site-packages/airflow/example_dags/example_skip_dag.py for tasks to queue
[2022-07-07 02:06:24,890] {logging_mixin.py:115} INFO - [2022-07-07 02:06:24,890] {dagbag.py:507} INFO - Filling up the DagBag from /home/airflow/.local/lib/python3.7/site-packages/airflow/example_dags/example_skip_dag.py
[2022-07-07 02:06:24,895] {processor.py:651} INFO - DAG(s) dict_keys(['example_skip_dag']) retrieved from /home/airflow/.local/lib/python3.7/site-packages/airflow/example_dags/example_skip_dag.py
[2022-07-07 02:06:24,925] {logging_mixin.py:115} INFO - [2022-07-07 02:06:24,924] {dag.py:2379} INFO - Sync 1 DAGs
[2022-07-07 02:06:24,945] {logging_mixin.py:115} INFO - [2022-07-07 02:06:24,945] {dag.py:2931} INFO - Setting next_dagrun for example_skip_dag to 2022-07-06T02:06:24.944820+00:00, run_after=2022-07-07T02:06:24.944820+00:00
[2022-07-07 02:06:25,084] {processor.py:161} INFO - Processing /home/airflow/.local/lib/python3.7/site-packages/airflow/example_dags/example_skip_dag.py took 0.198 seconds
[2022-07-07 02:06:55,731] {processor.py:153} INFO - Started process (PID=1176) to work on /home/airflow/.local/lib/python3.7/site-packages/airflow/example_dags/example_skip_dag.py
[2022-07-07 02:06:55,731] {processor.py:641} INFO - Processing file /home/airflow/.local/lib/python3.7/site-packages/airflow/example_dags/example_skip_dag.py for tasks to queue
[2022-07-07 02:06:55,732] {logging_mixin.py:115} INFO - [2022-07-07 02:06:55,732] {dagbag.py:507} INFO - Filling up the DagBag from /home/airflow/.local/lib/python3.7/site-packages/airflow/example_dags/example_skip_dag.py
[2022-07-07 02:06:55,737] {processor.py:651} INFO - DAG(s) dict_keys(['example_skip_dag']) retrieved from /home/airflow/.local/lib/python3.7/site-packages/airflow/example_dags/example_skip_dag.py
[2022-07-07 02:06:55,760] {logging_mixin.py:115} INFO - [2022-07-07 02:06:55,760] {dag.py:2379} INFO - Sync 1 DAGs
[2022-07-07 02:06:55,783] {logging_mixin.py:115} INFO - [2022-07-07 02:06:55,783] {dag.py:2931} INFO - Setting next_dagrun for example_skip_dag to 2022-07-06T02:06:55.782948+00:00, run_after=2022-07-07T02:06:55.782948+00:00
[2022-07-07 02:06:55,918] {processor.py:161} INFO - Processing /home/airflow/.local/lib/python3.7/site-packages/airflow/example_dags/example_skip_dag.py took 0.190 seconds
[2022-07-07 02:07:26,526] {processor.py:153} INFO - Started process (PID=1242) to work on /home/airflow/.local/lib/python3.7/site-packages/airflow/example_dags/example_skip_dag.py
[2022-07-07 02:07:26,527] {processor.py:641} INFO - Processing file /home/airflow/.local/lib/python3.7/site-packages/airflow/example_dags/example_skip_dag.py for tasks to queue
[2022-07-07 02:07:26,528] {logging_mixin.py:115} INFO - [2022-07-07 02:07:26,528] {dagbag.py:507} INFO - Filling up the DagBag from /home/airflow/.local/lib/python3.7/site-packages/airflow/example_dags/example_skip_dag.py
[2022-07-07 02:07:26,534] {processor.py:651} INFO - DAG(s) dict_keys(['example_skip_dag']) retrieved from /home/airflow/.local/lib/python3.7/site-packages/airflow/example_dags/example_skip_dag.py
[2022-07-07 02:07:26,558] {logging_mixin.py:115} INFO - [2022-07-07 02:07:26,558] {dag.py:2379} INFO - Sync 1 DAGs
[2022-07-07 02:07:26,578] {logging_mixin.py:115} INFO - [2022-07-07 02:07:26,578] {dag.py:2931} INFO - Setting next_dagrun for example_skip_dag to 2022-07-06T02:07:26.578504+00:00, run_after=2022-07-07T02:07:26.578504+00:00
[2022-07-07 02:07:26,718] {processor.py:161} INFO - Processing /home/airflow/.local/lib/python3.7/site-packages/airflow/example_dags/example_skip_dag.py took 0.194 seconds
[2022-07-07 02:07:56,953] {processor.py:153} INFO - Started process (PID=1307) to work on /home/airflow/.local/lib/python3.7/site-packages/airflow/example_dags/example_skip_dag.py
[2022-07-07 02:07:56,953] {processor.py:641} INFO - Processing file /home/airflow/.local/lib/python3.7/site-packages/airflow/example_dags/example_skip_dag.py for tasks to queue
[2022-07-07 02:07:56,954] {logging_mixin.py:115} INFO - [2022-07-07 02:07:56,954] {dagbag.py:507} INFO - Filling up the DagBag from /home/airflow/.local/lib/python3.7/site-packages/airflow/example_dags/example_skip_dag.py
[2022-07-07 02:07:56,959] {processor.py:651} INFO - DAG(s) dict_keys(['example_skip_dag']) retrieved from /home/airflow/.local/lib/python3.7/site-packages/airflow/example_dags/example_skip_dag.py
[2022-07-07 02:07:56,986] {logging_mixin.py:115} INFO - [2022-07-07 02:07:56,986] {dag.py:2379} INFO - Sync 1 DAGs
[2022-07-07 02:07:57,009] {logging_mixin.py:115} INFO - [2022-07-07 02:07:57,009] {dag.py:2931} INFO - Setting next_dagrun for example_skip_dag to 2022-07-06T02:07:57.008746+00:00, run_after=2022-07-07T02:07:57.008746+00:00
[2022-07-07 02:07:57,149] {processor.py:161} INFO - Processing /home/airflow/.local/lib/python3.7/site-packages/airflow/example_dags/example_skip_dag.py took 0.199 seconds
[2022-07-07 02:08:27,456] {processor.py:153} INFO - Started process (PID=1362) to work on /home/airflow/.local/lib/python3.7/site-packages/airflow/example_dags/example_skip_dag.py
[2022-07-07 02:08:27,457] {processor.py:641} INFO - Processing file /home/airflow/.local/lib/python3.7/site-packages/airflow/example_dags/example_skip_dag.py for tasks to queue
[2022-07-07 02:08:27,458] {logging_mixin.py:115} INFO - [2022-07-07 02:08:27,458] {dagbag.py:507} INFO - Filling up the DagBag from /home/airflow/.local/lib/python3.7/site-packages/airflow/example_dags/example_skip_dag.py
[2022-07-07 02:08:27,466] {processor.py:651} INFO - DAG(s) dict_keys(['example_skip_dag']) retrieved from /home/airflow/.local/lib/python3.7/site-packages/airflow/example_dags/example_skip_dag.py
[2022-07-07 02:08:27,551] {logging_mixin.py:115} INFO - [2022-07-07 02:08:27,551] {dag.py:2379} INFO - Sync 1 DAGs
[2022-07-07 02:08:27,590] {logging_mixin.py:115} INFO - [2022-07-07 02:08:27,590] {dag.py:2931} INFO - Setting next_dagrun for example_skip_dag to 2022-07-06T02:08:27.590185+00:00, run_after=2022-07-07T02:08:27.590185+00:00
[2022-07-07 02:08:27,779] {processor.py:161} INFO - Processing /home/airflow/.local/lib/python3.7/site-packages/airflow/example_dags/example_skip_dag.py took 0.329 seconds
[2022-07-07 02:08:58,003] {processor.py:153} INFO - Started process (PID=1429) to work on /home/airflow/.local/lib/python3.7/site-packages/airflow/example_dags/example_skip_dag.py
[2022-07-07 02:08:58,005] {processor.py:641} INFO - Processing file /home/airflow/.local/lib/python3.7/site-packages/airflow/example_dags/example_skip_dag.py for tasks to queue
[2022-07-07 02:08:58,006] {logging_mixin.py:115} INFO - [2022-07-07 02:08:58,005] {dagbag.py:507} INFO - Filling up the DagBag from /home/airflow/.local/lib/python3.7/site-packages/airflow/example_dags/example_skip_dag.py
[2022-07-07 02:08:58,014] {processor.py:651} INFO - DAG(s) dict_keys(['example_skip_dag']) retrieved from /home/airflow/.local/lib/python3.7/site-packages/airflow/example_dags/example_skip_dag.py
[2022-07-07 02:08:58,050] {logging_mixin.py:115} INFO - [2022-07-07 02:08:58,050] {dag.py:2379} INFO - Sync 1 DAGs
[2022-07-07 02:08:58,093] {logging_mixin.py:115} INFO - [2022-07-07 02:08:58,092] {dag.py:2931} INFO - Setting next_dagrun for example_skip_dag to 2022-07-06T02:08:58.092337+00:00, run_after=2022-07-07T02:08:58.092337+00:00
[2022-07-07 02:08:58,295] {processor.py:161} INFO - Processing /home/airflow/.local/lib/python3.7/site-packages/airflow/example_dags/example_skip_dag.py took 0.295 seconds
[2022-07-07 02:09:28,412] {processor.py:153} INFO - Started process (PID=1495) to work on /home/airflow/.local/lib/python3.7/site-packages/airflow/example_dags/example_skip_dag.py
[2022-07-07 02:09:28,415] {processor.py:641} INFO - Processing file /home/airflow/.local/lib/python3.7/site-packages/airflow/example_dags/example_skip_dag.py for tasks to queue
[2022-07-07 02:09:28,419] {logging_mixin.py:115} INFO - [2022-07-07 02:09:28,418] {dagbag.py:507} INFO - Filling up the DagBag from /home/airflow/.local/lib/python3.7/site-packages/airflow/example_dags/example_skip_dag.py
[2022-07-07 02:09:28,429] {processor.py:651} INFO - DAG(s) dict_keys(['example_skip_dag']) retrieved from /home/airflow/.local/lib/python3.7/site-packages/airflow/example_dags/example_skip_dag.py
[2022-07-07 02:09:28,471] {logging_mixin.py:115} INFO - [2022-07-07 02:09:28,471] {dag.py:2379} INFO - Sync 1 DAGs
[2022-07-07 02:09:28,503] {logging_mixin.py:115} INFO - [2022-07-07 02:09:28,503] {dag.py:2931} INFO - Setting next_dagrun for example_skip_dag to 2022-07-06T02:09:28.501276+00:00, run_after=2022-07-07T02:09:28.501276+00:00
[2022-07-07 02:09:28,661] {processor.py:161} INFO - Processing /home/airflow/.local/lib/python3.7/site-packages/airflow/example_dags/example_skip_dag.py took 0.256 seconds
[2022-07-07 02:09:59,663] {processor.py:153} INFO - Started process (PID=1551) to work on /home/airflow/.local/lib/python3.7/site-packages/airflow/example_dags/example_skip_dag.py
[2022-07-07 02:09:59,664] {processor.py:641} INFO - Processing file /home/airflow/.local/lib/python3.7/site-packages/airflow/example_dags/example_skip_dag.py for tasks to queue
[2022-07-07 02:09:59,665] {logging_mixin.py:115} INFO - [2022-07-07 02:09:59,665] {dagbag.py:507} INFO - Filling up the DagBag from /home/airflow/.local/lib/python3.7/site-packages/airflow/example_dags/example_skip_dag.py
[2022-07-07 02:09:59,669] {processor.py:651} INFO - DAG(s) dict_keys(['example_skip_dag']) retrieved from /home/airflow/.local/lib/python3.7/site-packages/airflow/example_dags/example_skip_dag.py
[2022-07-07 02:09:59,692] {logging_mixin.py:115} INFO - [2022-07-07 02:09:59,692] {dag.py:2379} INFO - Sync 1 DAGs
[2022-07-07 02:09:59,712] {logging_mixin.py:115} INFO - [2022-07-07 02:09:59,712] {dag.py:2931} INFO - Setting next_dagrun for example_skip_dag to 2022-07-06T02:09:59.712251+00:00, run_after=2022-07-07T02:09:59.712251+00:00
[2022-07-07 02:09:59,858] {processor.py:161} INFO - Processing /home/airflow/.local/lib/python3.7/site-packages/airflow/example_dags/example_skip_dag.py took 0.198 seconds
[2022-07-07 02:10:30,010] {processor.py:153} INFO - Started process (PID=1617) to work on /home/airflow/.local/lib/python3.7/site-packages/airflow/example_dags/example_skip_dag.py
[2022-07-07 02:10:30,011] {processor.py:641} INFO - Processing file /home/airflow/.local/lib/python3.7/site-packages/airflow/example_dags/example_skip_dag.py for tasks to queue
[2022-07-07 02:10:30,012] {logging_mixin.py:115} INFO - [2022-07-07 02:10:30,012] {dagbag.py:507} INFO - Filling up the DagBag from /home/airflow/.local/lib/python3.7/site-packages/airflow/example_dags/example_skip_dag.py
[2022-07-07 02:10:30,017] {processor.py:651} INFO - DAG(s) dict_keys(['example_skip_dag']) retrieved from /home/airflow/.local/lib/python3.7/site-packages/airflow/example_dags/example_skip_dag.py
[2022-07-07 02:10:30,040] {logging_mixin.py:115} INFO - [2022-07-07 02:10:30,040] {dag.py:2379} INFO - Sync 1 DAGs
[2022-07-07 02:10:30,060] {logging_mixin.py:115} INFO - [2022-07-07 02:10:30,060] {dag.py:2931} INFO - Setting next_dagrun for example_skip_dag to 2022-07-06T02:10:30.059877+00:00, run_after=2022-07-07T02:10:30.059877+00:00
[2022-07-07 02:10:30,195] {processor.py:161} INFO - Processing /home/airflow/.local/lib/python3.7/site-packages/airflow/example_dags/example_skip_dag.py took 0.187 seconds
[2022-07-07 02:11:00,447] {processor.py:153} INFO - Started process (PID=1682) to work on /home/airflow/.local/lib/python3.7/site-packages/airflow/example_dags/example_skip_dag.py
[2022-07-07 02:11:00,447] {processor.py:641} INFO - Processing file /home/airflow/.local/lib/python3.7/site-packages/airflow/example_dags/example_skip_dag.py for tasks to queue
[2022-07-07 02:11:00,448] {logging_mixin.py:115} INFO - [2022-07-07 02:11:00,448] {dagbag.py:507} INFO - Filling up the DagBag from /home/airflow/.local/lib/python3.7/site-packages/airflow/example_dags/example_skip_dag.py
[2022-07-07 02:11:00,452] {processor.py:651} INFO - DAG(s) dict_keys(['example_skip_dag']) retrieved from /home/airflow/.local/lib/python3.7/site-packages/airflow/example_dags/example_skip_dag.py
[2022-07-07 02:11:00,481] {logging_mixin.py:115} INFO - [2022-07-07 02:11:00,481] {dag.py:2379} INFO - Sync 1 DAGs
[2022-07-07 02:11:00,508] {logging_mixin.py:115} INFO - [2022-07-07 02:11:00,508] {dag.py:2931} INFO - Setting next_dagrun for example_skip_dag to 2022-07-06T02:11:00.507849+00:00, run_after=2022-07-07T02:11:00.507849+00:00
[2022-07-07 02:11:00,661] {processor.py:161} INFO - Processing /home/airflow/.local/lib/python3.7/site-packages/airflow/example_dags/example_skip_dag.py took 0.217 seconds
[2022-07-07 02:11:30,790] {processor.py:153} INFO - Started process (PID=1738) to work on /home/airflow/.local/lib/python3.7/site-packages/airflow/example_dags/example_skip_dag.py
[2022-07-07 02:11:30,790] {processor.py:641} INFO - Processing file /home/airflow/.local/lib/python3.7/site-packages/airflow/example_dags/example_skip_dag.py for tasks to queue
[2022-07-07 02:11:30,791] {logging_mixin.py:115} INFO - [2022-07-07 02:11:30,791] {dagbag.py:507} INFO - Filling up the DagBag from /home/airflow/.local/lib/python3.7/site-packages/airflow/example_dags/example_skip_dag.py
[2022-07-07 02:11:30,796] {processor.py:651} INFO - DAG(s) dict_keys(['example_skip_dag']) retrieved from /home/airflow/.local/lib/python3.7/site-packages/airflow/example_dags/example_skip_dag.py
[2022-07-07 02:11:30,820] {logging_mixin.py:115} INFO - [2022-07-07 02:11:30,820] {dag.py:2379} INFO - Sync 1 DAGs
[2022-07-07 02:11:30,840] {logging_mixin.py:115} INFO - [2022-07-07 02:11:30,840] {dag.py:2931} INFO - Setting next_dagrun for example_skip_dag to 2022-07-06T02:11:30.839916+00:00, run_after=2022-07-07T02:11:30.839916+00:00
[2022-07-07 02:11:30,965] {processor.py:161} INFO - Processing /home/airflow/.local/lib/python3.7/site-packages/airflow/example_dags/example_skip_dag.py took 0.179 seconds
[2022-07-07 02:12:01,248] {processor.py:153} INFO - Started process (PID=1804) to work on /home/airflow/.local/lib/python3.7/site-packages/airflow/example_dags/example_skip_dag.py
[2022-07-07 02:12:01,250] {processor.py:641} INFO - Processing file /home/airflow/.local/lib/python3.7/site-packages/airflow/example_dags/example_skip_dag.py for tasks to queue
[2022-07-07 02:12:01,252] {logging_mixin.py:115} INFO - [2022-07-07 02:12:01,252] {dagbag.py:507} INFO - Filling up the DagBag from /home/airflow/.local/lib/python3.7/site-packages/airflow/example_dags/example_skip_dag.py
[2022-07-07 02:12:01,258] {processor.py:651} INFO - DAG(s) dict_keys(['example_skip_dag']) retrieved from /home/airflow/.local/lib/python3.7/site-packages/airflow/example_dags/example_skip_dag.py
[2022-07-07 02:12:01,299] {logging_mixin.py:115} INFO - [2022-07-07 02:12:01,299] {dag.py:2379} INFO - Sync 1 DAGs
[2022-07-07 02:12:01,338] {logging_mixin.py:115} INFO - [2022-07-07 02:12:01,338] {dag.py:2931} INFO - Setting next_dagrun for example_skip_dag to 2022-07-06T02:12:01.337749+00:00, run_after=2022-07-07T02:12:01.337749+00:00
[2022-07-07 02:12:01,534] {processor.py:161} INFO - Processing /home/airflow/.local/lib/python3.7/site-packages/airflow/example_dags/example_skip_dag.py took 0.291 seconds
[2022-07-07 02:12:31,971] {processor.py:153} INFO - Started process (PID=1870) to work on /home/airflow/.local/lib/python3.7/site-packages/airflow/example_dags/example_skip_dag.py
[2022-07-07 02:12:31,972] {processor.py:641} INFO - Processing file /home/airflow/.local/lib/python3.7/site-packages/airflow/example_dags/example_skip_dag.py for tasks to queue
[2022-07-07 02:12:31,973] {logging_mixin.py:115} INFO - [2022-07-07 02:12:31,973] {dagbag.py:507} INFO - Filling up the DagBag from /home/airflow/.local/lib/python3.7/site-packages/airflow/example_dags/example_skip_dag.py
[2022-07-07 02:12:31,978] {processor.py:651} INFO - DAG(s) dict_keys(['example_skip_dag']) retrieved from /home/airflow/.local/lib/python3.7/site-packages/airflow/example_dags/example_skip_dag.py
[2022-07-07 02:12:32,002] {logging_mixin.py:115} INFO - [2022-07-07 02:12:32,002] {dag.py:2379} INFO - Sync 1 DAGs
[2022-07-07 02:12:32,125] {logging_mixin.py:115} INFO - [2022-07-07 02:12:32,125] {dag.py:2931} INFO - Setting next_dagrun for example_skip_dag to 2022-07-06T02:12:32.125255+00:00, run_after=2022-07-07T02:12:32.125255+00:00
[2022-07-07 02:12:32,137] {processor.py:161} INFO - Processing /home/airflow/.local/lib/python3.7/site-packages/airflow/example_dags/example_skip_dag.py took 0.169 seconds
[2022-07-07 02:13:02,371] {processor.py:153} INFO - Started process (PID=1934) to work on /home/airflow/.local/lib/python3.7/site-packages/airflow/example_dags/example_skip_dag.py
[2022-07-07 02:13:02,372] {processor.py:641} INFO - Processing file /home/airflow/.local/lib/python3.7/site-packages/airflow/example_dags/example_skip_dag.py for tasks to queue
[2022-07-07 02:13:02,373] {logging_mixin.py:115} INFO - [2022-07-07 02:13:02,372] {dagbag.py:507} INFO - Filling up the DagBag from /home/airflow/.local/lib/python3.7/site-packages/airflow/example_dags/example_skip_dag.py
[2022-07-07 02:13:02,381] {processor.py:651} INFO - DAG(s) dict_keys(['example_skip_dag']) retrieved from /home/airflow/.local/lib/python3.7/site-packages/airflow/example_dags/example_skip_dag.py
[2022-07-07 02:13:02,417] {logging_mixin.py:115} INFO - [2022-07-07 02:13:02,417] {dag.py:2379} INFO - Sync 1 DAGs
[2022-07-07 02:13:02,555] {logging_mixin.py:115} INFO - [2022-07-07 02:13:02,555] {dag.py:2931} INFO - Setting next_dagrun for example_skip_dag to 2022-07-06T02:13:02.555191+00:00, run_after=2022-07-07T02:13:02.555191+00:00
[2022-07-07 02:13:02,568] {processor.py:161} INFO - Processing /home/airflow/.local/lib/python3.7/site-packages/airflow/example_dags/example_skip_dag.py took 0.201 seconds
[2022-07-07 02:13:32,648] {processor.py:153} INFO - Started process (PID=1989) to work on /home/airflow/.local/lib/python3.7/site-packages/airflow/example_dags/example_skip_dag.py
[2022-07-07 02:13:32,649] {processor.py:641} INFO - Processing file /home/airflow/.local/lib/python3.7/site-packages/airflow/example_dags/example_skip_dag.py for tasks to queue
[2022-07-07 02:13:32,650] {logging_mixin.py:115} INFO - [2022-07-07 02:13:32,650] {dagbag.py:507} INFO - Filling up the DagBag from /home/airflow/.local/lib/python3.7/site-packages/airflow/example_dags/example_skip_dag.py
[2022-07-07 02:13:32,655] {processor.py:651} INFO - DAG(s) dict_keys(['example_skip_dag']) retrieved from /home/airflow/.local/lib/python3.7/site-packages/airflow/example_dags/example_skip_dag.py
[2022-07-07 02:13:32,679] {logging_mixin.py:115} INFO - [2022-07-07 02:13:32,679] {dag.py:2379} INFO - Sync 1 DAGs
[2022-07-07 02:13:32,825] {logging_mixin.py:115} INFO - [2022-07-07 02:13:32,825] {dag.py:2931} INFO - Setting next_dagrun for example_skip_dag to 2022-07-06T02:13:32.825060+00:00, run_after=2022-07-07T02:13:32.825060+00:00
[2022-07-07 02:13:32,838] {processor.py:161} INFO - Processing /home/airflow/.local/lib/python3.7/site-packages/airflow/example_dags/example_skip_dag.py took 0.193 seconds
[2022-07-07 02:14:03,334] {processor.py:153} INFO - Started process (PID=2054) to work on /home/airflow/.local/lib/python3.7/site-packages/airflow/example_dags/example_skip_dag.py
[2022-07-07 02:14:03,335] {processor.py:641} INFO - Processing file /home/airflow/.local/lib/python3.7/site-packages/airflow/example_dags/example_skip_dag.py for tasks to queue
[2022-07-07 02:14:03,336] {logging_mixin.py:115} INFO - [2022-07-07 02:14:03,336] {dagbag.py:507} INFO - Filling up the DagBag from /home/airflow/.local/lib/python3.7/site-packages/airflow/example_dags/example_skip_dag.py
[2022-07-07 02:14:03,342] {processor.py:651} INFO - DAG(s) dict_keys(['example_skip_dag']) retrieved from /home/airflow/.local/lib/python3.7/site-packages/airflow/example_dags/example_skip_dag.py
[2022-07-07 02:14:03,378] {logging_mixin.py:115} INFO - [2022-07-07 02:14:03,377] {dag.py:2379} INFO - Sync 1 DAGs
[2022-07-07 02:14:03,582] {logging_mixin.py:115} INFO - [2022-07-07 02:14:03,582] {dag.py:2931} INFO - Setting next_dagrun for example_skip_dag to 2022-07-06T02:14:03.582716+00:00, run_after=2022-07-07T02:14:03.582716+00:00
[2022-07-07 02:14:03,594] {processor.py:161} INFO - Processing /home/airflow/.local/lib/python3.7/site-packages/airflow/example_dags/example_skip_dag.py took 0.265 seconds
[2022-07-07 02:14:33,945] {processor.py:153} INFO - Started process (PID=2119) to work on /home/airflow/.local/lib/python3.7/site-packages/airflow/example_dags/example_skip_dag.py
[2022-07-07 02:14:33,946] {processor.py:641} INFO - Processing file /home/airflow/.local/lib/python3.7/site-packages/airflow/example_dags/example_skip_dag.py for tasks to queue
[2022-07-07 02:14:33,946] {logging_mixin.py:115} INFO - [2022-07-07 02:14:33,946] {dagbag.py:507} INFO - Filling up the DagBag from /home/airflow/.local/lib/python3.7/site-packages/airflow/example_dags/example_skip_dag.py
[2022-07-07 02:14:33,951] {processor.py:651} INFO - DAG(s) dict_keys(['example_skip_dag']) retrieved from /home/airflow/.local/lib/python3.7/site-packages/airflow/example_dags/example_skip_dag.py
[2022-07-07 02:14:33,974] {logging_mixin.py:115} INFO - [2022-07-07 02:14:33,973] {dag.py:2379} INFO - Sync 1 DAGs
[2022-07-07 02:14:34,114] {logging_mixin.py:115} INFO - [2022-07-07 02:14:34,114] {dag.py:2931} INFO - Setting next_dagrun for example_skip_dag to 2022-07-06T02:14:34.114243+00:00, run_after=2022-07-07T02:14:34.114243+00:00
[2022-07-07 02:14:34,126] {processor.py:161} INFO - Processing /home/airflow/.local/lib/python3.7/site-packages/airflow/example_dags/example_skip_dag.py took 0.184 seconds
[2022-07-07 02:15:04,220] {processor.py:153} INFO - Started process (PID=2174) to work on /home/airflow/.local/lib/python3.7/site-packages/airflow/example_dags/example_skip_dag.py
[2022-07-07 02:15:04,221] {processor.py:641} INFO - Processing file /home/airflow/.local/lib/python3.7/site-packages/airflow/example_dags/example_skip_dag.py for tasks to queue
[2022-07-07 02:15:04,221] {logging_mixin.py:115} INFO - [2022-07-07 02:15:04,221] {dagbag.py:507} INFO - Filling up the DagBag from /home/airflow/.local/lib/python3.7/site-packages/airflow/example_dags/example_skip_dag.py
[2022-07-07 02:15:04,226] {processor.py:651} INFO - DAG(s) dict_keys(['example_skip_dag']) retrieved from /home/airflow/.local/lib/python3.7/site-packages/airflow/example_dags/example_skip_dag.py
[2022-07-07 02:15:04,249] {logging_mixin.py:115} INFO - [2022-07-07 02:15:04,249] {dag.py:2379} INFO - Sync 1 DAGs
[2022-07-07 02:15:04,392] {logging_mixin.py:115} INFO - [2022-07-07 02:15:04,392] {dag.py:2931} INFO - Setting next_dagrun for example_skip_dag to 2022-07-06T02:15:04.392209+00:00, run_after=2022-07-07T02:15:04.392209+00:00
[2022-07-07 02:15:04,403] {processor.py:161} INFO - Processing /home/airflow/.local/lib/python3.7/site-packages/airflow/example_dags/example_skip_dag.py took 0.185 seconds
[2022-07-07 02:15:34,768] {processor.py:153} INFO - Started process (PID=2239) to work on /home/airflow/.local/lib/python3.7/site-packages/airflow/example_dags/example_skip_dag.py
[2022-07-07 02:15:34,768] {processor.py:641} INFO - Processing file /home/airflow/.local/lib/python3.7/site-packages/airflow/example_dags/example_skip_dag.py for tasks to queue
[2022-07-07 02:15:34,769] {logging_mixin.py:115} INFO - [2022-07-07 02:15:34,769] {dagbag.py:507} INFO - Filling up the DagBag from /home/airflow/.local/lib/python3.7/site-packages/airflow/example_dags/example_skip_dag.py
[2022-07-07 02:15:34,773] {processor.py:651} INFO - DAG(s) dict_keys(['example_skip_dag']) retrieved from /home/airflow/.local/lib/python3.7/site-packages/airflow/example_dags/example_skip_dag.py
[2022-07-07 02:15:34,796] {logging_mixin.py:115} INFO - [2022-07-07 02:15:34,796] {dag.py:2379} INFO - Sync 1 DAGs
[2022-07-07 02:15:34,924] {logging_mixin.py:115} INFO - [2022-07-07 02:15:34,924] {dag.py:2931} INFO - Setting next_dagrun for example_skip_dag to 2022-07-06T02:15:34.923946+00:00, run_after=2022-07-07T02:15:34.923946+00:00
[2022-07-07 02:15:34,942] {processor.py:161} INFO - Processing /home/airflow/.local/lib/python3.7/site-packages/airflow/example_dags/example_skip_dag.py took 0.177 seconds
[2022-07-07 02:16:05,268] {processor.py:153} INFO - Started process (PID=2304) to work on /home/airflow/.local/lib/python3.7/site-packages/airflow/example_dags/example_skip_dag.py
[2022-07-07 02:16:05,269] {processor.py:641} INFO - Processing file /home/airflow/.local/lib/python3.7/site-packages/airflow/example_dags/example_skip_dag.py for tasks to queue
[2022-07-07 02:16:05,269] {logging_mixin.py:115} INFO - [2022-07-07 02:16:05,269] {dagbag.py:507} INFO - Filling up the DagBag from /home/airflow/.local/lib/python3.7/site-packages/airflow/example_dags/example_skip_dag.py
[2022-07-07 02:16:05,275] {processor.py:651} INFO - DAG(s) dict_keys(['example_skip_dag']) retrieved from /home/airflow/.local/lib/python3.7/site-packages/airflow/example_dags/example_skip_dag.py
[2022-07-07 02:16:05,303] {logging_mixin.py:115} INFO - [2022-07-07 02:16:05,303] {dag.py:2379} INFO - Sync 1 DAGs
[2022-07-07 02:16:05,450] {logging_mixin.py:115} INFO - [2022-07-07 02:16:05,450] {dag.py:2931} INFO - Setting next_dagrun for example_skip_dag to 2022-07-06T02:16:05.450310+00:00, run_after=2022-07-07T02:16:05.450310+00:00
[2022-07-07 02:16:05,470] {processor.py:161} INFO - Processing /home/airflow/.local/lib/python3.7/site-packages/airflow/example_dags/example_skip_dag.py took 0.206 seconds
[2022-07-07 02:16:36,137] {processor.py:153} INFO - Started process (PID=2370) to work on /home/airflow/.local/lib/python3.7/site-packages/airflow/example_dags/example_skip_dag.py
[2022-07-07 02:16:36,138] {processor.py:641} INFO - Processing file /home/airflow/.local/lib/python3.7/site-packages/airflow/example_dags/example_skip_dag.py for tasks to queue
[2022-07-07 02:16:36,139] {logging_mixin.py:115} INFO - [2022-07-07 02:16:36,139] {dagbag.py:507} INFO - Filling up the DagBag from /home/airflow/.local/lib/python3.7/site-packages/airflow/example_dags/example_skip_dag.py
[2022-07-07 02:16:36,147] {processor.py:651} INFO - DAG(s) dict_keys(['example_skip_dag']) retrieved from /home/airflow/.local/lib/python3.7/site-packages/airflow/example_dags/example_skip_dag.py
[2022-07-07 02:16:36,194] {logging_mixin.py:115} INFO - [2022-07-07 02:16:36,193] {dag.py:2379} INFO - Sync 1 DAGs
[2022-07-07 02:16:36,405] {logging_mixin.py:115} INFO - [2022-07-07 02:16:36,405] {dag.py:2931} INFO - Setting next_dagrun for example_skip_dag to 2022-07-06T02:16:36.405187+00:00, run_after=2022-07-07T02:16:36.405187+00:00
[2022-07-07 02:16:36,422] {processor.py:161} INFO - Processing /home/airflow/.local/lib/python3.7/site-packages/airflow/example_dags/example_skip_dag.py took 0.289 seconds
[2022-07-07 02:17:06,518] {processor.py:153} INFO - Started process (PID=2425) to work on /home/airflow/.local/lib/python3.7/site-packages/airflow/example_dags/example_skip_dag.py
[2022-07-07 02:17:06,519] {processor.py:641} INFO - Processing file /home/airflow/.local/lib/python3.7/site-packages/airflow/example_dags/example_skip_dag.py for tasks to queue
[2022-07-07 02:17:06,519] {logging_mixin.py:115} INFO - [2022-07-07 02:17:06,519] {dagbag.py:507} INFO - Filling up the DagBag from /home/airflow/.local/lib/python3.7/site-packages/airflow/example_dags/example_skip_dag.py
[2022-07-07 02:17:06,524] {processor.py:651} INFO - DAG(s) dict_keys(['example_skip_dag']) retrieved from /home/airflow/.local/lib/python3.7/site-packages/airflow/example_dags/example_skip_dag.py
[2022-07-07 02:17:06,545] {logging_mixin.py:115} INFO - [2022-07-07 02:17:06,545] {dag.py:2379} INFO - Sync 1 DAGs
[2022-07-07 02:17:06,661] {logging_mixin.py:115} INFO - [2022-07-07 02:17:06,661] {dag.py:2931} INFO - Setting next_dagrun for example_skip_dag to 2022-07-06T02:17:06.660864+00:00, run_after=2022-07-07T02:17:06.660864+00:00
[2022-07-07 02:17:06,688] {processor.py:161} INFO - Processing /home/airflow/.local/lib/python3.7/site-packages/airflow/example_dags/example_skip_dag.py took 0.173 seconds
[2022-07-07 02:17:36,913] {processor.py:153} INFO - Started process (PID=2492) to work on /home/airflow/.local/lib/python3.7/site-packages/airflow/example_dags/example_skip_dag.py
[2022-07-07 02:17:36,914] {processor.py:641} INFO - Processing file /home/airflow/.local/lib/python3.7/site-packages/airflow/example_dags/example_skip_dag.py for tasks to queue
[2022-07-07 02:17:36,915] {logging_mixin.py:115} INFO - [2022-07-07 02:17:36,915] {dagbag.py:507} INFO - Filling up the DagBag from /home/airflow/.local/lib/python3.7/site-packages/airflow/example_dags/example_skip_dag.py
[2022-07-07 02:17:36,919] {processor.py:651} INFO - DAG(s) dict_keys(['example_skip_dag']) retrieved from /home/airflow/.local/lib/python3.7/site-packages/airflow/example_dags/example_skip_dag.py
[2022-07-07 02:17:36,940] {logging_mixin.py:115} INFO - [2022-07-07 02:17:36,940] {dag.py:2379} INFO - Sync 1 DAGs
[2022-07-07 02:17:37,056] {logging_mixin.py:115} INFO - [2022-07-07 02:17:37,056] {dag.py:2931} INFO - Setting next_dagrun for example_skip_dag to 2022-07-06T02:17:37.055957+00:00, run_after=2022-07-07T02:17:37.055957+00:00
[2022-07-07 02:17:37,070] {processor.py:161} INFO - Processing /home/airflow/.local/lib/python3.7/site-packages/airflow/example_dags/example_skip_dag.py took 0.159 seconds
[2022-07-07 02:18:07,394] {processor.py:153} INFO - Started process (PID=2557) to work on /home/airflow/.local/lib/python3.7/site-packages/airflow/example_dags/example_skip_dag.py
[2022-07-07 02:18:07,394] {processor.py:641} INFO - Processing file /home/airflow/.local/lib/python3.7/site-packages/airflow/example_dags/example_skip_dag.py for tasks to queue
[2022-07-07 02:18:07,395] {logging_mixin.py:115} INFO - [2022-07-07 02:18:07,395] {dagbag.py:507} INFO - Filling up the DagBag from /home/airflow/.local/lib/python3.7/site-packages/airflow/example_dags/example_skip_dag.py
[2022-07-07 02:18:07,399] {processor.py:651} INFO - DAG(s) dict_keys(['example_skip_dag']) retrieved from /home/airflow/.local/lib/python3.7/site-packages/airflow/example_dags/example_skip_dag.py
[2022-07-07 02:18:07,423] {logging_mixin.py:115} INFO - [2022-07-07 02:18:07,422] {dag.py:2379} INFO - Sync 1 DAGs
[2022-07-07 02:18:07,570] {logging_mixin.py:115} INFO - [2022-07-07 02:18:07,570] {dag.py:2931} INFO - Setting next_dagrun for example_skip_dag to 2022-07-06T02:18:07.570338+00:00, run_after=2022-07-07T02:18:07.570338+00:00
[2022-07-07 02:18:07,581] {processor.py:161} INFO - Processing /home/airflow/.local/lib/python3.7/site-packages/airflow/example_dags/example_skip_dag.py took 0.190 seconds
[2022-07-07 02:18:37,780] {processor.py:153} INFO - Started process (PID=2613) to work on /home/airflow/.local/lib/python3.7/site-packages/airflow/example_dags/example_skip_dag.py
[2022-07-07 02:18:37,781] {processor.py:641} INFO - Processing file /home/airflow/.local/lib/python3.7/site-packages/airflow/example_dags/example_skip_dag.py for tasks to queue
[2022-07-07 02:18:37,782] {logging_mixin.py:115} INFO - [2022-07-07 02:18:37,782] {dagbag.py:507} INFO - Filling up the DagBag from /home/airflow/.local/lib/python3.7/site-packages/airflow/example_dags/example_skip_dag.py
[2022-07-07 02:18:37,788] {processor.py:651} INFO - DAG(s) dict_keys(['example_skip_dag']) retrieved from /home/airflow/.local/lib/python3.7/site-packages/airflow/example_dags/example_skip_dag.py
[2022-07-07 02:18:37,814] {logging_mixin.py:115} INFO - [2022-07-07 02:18:37,814] {dag.py:2379} INFO - Sync 1 DAGs
[2022-07-07 02:18:37,997] {logging_mixin.py:115} INFO - [2022-07-07 02:18:37,997] {dag.py:2931} INFO - Setting next_dagrun for example_skip_dag to 2022-07-06T02:18:37.997002+00:00, run_after=2022-07-07T02:18:37.997002+00:00
[2022-07-07 02:18:38,010] {processor.py:161} INFO - Processing /home/airflow/.local/lib/python3.7/site-packages/airflow/example_dags/example_skip_dag.py took 0.233 seconds
[2022-07-07 02:19:08,601] {processor.py:153} INFO - Started process (PID=2679) to work on /home/airflow/.local/lib/python3.7/site-packages/airflow/example_dags/example_skip_dag.py
[2022-07-07 02:19:08,602] {processor.py:641} INFO - Processing file /home/airflow/.local/lib/python3.7/site-packages/airflow/example_dags/example_skip_dag.py for tasks to queue
[2022-07-07 02:19:08,602] {logging_mixin.py:115} INFO - [2022-07-07 02:19:08,602] {dagbag.py:507} INFO - Filling up the DagBag from /home/airflow/.local/lib/python3.7/site-packages/airflow/example_dags/example_skip_dag.py
[2022-07-07 02:19:08,607] {processor.py:651} INFO - DAG(s) dict_keys(['example_skip_dag']) retrieved from /home/airflow/.local/lib/python3.7/site-packages/airflow/example_dags/example_skip_dag.py
[2022-07-07 02:19:08,630] {logging_mixin.py:115} INFO - [2022-07-07 02:19:08,630] {dag.py:2379} INFO - Sync 1 DAGs
[2022-07-07 02:19:08,755] {logging_mixin.py:115} INFO - [2022-07-07 02:19:08,755] {dag.py:2931} INFO - Setting next_dagrun for example_skip_dag to 2022-07-06T02:19:08.755671+00:00, run_after=2022-07-07T02:19:08.755671+00:00
[2022-07-07 02:19:08,779] {processor.py:161} INFO - Processing /home/airflow/.local/lib/python3.7/site-packages/airflow/example_dags/example_skip_dag.py took 0.181 seconds
[2022-07-07 02:19:39,143] {processor.py:153} INFO - Started process (PID=2744) to work on /home/airflow/.local/lib/python3.7/site-packages/airflow/example_dags/example_skip_dag.py
[2022-07-07 02:19:39,144] {processor.py:641} INFO - Processing file /home/airflow/.local/lib/python3.7/site-packages/airflow/example_dags/example_skip_dag.py for tasks to queue
[2022-07-07 02:19:39,145] {logging_mixin.py:115} INFO - [2022-07-07 02:19:39,145] {dagbag.py:507} INFO - Filling up the DagBag from /home/airflow/.local/lib/python3.7/site-packages/airflow/example_dags/example_skip_dag.py
[2022-07-07 02:19:39,149] {processor.py:651} INFO - DAG(s) dict_keys(['example_skip_dag']) retrieved from /home/airflow/.local/lib/python3.7/site-packages/airflow/example_dags/example_skip_dag.py
[2022-07-07 02:19:39,173] {logging_mixin.py:115} INFO - [2022-07-07 02:19:39,172] {dag.py:2379} INFO - Sync 1 DAGs
[2022-07-07 02:19:39,303] {logging_mixin.py:115} INFO - [2022-07-07 02:19:39,303] {dag.py:2931} INFO - Setting next_dagrun for example_skip_dag to 2022-07-06T02:19:39.302964+00:00, run_after=2022-07-07T02:19:39.302964+00:00
[2022-07-07 02:19:39,325] {processor.py:161} INFO - Processing /home/airflow/.local/lib/python3.7/site-packages/airflow/example_dags/example_skip_dag.py took 0.184 seconds
[2022-07-07 02:29:54,045] {processor.py:153} INFO - Started process (PID=60) to work on /home/airflow/.local/lib/python3.7/site-packages/airflow/example_dags/example_skip_dag.py
[2022-07-07 02:29:54,047] {processor.py:641} INFO - Processing file /home/airflow/.local/lib/python3.7/site-packages/airflow/example_dags/example_skip_dag.py for tasks to queue
[2022-07-07 02:29:54,054] {logging_mixin.py:115} INFO - [2022-07-07 02:29:54,054] {dagbag.py:507} INFO - Filling up the DagBag from /home/airflow/.local/lib/python3.7/site-packages/airflow/example_dags/example_skip_dag.py
[2022-07-07 02:29:54,062] {processor.py:651} INFO - DAG(s) dict_keys(['example_skip_dag']) retrieved from /home/airflow/.local/lib/python3.7/site-packages/airflow/example_dags/example_skip_dag.py
[2022-07-07 02:29:54,121] {logging_mixin.py:115} INFO - [2022-07-07 02:29:54,120] {dag.py:2379} INFO - Sync 1 DAGs
[2022-07-07 02:29:54,154] {logging_mixin.py:115} INFO - [2022-07-07 02:29:54,154] {dag.py:2931} INFO - Setting next_dagrun for example_skip_dag to 2022-07-06T02:29:54.154166+00:00, run_after=2022-07-07T02:29:54.154166+00:00
[2022-07-07 02:29:54,183] {processor.py:161} INFO - Processing /home/airflow/.local/lib/python3.7/site-packages/airflow/example_dags/example_skip_dag.py took 0.143 seconds
[2022-07-07 02:30:25,583] {processor.py:153} INFO - Started process (PID=116) to work on /home/airflow/.local/lib/python3.7/site-packages/airflow/example_dags/example_skip_dag.py
[2022-07-07 02:30:25,585] {processor.py:641} INFO - Processing file /home/airflow/.local/lib/python3.7/site-packages/airflow/example_dags/example_skip_dag.py for tasks to queue
[2022-07-07 02:30:25,586] {logging_mixin.py:115} INFO - [2022-07-07 02:30:25,585] {dagbag.py:507} INFO - Filling up the DagBag from /home/airflow/.local/lib/python3.7/site-packages/airflow/example_dags/example_skip_dag.py
[2022-07-07 02:30:25,595] {processor.py:651} INFO - DAG(s) dict_keys(['example_skip_dag']) retrieved from /home/airflow/.local/lib/python3.7/site-packages/airflow/example_dags/example_skip_dag.py
[2022-07-07 02:30:25,631] {logging_mixin.py:115} INFO - [2022-07-07 02:30:25,631] {dag.py:2379} INFO - Sync 1 DAGs
[2022-07-07 02:30:25,665] {logging_mixin.py:115} INFO - [2022-07-07 02:30:25,665] {dag.py:2931} INFO - Setting next_dagrun for example_skip_dag to 2022-07-06T02:30:25.664997+00:00, run_after=2022-07-07T02:30:25.664997+00:00
[2022-07-07 02:30:25,679] {processor.py:161} INFO - Processing /home/airflow/.local/lib/python3.7/site-packages/airflow/example_dags/example_skip_dag.py took 0.099 seconds
[2022-07-07 02:30:56,097] {processor.py:153} INFO - Started process (PID=171) to work on /home/airflow/.local/lib/python3.7/site-packages/airflow/example_dags/example_skip_dag.py
[2022-07-07 02:30:56,098] {processor.py:641} INFO - Processing file /home/airflow/.local/lib/python3.7/site-packages/airflow/example_dags/example_skip_dag.py for tasks to queue
[2022-07-07 02:30:56,098] {logging_mixin.py:115} INFO - [2022-07-07 02:30:56,098] {dagbag.py:507} INFO - Filling up the DagBag from /home/airflow/.local/lib/python3.7/site-packages/airflow/example_dags/example_skip_dag.py
[2022-07-07 02:30:56,103] {processor.py:651} INFO - DAG(s) dict_keys(['example_skip_dag']) retrieved from /home/airflow/.local/lib/python3.7/site-packages/airflow/example_dags/example_skip_dag.py
[2022-07-07 02:30:56,128] {logging_mixin.py:115} INFO - [2022-07-07 02:30:56,128] {dag.py:2379} INFO - Sync 1 DAGs
[2022-07-07 02:30:56,148] {logging_mixin.py:115} INFO - [2022-07-07 02:30:56,148] {dag.py:2931} INFO - Setting next_dagrun for example_skip_dag to 2022-07-06T02:30:56.148469+00:00, run_after=2022-07-07T02:30:56.148469+00:00
[2022-07-07 02:30:56,160] {processor.py:161} INFO - Processing /home/airflow/.local/lib/python3.7/site-packages/airflow/example_dags/example_skip_dag.py took 0.066 seconds
[2022-07-07 02:31:26,603] {processor.py:153} INFO - Started process (PID=241) to work on /home/airflow/.local/lib/python3.7/site-packages/airflow/example_dags/example_skip_dag.py
[2022-07-07 02:31:26,604] {processor.py:641} INFO - Processing file /home/airflow/.local/lib/python3.7/site-packages/airflow/example_dags/example_skip_dag.py for tasks to queue
[2022-07-07 02:31:26,605] {logging_mixin.py:115} INFO - [2022-07-07 02:31:26,604] {dagbag.py:507} INFO - Filling up the DagBag from /home/airflow/.local/lib/python3.7/site-packages/airflow/example_dags/example_skip_dag.py
[2022-07-07 02:31:26,609] {processor.py:651} INFO - DAG(s) dict_keys(['example_skip_dag']) retrieved from /home/airflow/.local/lib/python3.7/site-packages/airflow/example_dags/example_skip_dag.py
[2022-07-07 02:31:26,634] {logging_mixin.py:115} INFO - [2022-07-07 02:31:26,634] {dag.py:2379} INFO - Sync 1 DAGs
[2022-07-07 02:31:26,655] {logging_mixin.py:115} INFO - [2022-07-07 02:31:26,655] {dag.py:2931} INFO - Setting next_dagrun for example_skip_dag to 2022-07-06T02:31:26.655340+00:00, run_after=2022-07-07T02:31:26.655340+00:00
[2022-07-07 02:31:26,666] {processor.py:161} INFO - Processing /home/airflow/.local/lib/python3.7/site-packages/airflow/example_dags/example_skip_dag.py took 0.067 seconds
[2022-07-07 02:31:57,667] {processor.py:153} INFO - Started process (PID=305) to work on /home/airflow/.local/lib/python3.7/site-packages/airflow/example_dags/example_skip_dag.py
[2022-07-07 02:31:57,668] {processor.py:641} INFO - Processing file /home/airflow/.local/lib/python3.7/site-packages/airflow/example_dags/example_skip_dag.py for tasks to queue
[2022-07-07 02:31:57,669] {logging_mixin.py:115} INFO - [2022-07-07 02:31:57,669] {dagbag.py:507} INFO - Filling up the DagBag from /home/airflow/.local/lib/python3.7/site-packages/airflow/example_dags/example_skip_dag.py
[2022-07-07 02:31:57,674] {processor.py:651} INFO - DAG(s) dict_keys(['example_skip_dag']) retrieved from /home/airflow/.local/lib/python3.7/site-packages/airflow/example_dags/example_skip_dag.py
[2022-07-07 02:31:57,703] {logging_mixin.py:115} INFO - [2022-07-07 02:31:57,703] {dag.py:2379} INFO - Sync 1 DAGs
[2022-07-07 02:31:57,738] {logging_mixin.py:115} INFO - [2022-07-07 02:31:57,738] {dag.py:2931} INFO - Setting next_dagrun for example_skip_dag to 2022-07-06T02:31:57.738470+00:00, run_after=2022-07-07T02:31:57.738470+00:00
[2022-07-07 02:31:57,758] {processor.py:161} INFO - Processing /home/airflow/.local/lib/python3.7/site-packages/airflow/example_dags/example_skip_dag.py took 0.094 seconds
[2022-07-07 02:32:28,548] {processor.py:153} INFO - Started process (PID=361) to work on /home/airflow/.local/lib/python3.7/site-packages/airflow/example_dags/example_skip_dag.py
[2022-07-07 02:32:28,549] {processor.py:641} INFO - Processing file /home/airflow/.local/lib/python3.7/site-packages/airflow/example_dags/example_skip_dag.py for tasks to queue
[2022-07-07 02:32:28,550] {logging_mixin.py:115} INFO - [2022-07-07 02:32:28,549] {dagbag.py:507} INFO - Filling up the DagBag from /home/airflow/.local/lib/python3.7/site-packages/airflow/example_dags/example_skip_dag.py
[2022-07-07 02:32:28,555] {processor.py:651} INFO - DAG(s) dict_keys(['example_skip_dag']) retrieved from /home/airflow/.local/lib/python3.7/site-packages/airflow/example_dags/example_skip_dag.py
[2022-07-07 02:32:28,578] {logging_mixin.py:115} INFO - [2022-07-07 02:32:28,578] {dag.py:2379} INFO - Sync 1 DAGs
[2022-07-07 02:32:28,599] {logging_mixin.py:115} INFO - [2022-07-07 02:32:28,599] {dag.py:2931} INFO - Setting next_dagrun for example_skip_dag to 2022-07-06T02:32:28.599106+00:00, run_after=2022-07-07T02:32:28.599106+00:00
[2022-07-07 02:32:28,612] {processor.py:161} INFO - Processing /home/airflow/.local/lib/python3.7/site-packages/airflow/example_dags/example_skip_dag.py took 0.066 seconds
[2022-07-07 02:32:59,734] {processor.py:153} INFO - Started process (PID=427) to work on /home/airflow/.local/lib/python3.7/site-packages/airflow/example_dags/example_skip_dag.py
[2022-07-07 02:32:59,735] {processor.py:641} INFO - Processing file /home/airflow/.local/lib/python3.7/site-packages/airflow/example_dags/example_skip_dag.py for tasks to queue
[2022-07-07 02:32:59,736] {logging_mixin.py:115} INFO - [2022-07-07 02:32:59,736] {dagbag.py:507} INFO - Filling up the DagBag from /home/airflow/.local/lib/python3.7/site-packages/airflow/example_dags/example_skip_dag.py
[2022-07-07 02:32:59,741] {processor.py:651} INFO - DAG(s) dict_keys(['example_skip_dag']) retrieved from /home/airflow/.local/lib/python3.7/site-packages/airflow/example_dags/example_skip_dag.py
[2022-07-07 02:32:59,770] {logging_mixin.py:115} INFO - [2022-07-07 02:32:59,769] {dag.py:2379} INFO - Sync 1 DAGs
[2022-07-07 02:32:59,791] {logging_mixin.py:115} INFO - [2022-07-07 02:32:59,791] {dag.py:2931} INFO - Setting next_dagrun for example_skip_dag to 2022-07-06T02:32:59.791387+00:00, run_after=2022-07-07T02:32:59.791387+00:00
[2022-07-07 02:32:59,804] {processor.py:161} INFO - Processing /home/airflow/.local/lib/python3.7/site-packages/airflow/example_dags/example_skip_dag.py took 0.073 seconds
