[2022-07-07 01:25:32,963] {processor.py:153} INFO - Started process (PID=67) to work on /home/airflow/.local/lib/python3.7/site-packages/airflow/example_dags/example_python_operator.py
[2022-07-07 01:25:32,964] {processor.py:641} INFO - Processing file /home/airflow/.local/lib/python3.7/site-packages/airflow/example_dags/example_python_operator.py for tasks to queue
[2022-07-07 01:25:32,966] {logging_mixin.py:115} INFO - [2022-07-07 01:25:32,966] {dagbag.py:507} INFO - Filling up the DagBag from /home/airflow/.local/lib/python3.7/site-packages/airflow/example_dags/example_python_operator.py
[2022-07-07 01:25:33,024] {processor.py:651} INFO - DAG(s) dict_keys(['example_python_operator']) retrieved from /home/airflow/.local/lib/python3.7/site-packages/airflow/example_dags/example_python_operator.py
[2022-07-07 01:25:33,486] {logging_mixin.py:115} INFO - [2022-07-07 01:25:33,486] {manager.py:508} INFO - Created Permission View: can edit on DAG:example_python_operator
[2022-07-07 01:25:33,512] {logging_mixin.py:115} INFO - [2022-07-07 01:25:33,511] {manager.py:508} INFO - Created Permission View: can read on DAG:example_python_operator
[2022-07-07 01:25:33,527] {logging_mixin.py:115} INFO - [2022-07-07 01:25:33,527] {manager.py:508} INFO - Created Permission View: can delete on DAG:example_python_operator
[2022-07-07 01:25:33,528] {logging_mixin.py:115} INFO - [2022-07-07 01:25:33,527] {dag.py:2379} INFO - Sync 1 DAGs
[2022-07-07 01:25:33,557] {logging_mixin.py:115} INFO - [2022-07-07 01:25:33,556] {dag.py:2398} INFO - Creating ORM DAG for example_python_operator
[2022-07-07 01:25:33,576] {logging_mixin.py:115} INFO - [2022-07-07 01:25:33,576] {dag.py:2931} INFO - Setting next_dagrun for example_python_operator to None, run_after=None
[2022-07-07 01:25:33,889] {processor.py:161} INFO - Processing /home/airflow/.local/lib/python3.7/site-packages/airflow/example_dags/example_python_operator.py took 0.928 seconds
[2022-07-07 01:26:04,456] {processor.py:153} INFO - Started process (PID=134) to work on /home/airflow/.local/lib/python3.7/site-packages/airflow/example_dags/example_python_operator.py
[2022-07-07 01:26:04,457] {processor.py:641} INFO - Processing file /home/airflow/.local/lib/python3.7/site-packages/airflow/example_dags/example_python_operator.py for tasks to queue
[2022-07-07 01:26:04,457] {logging_mixin.py:115} INFO - [2022-07-07 01:26:04,457] {dagbag.py:507} INFO - Filling up the DagBag from /home/airflow/.local/lib/python3.7/site-packages/airflow/example_dags/example_python_operator.py
[2022-07-07 01:26:04,471] {processor.py:651} INFO - DAG(s) dict_keys(['example_python_operator']) retrieved from /home/airflow/.local/lib/python3.7/site-packages/airflow/example_dags/example_python_operator.py
[2022-07-07 01:26:04,491] {logging_mixin.py:115} INFO - [2022-07-07 01:26:04,491] {dag.py:2379} INFO - Sync 1 DAGs
[2022-07-07 01:26:04,603] {logging_mixin.py:115} INFO - [2022-07-07 01:26:04,603] {dag.py:2931} INFO - Setting next_dagrun for example_python_operator to None, run_after=None
[2022-07-07 01:26:04,614] {processor.py:161} INFO - Processing /home/airflow/.local/lib/python3.7/site-packages/airflow/example_dags/example_python_operator.py took 0.161 seconds
[2022-07-07 01:26:35,194] {processor.py:153} INFO - Started process (PID=199) to work on /home/airflow/.local/lib/python3.7/site-packages/airflow/example_dags/example_python_operator.py
[2022-07-07 01:26:35,196] {processor.py:641} INFO - Processing file /home/airflow/.local/lib/python3.7/site-packages/airflow/example_dags/example_python_operator.py for tasks to queue
[2022-07-07 01:26:35,196] {logging_mixin.py:115} INFO - [2022-07-07 01:26:35,196] {dagbag.py:507} INFO - Filling up the DagBag from /home/airflow/.local/lib/python3.7/site-packages/airflow/example_dags/example_python_operator.py
[2022-07-07 01:26:35,212] {processor.py:651} INFO - DAG(s) dict_keys(['example_python_operator']) retrieved from /home/airflow/.local/lib/python3.7/site-packages/airflow/example_dags/example_python_operator.py
[2022-07-07 01:26:35,235] {logging_mixin.py:115} INFO - [2022-07-07 01:26:35,235] {dag.py:2379} INFO - Sync 1 DAGs
[2022-07-07 01:26:35,360] {logging_mixin.py:115} INFO - [2022-07-07 01:26:35,360] {dag.py:2931} INFO - Setting next_dagrun for example_python_operator to None, run_after=None
[2022-07-07 01:26:35,371] {processor.py:161} INFO - Processing /home/airflow/.local/lib/python3.7/site-packages/airflow/example_dags/example_python_operator.py took 0.180 seconds
[2022-07-07 01:27:10,124] {processor.py:153} INFO - Started process (PID=258) to work on /home/airflow/.local/lib/python3.7/site-packages/airflow/example_dags/example_python_operator.py
[2022-07-07 01:27:10,130] {processor.py:641} INFO - Processing file /home/airflow/.local/lib/python3.7/site-packages/airflow/example_dags/example_python_operator.py for tasks to queue
[2022-07-07 01:27:10,133] {logging_mixin.py:115} INFO - [2022-07-07 01:27:10,133] {dagbag.py:507} INFO - Filling up the DagBag from /home/airflow/.local/lib/python3.7/site-packages/airflow/example_dags/example_python_operator.py
[2022-07-07 01:27:10,179] {processor.py:651} INFO - DAG(s) dict_keys(['example_python_operator']) retrieved from /home/airflow/.local/lib/python3.7/site-packages/airflow/example_dags/example_python_operator.py
[2022-07-07 01:27:10,234] {logging_mixin.py:115} INFO - [2022-07-07 01:27:10,234] {dag.py:2379} INFO - Sync 1 DAGs
[2022-07-07 01:27:10,520] {logging_mixin.py:115} INFO - [2022-07-07 01:27:10,520] {dag.py:2931} INFO - Setting next_dagrun for example_python_operator to None, run_after=None
[2022-07-07 01:27:10,546] {processor.py:161} INFO - Processing /home/airflow/.local/lib/python3.7/site-packages/airflow/example_dags/example_python_operator.py took 0.427 seconds
[2022-07-07 01:27:41,272] {processor.py:153} INFO - Started process (PID=324) to work on /home/airflow/.local/lib/python3.7/site-packages/airflow/example_dags/example_python_operator.py
[2022-07-07 01:27:41,273] {processor.py:641} INFO - Processing file /home/airflow/.local/lib/python3.7/site-packages/airflow/example_dags/example_python_operator.py for tasks to queue
[2022-07-07 01:27:41,275] {logging_mixin.py:115} INFO - [2022-07-07 01:27:41,275] {dagbag.py:507} INFO - Filling up the DagBag from /home/airflow/.local/lib/python3.7/site-packages/airflow/example_dags/example_python_operator.py
[2022-07-07 01:27:41,307] {processor.py:651} INFO - DAG(s) dict_keys(['example_python_operator']) retrieved from /home/airflow/.local/lib/python3.7/site-packages/airflow/example_dags/example_python_operator.py
[2022-07-07 01:27:41,348] {logging_mixin.py:115} INFO - [2022-07-07 01:27:41,348] {dag.py:2379} INFO - Sync 1 DAGs
[2022-07-07 01:27:41,539] {logging_mixin.py:115} INFO - [2022-07-07 01:27:41,539] {dag.py:2931} INFO - Setting next_dagrun for example_python_operator to None, run_after=None
[2022-07-07 01:27:41,552] {processor.py:161} INFO - Processing /home/airflow/.local/lib/python3.7/site-packages/airflow/example_dags/example_python_operator.py took 0.285 seconds
[2022-07-07 01:28:11,672] {processor.py:153} INFO - Started process (PID=382) to work on /home/airflow/.local/lib/python3.7/site-packages/airflow/example_dags/example_python_operator.py
[2022-07-07 01:28:11,673] {processor.py:641} INFO - Processing file /home/airflow/.local/lib/python3.7/site-packages/airflow/example_dags/example_python_operator.py for tasks to queue
[2022-07-07 01:28:11,674] {logging_mixin.py:115} INFO - [2022-07-07 01:28:11,674] {dagbag.py:507} INFO - Filling up the DagBag from /home/airflow/.local/lib/python3.7/site-packages/airflow/example_dags/example_python_operator.py
[2022-07-07 01:28:11,698] {processor.py:651} INFO - DAG(s) dict_keys(['example_python_operator']) retrieved from /home/airflow/.local/lib/python3.7/site-packages/airflow/example_dags/example_python_operator.py
[2022-07-07 01:28:11,730] {logging_mixin.py:115} INFO - [2022-07-07 01:28:11,730] {dag.py:2379} INFO - Sync 1 DAGs
[2022-07-07 01:28:11,909] {logging_mixin.py:115} INFO - [2022-07-07 01:28:11,908] {dag.py:2931} INFO - Setting next_dagrun for example_python_operator to None, run_after=None
[2022-07-07 01:28:11,919] {processor.py:161} INFO - Processing /home/airflow/.local/lib/python3.7/site-packages/airflow/example_dags/example_python_operator.py took 0.250 seconds
[2022-07-07 01:28:45,427] {processor.py:153} INFO - Started process (PID=438) to work on /home/airflow/.local/lib/python3.7/site-packages/airflow/example_dags/example_python_operator.py
[2022-07-07 01:28:45,430] {processor.py:641} INFO - Processing file /home/airflow/.local/lib/python3.7/site-packages/airflow/example_dags/example_python_operator.py for tasks to queue
[2022-07-07 01:28:45,432] {logging_mixin.py:115} INFO - [2022-07-07 01:28:45,431] {dagbag.py:507} INFO - Filling up the DagBag from /home/airflow/.local/lib/python3.7/site-packages/airflow/example_dags/example_python_operator.py
[2022-07-07 01:28:45,455] {processor.py:651} INFO - DAG(s) dict_keys(['example_python_operator']) retrieved from /home/airflow/.local/lib/python3.7/site-packages/airflow/example_dags/example_python_operator.py
[2022-07-07 01:28:45,511] {logging_mixin.py:115} INFO - [2022-07-07 01:28:45,511] {dag.py:2379} INFO - Sync 1 DAGs
[2022-07-07 01:28:45,789] {logging_mixin.py:115} INFO - [2022-07-07 01:28:45,789] {dag.py:2931} INFO - Setting next_dagrun for example_python_operator to None, run_after=None
[2022-07-07 01:28:45,817] {processor.py:161} INFO - Processing /home/airflow/.local/lib/python3.7/site-packages/airflow/example_dags/example_python_operator.py took 0.396 seconds
[2022-07-07 01:46:13,639] {processor.py:153} INFO - Started process (PID=66) to work on /home/airflow/.local/lib/python3.7/site-packages/airflow/example_dags/example_python_operator.py
[2022-07-07 01:46:13,653] {processor.py:641} INFO - Processing file /home/airflow/.local/lib/python3.7/site-packages/airflow/example_dags/example_python_operator.py for tasks to queue
[2022-07-07 01:46:13,654] {logging_mixin.py:115} INFO - [2022-07-07 01:46:13,654] {dagbag.py:507} INFO - Filling up the DagBag from /home/airflow/.local/lib/python3.7/site-packages/airflow/example_dags/example_python_operator.py
[2022-07-07 01:46:13,675] {processor.py:651} INFO - DAG(s) dict_keys(['example_python_operator']) retrieved from /home/airflow/.local/lib/python3.7/site-packages/airflow/example_dags/example_python_operator.py
[2022-07-07 01:46:13,704] {logging_mixin.py:115} INFO - [2022-07-07 01:46:13,704] {dag.py:2379} INFO - Sync 1 DAGs
[2022-07-07 01:46:13,878] {logging_mixin.py:115} INFO - [2022-07-07 01:46:13,878] {dag.py:2931} INFO - Setting next_dagrun for example_python_operator to None, run_after=None
[2022-07-07 01:46:13,913] {processor.py:161} INFO - Processing /home/airflow/.local/lib/python3.7/site-packages/airflow/example_dags/example_python_operator.py took 0.277 seconds
[2022-07-07 01:47:17,034] {processor.py:153} INFO - Started process (PID=141) to work on /home/airflow/.local/lib/python3.7/site-packages/airflow/example_dags/example_python_operator.py
[2022-07-07 01:47:17,036] {processor.py:641} INFO - Processing file /home/airflow/.local/lib/python3.7/site-packages/airflow/example_dags/example_python_operator.py for tasks to queue
[2022-07-07 01:47:17,037] {logging_mixin.py:115} INFO - [2022-07-07 01:47:17,037] {dagbag.py:507} INFO - Filling up the DagBag from /home/airflow/.local/lib/python3.7/site-packages/airflow/example_dags/example_python_operator.py
[2022-07-07 01:47:17,070] {processor.py:651} INFO - DAG(s) dict_keys(['example_python_operator']) retrieved from /home/airflow/.local/lib/python3.7/site-packages/airflow/example_dags/example_python_operator.py
[2022-07-07 01:47:17,132] {logging_mixin.py:115} INFO - [2022-07-07 01:47:17,131] {dag.py:2379} INFO - Sync 1 DAGs
[2022-07-07 01:47:17,419] {logging_mixin.py:115} INFO - [2022-07-07 01:47:17,418] {dag.py:2931} INFO - Setting next_dagrun for example_python_operator to None, run_after=None
[2022-07-07 01:47:17,440] {processor.py:161} INFO - Processing /home/airflow/.local/lib/python3.7/site-packages/airflow/example_dags/example_python_operator.py took 0.417 seconds
[2022-07-07 01:47:48,521] {processor.py:153} INFO - Started process (PID=197) to work on /home/airflow/.local/lib/python3.7/site-packages/airflow/example_dags/example_python_operator.py
[2022-07-07 01:47:48,522] {processor.py:641} INFO - Processing file /home/airflow/.local/lib/python3.7/site-packages/airflow/example_dags/example_python_operator.py for tasks to queue
[2022-07-07 01:47:48,523] {logging_mixin.py:115} INFO - [2022-07-07 01:47:48,523] {dagbag.py:507} INFO - Filling up the DagBag from /home/airflow/.local/lib/python3.7/site-packages/airflow/example_dags/example_python_operator.py
[2022-07-07 01:47:48,550] {processor.py:651} INFO - DAG(s) dict_keys(['example_python_operator']) retrieved from /home/airflow/.local/lib/python3.7/site-packages/airflow/example_dags/example_python_operator.py
[2022-07-07 01:47:48,581] {logging_mixin.py:115} INFO - [2022-07-07 01:47:48,581] {dag.py:2379} INFO - Sync 1 DAGs
[2022-07-07 01:47:48,800] {logging_mixin.py:115} INFO - [2022-07-07 01:47:48,800] {dag.py:2931} INFO - Setting next_dagrun for example_python_operator to None, run_after=None
[2022-07-07 01:47:48,819] {processor.py:161} INFO - Processing /home/airflow/.local/lib/python3.7/site-packages/airflow/example_dags/example_python_operator.py took 0.302 seconds
[2022-07-07 01:48:19,461] {processor.py:153} INFO - Started process (PID=265) to work on /home/airflow/.local/lib/python3.7/site-packages/airflow/example_dags/example_python_operator.py
[2022-07-07 01:48:19,462] {processor.py:641} INFO - Processing file /home/airflow/.local/lib/python3.7/site-packages/airflow/example_dags/example_python_operator.py for tasks to queue
[2022-07-07 01:48:19,463] {logging_mixin.py:115} INFO - [2022-07-07 01:48:19,462] {dagbag.py:507} INFO - Filling up the DagBag from /home/airflow/.local/lib/python3.7/site-packages/airflow/example_dags/example_python_operator.py
[2022-07-07 01:48:19,488] {processor.py:651} INFO - DAG(s) dict_keys(['example_python_operator']) retrieved from /home/airflow/.local/lib/python3.7/site-packages/airflow/example_dags/example_python_operator.py
[2022-07-07 01:48:19,523] {logging_mixin.py:115} INFO - [2022-07-07 01:48:19,523] {dag.py:2379} INFO - Sync 1 DAGs
[2022-07-07 01:48:19,686] {logging_mixin.py:115} INFO - [2022-07-07 01:48:19,686] {dag.py:2931} INFO - Setting next_dagrun for example_python_operator to None, run_after=None
[2022-07-07 01:48:19,700] {processor.py:161} INFO - Processing /home/airflow/.local/lib/python3.7/site-packages/airflow/example_dags/example_python_operator.py took 0.243 seconds
[2022-07-07 01:48:50,646] {processor.py:153} INFO - Started process (PID=329) to work on /home/airflow/.local/lib/python3.7/site-packages/airflow/example_dags/example_python_operator.py
[2022-07-07 01:48:50,662] {processor.py:641} INFO - Processing file /home/airflow/.local/lib/python3.7/site-packages/airflow/example_dags/example_python_operator.py for tasks to queue
[2022-07-07 01:48:50,664] {logging_mixin.py:115} INFO - [2022-07-07 01:48:50,663] {dagbag.py:507} INFO - Filling up the DagBag from /home/airflow/.local/lib/python3.7/site-packages/airflow/example_dags/example_python_operator.py
[2022-07-07 01:48:50,710] {processor.py:651} INFO - DAG(s) dict_keys(['example_python_operator']) retrieved from /home/airflow/.local/lib/python3.7/site-packages/airflow/example_dags/example_python_operator.py
[2022-07-07 01:48:50,773] {logging_mixin.py:115} INFO - [2022-07-07 01:48:50,772] {dag.py:2379} INFO - Sync 1 DAGs
[2022-07-07 01:48:51,064] {logging_mixin.py:115} INFO - [2022-07-07 01:48:51,064] {dag.py:2931} INFO - Setting next_dagrun for example_python_operator to None, run_after=None
[2022-07-07 01:48:51,098] {processor.py:161} INFO - Processing /home/airflow/.local/lib/python3.7/site-packages/airflow/example_dags/example_python_operator.py took 0.456 seconds
[2022-07-07 01:49:22,270] {processor.py:153} INFO - Started process (PID=388) to work on /home/airflow/.local/lib/python3.7/site-packages/airflow/example_dags/example_python_operator.py
[2022-07-07 01:49:22,272] {processor.py:641} INFO - Processing file /home/airflow/.local/lib/python3.7/site-packages/airflow/example_dags/example_python_operator.py for tasks to queue
[2022-07-07 01:49:22,273] {logging_mixin.py:115} INFO - [2022-07-07 01:49:22,273] {dagbag.py:507} INFO - Filling up the DagBag from /home/airflow/.local/lib/python3.7/site-packages/airflow/example_dags/example_python_operator.py
[2022-07-07 01:49:22,311] {processor.py:651} INFO - DAG(s) dict_keys(['example_python_operator']) retrieved from /home/airflow/.local/lib/python3.7/site-packages/airflow/example_dags/example_python_operator.py
[2022-07-07 01:49:22,381] {logging_mixin.py:115} INFO - [2022-07-07 01:49:22,380] {dag.py:2379} INFO - Sync 1 DAGs
[2022-07-07 01:49:22,771] {logging_mixin.py:115} INFO - [2022-07-07 01:49:22,771] {dag.py:2931} INFO - Setting next_dagrun for example_python_operator to None, run_after=None
[2022-07-07 01:49:22,794] {processor.py:161} INFO - Processing /home/airflow/.local/lib/python3.7/site-packages/airflow/example_dags/example_python_operator.py took 0.529 seconds
[2022-07-07 01:49:52,844] {processor.py:153} INFO - Started process (PID=447) to work on /home/airflow/.local/lib/python3.7/site-packages/airflow/example_dags/example_python_operator.py
[2022-07-07 01:49:52,845] {processor.py:641} INFO - Processing file /home/airflow/.local/lib/python3.7/site-packages/airflow/example_dags/example_python_operator.py for tasks to queue
[2022-07-07 01:49:52,845] {logging_mixin.py:115} INFO - [2022-07-07 01:49:52,845] {dagbag.py:507} INFO - Filling up the DagBag from /home/airflow/.local/lib/python3.7/site-packages/airflow/example_dags/example_python_operator.py
[2022-07-07 01:49:52,872] {processor.py:651} INFO - DAG(s) dict_keys(['example_python_operator']) retrieved from /home/airflow/.local/lib/python3.7/site-packages/airflow/example_dags/example_python_operator.py
[2022-07-07 01:49:52,902] {logging_mixin.py:115} INFO - [2022-07-07 01:49:52,902] {dag.py:2379} INFO - Sync 1 DAGs
[2022-07-07 01:49:53,039] {logging_mixin.py:115} INFO - [2022-07-07 01:49:53,039] {dag.py:2931} INFO - Setting next_dagrun for example_python_operator to None, run_after=None
[2022-07-07 01:49:53,050] {processor.py:161} INFO - Processing /home/airflow/.local/lib/python3.7/site-packages/airflow/example_dags/example_python_operator.py took 0.210 seconds
[2022-07-07 01:50:23,591] {processor.py:153} INFO - Started process (PID=513) to work on /home/airflow/.local/lib/python3.7/site-packages/airflow/example_dags/example_python_operator.py
[2022-07-07 01:50:23,593] {processor.py:641} INFO - Processing file /home/airflow/.local/lib/python3.7/site-packages/airflow/example_dags/example_python_operator.py for tasks to queue
[2022-07-07 01:50:23,594] {logging_mixin.py:115} INFO - [2022-07-07 01:50:23,594] {dagbag.py:507} INFO - Filling up the DagBag from /home/airflow/.local/lib/python3.7/site-packages/airflow/example_dags/example_python_operator.py
[2022-07-07 01:50:23,635] {processor.py:651} INFO - DAG(s) dict_keys(['example_python_operator']) retrieved from /home/airflow/.local/lib/python3.7/site-packages/airflow/example_dags/example_python_operator.py
[2022-07-07 01:50:23,684] {logging_mixin.py:115} INFO - [2022-07-07 01:50:23,684] {dag.py:2379} INFO - Sync 1 DAGs
[2022-07-07 01:50:23,933] {logging_mixin.py:115} INFO - [2022-07-07 01:50:23,933] {dag.py:2931} INFO - Setting next_dagrun for example_python_operator to None, run_after=None
[2022-07-07 01:50:23,954] {processor.py:161} INFO - Processing /home/airflow/.local/lib/python3.7/site-packages/airflow/example_dags/example_python_operator.py took 0.368 seconds
[2022-07-07 01:50:54,287] {processor.py:153} INFO - Started process (PID=573) to work on /home/airflow/.local/lib/python3.7/site-packages/airflow/example_dags/example_python_operator.py
[2022-07-07 01:50:54,288] {processor.py:641} INFO - Processing file /home/airflow/.local/lib/python3.7/site-packages/airflow/example_dags/example_python_operator.py for tasks to queue
[2022-07-07 01:50:54,289] {logging_mixin.py:115} INFO - [2022-07-07 01:50:54,289] {dagbag.py:507} INFO - Filling up the DagBag from /home/airflow/.local/lib/python3.7/site-packages/airflow/example_dags/example_python_operator.py
[2022-07-07 01:50:54,311] {processor.py:651} INFO - DAG(s) dict_keys(['example_python_operator']) retrieved from /home/airflow/.local/lib/python3.7/site-packages/airflow/example_dags/example_python_operator.py
[2022-07-07 01:50:54,353] {logging_mixin.py:115} INFO - [2022-07-07 01:50:54,352] {dag.py:2379} INFO - Sync 1 DAGs
[2022-07-07 01:50:54,517] {logging_mixin.py:115} INFO - [2022-07-07 01:50:54,517] {dag.py:2931} INFO - Setting next_dagrun for example_python_operator to None, run_after=None
[2022-07-07 01:50:54,529] {processor.py:161} INFO - Processing /home/airflow/.local/lib/python3.7/site-packages/airflow/example_dags/example_python_operator.py took 0.246 seconds
[2022-07-07 01:51:25,152] {processor.py:153} INFO - Started process (PID=630) to work on /home/airflow/.local/lib/python3.7/site-packages/airflow/example_dags/example_python_operator.py
[2022-07-07 01:51:25,153] {processor.py:641} INFO - Processing file /home/airflow/.local/lib/python3.7/site-packages/airflow/example_dags/example_python_operator.py for tasks to queue
[2022-07-07 01:51:25,154] {logging_mixin.py:115} INFO - [2022-07-07 01:51:25,154] {dagbag.py:507} INFO - Filling up the DagBag from /home/airflow/.local/lib/python3.7/site-packages/airflow/example_dags/example_python_operator.py
[2022-07-07 01:51:25,182] {processor.py:651} INFO - DAG(s) dict_keys(['example_python_operator']) retrieved from /home/airflow/.local/lib/python3.7/site-packages/airflow/example_dags/example_python_operator.py
[2022-07-07 01:51:25,224] {logging_mixin.py:115} INFO - [2022-07-07 01:51:25,224] {dag.py:2379} INFO - Sync 1 DAGs
[2022-07-07 01:51:25,411] {logging_mixin.py:115} INFO - [2022-07-07 01:51:25,411] {dag.py:2931} INFO - Setting next_dagrun for example_python_operator to None, run_after=None
[2022-07-07 01:51:25,427] {processor.py:161} INFO - Processing /home/airflow/.local/lib/python3.7/site-packages/airflow/example_dags/example_python_operator.py took 0.281 seconds
[2022-07-07 01:51:58,629] {processor.py:153} INFO - Started process (PID=697) to work on /home/airflow/.local/lib/python3.7/site-packages/airflow/example_dags/example_python_operator.py
[2022-07-07 01:51:58,632] {processor.py:641} INFO - Processing file /home/airflow/.local/lib/python3.7/site-packages/airflow/example_dags/example_python_operator.py for tasks to queue
[2022-07-07 01:51:58,635] {logging_mixin.py:115} INFO - [2022-07-07 01:51:58,634] {dagbag.py:507} INFO - Filling up the DagBag from /home/airflow/.local/lib/python3.7/site-packages/airflow/example_dags/example_python_operator.py
[2022-07-07 01:51:58,697] {processor.py:651} INFO - DAG(s) dict_keys(['example_python_operator']) retrieved from /home/airflow/.local/lib/python3.7/site-packages/airflow/example_dags/example_python_operator.py
[2022-07-07 01:51:58,772] {logging_mixin.py:115} INFO - [2022-07-07 01:51:58,772] {dag.py:2379} INFO - Sync 1 DAGs
[2022-07-07 01:51:59,160] {logging_mixin.py:115} INFO - [2022-07-07 01:51:59,160] {dag.py:2931} INFO - Setting next_dagrun for example_python_operator to None, run_after=None
[2022-07-07 01:51:59,189] {processor.py:161} INFO - Processing /home/airflow/.local/lib/python3.7/site-packages/airflow/example_dags/example_python_operator.py took 0.568 seconds
[2022-07-07 01:54:31,503] {processor.py:153} INFO - Started process (PID=67) to work on /home/airflow/.local/lib/python3.7/site-packages/airflow/example_dags/example_python_operator.py
[2022-07-07 01:54:31,514] {processor.py:641} INFO - Processing file /home/airflow/.local/lib/python3.7/site-packages/airflow/example_dags/example_python_operator.py for tasks to queue
[2022-07-07 01:54:31,530] {logging_mixin.py:115} INFO - [2022-07-07 01:54:31,530] {dagbag.py:507} INFO - Filling up the DagBag from /home/airflow/.local/lib/python3.7/site-packages/airflow/example_dags/example_python_operator.py
[2022-07-07 01:54:31,619] {processor.py:651} INFO - DAG(s) dict_keys(['example_python_operator']) retrieved from /home/airflow/.local/lib/python3.7/site-packages/airflow/example_dags/example_python_operator.py
[2022-07-07 01:54:31,751] {logging_mixin.py:115} INFO - [2022-07-07 01:54:31,750] {dag.py:2379} INFO - Sync 1 DAGs
[2022-07-07 01:54:32,211] {logging_mixin.py:115} INFO - [2022-07-07 01:54:32,211] {dag.py:2931} INFO - Setting next_dagrun for example_python_operator to None, run_after=None
[2022-07-07 01:54:32,274] {processor.py:161} INFO - Processing /home/airflow/.local/lib/python3.7/site-packages/airflow/example_dags/example_python_operator.py took 0.782 seconds
[2022-07-07 01:55:27,019] {processor.py:153} INFO - Started process (PID=132) to work on /home/airflow/.local/lib/python3.7/site-packages/airflow/example_dags/example_python_operator.py
[2022-07-07 01:55:27,020] {processor.py:641} INFO - Processing file /home/airflow/.local/lib/python3.7/site-packages/airflow/example_dags/example_python_operator.py for tasks to queue
[2022-07-07 01:55:27,021] {logging_mixin.py:115} INFO - [2022-07-07 01:55:27,021] {dagbag.py:507} INFO - Filling up the DagBag from /home/airflow/.local/lib/python3.7/site-packages/airflow/example_dags/example_python_operator.py
[2022-07-07 01:55:27,040] {processor.py:651} INFO - DAG(s) dict_keys(['example_python_operator']) retrieved from /home/airflow/.local/lib/python3.7/site-packages/airflow/example_dags/example_python_operator.py
[2022-07-07 01:55:27,121] {logging_mixin.py:115} INFO - [2022-07-07 01:55:27,120] {dag.py:2379} INFO - Sync 1 DAGs
[2022-07-07 01:55:27,300] {logging_mixin.py:115} INFO - [2022-07-07 01:55:27,300] {dag.py:2931} INFO - Setting next_dagrun for example_python_operator to None, run_after=None
[2022-07-07 01:55:27,312] {processor.py:161} INFO - Processing /home/airflow/.local/lib/python3.7/site-packages/airflow/example_dags/example_python_operator.py took 0.297 seconds
[2022-07-07 01:57:14,119] {processor.py:153} INFO - Started process (PID=66) to work on /home/airflow/.local/lib/python3.7/site-packages/airflow/example_dags/example_python_operator.py
[2022-07-07 01:57:14,123] {processor.py:641} INFO - Processing file /home/airflow/.local/lib/python3.7/site-packages/airflow/example_dags/example_python_operator.py for tasks to queue
[2022-07-07 01:57:14,124] {logging_mixin.py:115} INFO - [2022-07-07 01:57:14,124] {dagbag.py:507} INFO - Filling up the DagBag from /home/airflow/.local/lib/python3.7/site-packages/airflow/example_dags/example_python_operator.py
[2022-07-07 01:57:14,162] {processor.py:651} INFO - DAG(s) dict_keys(['example_python_operator']) retrieved from /home/airflow/.local/lib/python3.7/site-packages/airflow/example_dags/example_python_operator.py
[2022-07-07 01:57:14,223] {logging_mixin.py:115} INFO - [2022-07-07 01:57:14,223] {dag.py:2379} INFO - Sync 1 DAGs
[2022-07-07 01:57:14,523] {logging_mixin.py:115} INFO - [2022-07-07 01:57:14,523] {dag.py:2931} INFO - Setting next_dagrun for example_python_operator to None, run_after=None
[2022-07-07 01:57:14,546] {processor.py:161} INFO - Processing /home/airflow/.local/lib/python3.7/site-packages/airflow/example_dags/example_python_operator.py took 0.432 seconds
[2022-07-07 01:58:07,105] {processor.py:153} INFO - Started process (PID=130) to work on /home/airflow/.local/lib/python3.7/site-packages/airflow/example_dags/example_python_operator.py
[2022-07-07 01:58:07,106] {processor.py:641} INFO - Processing file /home/airflow/.local/lib/python3.7/site-packages/airflow/example_dags/example_python_operator.py for tasks to queue
[2022-07-07 01:58:07,107] {logging_mixin.py:115} INFO - [2022-07-07 01:58:07,106] {dagbag.py:507} INFO - Filling up the DagBag from /home/airflow/.local/lib/python3.7/site-packages/airflow/example_dags/example_python_operator.py
[2022-07-07 01:58:07,130] {processor.py:651} INFO - DAG(s) dict_keys(['example_python_operator']) retrieved from /home/airflow/.local/lib/python3.7/site-packages/airflow/example_dags/example_python_operator.py
[2022-07-07 01:58:07,167] {logging_mixin.py:115} INFO - [2022-07-07 01:58:07,167] {dag.py:2379} INFO - Sync 1 DAGs
[2022-07-07 01:58:07,416] {logging_mixin.py:115} INFO - [2022-07-07 01:58:07,416] {dag.py:2931} INFO - Setting next_dagrun for example_python_operator to None, run_after=None
[2022-07-07 01:58:07,432] {processor.py:161} INFO - Processing /home/airflow/.local/lib/python3.7/site-packages/airflow/example_dags/example_python_operator.py took 0.330 seconds
[2022-07-07 01:58:39,877] {processor.py:153} INFO - Started process (PID=185) to work on /home/airflow/.local/lib/python3.7/site-packages/airflow/example_dags/example_python_operator.py
[2022-07-07 01:58:39,878] {processor.py:641} INFO - Processing file /home/airflow/.local/lib/python3.7/site-packages/airflow/example_dags/example_python_operator.py for tasks to queue
[2022-07-07 01:58:39,880] {logging_mixin.py:115} INFO - [2022-07-07 01:58:39,879] {dagbag.py:507} INFO - Filling up the DagBag from /home/airflow/.local/lib/python3.7/site-packages/airflow/example_dags/example_python_operator.py
[2022-07-07 01:58:39,909] {processor.py:651} INFO - DAG(s) dict_keys(['example_python_operator']) retrieved from /home/airflow/.local/lib/python3.7/site-packages/airflow/example_dags/example_python_operator.py
[2022-07-07 01:58:39,950] {logging_mixin.py:115} INFO - [2022-07-07 01:58:39,949] {dag.py:2379} INFO - Sync 1 DAGs
[2022-07-07 01:58:40,220] {logging_mixin.py:115} INFO - [2022-07-07 01:58:40,220] {dag.py:2931} INFO - Setting next_dagrun for example_python_operator to None, run_after=None
[2022-07-07 01:58:40,234] {processor.py:161} INFO - Processing /home/airflow/.local/lib/python3.7/site-packages/airflow/example_dags/example_python_operator.py took 0.362 seconds
[2022-07-07 01:59:10,698] {processor.py:153} INFO - Started process (PID=242) to work on /home/airflow/.local/lib/python3.7/site-packages/airflow/example_dags/example_python_operator.py
[2022-07-07 01:59:10,699] {processor.py:641} INFO - Processing file /home/airflow/.local/lib/python3.7/site-packages/airflow/example_dags/example_python_operator.py for tasks to queue
[2022-07-07 01:59:10,700] {logging_mixin.py:115} INFO - [2022-07-07 01:59:10,700] {dagbag.py:507} INFO - Filling up the DagBag from /home/airflow/.local/lib/python3.7/site-packages/airflow/example_dags/example_python_operator.py
[2022-07-07 01:59:10,717] {processor.py:651} INFO - DAG(s) dict_keys(['example_python_operator']) retrieved from /home/airflow/.local/lib/python3.7/site-packages/airflow/example_dags/example_python_operator.py
[2022-07-07 01:59:10,744] {logging_mixin.py:115} INFO - [2022-07-07 01:59:10,744] {dag.py:2379} INFO - Sync 1 DAGs
[2022-07-07 01:59:10,893] {logging_mixin.py:115} INFO - [2022-07-07 01:59:10,893] {dag.py:2931} INFO - Setting next_dagrun for example_python_operator to None, run_after=None
[2022-07-07 01:59:10,905] {processor.py:161} INFO - Processing /home/airflow/.local/lib/python3.7/site-packages/airflow/example_dags/example_python_operator.py took 0.210 seconds
[2022-07-07 01:59:48,233] {processor.py:153} INFO - Started process (PID=309) to work on /home/airflow/.local/lib/python3.7/site-packages/airflow/example_dags/example_python_operator.py
[2022-07-07 01:59:48,234] {processor.py:641} INFO - Processing file /home/airflow/.local/lib/python3.7/site-packages/airflow/example_dags/example_python_operator.py for tasks to queue
[2022-07-07 01:59:48,235] {logging_mixin.py:115} INFO - [2022-07-07 01:59:48,235] {dagbag.py:507} INFO - Filling up the DagBag from /home/airflow/.local/lib/python3.7/site-packages/airflow/example_dags/example_python_operator.py
[2022-07-07 01:59:48,260] {processor.py:651} INFO - DAG(s) dict_keys(['example_python_operator']) retrieved from /home/airflow/.local/lib/python3.7/site-packages/airflow/example_dags/example_python_operator.py
[2022-07-07 01:59:48,294] {logging_mixin.py:115} INFO - [2022-07-07 01:59:48,294] {dag.py:2379} INFO - Sync 1 DAGs
[2022-07-07 01:59:48,522] {logging_mixin.py:115} INFO - [2022-07-07 01:59:48,522] {dag.py:2931} INFO - Setting next_dagrun for example_python_operator to None, run_after=None
[2022-07-07 01:59:48,549] {processor.py:161} INFO - Processing /home/airflow/.local/lib/python3.7/site-packages/airflow/example_dags/example_python_operator.py took 0.321 seconds
[2022-07-07 02:00:18,755] {processor.py:153} INFO - Started process (PID=365) to work on /home/airflow/.local/lib/python3.7/site-packages/airflow/example_dags/example_python_operator.py
[2022-07-07 02:00:18,756] {processor.py:641} INFO - Processing file /home/airflow/.local/lib/python3.7/site-packages/airflow/example_dags/example_python_operator.py for tasks to queue
[2022-07-07 02:00:18,757] {logging_mixin.py:115} INFO - [2022-07-07 02:00:18,757] {dagbag.py:507} INFO - Filling up the DagBag from /home/airflow/.local/lib/python3.7/site-packages/airflow/example_dags/example_python_operator.py
[2022-07-07 02:00:18,772] {processor.py:651} INFO - DAG(s) dict_keys(['example_python_operator']) retrieved from /home/airflow/.local/lib/python3.7/site-packages/airflow/example_dags/example_python_operator.py
[2022-07-07 02:00:18,797] {logging_mixin.py:115} INFO - [2022-07-07 02:00:18,797] {dag.py:2379} INFO - Sync 1 DAGs
[2022-07-07 02:00:18,920] {logging_mixin.py:115} INFO - [2022-07-07 02:00:18,920] {dag.py:2931} INFO - Setting next_dagrun for example_python_operator to None, run_after=None
[2022-07-07 02:00:18,931] {processor.py:161} INFO - Processing /home/airflow/.local/lib/python3.7/site-packages/airflow/example_dags/example_python_operator.py took 0.179 seconds
[2022-07-07 02:00:49,341] {processor.py:153} INFO - Started process (PID=431) to work on /home/airflow/.local/lib/python3.7/site-packages/airflow/example_dags/example_python_operator.py
[2022-07-07 02:00:49,342] {processor.py:641} INFO - Processing file /home/airflow/.local/lib/python3.7/site-packages/airflow/example_dags/example_python_operator.py for tasks to queue
[2022-07-07 02:00:49,343] {logging_mixin.py:115} INFO - [2022-07-07 02:00:49,343] {dagbag.py:507} INFO - Filling up the DagBag from /home/airflow/.local/lib/python3.7/site-packages/airflow/example_dags/example_python_operator.py
[2022-07-07 02:00:49,360] {processor.py:651} INFO - DAG(s) dict_keys(['example_python_operator']) retrieved from /home/airflow/.local/lib/python3.7/site-packages/airflow/example_dags/example_python_operator.py
[2022-07-07 02:00:49,384] {logging_mixin.py:115} INFO - [2022-07-07 02:00:49,383] {dag.py:2379} INFO - Sync 1 DAGs
[2022-07-07 02:00:49,527] {logging_mixin.py:115} INFO - [2022-07-07 02:00:49,527] {dag.py:2931} INFO - Setting next_dagrun for example_python_operator to None, run_after=None
[2022-07-07 02:00:49,540] {processor.py:161} INFO - Processing /home/airflow/.local/lib/python3.7/site-packages/airflow/example_dags/example_python_operator.py took 0.202 seconds
[2022-07-07 02:01:19,917] {processor.py:153} INFO - Started process (PID=487) to work on /home/airflow/.local/lib/python3.7/site-packages/airflow/example_dags/example_python_operator.py
[2022-07-07 02:01:19,918] {processor.py:641} INFO - Processing file /home/airflow/.local/lib/python3.7/site-packages/airflow/example_dags/example_python_operator.py for tasks to queue
[2022-07-07 02:01:19,918] {logging_mixin.py:115} INFO - [2022-07-07 02:01:19,918] {dagbag.py:507} INFO - Filling up the DagBag from /home/airflow/.local/lib/python3.7/site-packages/airflow/example_dags/example_python_operator.py
[2022-07-07 02:01:19,936] {processor.py:651} INFO - DAG(s) dict_keys(['example_python_operator']) retrieved from /home/airflow/.local/lib/python3.7/site-packages/airflow/example_dags/example_python_operator.py
[2022-07-07 02:01:19,958] {logging_mixin.py:115} INFO - [2022-07-07 02:01:19,958] {dag.py:2379} INFO - Sync 1 DAGs
[2022-07-07 02:01:20,100] {logging_mixin.py:115} INFO - [2022-07-07 02:01:20,100] {dag.py:2931} INFO - Setting next_dagrun for example_python_operator to None, run_after=None
[2022-07-07 02:01:20,113] {processor.py:161} INFO - Processing /home/airflow/.local/lib/python3.7/site-packages/airflow/example_dags/example_python_operator.py took 0.199 seconds
[2022-07-07 02:01:50,570] {processor.py:153} INFO - Started process (PID=555) to work on /home/airflow/.local/lib/python3.7/site-packages/airflow/example_dags/example_python_operator.py
[2022-07-07 02:01:50,570] {processor.py:641} INFO - Processing file /home/airflow/.local/lib/python3.7/site-packages/airflow/example_dags/example_python_operator.py for tasks to queue
[2022-07-07 02:01:50,571] {logging_mixin.py:115} INFO - [2022-07-07 02:01:50,571] {dagbag.py:507} INFO - Filling up the DagBag from /home/airflow/.local/lib/python3.7/site-packages/airflow/example_dags/example_python_operator.py
[2022-07-07 02:01:50,587] {processor.py:651} INFO - DAG(s) dict_keys(['example_python_operator']) retrieved from /home/airflow/.local/lib/python3.7/site-packages/airflow/example_dags/example_python_operator.py
[2022-07-07 02:01:50,611] {logging_mixin.py:115} INFO - [2022-07-07 02:01:50,611] {dag.py:2379} INFO - Sync 1 DAGs
[2022-07-07 02:01:50,755] {logging_mixin.py:115} INFO - [2022-07-07 02:01:50,755] {dag.py:2931} INFO - Setting next_dagrun for example_python_operator to None, run_after=None
[2022-07-07 02:01:50,769] {processor.py:161} INFO - Processing /home/airflow/.local/lib/python3.7/site-packages/airflow/example_dags/example_python_operator.py took 0.202 seconds
[2022-07-07 02:02:20,980] {processor.py:153} INFO - Started process (PID=621) to work on /home/airflow/.local/lib/python3.7/site-packages/airflow/example_dags/example_python_operator.py
[2022-07-07 02:02:20,981] {processor.py:641} INFO - Processing file /home/airflow/.local/lib/python3.7/site-packages/airflow/example_dags/example_python_operator.py for tasks to queue
[2022-07-07 02:02:20,981] {logging_mixin.py:115} INFO - [2022-07-07 02:02:20,981] {dagbag.py:507} INFO - Filling up the DagBag from /home/airflow/.local/lib/python3.7/site-packages/airflow/example_dags/example_python_operator.py
[2022-07-07 02:02:20,995] {processor.py:651} INFO - DAG(s) dict_keys(['example_python_operator']) retrieved from /home/airflow/.local/lib/python3.7/site-packages/airflow/example_dags/example_python_operator.py
[2022-07-07 02:02:21,020] {logging_mixin.py:115} INFO - [2022-07-07 02:02:21,020] {dag.py:2379} INFO - Sync 1 DAGs
[2022-07-07 02:02:21,155] {logging_mixin.py:115} INFO - [2022-07-07 02:02:21,155] {dag.py:2931} INFO - Setting next_dagrun for example_python_operator to None, run_after=None
[2022-07-07 02:02:21,165] {processor.py:161} INFO - Processing /home/airflow/.local/lib/python3.7/site-packages/airflow/example_dags/example_python_operator.py took 0.188 seconds
[2022-07-07 02:02:51,682] {processor.py:153} INFO - Started process (PID=687) to work on /home/airflow/.local/lib/python3.7/site-packages/airflow/example_dags/example_python_operator.py
[2022-07-07 02:02:51,683] {processor.py:641} INFO - Processing file /home/airflow/.local/lib/python3.7/site-packages/airflow/example_dags/example_python_operator.py for tasks to queue
[2022-07-07 02:02:51,684] {logging_mixin.py:115} INFO - [2022-07-07 02:02:51,684] {dagbag.py:507} INFO - Filling up the DagBag from /home/airflow/.local/lib/python3.7/site-packages/airflow/example_dags/example_python_operator.py
[2022-07-07 02:02:51,700] {processor.py:651} INFO - DAG(s) dict_keys(['example_python_operator']) retrieved from /home/airflow/.local/lib/python3.7/site-packages/airflow/example_dags/example_python_operator.py
[2022-07-07 02:02:51,730] {logging_mixin.py:115} INFO - [2022-07-07 02:02:51,730] {dag.py:2379} INFO - Sync 1 DAGs
[2022-07-07 02:02:51,874] {logging_mixin.py:115} INFO - [2022-07-07 02:02:51,874] {dag.py:2931} INFO - Setting next_dagrun for example_python_operator to None, run_after=None
[2022-07-07 02:02:51,887] {processor.py:161} INFO - Processing /home/airflow/.local/lib/python3.7/site-packages/airflow/example_dags/example_python_operator.py took 0.209 seconds
[2022-07-07 02:03:22,692] {processor.py:153} INFO - Started process (PID=743) to work on /home/airflow/.local/lib/python3.7/site-packages/airflow/example_dags/example_python_operator.py
[2022-07-07 02:03:22,693] {processor.py:641} INFO - Processing file /home/airflow/.local/lib/python3.7/site-packages/airflow/example_dags/example_python_operator.py for tasks to queue
[2022-07-07 02:03:22,694] {logging_mixin.py:115} INFO - [2022-07-07 02:03:22,694] {dagbag.py:507} INFO - Filling up the DagBag from /home/airflow/.local/lib/python3.7/site-packages/airflow/example_dags/example_python_operator.py
[2022-07-07 02:03:22,710] {processor.py:651} INFO - DAG(s) dict_keys(['example_python_operator']) retrieved from /home/airflow/.local/lib/python3.7/site-packages/airflow/example_dags/example_python_operator.py
[2022-07-07 02:03:22,740] {logging_mixin.py:115} INFO - [2022-07-07 02:03:22,740] {dag.py:2379} INFO - Sync 1 DAGs
[2022-07-07 02:03:22,858] {logging_mixin.py:115} INFO - [2022-07-07 02:03:22,858] {dag.py:2931} INFO - Setting next_dagrun for example_python_operator to None, run_after=None
[2022-07-07 02:03:22,870] {processor.py:161} INFO - Processing /home/airflow/.local/lib/python3.7/site-packages/airflow/example_dags/example_python_operator.py took 0.180 seconds
[2022-07-07 02:03:53,616] {processor.py:153} INFO - Started process (PID=808) to work on /home/airflow/.local/lib/python3.7/site-packages/airflow/example_dags/example_python_operator.py
[2022-07-07 02:03:53,617] {processor.py:641} INFO - Processing file /home/airflow/.local/lib/python3.7/site-packages/airflow/example_dags/example_python_operator.py for tasks to queue
[2022-07-07 02:03:53,618] {logging_mixin.py:115} INFO - [2022-07-07 02:03:53,617] {dagbag.py:507} INFO - Filling up the DagBag from /home/airflow/.local/lib/python3.7/site-packages/airflow/example_dags/example_python_operator.py
[2022-07-07 02:03:53,631] {processor.py:651} INFO - DAG(s) dict_keys(['example_python_operator']) retrieved from /home/airflow/.local/lib/python3.7/site-packages/airflow/example_dags/example_python_operator.py
[2022-07-07 02:03:53,654] {logging_mixin.py:115} INFO - [2022-07-07 02:03:53,654] {dag.py:2379} INFO - Sync 1 DAGs
[2022-07-07 02:03:53,772] {logging_mixin.py:115} INFO - [2022-07-07 02:03:53,772] {dag.py:2931} INFO - Setting next_dagrun for example_python_operator to None, run_after=None
[2022-07-07 02:03:53,783] {processor.py:161} INFO - Processing /home/airflow/.local/lib/python3.7/site-packages/airflow/example_dags/example_python_operator.py took 0.169 seconds
[2022-07-07 02:04:24,010] {processor.py:153} INFO - Started process (PID=873) to work on /home/airflow/.local/lib/python3.7/site-packages/airflow/example_dags/example_python_operator.py
[2022-07-07 02:04:24,010] {processor.py:641} INFO - Processing file /home/airflow/.local/lib/python3.7/site-packages/airflow/example_dags/example_python_operator.py for tasks to queue
[2022-07-07 02:04:24,011] {logging_mixin.py:115} INFO - [2022-07-07 02:04:24,011] {dagbag.py:507} INFO - Filling up the DagBag from /home/airflow/.local/lib/python3.7/site-packages/airflow/example_dags/example_python_operator.py
[2022-07-07 02:04:24,025] {processor.py:651} INFO - DAG(s) dict_keys(['example_python_operator']) retrieved from /home/airflow/.local/lib/python3.7/site-packages/airflow/example_dags/example_python_operator.py
[2022-07-07 02:04:24,050] {logging_mixin.py:115} INFO - [2022-07-07 02:04:24,050] {dag.py:2379} INFO - Sync 1 DAGs
[2022-07-07 02:04:24,170] {logging_mixin.py:115} INFO - [2022-07-07 02:04:24,170] {dag.py:2931} INFO - Setting next_dagrun for example_python_operator to None, run_after=None
[2022-07-07 02:04:24,181] {processor.py:161} INFO - Processing /home/airflow/.local/lib/python3.7/site-packages/airflow/example_dags/example_python_operator.py took 0.174 seconds
[2022-07-07 02:04:54,752] {processor.py:153} INFO - Started process (PID=929) to work on /home/airflow/.local/lib/python3.7/site-packages/airflow/example_dags/example_python_operator.py
[2022-07-07 02:04:54,753] {processor.py:641} INFO - Processing file /home/airflow/.local/lib/python3.7/site-packages/airflow/example_dags/example_python_operator.py for tasks to queue
[2022-07-07 02:04:54,754] {logging_mixin.py:115} INFO - [2022-07-07 02:04:54,754] {dagbag.py:507} INFO - Filling up the DagBag from /home/airflow/.local/lib/python3.7/site-packages/airflow/example_dags/example_python_operator.py
[2022-07-07 02:04:54,777] {processor.py:651} INFO - DAG(s) dict_keys(['example_python_operator']) retrieved from /home/airflow/.local/lib/python3.7/site-packages/airflow/example_dags/example_python_operator.py
[2022-07-07 02:04:54,804] {logging_mixin.py:115} INFO - [2022-07-07 02:04:54,804] {dag.py:2379} INFO - Sync 1 DAGs
[2022-07-07 02:04:54,934] {logging_mixin.py:115} INFO - [2022-07-07 02:04:54,934] {dag.py:2931} INFO - Setting next_dagrun for example_python_operator to None, run_after=None
[2022-07-07 02:04:54,947] {processor.py:161} INFO - Processing /home/airflow/.local/lib/python3.7/site-packages/airflow/example_dags/example_python_operator.py took 0.198 seconds
[2022-07-07 02:05:25,054] {processor.py:153} INFO - Started process (PID=995) to work on /home/airflow/.local/lib/python3.7/site-packages/airflow/example_dags/example_python_operator.py
[2022-07-07 02:05:25,055] {processor.py:641} INFO - Processing file /home/airflow/.local/lib/python3.7/site-packages/airflow/example_dags/example_python_operator.py for tasks to queue
[2022-07-07 02:05:25,056] {logging_mixin.py:115} INFO - [2022-07-07 02:05:25,056] {dagbag.py:507} INFO - Filling up the DagBag from /home/airflow/.local/lib/python3.7/site-packages/airflow/example_dags/example_python_operator.py
[2022-07-07 02:05:25,069] {processor.py:651} INFO - DAG(s) dict_keys(['example_python_operator']) retrieved from /home/airflow/.local/lib/python3.7/site-packages/airflow/example_dags/example_python_operator.py
[2022-07-07 02:05:25,092] {logging_mixin.py:115} INFO - [2022-07-07 02:05:25,092] {dag.py:2379} INFO - Sync 1 DAGs
[2022-07-07 02:05:25,208] {logging_mixin.py:115} INFO - [2022-07-07 02:05:25,208] {dag.py:2931} INFO - Setting next_dagrun for example_python_operator to None, run_after=None
[2022-07-07 02:05:25,219] {processor.py:161} INFO - Processing /home/airflow/.local/lib/python3.7/site-packages/airflow/example_dags/example_python_operator.py took 0.167 seconds
[2022-07-07 02:05:55,454] {processor.py:153} INFO - Started process (PID=1059) to work on /home/airflow/.local/lib/python3.7/site-packages/airflow/example_dags/example_python_operator.py
[2022-07-07 02:05:55,455] {processor.py:641} INFO - Processing file /home/airflow/.local/lib/python3.7/site-packages/airflow/example_dags/example_python_operator.py for tasks to queue
[2022-07-07 02:05:55,456] {logging_mixin.py:115} INFO - [2022-07-07 02:05:55,456] {dagbag.py:507} INFO - Filling up the DagBag from /home/airflow/.local/lib/python3.7/site-packages/airflow/example_dags/example_python_operator.py
[2022-07-07 02:05:55,469] {processor.py:651} INFO - DAG(s) dict_keys(['example_python_operator']) retrieved from /home/airflow/.local/lib/python3.7/site-packages/airflow/example_dags/example_python_operator.py
[2022-07-07 02:05:55,492] {logging_mixin.py:115} INFO - [2022-07-07 02:05:55,492] {dag.py:2379} INFO - Sync 1 DAGs
[2022-07-07 02:05:55,620] {logging_mixin.py:115} INFO - [2022-07-07 02:05:55,620] {dag.py:2931} INFO - Setting next_dagrun for example_python_operator to None, run_after=None
[2022-07-07 02:05:55,630] {processor.py:161} INFO - Processing /home/airflow/.local/lib/python3.7/site-packages/airflow/example_dags/example_python_operator.py took 0.178 seconds
[2022-07-07 02:06:26,399] {processor.py:153} INFO - Started process (PID=1124) to work on /home/airflow/.local/lib/python3.7/site-packages/airflow/example_dags/example_python_operator.py
[2022-07-07 02:06:26,400] {processor.py:641} INFO - Processing file /home/airflow/.local/lib/python3.7/site-packages/airflow/example_dags/example_python_operator.py for tasks to queue
[2022-07-07 02:06:26,400] {logging_mixin.py:115} INFO - [2022-07-07 02:06:26,400] {dagbag.py:507} INFO - Filling up the DagBag from /home/airflow/.local/lib/python3.7/site-packages/airflow/example_dags/example_python_operator.py
[2022-07-07 02:06:26,415] {processor.py:651} INFO - DAG(s) dict_keys(['example_python_operator']) retrieved from /home/airflow/.local/lib/python3.7/site-packages/airflow/example_dags/example_python_operator.py
[2022-07-07 02:06:26,476] {logging_mixin.py:115} INFO - [2022-07-07 02:06:26,476] {dag.py:2379} INFO - Sync 1 DAGs
[2022-07-07 02:06:26,632] {logging_mixin.py:115} INFO - [2022-07-07 02:06:26,632] {dag.py:2931} INFO - Setting next_dagrun for example_python_operator to None, run_after=None
[2022-07-07 02:06:26,642] {processor.py:161} INFO - Processing /home/airflow/.local/lib/python3.7/site-packages/airflow/example_dags/example_python_operator.py took 0.246 seconds
[2022-07-07 02:06:57,208] {processor.py:153} INFO - Started process (PID=1181) to work on /home/airflow/.local/lib/python3.7/site-packages/airflow/example_dags/example_python_operator.py
[2022-07-07 02:06:57,209] {processor.py:641} INFO - Processing file /home/airflow/.local/lib/python3.7/site-packages/airflow/example_dags/example_python_operator.py for tasks to queue
[2022-07-07 02:06:57,209] {logging_mixin.py:115} INFO - [2022-07-07 02:06:57,209] {dagbag.py:507} INFO - Filling up the DagBag from /home/airflow/.local/lib/python3.7/site-packages/airflow/example_dags/example_python_operator.py
[2022-07-07 02:06:57,226] {processor.py:651} INFO - DAG(s) dict_keys(['example_python_operator']) retrieved from /home/airflow/.local/lib/python3.7/site-packages/airflow/example_dags/example_python_operator.py
[2022-07-07 02:06:57,251] {logging_mixin.py:115} INFO - [2022-07-07 02:06:57,251] {dag.py:2379} INFO - Sync 1 DAGs
[2022-07-07 02:06:57,366] {logging_mixin.py:115} INFO - [2022-07-07 02:06:57,366] {dag.py:2931} INFO - Setting next_dagrun for example_python_operator to None, run_after=None
[2022-07-07 02:06:57,377] {processor.py:161} INFO - Processing /home/airflow/.local/lib/python3.7/site-packages/airflow/example_dags/example_python_operator.py took 0.172 seconds
[2022-07-07 02:07:27,993] {processor.py:153} INFO - Started process (PID=1247) to work on /home/airflow/.local/lib/python3.7/site-packages/airflow/example_dags/example_python_operator.py
[2022-07-07 02:07:27,994] {processor.py:641} INFO - Processing file /home/airflow/.local/lib/python3.7/site-packages/airflow/example_dags/example_python_operator.py for tasks to queue
[2022-07-07 02:07:27,995] {logging_mixin.py:115} INFO - [2022-07-07 02:07:27,995] {dagbag.py:507} INFO - Filling up the DagBag from /home/airflow/.local/lib/python3.7/site-packages/airflow/example_dags/example_python_operator.py
[2022-07-07 02:07:28,009] {processor.py:651} INFO - DAG(s) dict_keys(['example_python_operator']) retrieved from /home/airflow/.local/lib/python3.7/site-packages/airflow/example_dags/example_python_operator.py
[2022-07-07 02:07:28,038] {logging_mixin.py:115} INFO - [2022-07-07 02:07:28,038] {dag.py:2379} INFO - Sync 1 DAGs
[2022-07-07 02:07:28,202] {logging_mixin.py:115} INFO - [2022-07-07 02:07:28,202] {dag.py:2931} INFO - Setting next_dagrun for example_python_operator to None, run_after=None
[2022-07-07 02:07:28,211] {processor.py:161} INFO - Processing /home/airflow/.local/lib/python3.7/site-packages/airflow/example_dags/example_python_operator.py took 0.221 seconds
[2022-07-07 02:07:58,410] {processor.py:153} INFO - Started process (PID=1312) to work on /home/airflow/.local/lib/python3.7/site-packages/airflow/example_dags/example_python_operator.py
[2022-07-07 02:07:58,410] {processor.py:641} INFO - Processing file /home/airflow/.local/lib/python3.7/site-packages/airflow/example_dags/example_python_operator.py for tasks to queue
[2022-07-07 02:07:58,411] {logging_mixin.py:115} INFO - [2022-07-07 02:07:58,411] {dagbag.py:507} INFO - Filling up the DagBag from /home/airflow/.local/lib/python3.7/site-packages/airflow/example_dags/example_python_operator.py
[2022-07-07 02:07:58,426] {processor.py:651} INFO - DAG(s) dict_keys(['example_python_operator']) retrieved from /home/airflow/.local/lib/python3.7/site-packages/airflow/example_dags/example_python_operator.py
[2022-07-07 02:07:58,449] {logging_mixin.py:115} INFO - [2022-07-07 02:07:58,449] {dag.py:2379} INFO - Sync 1 DAGs
[2022-07-07 02:07:58,573] {logging_mixin.py:115} INFO - [2022-07-07 02:07:58,573] {dag.py:2931} INFO - Setting next_dagrun for example_python_operator to None, run_after=None
[2022-07-07 02:07:58,584] {processor.py:161} INFO - Processing /home/airflow/.local/lib/python3.7/site-packages/airflow/example_dags/example_python_operator.py took 0.177 seconds
[2022-07-07 02:08:29,044] {processor.py:153} INFO - Started process (PID=1367) to work on /home/airflow/.local/lib/python3.7/site-packages/airflow/example_dags/example_python_operator.py
[2022-07-07 02:08:29,044] {processor.py:641} INFO - Processing file /home/airflow/.local/lib/python3.7/site-packages/airflow/example_dags/example_python_operator.py for tasks to queue
[2022-07-07 02:08:29,045] {logging_mixin.py:115} INFO - [2022-07-07 02:08:29,045] {dagbag.py:507} INFO - Filling up the DagBag from /home/airflow/.local/lib/python3.7/site-packages/airflow/example_dags/example_python_operator.py
[2022-07-07 02:08:29,059] {processor.py:651} INFO - DAG(s) dict_keys(['example_python_operator']) retrieved from /home/airflow/.local/lib/python3.7/site-packages/airflow/example_dags/example_python_operator.py
[2022-07-07 02:08:29,081] {logging_mixin.py:115} INFO - [2022-07-07 02:08:29,081] {dag.py:2379} INFO - Sync 1 DAGs
[2022-07-07 02:08:29,193] {logging_mixin.py:115} INFO - [2022-07-07 02:08:29,193] {dag.py:2931} INFO - Setting next_dagrun for example_python_operator to None, run_after=None
[2022-07-07 02:08:29,204] {processor.py:161} INFO - Processing /home/airflow/.local/lib/python3.7/site-packages/airflow/example_dags/example_python_operator.py took 0.163 seconds
[2022-07-07 02:08:59,702] {processor.py:153} INFO - Started process (PID=1434) to work on /home/airflow/.local/lib/python3.7/site-packages/airflow/example_dags/example_python_operator.py
[2022-07-07 02:08:59,703] {processor.py:641} INFO - Processing file /home/airflow/.local/lib/python3.7/site-packages/airflow/example_dags/example_python_operator.py for tasks to queue
[2022-07-07 02:08:59,704] {logging_mixin.py:115} INFO - [2022-07-07 02:08:59,704] {dagbag.py:507} INFO - Filling up the DagBag from /home/airflow/.local/lib/python3.7/site-packages/airflow/example_dags/example_python_operator.py
[2022-07-07 02:08:59,722] {processor.py:651} INFO - DAG(s) dict_keys(['example_python_operator']) retrieved from /home/airflow/.local/lib/python3.7/site-packages/airflow/example_dags/example_python_operator.py
[2022-07-07 02:08:59,751] {logging_mixin.py:115} INFO - [2022-07-07 02:08:59,751] {dag.py:2379} INFO - Sync 1 DAGs
[2022-07-07 02:08:59,905] {logging_mixin.py:115} INFO - [2022-07-07 02:08:59,905] {dag.py:2931} INFO - Setting next_dagrun for example_python_operator to None, run_after=None
[2022-07-07 02:08:59,919] {processor.py:161} INFO - Processing /home/airflow/.local/lib/python3.7/site-packages/airflow/example_dags/example_python_operator.py took 0.220 seconds
[2022-07-07 02:09:30,107] {processor.py:153} INFO - Started process (PID=1500) to work on /home/airflow/.local/lib/python3.7/site-packages/airflow/example_dags/example_python_operator.py
[2022-07-07 02:09:30,108] {processor.py:641} INFO - Processing file /home/airflow/.local/lib/python3.7/site-packages/airflow/example_dags/example_python_operator.py for tasks to queue
[2022-07-07 02:09:30,108] {logging_mixin.py:115} INFO - [2022-07-07 02:09:30,108] {dagbag.py:507} INFO - Filling up the DagBag from /home/airflow/.local/lib/python3.7/site-packages/airflow/example_dags/example_python_operator.py
[2022-07-07 02:09:30,122] {processor.py:651} INFO - DAG(s) dict_keys(['example_python_operator']) retrieved from /home/airflow/.local/lib/python3.7/site-packages/airflow/example_dags/example_python_operator.py
[2022-07-07 02:09:30,146] {logging_mixin.py:115} INFO - [2022-07-07 02:09:30,146] {dag.py:2379} INFO - Sync 1 DAGs
[2022-07-07 02:09:30,273] {logging_mixin.py:115} INFO - [2022-07-07 02:09:30,273] {dag.py:2931} INFO - Setting next_dagrun for example_python_operator to None, run_after=None
[2022-07-07 02:09:30,284] {processor.py:161} INFO - Processing /home/airflow/.local/lib/python3.7/site-packages/airflow/example_dags/example_python_operator.py took 0.179 seconds
[2022-07-07 02:10:00,463] {processor.py:153} INFO - Started process (PID=1567) to work on /home/airflow/.local/lib/python3.7/site-packages/airflow/example_dags/example_python_operator.py
[2022-07-07 02:10:00,464] {processor.py:641} INFO - Processing file /home/airflow/.local/lib/python3.7/site-packages/airflow/example_dags/example_python_operator.py for tasks to queue
[2022-07-07 02:10:00,464] {logging_mixin.py:115} INFO - [2022-07-07 02:10:00,464] {dagbag.py:507} INFO - Filling up the DagBag from /home/airflow/.local/lib/python3.7/site-packages/airflow/example_dags/example_python_operator.py
[2022-07-07 02:10:00,481] {processor.py:651} INFO - DAG(s) dict_keys(['example_python_operator']) retrieved from /home/airflow/.local/lib/python3.7/site-packages/airflow/example_dags/example_python_operator.py
[2022-07-07 02:10:00,511] {logging_mixin.py:115} INFO - [2022-07-07 02:10:00,511] {dag.py:2379} INFO - Sync 1 DAGs
[2022-07-07 02:10:00,670] {logging_mixin.py:115} INFO - [2022-07-07 02:10:00,670] {dag.py:2931} INFO - Setting next_dagrun for example_python_operator to None, run_after=None
[2022-07-07 02:10:00,687] {processor.py:161} INFO - Processing /home/airflow/.local/lib/python3.7/site-packages/airflow/example_dags/example_python_operator.py took 0.229 seconds
[2022-07-07 02:10:31,420] {processor.py:153} INFO - Started process (PID=1622) to work on /home/airflow/.local/lib/python3.7/site-packages/airflow/example_dags/example_python_operator.py
[2022-07-07 02:10:31,421] {processor.py:641} INFO - Processing file /home/airflow/.local/lib/python3.7/site-packages/airflow/example_dags/example_python_operator.py for tasks to queue
[2022-07-07 02:10:31,422] {logging_mixin.py:115} INFO - [2022-07-07 02:10:31,421] {dagbag.py:507} INFO - Filling up the DagBag from /home/airflow/.local/lib/python3.7/site-packages/airflow/example_dags/example_python_operator.py
[2022-07-07 02:10:31,436] {processor.py:651} INFO - DAG(s) dict_keys(['example_python_operator']) retrieved from /home/airflow/.local/lib/python3.7/site-packages/airflow/example_dags/example_python_operator.py
[2022-07-07 02:10:31,458] {logging_mixin.py:115} INFO - [2022-07-07 02:10:31,458] {dag.py:2379} INFO - Sync 1 DAGs
[2022-07-07 02:10:31,571] {logging_mixin.py:115} INFO - [2022-07-07 02:10:31,571] {dag.py:2931} INFO - Setting next_dagrun for example_python_operator to None, run_after=None
[2022-07-07 02:10:31,583] {processor.py:161} INFO - Processing /home/airflow/.local/lib/python3.7/site-packages/airflow/example_dags/example_python_operator.py took 0.165 seconds
[2022-07-07 02:11:01,891] {processor.py:153} INFO - Started process (PID=1687) to work on /home/airflow/.local/lib/python3.7/site-packages/airflow/example_dags/example_python_operator.py
[2022-07-07 02:11:01,892] {processor.py:641} INFO - Processing file /home/airflow/.local/lib/python3.7/site-packages/airflow/example_dags/example_python_operator.py for tasks to queue
[2022-07-07 02:11:01,892] {logging_mixin.py:115} INFO - [2022-07-07 02:11:01,892] {dagbag.py:507} INFO - Filling up the DagBag from /home/airflow/.local/lib/python3.7/site-packages/airflow/example_dags/example_python_operator.py
[2022-07-07 02:11:01,906] {processor.py:651} INFO - DAG(s) dict_keys(['example_python_operator']) retrieved from /home/airflow/.local/lib/python3.7/site-packages/airflow/example_dags/example_python_operator.py
[2022-07-07 02:11:01,930] {logging_mixin.py:115} INFO - [2022-07-07 02:11:01,930] {dag.py:2379} INFO - Sync 1 DAGs
[2022-07-07 02:11:02,055] {logging_mixin.py:115} INFO - [2022-07-07 02:11:02,055] {dag.py:2931} INFO - Setting next_dagrun for example_python_operator to None, run_after=None
[2022-07-07 02:11:02,067] {processor.py:161} INFO - Processing /home/airflow/.local/lib/python3.7/site-packages/airflow/example_dags/example_python_operator.py took 0.178 seconds
[2022-07-07 02:11:32,237] {processor.py:153} INFO - Started process (PID=1753) to work on /home/airflow/.local/lib/python3.7/site-packages/airflow/example_dags/example_python_operator.py
[2022-07-07 02:11:32,238] {processor.py:641} INFO - Processing file /home/airflow/.local/lib/python3.7/site-packages/airflow/example_dags/example_python_operator.py for tasks to queue
[2022-07-07 02:11:32,238] {logging_mixin.py:115} INFO - [2022-07-07 02:11:32,238] {dagbag.py:507} INFO - Filling up the DagBag from /home/airflow/.local/lib/python3.7/site-packages/airflow/example_dags/example_python_operator.py
[2022-07-07 02:11:32,252] {processor.py:651} INFO - DAG(s) dict_keys(['example_python_operator']) retrieved from /home/airflow/.local/lib/python3.7/site-packages/airflow/example_dags/example_python_operator.py
[2022-07-07 02:11:32,276] {logging_mixin.py:115} INFO - [2022-07-07 02:11:32,276] {dag.py:2379} INFO - Sync 1 DAGs
[2022-07-07 02:11:32,393] {logging_mixin.py:115} INFO - [2022-07-07 02:11:32,393] {dag.py:2931} INFO - Setting next_dagrun for example_python_operator to None, run_after=None
[2022-07-07 02:11:32,403] {processor.py:161} INFO - Processing /home/airflow/.local/lib/python3.7/site-packages/airflow/example_dags/example_python_operator.py took 0.169 seconds
[2022-07-07 02:12:02,837] {processor.py:153} INFO - Started process (PID=1809) to work on /home/airflow/.local/lib/python3.7/site-packages/airflow/example_dags/example_python_operator.py
[2022-07-07 02:12:02,837] {processor.py:641} INFO - Processing file /home/airflow/.local/lib/python3.7/site-packages/airflow/example_dags/example_python_operator.py for tasks to queue
[2022-07-07 02:12:02,838] {logging_mixin.py:115} INFO - [2022-07-07 02:12:02,838] {dagbag.py:507} INFO - Filling up the DagBag from /home/airflow/.local/lib/python3.7/site-packages/airflow/example_dags/example_python_operator.py
[2022-07-07 02:12:02,866] {processor.py:651} INFO - DAG(s) dict_keys(['example_python_operator']) retrieved from /home/airflow/.local/lib/python3.7/site-packages/airflow/example_dags/example_python_operator.py
[2022-07-07 02:12:02,894] {logging_mixin.py:115} INFO - [2022-07-07 02:12:02,894] {dag.py:2379} INFO - Sync 1 DAGs
[2022-07-07 02:12:03,049] {logging_mixin.py:115} INFO - [2022-07-07 02:12:03,049] {dag.py:2931} INFO - Setting next_dagrun for example_python_operator to None, run_after=None
[2022-07-07 02:12:03,064] {processor.py:161} INFO - Processing /home/airflow/.local/lib/python3.7/site-packages/airflow/example_dags/example_python_operator.py took 0.230 seconds
[2022-07-07 02:12:33,404] {processor.py:153} INFO - Started process (PID=1875) to work on /home/airflow/.local/lib/python3.7/site-packages/airflow/example_dags/example_python_operator.py
[2022-07-07 02:12:33,405] {processor.py:641} INFO - Processing file /home/airflow/.local/lib/python3.7/site-packages/airflow/example_dags/example_python_operator.py for tasks to queue
[2022-07-07 02:12:33,406] {logging_mixin.py:115} INFO - [2022-07-07 02:12:33,406] {dagbag.py:507} INFO - Filling up the DagBag from /home/airflow/.local/lib/python3.7/site-packages/airflow/example_dags/example_python_operator.py
[2022-07-07 02:12:33,420] {processor.py:651} INFO - DAG(s) dict_keys(['example_python_operator']) retrieved from /home/airflow/.local/lib/python3.7/site-packages/airflow/example_dags/example_python_operator.py
[2022-07-07 02:12:33,443] {logging_mixin.py:115} INFO - [2022-07-07 02:12:33,443] {dag.py:2379} INFO - Sync 1 DAGs
[2022-07-07 02:12:33,554] {logging_mixin.py:115} INFO - [2022-07-07 02:12:33,554] {dag.py:2931} INFO - Setting next_dagrun for example_python_operator to None, run_after=None
[2022-07-07 02:12:33,566] {processor.py:161} INFO - Processing /home/airflow/.local/lib/python3.7/site-packages/airflow/example_dags/example_python_operator.py took 0.164 seconds
[2022-07-07 02:13:03,840] {processor.py:153} INFO - Started process (PID=1939) to work on /home/airflow/.local/lib/python3.7/site-packages/airflow/example_dags/example_python_operator.py
[2022-07-07 02:13:03,841] {processor.py:641} INFO - Processing file /home/airflow/.local/lib/python3.7/site-packages/airflow/example_dags/example_python_operator.py for tasks to queue
[2022-07-07 02:13:03,841] {logging_mixin.py:115} INFO - [2022-07-07 02:13:03,841] {dagbag.py:507} INFO - Filling up the DagBag from /home/airflow/.local/lib/python3.7/site-packages/airflow/example_dags/example_python_operator.py
[2022-07-07 02:13:03,855] {processor.py:651} INFO - DAG(s) dict_keys(['example_python_operator']) retrieved from /home/airflow/.local/lib/python3.7/site-packages/airflow/example_dags/example_python_operator.py
[2022-07-07 02:13:03,881] {logging_mixin.py:115} INFO - [2022-07-07 02:13:03,881] {dag.py:2379} INFO - Sync 1 DAGs
[2022-07-07 02:13:03,994] {logging_mixin.py:115} INFO - [2022-07-07 02:13:03,994] {dag.py:2931} INFO - Setting next_dagrun for example_python_operator to None, run_after=None
[2022-07-07 02:13:04,007] {processor.py:161} INFO - Processing /home/airflow/.local/lib/python3.7/site-packages/airflow/example_dags/example_python_operator.py took 0.169 seconds
[2022-07-07 02:13:34,101] {processor.py:153} INFO - Started process (PID=2001) to work on /home/airflow/.local/lib/python3.7/site-packages/airflow/example_dags/example_python_operator.py
[2022-07-07 02:13:34,102] {processor.py:641} INFO - Processing file /home/airflow/.local/lib/python3.7/site-packages/airflow/example_dags/example_python_operator.py for tasks to queue
[2022-07-07 02:13:34,103] {logging_mixin.py:115} INFO - [2022-07-07 02:13:34,103] {dagbag.py:507} INFO - Filling up the DagBag from /home/airflow/.local/lib/python3.7/site-packages/airflow/example_dags/example_python_operator.py
[2022-07-07 02:13:34,122] {processor.py:651} INFO - DAG(s) dict_keys(['example_python_operator']) retrieved from /home/airflow/.local/lib/python3.7/site-packages/airflow/example_dags/example_python_operator.py
[2022-07-07 02:13:34,154] {logging_mixin.py:115} INFO - [2022-07-07 02:13:34,154] {dag.py:2379} INFO - Sync 1 DAGs
[2022-07-07 02:13:34,279] {logging_mixin.py:115} INFO - [2022-07-07 02:13:34,279] {dag.py:2931} INFO - Setting next_dagrun for example_python_operator to None, run_after=None
[2022-07-07 02:13:34,291] {processor.py:161} INFO - Processing /home/airflow/.local/lib/python3.7/site-packages/airflow/example_dags/example_python_operator.py took 0.193 seconds
[2022-07-07 02:14:04,917] {processor.py:153} INFO - Started process (PID=2059) to work on /home/airflow/.local/lib/python3.7/site-packages/airflow/example_dags/example_python_operator.py
[2022-07-07 02:14:04,918] {processor.py:641} INFO - Processing file /home/airflow/.local/lib/python3.7/site-packages/airflow/example_dags/example_python_operator.py for tasks to queue
[2022-07-07 02:14:04,918] {logging_mixin.py:115} INFO - [2022-07-07 02:14:04,918] {dagbag.py:507} INFO - Filling up the DagBag from /home/airflow/.local/lib/python3.7/site-packages/airflow/example_dags/example_python_operator.py
[2022-07-07 02:14:04,933] {processor.py:651} INFO - DAG(s) dict_keys(['example_python_operator']) retrieved from /home/airflow/.local/lib/python3.7/site-packages/airflow/example_dags/example_python_operator.py
[2022-07-07 02:14:04,959] {logging_mixin.py:115} INFO - [2022-07-07 02:14:04,959] {dag.py:2379} INFO - Sync 1 DAGs
[2022-07-07 02:14:05,095] {logging_mixin.py:115} INFO - [2022-07-07 02:14:05,095] {dag.py:2931} INFO - Setting next_dagrun for example_python_operator to None, run_after=None
[2022-07-07 02:14:05,106] {processor.py:161} INFO - Processing /home/airflow/.local/lib/python3.7/site-packages/airflow/example_dags/example_python_operator.py took 0.195 seconds
[2022-07-07 02:14:35,389] {processor.py:153} INFO - Started process (PID=2124) to work on /home/airflow/.local/lib/python3.7/site-packages/airflow/example_dags/example_python_operator.py
[2022-07-07 02:14:35,389] {processor.py:641} INFO - Processing file /home/airflow/.local/lib/python3.7/site-packages/airflow/example_dags/example_python_operator.py for tasks to queue
[2022-07-07 02:14:35,390] {logging_mixin.py:115} INFO - [2022-07-07 02:14:35,390] {dagbag.py:507} INFO - Filling up the DagBag from /home/airflow/.local/lib/python3.7/site-packages/airflow/example_dags/example_python_operator.py
[2022-07-07 02:14:35,403] {processor.py:651} INFO - DAG(s) dict_keys(['example_python_operator']) retrieved from /home/airflow/.local/lib/python3.7/site-packages/airflow/example_dags/example_python_operator.py
[2022-07-07 02:14:35,427] {logging_mixin.py:115} INFO - [2022-07-07 02:14:35,427] {dag.py:2379} INFO - Sync 1 DAGs
[2022-07-07 02:14:35,538] {logging_mixin.py:115} INFO - [2022-07-07 02:14:35,538] {dag.py:2931} INFO - Setting next_dagrun for example_python_operator to None, run_after=None
[2022-07-07 02:14:35,549] {processor.py:161} INFO - Processing /home/airflow/.local/lib/python3.7/site-packages/airflow/example_dags/example_python_operator.py took 0.163 seconds
[2022-07-07 02:15:05,737] {processor.py:153} INFO - Started process (PID=2189) to work on /home/airflow/.local/lib/python3.7/site-packages/airflow/example_dags/example_python_operator.py
[2022-07-07 02:15:05,738] {processor.py:641} INFO - Processing file /home/airflow/.local/lib/python3.7/site-packages/airflow/example_dags/example_python_operator.py for tasks to queue
[2022-07-07 02:15:05,739] {logging_mixin.py:115} INFO - [2022-07-07 02:15:05,739] {dagbag.py:507} INFO - Filling up the DagBag from /home/airflow/.local/lib/python3.7/site-packages/airflow/example_dags/example_python_operator.py
[2022-07-07 02:15:05,753] {processor.py:651} INFO - DAG(s) dict_keys(['example_python_operator']) retrieved from /home/airflow/.local/lib/python3.7/site-packages/airflow/example_dags/example_python_operator.py
[2022-07-07 02:15:05,778] {logging_mixin.py:115} INFO - [2022-07-07 02:15:05,778] {dag.py:2379} INFO - Sync 1 DAGs
[2022-07-07 02:15:05,906] {logging_mixin.py:115} INFO - [2022-07-07 02:15:05,906] {dag.py:2931} INFO - Setting next_dagrun for example_python_operator to None, run_after=None
[2022-07-07 02:15:05,917] {processor.py:161} INFO - Processing /home/airflow/.local/lib/python3.7/site-packages/airflow/example_dags/example_python_operator.py took 0.182 seconds
[2022-07-07 02:15:36,181] {processor.py:153} INFO - Started process (PID=2244) to work on /home/airflow/.local/lib/python3.7/site-packages/airflow/example_dags/example_python_operator.py
[2022-07-07 02:15:36,181] {processor.py:641} INFO - Processing file /home/airflow/.local/lib/python3.7/site-packages/airflow/example_dags/example_python_operator.py for tasks to queue
[2022-07-07 02:15:36,182] {logging_mixin.py:115} INFO - [2022-07-07 02:15:36,182] {dagbag.py:507} INFO - Filling up the DagBag from /home/airflow/.local/lib/python3.7/site-packages/airflow/example_dags/example_python_operator.py
[2022-07-07 02:15:36,197] {processor.py:651} INFO - DAG(s) dict_keys(['example_python_operator']) retrieved from /home/airflow/.local/lib/python3.7/site-packages/airflow/example_dags/example_python_operator.py
[2022-07-07 02:15:36,220] {logging_mixin.py:115} INFO - [2022-07-07 02:15:36,220] {dag.py:2379} INFO - Sync 1 DAGs
[2022-07-07 02:15:36,340] {logging_mixin.py:115} INFO - [2022-07-07 02:15:36,340] {dag.py:2931} INFO - Setting next_dagrun for example_python_operator to None, run_after=None
[2022-07-07 02:15:36,352] {processor.py:161} INFO - Processing /home/airflow/.local/lib/python3.7/site-packages/airflow/example_dags/example_python_operator.py took 0.174 seconds
[2022-07-07 02:16:06,856] {processor.py:153} INFO - Started process (PID=2309) to work on /home/airflow/.local/lib/python3.7/site-packages/airflow/example_dags/example_python_operator.py
[2022-07-07 02:16:06,856] {processor.py:641} INFO - Processing file /home/airflow/.local/lib/python3.7/site-packages/airflow/example_dags/example_python_operator.py for tasks to queue
[2022-07-07 02:16:06,857] {logging_mixin.py:115} INFO - [2022-07-07 02:16:06,857] {dagbag.py:507} INFO - Filling up the DagBag from /home/airflow/.local/lib/python3.7/site-packages/airflow/example_dags/example_python_operator.py
[2022-07-07 02:16:06,880] {processor.py:651} INFO - DAG(s) dict_keys(['example_python_operator']) retrieved from /home/airflow/.local/lib/python3.7/site-packages/airflow/example_dags/example_python_operator.py
[2022-07-07 02:16:06,904] {logging_mixin.py:115} INFO - [2022-07-07 02:16:06,904] {dag.py:2379} INFO - Sync 1 DAGs
[2022-07-07 02:16:07,033] {logging_mixin.py:115} INFO - [2022-07-07 02:16:07,033] {dag.py:2931} INFO - Setting next_dagrun for example_python_operator to None, run_after=None
[2022-07-07 02:16:07,044] {processor.py:161} INFO - Processing /home/airflow/.local/lib/python3.7/site-packages/airflow/example_dags/example_python_operator.py took 0.191 seconds
[2022-07-07 02:16:37,745] {processor.py:153} INFO - Started process (PID=2375) to work on /home/airflow/.local/lib/python3.7/site-packages/airflow/example_dags/example_python_operator.py
[2022-07-07 02:16:37,746] {processor.py:641} INFO - Processing file /home/airflow/.local/lib/python3.7/site-packages/airflow/example_dags/example_python_operator.py for tasks to queue
[2022-07-07 02:16:37,747] {logging_mixin.py:115} INFO - [2022-07-07 02:16:37,746] {dagbag.py:507} INFO - Filling up the DagBag from /home/airflow/.local/lib/python3.7/site-packages/airflow/example_dags/example_python_operator.py
[2022-07-07 02:16:37,761] {processor.py:651} INFO - DAG(s) dict_keys(['example_python_operator']) retrieved from /home/airflow/.local/lib/python3.7/site-packages/airflow/example_dags/example_python_operator.py
[2022-07-07 02:16:37,784] {logging_mixin.py:115} INFO - [2022-07-07 02:16:37,784] {dag.py:2379} INFO - Sync 1 DAGs
[2022-07-07 02:16:37,925] {logging_mixin.py:115} INFO - [2022-07-07 02:16:37,925] {dag.py:2931} INFO - Setting next_dagrun for example_python_operator to None, run_after=None
[2022-07-07 02:16:37,938] {processor.py:161} INFO - Processing /home/airflow/.local/lib/python3.7/site-packages/airflow/example_dags/example_python_operator.py took 0.195 seconds
[2022-07-07 02:17:08,136] {processor.py:153} INFO - Started process (PID=2430) to work on /home/airflow/.local/lib/python3.7/site-packages/airflow/example_dags/example_python_operator.py
[2022-07-07 02:17:08,136] {processor.py:641} INFO - Processing file /home/airflow/.local/lib/python3.7/site-packages/airflow/example_dags/example_python_operator.py for tasks to queue
[2022-07-07 02:17:08,137] {logging_mixin.py:115} INFO - [2022-07-07 02:17:08,137] {dagbag.py:507} INFO - Filling up the DagBag from /home/airflow/.local/lib/python3.7/site-packages/airflow/example_dags/example_python_operator.py
[2022-07-07 02:17:08,151] {processor.py:651} INFO - DAG(s) dict_keys(['example_python_operator']) retrieved from /home/airflow/.local/lib/python3.7/site-packages/airflow/example_dags/example_python_operator.py
[2022-07-07 02:17:08,173] {logging_mixin.py:115} INFO - [2022-07-07 02:17:08,173] {dag.py:2379} INFO - Sync 1 DAGs
[2022-07-07 02:17:08,286] {logging_mixin.py:115} INFO - [2022-07-07 02:17:08,285] {dag.py:2931} INFO - Setting next_dagrun for example_python_operator to None, run_after=None
[2022-07-07 02:17:08,297] {processor.py:161} INFO - Processing /home/airflow/.local/lib/python3.7/site-packages/airflow/example_dags/example_python_operator.py took 0.164 seconds
[2022-07-07 02:17:38,604] {processor.py:153} INFO - Started process (PID=2497) to work on /home/airflow/.local/lib/python3.7/site-packages/airflow/example_dags/example_python_operator.py
[2022-07-07 02:17:38,604] {processor.py:641} INFO - Processing file /home/airflow/.local/lib/python3.7/site-packages/airflow/example_dags/example_python_operator.py for tasks to queue
[2022-07-07 02:17:38,605] {logging_mixin.py:115} INFO - [2022-07-07 02:17:38,605] {dagbag.py:507} INFO - Filling up the DagBag from /home/airflow/.local/lib/python3.7/site-packages/airflow/example_dags/example_python_operator.py
[2022-07-07 02:17:38,619] {processor.py:651} INFO - DAG(s) dict_keys(['example_python_operator']) retrieved from /home/airflow/.local/lib/python3.7/site-packages/airflow/example_dags/example_python_operator.py
[2022-07-07 02:17:38,744] {logging_mixin.py:115} INFO - [2022-07-07 02:17:38,744] {dag.py:2379} INFO - Sync 1 DAGs
[2022-07-07 02:17:38,759] {logging_mixin.py:115} INFO - [2022-07-07 02:17:38,759] {dag.py:2931} INFO - Setting next_dagrun for example_python_operator to None, run_after=None
[2022-07-07 02:17:38,771] {processor.py:161} INFO - Processing /home/airflow/.local/lib/python3.7/site-packages/airflow/example_dags/example_python_operator.py took 0.170 seconds
[2022-07-07 02:18:08,844] {processor.py:153} INFO - Started process (PID=2562) to work on /home/airflow/.local/lib/python3.7/site-packages/airflow/example_dags/example_python_operator.py
[2022-07-07 02:18:08,845] {processor.py:641} INFO - Processing file /home/airflow/.local/lib/python3.7/site-packages/airflow/example_dags/example_python_operator.py for tasks to queue
[2022-07-07 02:18:08,846] {logging_mixin.py:115} INFO - [2022-07-07 02:18:08,846] {dagbag.py:507} INFO - Filling up the DagBag from /home/airflow/.local/lib/python3.7/site-packages/airflow/example_dags/example_python_operator.py
[2022-07-07 02:18:08,865] {processor.py:651} INFO - DAG(s) dict_keys(['example_python_operator']) retrieved from /home/airflow/.local/lib/python3.7/site-packages/airflow/example_dags/example_python_operator.py
[2022-07-07 02:18:08,994] {logging_mixin.py:115} INFO - [2022-07-07 02:18:08,994] {dag.py:2379} INFO - Sync 1 DAGs
[2022-07-07 02:18:09,010] {logging_mixin.py:115} INFO - [2022-07-07 02:18:09,010] {dag.py:2931} INFO - Setting next_dagrun for example_python_operator to None, run_after=None
[2022-07-07 02:18:09,021] {processor.py:161} INFO - Processing /home/airflow/.local/lib/python3.7/site-packages/airflow/example_dags/example_python_operator.py took 0.180 seconds
[2022-07-07 02:18:39,341] {processor.py:153} INFO - Started process (PID=2626) to work on /home/airflow/.local/lib/python3.7/site-packages/airflow/example_dags/example_python_operator.py
[2022-07-07 02:18:39,343] {processor.py:641} INFO - Processing file /home/airflow/.local/lib/python3.7/site-packages/airflow/example_dags/example_python_operator.py for tasks to queue
[2022-07-07 02:18:39,344] {logging_mixin.py:115} INFO - [2022-07-07 02:18:39,344] {dagbag.py:507} INFO - Filling up the DagBag from /home/airflow/.local/lib/python3.7/site-packages/airflow/example_dags/example_python_operator.py
[2022-07-07 02:18:39,375] {processor.py:651} INFO - DAG(s) dict_keys(['example_python_operator']) retrieved from /home/airflow/.local/lib/python3.7/site-packages/airflow/example_dags/example_python_operator.py
[2022-07-07 02:18:39,528] {logging_mixin.py:115} INFO - [2022-07-07 02:18:39,528] {dag.py:2379} INFO - Sync 1 DAGs
[2022-07-07 02:18:39,544] {logging_mixin.py:115} INFO - [2022-07-07 02:18:39,544] {dag.py:2931} INFO - Setting next_dagrun for example_python_operator to None, run_after=None
[2022-07-07 02:18:39,558] {processor.py:161} INFO - Processing /home/airflow/.local/lib/python3.7/site-packages/airflow/example_dags/example_python_operator.py took 0.219 seconds
[2022-07-07 02:19:10,022] {processor.py:153} INFO - Started process (PID=2684) to work on /home/airflow/.local/lib/python3.7/site-packages/airflow/example_dags/example_python_operator.py
[2022-07-07 02:19:10,022] {processor.py:641} INFO - Processing file /home/airflow/.local/lib/python3.7/site-packages/airflow/example_dags/example_python_operator.py for tasks to queue
[2022-07-07 02:19:10,023] {logging_mixin.py:115} INFO - [2022-07-07 02:19:10,023] {dagbag.py:507} INFO - Filling up the DagBag from /home/airflow/.local/lib/python3.7/site-packages/airflow/example_dags/example_python_operator.py
[2022-07-07 02:19:10,037] {processor.py:651} INFO - DAG(s) dict_keys(['example_python_operator']) retrieved from /home/airflow/.local/lib/python3.7/site-packages/airflow/example_dags/example_python_operator.py
[2022-07-07 02:19:10,176] {logging_mixin.py:115} INFO - [2022-07-07 02:19:10,176] {dag.py:2379} INFO - Sync 1 DAGs
[2022-07-07 02:19:10,191] {logging_mixin.py:115} INFO - [2022-07-07 02:19:10,191] {dag.py:2931} INFO - Setting next_dagrun for example_python_operator to None, run_after=None
[2022-07-07 02:19:10,204] {processor.py:161} INFO - Processing /home/airflow/.local/lib/python3.7/site-packages/airflow/example_dags/example_python_operator.py took 0.185 seconds
[2022-07-07 02:19:40,587] {processor.py:153} INFO - Started process (PID=2749) to work on /home/airflow/.local/lib/python3.7/site-packages/airflow/example_dags/example_python_operator.py
[2022-07-07 02:19:40,587] {processor.py:641} INFO - Processing file /home/airflow/.local/lib/python3.7/site-packages/airflow/example_dags/example_python_operator.py for tasks to queue
[2022-07-07 02:19:40,588] {logging_mixin.py:115} INFO - [2022-07-07 02:19:40,588] {dagbag.py:507} INFO - Filling up the DagBag from /home/airflow/.local/lib/python3.7/site-packages/airflow/example_dags/example_python_operator.py
[2022-07-07 02:19:40,602] {processor.py:651} INFO - DAG(s) dict_keys(['example_python_operator']) retrieved from /home/airflow/.local/lib/python3.7/site-packages/airflow/example_dags/example_python_operator.py
[2022-07-07 02:19:40,724] {logging_mixin.py:115} INFO - [2022-07-07 02:19:40,724] {dag.py:2379} INFO - Sync 1 DAGs
[2022-07-07 02:19:40,740] {logging_mixin.py:115} INFO - [2022-07-07 02:19:40,740] {dag.py:2931} INFO - Setting next_dagrun for example_python_operator to None, run_after=None
[2022-07-07 02:19:40,753] {processor.py:161} INFO - Processing /home/airflow/.local/lib/python3.7/site-packages/airflow/example_dags/example_python_operator.py took 0.169 seconds
[2022-07-07 02:29:54,904] {processor.py:153} INFO - Started process (PID=65) to work on /home/airflow/.local/lib/python3.7/site-packages/airflow/example_dags/example_python_operator.py
[2022-07-07 02:29:54,905] {processor.py:641} INFO - Processing file /home/airflow/.local/lib/python3.7/site-packages/airflow/example_dags/example_python_operator.py for tasks to queue
[2022-07-07 02:29:54,906] {logging_mixin.py:115} INFO - [2022-07-07 02:29:54,906] {dagbag.py:507} INFO - Filling up the DagBag from /home/airflow/.local/lib/python3.7/site-packages/airflow/example_dags/example_python_operator.py
[2022-07-07 02:29:54,947] {processor.py:651} INFO - DAG(s) dict_keys(['example_python_operator']) retrieved from /home/airflow/.local/lib/python3.7/site-packages/airflow/example_dags/example_python_operator.py
[2022-07-07 02:29:55,024] {logging_mixin.py:115} INFO - [2022-07-07 02:29:55,024] {dag.py:2379} INFO - Sync 1 DAGs
[2022-07-07 02:29:55,383] {logging_mixin.py:115} INFO - [2022-07-07 02:29:55,383] {dag.py:2931} INFO - Setting next_dagrun for example_python_operator to None, run_after=None
[2022-07-07 02:29:55,412] {processor.py:161} INFO - Processing /home/airflow/.local/lib/python3.7/site-packages/airflow/example_dags/example_python_operator.py took 0.515 seconds
[2022-07-07 02:30:26,093] {processor.py:153} INFO - Started process (PID=121) to work on /home/airflow/.local/lib/python3.7/site-packages/airflow/example_dags/example_python_operator.py
[2022-07-07 02:30:26,094] {processor.py:641} INFO - Processing file /home/airflow/.local/lib/python3.7/site-packages/airflow/example_dags/example_python_operator.py for tasks to queue
[2022-07-07 02:30:26,095] {logging_mixin.py:115} INFO - [2022-07-07 02:30:26,095] {dagbag.py:507} INFO - Filling up the DagBag from /home/airflow/.local/lib/python3.7/site-packages/airflow/example_dags/example_python_operator.py
[2022-07-07 02:30:26,117] {processor.py:651} INFO - DAG(s) dict_keys(['example_python_operator']) retrieved from /home/airflow/.local/lib/python3.7/site-packages/airflow/example_dags/example_python_operator.py
[2022-07-07 02:30:26,145] {logging_mixin.py:115} INFO - [2022-07-07 02:30:26,145] {dag.py:2379} INFO - Sync 1 DAGs
[2022-07-07 02:30:26,308] {logging_mixin.py:115} INFO - [2022-07-07 02:30:26,308] {dag.py:2931} INFO - Setting next_dagrun for example_python_operator to None, run_after=None
[2022-07-07 02:30:26,323] {processor.py:161} INFO - Processing /home/airflow/.local/lib/python3.7/site-packages/airflow/example_dags/example_python_operator.py took 0.234 seconds
[2022-07-07 02:30:56,476] {processor.py:153} INFO - Started process (PID=176) to work on /home/airflow/.local/lib/python3.7/site-packages/airflow/example_dags/example_python_operator.py
[2022-07-07 02:30:56,477] {processor.py:641} INFO - Processing file /home/airflow/.local/lib/python3.7/site-packages/airflow/example_dags/example_python_operator.py for tasks to queue
[2022-07-07 02:30:56,477] {logging_mixin.py:115} INFO - [2022-07-07 02:30:56,477] {dagbag.py:507} INFO - Filling up the DagBag from /home/airflow/.local/lib/python3.7/site-packages/airflow/example_dags/example_python_operator.py
[2022-07-07 02:30:56,497] {processor.py:651} INFO - DAG(s) dict_keys(['example_python_operator']) retrieved from /home/airflow/.local/lib/python3.7/site-packages/airflow/example_dags/example_python_operator.py
[2022-07-07 02:30:56,523] {logging_mixin.py:115} INFO - [2022-07-07 02:30:56,523] {dag.py:2379} INFO - Sync 1 DAGs
[2022-07-07 02:30:56,653] {logging_mixin.py:115} INFO - [2022-07-07 02:30:56,652] {dag.py:2931} INFO - Setting next_dagrun for example_python_operator to None, run_after=None
[2022-07-07 02:30:56,662] {processor.py:161} INFO - Processing /home/airflow/.local/lib/python3.7/site-packages/airflow/example_dags/example_python_operator.py took 0.189 seconds
[2022-07-07 02:31:26,967] {processor.py:153} INFO - Started process (PID=246) to work on /home/airflow/.local/lib/python3.7/site-packages/airflow/example_dags/example_python_operator.py
[2022-07-07 02:31:26,967] {processor.py:641} INFO - Processing file /home/airflow/.local/lib/python3.7/site-packages/airflow/example_dags/example_python_operator.py for tasks to queue
[2022-07-07 02:31:26,968] {logging_mixin.py:115} INFO - [2022-07-07 02:31:26,968] {dagbag.py:507} INFO - Filling up the DagBag from /home/airflow/.local/lib/python3.7/site-packages/airflow/example_dags/example_python_operator.py
[2022-07-07 02:31:26,983] {processor.py:651} INFO - DAG(s) dict_keys(['example_python_operator']) retrieved from /home/airflow/.local/lib/python3.7/site-packages/airflow/example_dags/example_python_operator.py
[2022-07-07 02:31:27,009] {logging_mixin.py:115} INFO - [2022-07-07 02:31:27,009] {dag.py:2379} INFO - Sync 1 DAGs
[2022-07-07 02:31:27,137] {logging_mixin.py:115} INFO - [2022-07-07 02:31:27,137] {dag.py:2931} INFO - Setting next_dagrun for example_python_operator to None, run_after=None
[2022-07-07 02:31:27,149] {processor.py:161} INFO - Processing /home/airflow/.local/lib/python3.7/site-packages/airflow/example_dags/example_python_operator.py took 0.185 seconds
[2022-07-07 02:31:58,142] {processor.py:153} INFO - Started process (PID=310) to work on /home/airflow/.local/lib/python3.7/site-packages/airflow/example_dags/example_python_operator.py
[2022-07-07 02:31:58,145] {processor.py:641} INFO - Processing file /home/airflow/.local/lib/python3.7/site-packages/airflow/example_dags/example_python_operator.py for tasks to queue
[2022-07-07 02:31:58,146] {logging_mixin.py:115} INFO - [2022-07-07 02:31:58,146] {dagbag.py:507} INFO - Filling up the DagBag from /home/airflow/.local/lib/python3.7/site-packages/airflow/example_dags/example_python_operator.py
[2022-07-07 02:31:58,164] {processor.py:651} INFO - DAG(s) dict_keys(['example_python_operator']) retrieved from /home/airflow/.local/lib/python3.7/site-packages/airflow/example_dags/example_python_operator.py
[2022-07-07 02:31:58,191] {logging_mixin.py:115} INFO - [2022-07-07 02:31:58,191] {dag.py:2379} INFO - Sync 1 DAGs
[2022-07-07 02:31:58,355] {logging_mixin.py:115} INFO - [2022-07-07 02:31:58,355] {dag.py:2931} INFO - Setting next_dagrun for example_python_operator to None, run_after=None
[2022-07-07 02:31:58,367] {processor.py:161} INFO - Processing /home/airflow/.local/lib/python3.7/site-packages/airflow/example_dags/example_python_operator.py took 0.228 seconds
[2022-07-07 02:32:28,980] {processor.py:153} INFO - Started process (PID=366) to work on /home/airflow/.local/lib/python3.7/site-packages/airflow/example_dags/example_python_operator.py
[2022-07-07 02:32:28,981] {processor.py:641} INFO - Processing file /home/airflow/.local/lib/python3.7/site-packages/airflow/example_dags/example_python_operator.py for tasks to queue
[2022-07-07 02:32:28,982] {logging_mixin.py:115} INFO - [2022-07-07 02:32:28,982] {dagbag.py:507} INFO - Filling up the DagBag from /home/airflow/.local/lib/python3.7/site-packages/airflow/example_dags/example_python_operator.py
[2022-07-07 02:32:28,999] {processor.py:651} INFO - DAG(s) dict_keys(['example_python_operator']) retrieved from /home/airflow/.local/lib/python3.7/site-packages/airflow/example_dags/example_python_operator.py
[2022-07-07 02:32:29,106] {logging_mixin.py:115} INFO - [2022-07-07 02:32:29,106] {dag.py:2379} INFO - Sync 1 DAGs
[2022-07-07 02:32:29,254] {logging_mixin.py:115} INFO - [2022-07-07 02:32:29,254] {dag.py:2931} INFO - Setting next_dagrun for example_python_operator to None, run_after=None
[2022-07-07 02:32:29,267] {processor.py:161} INFO - Processing /home/airflow/.local/lib/python3.7/site-packages/airflow/example_dags/example_python_operator.py took 0.291 seconds
[2022-07-07 02:33:00,230] {processor.py:153} INFO - Started process (PID=432) to work on /home/airflow/.local/lib/python3.7/site-packages/airflow/example_dags/example_python_operator.py
[2022-07-07 02:33:00,231] {processor.py:641} INFO - Processing file /home/airflow/.local/lib/python3.7/site-packages/airflow/example_dags/example_python_operator.py for tasks to queue
[2022-07-07 02:33:00,232] {logging_mixin.py:115} INFO - [2022-07-07 02:33:00,232] {dagbag.py:507} INFO - Filling up the DagBag from /home/airflow/.local/lib/python3.7/site-packages/airflow/example_dags/example_python_operator.py
[2022-07-07 02:33:00,247] {processor.py:651} INFO - DAG(s) dict_keys(['example_python_operator']) retrieved from /home/airflow/.local/lib/python3.7/site-packages/airflow/example_dags/example_python_operator.py
[2022-07-07 02:33:00,272] {logging_mixin.py:115} INFO - [2022-07-07 02:33:00,272] {dag.py:2379} INFO - Sync 1 DAGs
[2022-07-07 02:33:00,457] {logging_mixin.py:115} INFO - [2022-07-07 02:33:00,457] {dag.py:2931} INFO - Setting next_dagrun for example_python_operator to None, run_after=None
[2022-07-07 02:33:00,472] {processor.py:161} INFO - Processing /home/airflow/.local/lib/python3.7/site-packages/airflow/example_dags/example_python_operator.py took 0.245 seconds
