[2022-07-07 01:25:37,734] {processor.py:153} INFO - Started process (PID=86) to work on /home/airflow/.local/lib/python3.7/site-packages/airflow/example_dags/example_task_group_decorator.py
[2022-07-07 01:25:37,735] {processor.py:641} INFO - Processing file /home/airflow/.local/lib/python3.7/site-packages/airflow/example_dags/example_task_group_decorator.py for tasks to queue
[2022-07-07 01:25:37,736] {logging_mixin.py:115} INFO - [2022-07-07 01:25:37,736] {dagbag.py:507} INFO - Filling up the DagBag from /home/airflow/.local/lib/python3.7/site-packages/airflow/example_dags/example_task_group_decorator.py
[2022-07-07 01:25:37,799] {processor.py:651} INFO - DAG(s) dict_keys(['example_task_group_decorator']) retrieved from /home/airflow/.local/lib/python3.7/site-packages/airflow/example_dags/example_task_group_decorator.py
[2022-07-07 01:25:38,096] {logging_mixin.py:115} INFO - [2022-07-07 01:25:38,095] {manager.py:508} INFO - Created Permission View: can edit on DAG:example_task_group_decorator
[2022-07-07 01:25:38,109] {logging_mixin.py:115} INFO - [2022-07-07 01:25:38,109] {manager.py:508} INFO - Created Permission View: can read on DAG:example_task_group_decorator
[2022-07-07 01:25:38,120] {logging_mixin.py:115} INFO - [2022-07-07 01:25:38,119] {manager.py:508} INFO - Created Permission View: can delete on DAG:example_task_group_decorator
[2022-07-07 01:25:38,120] {logging_mixin.py:115} INFO - [2022-07-07 01:25:38,120] {dag.py:2379} INFO - Sync 1 DAGs
[2022-07-07 01:25:38,129] {logging_mixin.py:115} INFO - [2022-07-07 01:25:38,129] {dag.py:2398} INFO - Creating ORM DAG for example_task_group_decorator
[2022-07-07 01:25:38,142] {logging_mixin.py:115} INFO - [2022-07-07 01:25:38,142] {dag.py:2931} INFO - Setting next_dagrun for example_task_group_decorator to 2022-07-06T01:25:38.141825+00:00, run_after=2022-07-07T01:25:38.141825+00:00
[2022-07-07 01:25:38,162] {processor.py:161} INFO - Processing /home/airflow/.local/lib/python3.7/site-packages/airflow/example_dags/example_task_group_decorator.py took 0.434 seconds
[2022-07-07 01:26:08,284] {processor.py:153} INFO - Started process (PID=142) to work on /home/airflow/.local/lib/python3.7/site-packages/airflow/example_dags/example_task_group_decorator.py
[2022-07-07 01:26:08,285] {processor.py:641} INFO - Processing file /home/airflow/.local/lib/python3.7/site-packages/airflow/example_dags/example_task_group_decorator.py for tasks to queue
[2022-07-07 01:26:08,285] {logging_mixin.py:115} INFO - [2022-07-07 01:26:08,285] {dagbag.py:507} INFO - Filling up the DagBag from /home/airflow/.local/lib/python3.7/site-packages/airflow/example_dags/example_task_group_decorator.py
[2022-07-07 01:26:08,305] {processor.py:651} INFO - DAG(s) dict_keys(['example_task_group_decorator']) retrieved from /home/airflow/.local/lib/python3.7/site-packages/airflow/example_dags/example_task_group_decorator.py
[2022-07-07 01:26:08,460] {logging_mixin.py:115} INFO - [2022-07-07 01:26:08,460] {dag.py:2379} INFO - Sync 1 DAGs
[2022-07-07 01:26:08,474] {logging_mixin.py:115} INFO - [2022-07-07 01:26:08,474] {dag.py:2931} INFO - Setting next_dagrun for example_task_group_decorator to 2022-07-06T01:26:08.473947+00:00, run_after=2022-07-07T01:26:08.473947+00:00
[2022-07-07 01:26:08,486] {processor.py:161} INFO - Processing /home/airflow/.local/lib/python3.7/site-packages/airflow/example_dags/example_task_group_decorator.py took 0.204 seconds
[2022-07-07 01:26:38,992] {processor.py:153} INFO - Started process (PID=207) to work on /home/airflow/.local/lib/python3.7/site-packages/airflow/example_dags/example_task_group_decorator.py
[2022-07-07 01:26:38,994] {processor.py:641} INFO - Processing file /home/airflow/.local/lib/python3.7/site-packages/airflow/example_dags/example_task_group_decorator.py for tasks to queue
[2022-07-07 01:26:38,994] {logging_mixin.py:115} INFO - [2022-07-07 01:26:38,994] {dagbag.py:507} INFO - Filling up the DagBag from /home/airflow/.local/lib/python3.7/site-packages/airflow/example_dags/example_task_group_decorator.py
[2022-07-07 01:26:39,015] {processor.py:651} INFO - DAG(s) dict_keys(['example_task_group_decorator']) retrieved from /home/airflow/.local/lib/python3.7/site-packages/airflow/example_dags/example_task_group_decorator.py
[2022-07-07 01:26:39,169] {logging_mixin.py:115} INFO - [2022-07-07 01:26:39,169] {dag.py:2379} INFO - Sync 1 DAGs
[2022-07-07 01:26:39,183] {logging_mixin.py:115} INFO - [2022-07-07 01:26:39,182] {dag.py:2931} INFO - Setting next_dagrun for example_task_group_decorator to 2022-07-06T01:26:39.182817+00:00, run_after=2022-07-07T01:26:39.182817+00:00
[2022-07-07 01:26:39,194] {processor.py:161} INFO - Processing /home/airflow/.local/lib/python3.7/site-packages/airflow/example_dags/example_task_group_decorator.py took 0.205 seconds
[2022-07-07 01:27:13,116] {processor.py:153} INFO - Started process (PID=266) to work on /home/airflow/.local/lib/python3.7/site-packages/airflow/example_dags/example_task_group_decorator.py
[2022-07-07 01:27:13,125] {processor.py:641} INFO - Processing file /home/airflow/.local/lib/python3.7/site-packages/airflow/example_dags/example_task_group_decorator.py for tasks to queue
[2022-07-07 01:27:13,129] {logging_mixin.py:115} INFO - [2022-07-07 01:27:13,129] {dagbag.py:507} INFO - Filling up the DagBag from /home/airflow/.local/lib/python3.7/site-packages/airflow/example_dags/example_task_group_decorator.py
[2022-07-07 01:27:13,236] {processor.py:651} INFO - DAG(s) dict_keys(['example_task_group_decorator']) retrieved from /home/airflow/.local/lib/python3.7/site-packages/airflow/example_dags/example_task_group_decorator.py
[2022-07-07 01:27:13,714] {logging_mixin.py:115} INFO - [2022-07-07 01:27:13,713] {dag.py:2379} INFO - Sync 1 DAGs
[2022-07-07 01:27:13,746] {logging_mixin.py:115} INFO - [2022-07-07 01:27:13,746] {dag.py:2931} INFO - Setting next_dagrun for example_task_group_decorator to 2022-07-06T01:27:13.745705+00:00, run_after=2022-07-07T01:27:13.745705+00:00
[2022-07-07 01:27:13,775] {processor.py:161} INFO - Processing /home/airflow/.local/lib/python3.7/site-packages/airflow/example_dags/example_task_group_decorator.py took 0.676 seconds
[2022-07-07 01:27:44,064] {processor.py:153} INFO - Started process (PID=334) to work on /home/airflow/.local/lib/python3.7/site-packages/airflow/example_dags/example_task_group_decorator.py
[2022-07-07 01:27:44,065] {processor.py:641} INFO - Processing file /home/airflow/.local/lib/python3.7/site-packages/airflow/example_dags/example_task_group_decorator.py for tasks to queue
[2022-07-07 01:27:44,066] {logging_mixin.py:115} INFO - [2022-07-07 01:27:44,066] {dagbag.py:507} INFO - Filling up the DagBag from /home/airflow/.local/lib/python3.7/site-packages/airflow/example_dags/example_task_group_decorator.py
[2022-07-07 01:27:44,111] {processor.py:651} INFO - DAG(s) dict_keys(['example_task_group_decorator']) retrieved from /home/airflow/.local/lib/python3.7/site-packages/airflow/example_dags/example_task_group_decorator.py
[2022-07-07 01:27:44,585] {logging_mixin.py:115} INFO - [2022-07-07 01:27:44,585] {dag.py:2379} INFO - Sync 1 DAGs
[2022-07-07 01:27:44,666] {logging_mixin.py:115} INFO - [2022-07-07 01:27:44,665] {dag.py:2931} INFO - Setting next_dagrun for example_task_group_decorator to 2022-07-06T01:27:44.664507+00:00, run_after=2022-07-07T01:27:44.664507+00:00
[2022-07-07 01:27:44,716] {processor.py:161} INFO - Processing /home/airflow/.local/lib/python3.7/site-packages/airflow/example_dags/example_task_group_decorator.py took 0.663 seconds
[2022-07-07 01:28:14,923] {processor.py:153} INFO - Started process (PID=390) to work on /home/airflow/.local/lib/python3.7/site-packages/airflow/example_dags/example_task_group_decorator.py
[2022-07-07 01:28:14,926] {processor.py:641} INFO - Processing file /home/airflow/.local/lib/python3.7/site-packages/airflow/example_dags/example_task_group_decorator.py for tasks to queue
[2022-07-07 01:28:14,928] {logging_mixin.py:115} INFO - [2022-07-07 01:28:14,928] {dagbag.py:507} INFO - Filling up the DagBag from /home/airflow/.local/lib/python3.7/site-packages/airflow/example_dags/example_task_group_decorator.py
[2022-07-07 01:28:14,972] {processor.py:651} INFO - DAG(s) dict_keys(['example_task_group_decorator']) retrieved from /home/airflow/.local/lib/python3.7/site-packages/airflow/example_dags/example_task_group_decorator.py
[2022-07-07 01:28:15,330] {logging_mixin.py:115} INFO - [2022-07-07 01:28:15,330] {dag.py:2379} INFO - Sync 1 DAGs
[2022-07-07 01:28:15,383] {logging_mixin.py:115} INFO - [2022-07-07 01:28:15,383] {dag.py:2931} INFO - Setting next_dagrun for example_task_group_decorator to 2022-07-06T01:28:15.373893+00:00, run_after=2022-07-07T01:28:15.373893+00:00
[2022-07-07 01:28:15,427] {processor.py:161} INFO - Processing /home/airflow/.local/lib/python3.7/site-packages/airflow/example_dags/example_task_group_decorator.py took 0.512 seconds
[2022-07-07 01:28:47,587] {processor.py:153} INFO - Started process (PID=454) to work on /home/airflow/.local/lib/python3.7/site-packages/airflow/example_dags/example_task_group_decorator.py
[2022-07-07 01:28:47,599] {processor.py:641} INFO - Processing file /home/airflow/.local/lib/python3.7/site-packages/airflow/example_dags/example_task_group_decorator.py for tasks to queue
[2022-07-07 01:28:47,602] {logging_mixin.py:115} INFO - [2022-07-07 01:28:47,602] {dagbag.py:507} INFO - Filling up the DagBag from /home/airflow/.local/lib/python3.7/site-packages/airflow/example_dags/example_task_group_decorator.py
[2022-07-07 01:28:47,792] {processor.py:651} INFO - DAG(s) dict_keys(['example_task_group_decorator']) retrieved from /home/airflow/.local/lib/python3.7/site-packages/airflow/example_dags/example_task_group_decorator.py
[2022-07-07 01:28:48,428] {logging_mixin.py:115} INFO - [2022-07-07 01:28:48,428] {dag.py:2379} INFO - Sync 1 DAGs
[2022-07-07 01:28:48,487] {logging_mixin.py:115} INFO - [2022-07-07 01:28:48,487] {dag.py:2931} INFO - Setting next_dagrun for example_task_group_decorator to 2022-07-06T01:28:48.486746+00:00, run_after=2022-07-07T01:28:48.486746+00:00
[2022-07-07 01:28:48,537] {processor.py:161} INFO - Processing /home/airflow/.local/lib/python3.7/site-packages/airflow/example_dags/example_task_group_decorator.py took 0.955 seconds
[2022-07-07 01:46:17,370] {processor.py:153} INFO - Started process (PID=74) to work on /home/airflow/.local/lib/python3.7/site-packages/airflow/example_dags/example_task_group_decorator.py
[2022-07-07 01:46:17,421] {processor.py:641} INFO - Processing file /home/airflow/.local/lib/python3.7/site-packages/airflow/example_dags/example_task_group_decorator.py for tasks to queue
[2022-07-07 01:46:17,422] {logging_mixin.py:115} INFO - [2022-07-07 01:46:17,422] {dagbag.py:507} INFO - Filling up the DagBag from /home/airflow/.local/lib/python3.7/site-packages/airflow/example_dags/example_task_group_decorator.py
[2022-07-07 01:46:17,483] {processor.py:651} INFO - DAG(s) dict_keys(['example_task_group_decorator']) retrieved from /home/airflow/.local/lib/python3.7/site-packages/airflow/example_dags/example_task_group_decorator.py
[2022-07-07 01:46:17,939] {logging_mixin.py:115} INFO - [2022-07-07 01:46:17,939] {dag.py:2379} INFO - Sync 1 DAGs
[2022-07-07 01:46:17,965] {logging_mixin.py:115} INFO - [2022-07-07 01:46:17,965] {dag.py:2931} INFO - Setting next_dagrun for example_task_group_decorator to 2022-07-06T01:46:17.965254+00:00, run_after=2022-07-07T01:46:17.965254+00:00
[2022-07-07 01:46:18,036] {processor.py:161} INFO - Processing /home/airflow/.local/lib/python3.7/site-packages/airflow/example_dags/example_task_group_decorator.py took 0.671 seconds
[2022-07-07 01:47:18,884] {processor.py:153} INFO - Started process (PID=150) to work on /home/airflow/.local/lib/python3.7/site-packages/airflow/example_dags/example_task_group_decorator.py
[2022-07-07 01:47:18,885] {processor.py:641} INFO - Processing file /home/airflow/.local/lib/python3.7/site-packages/airflow/example_dags/example_task_group_decorator.py for tasks to queue
[2022-07-07 01:47:18,886] {logging_mixin.py:115} INFO - [2022-07-07 01:47:18,886] {dagbag.py:507} INFO - Filling up the DagBag from /home/airflow/.local/lib/python3.7/site-packages/airflow/example_dags/example_task_group_decorator.py
[2022-07-07 01:47:18,927] {processor.py:651} INFO - DAG(s) dict_keys(['example_task_group_decorator']) retrieved from /home/airflow/.local/lib/python3.7/site-packages/airflow/example_dags/example_task_group_decorator.py
[2022-07-07 01:47:19,266] {logging_mixin.py:115} INFO - [2022-07-07 01:47:19,265] {dag.py:2379} INFO - Sync 1 DAGs
[2022-07-07 01:47:19,302] {logging_mixin.py:115} INFO - [2022-07-07 01:47:19,302] {dag.py:2931} INFO - Setting next_dagrun for example_task_group_decorator to 2022-07-06T01:47:19.302456+00:00, run_after=2022-07-07T01:47:19.302456+00:00
[2022-07-07 01:47:19,327] {processor.py:161} INFO - Processing /home/airflow/.local/lib/python3.7/site-packages/airflow/example_dags/example_task_group_decorator.py took 0.448 seconds
[2022-07-07 01:47:50,076] {processor.py:153} INFO - Started process (PID=206) to work on /home/airflow/.local/lib/python3.7/site-packages/airflow/example_dags/example_task_group_decorator.py
[2022-07-07 01:47:50,078] {processor.py:641} INFO - Processing file /home/airflow/.local/lib/python3.7/site-packages/airflow/example_dags/example_task_group_decorator.py for tasks to queue
[2022-07-07 01:47:50,079] {logging_mixin.py:115} INFO - [2022-07-07 01:47:50,079] {dagbag.py:507} INFO - Filling up the DagBag from /home/airflow/.local/lib/python3.7/site-packages/airflow/example_dags/example_task_group_decorator.py
[2022-07-07 01:47:50,136] {processor.py:651} INFO - DAG(s) dict_keys(['example_task_group_decorator']) retrieved from /home/airflow/.local/lib/python3.7/site-packages/airflow/example_dags/example_task_group_decorator.py
[2022-07-07 01:47:50,537] {logging_mixin.py:115} INFO - [2022-07-07 01:47:50,537] {dag.py:2379} INFO - Sync 1 DAGs
[2022-07-07 01:47:50,569] {logging_mixin.py:115} INFO - [2022-07-07 01:47:50,569] {dag.py:2931} INFO - Setting next_dagrun for example_task_group_decorator to 2022-07-06T01:47:50.569281+00:00, run_after=2022-07-07T01:47:50.569281+00:00
[2022-07-07 01:47:50,590] {processor.py:161} INFO - Processing /home/airflow/.local/lib/python3.7/site-packages/airflow/example_dags/example_task_group_decorator.py took 0.519 seconds
[2022-07-07 01:48:21,434] {processor.py:153} INFO - Started process (PID=274) to work on /home/airflow/.local/lib/python3.7/site-packages/airflow/example_dags/example_task_group_decorator.py
[2022-07-07 01:48:21,435] {processor.py:641} INFO - Processing file /home/airflow/.local/lib/python3.7/site-packages/airflow/example_dags/example_task_group_decorator.py for tasks to queue
[2022-07-07 01:48:21,436] {logging_mixin.py:115} INFO - [2022-07-07 01:48:21,436] {dagbag.py:507} INFO - Filling up the DagBag from /home/airflow/.local/lib/python3.7/site-packages/airflow/example_dags/example_task_group_decorator.py
[2022-07-07 01:48:21,491] {processor.py:651} INFO - DAG(s) dict_keys(['example_task_group_decorator']) retrieved from /home/airflow/.local/lib/python3.7/site-packages/airflow/example_dags/example_task_group_decorator.py
[2022-07-07 01:48:21,788] {logging_mixin.py:115} INFO - [2022-07-07 01:48:21,787] {dag.py:2379} INFO - Sync 1 DAGs
[2022-07-07 01:48:21,814] {logging_mixin.py:115} INFO - [2022-07-07 01:48:21,814] {dag.py:2931} INFO - Setting next_dagrun for example_task_group_decorator to 2022-07-06T01:48:21.813946+00:00, run_after=2022-07-07T01:48:21.813946+00:00
[2022-07-07 01:48:21,836] {processor.py:161} INFO - Processing /home/airflow/.local/lib/python3.7/site-packages/airflow/example_dags/example_task_group_decorator.py took 0.407 seconds
[2022-07-07 01:48:52,876] {processor.py:153} INFO - Started process (PID=341) to work on /home/airflow/.local/lib/python3.7/site-packages/airflow/example_dags/example_task_group_decorator.py
[2022-07-07 01:48:52,877] {processor.py:641} INFO - Processing file /home/airflow/.local/lib/python3.7/site-packages/airflow/example_dags/example_task_group_decorator.py for tasks to queue
[2022-07-07 01:48:52,879] {logging_mixin.py:115} INFO - [2022-07-07 01:48:52,878] {dagbag.py:507} INFO - Filling up the DagBag from /home/airflow/.local/lib/python3.7/site-packages/airflow/example_dags/example_task_group_decorator.py
[2022-07-07 01:48:52,912] {processor.py:651} INFO - DAG(s) dict_keys(['example_task_group_decorator']) retrieved from /home/airflow/.local/lib/python3.7/site-packages/airflow/example_dags/example_task_group_decorator.py
[2022-07-07 01:48:53,227] {logging_mixin.py:115} INFO - [2022-07-07 01:48:53,227] {dag.py:2379} INFO - Sync 1 DAGs
[2022-07-07 01:48:53,261] {logging_mixin.py:115} INFO - [2022-07-07 01:48:53,261] {dag.py:2931} INFO - Setting next_dagrun for example_task_group_decorator to 2022-07-06T01:48:53.260761+00:00, run_after=2022-07-07T01:48:53.260761+00:00
[2022-07-07 01:48:53,279] {processor.py:161} INFO - Processing /home/airflow/.local/lib/python3.7/site-packages/airflow/example_dags/example_task_group_decorator.py took 0.407 seconds
[2022-07-07 01:49:23,860] {processor.py:153} INFO - Started process (PID=397) to work on /home/airflow/.local/lib/python3.7/site-packages/airflow/example_dags/example_task_group_decorator.py
[2022-07-07 01:49:23,861] {processor.py:641} INFO - Processing file /home/airflow/.local/lib/python3.7/site-packages/airflow/example_dags/example_task_group_decorator.py for tasks to queue
[2022-07-07 01:49:23,862] {logging_mixin.py:115} INFO - [2022-07-07 01:49:23,862] {dagbag.py:507} INFO - Filling up the DagBag from /home/airflow/.local/lib/python3.7/site-packages/airflow/example_dags/example_task_group_decorator.py
[2022-07-07 01:49:23,894] {processor.py:651} INFO - DAG(s) dict_keys(['example_task_group_decorator']) retrieved from /home/airflow/.local/lib/python3.7/site-packages/airflow/example_dags/example_task_group_decorator.py
[2022-07-07 01:49:24,171] {logging_mixin.py:115} INFO - [2022-07-07 01:49:24,170] {dag.py:2379} INFO - Sync 1 DAGs
[2022-07-07 01:49:24,196] {logging_mixin.py:115} INFO - [2022-07-07 01:49:24,196] {dag.py:2931} INFO - Setting next_dagrun for example_task_group_decorator to 2022-07-06T01:49:24.195921+00:00, run_after=2022-07-07T01:49:24.195921+00:00
[2022-07-07 01:49:24,215] {processor.py:161} INFO - Processing /home/airflow/.local/lib/python3.7/site-packages/airflow/example_dags/example_task_group_decorator.py took 0.359 seconds
[2022-07-07 01:49:55,798] {processor.py:153} INFO - Started process (PID=465) to work on /home/airflow/.local/lib/python3.7/site-packages/airflow/example_dags/example_task_group_decorator.py
[2022-07-07 01:49:55,803] {processor.py:641} INFO - Processing file /home/airflow/.local/lib/python3.7/site-packages/airflow/example_dags/example_task_group_decorator.py for tasks to queue
[2022-07-07 01:49:55,805] {logging_mixin.py:115} INFO - [2022-07-07 01:49:55,805] {dagbag.py:507} INFO - Filling up the DagBag from /home/airflow/.local/lib/python3.7/site-packages/airflow/example_dags/example_task_group_decorator.py
[2022-07-07 01:49:55,888] {processor.py:651} INFO - DAG(s) dict_keys(['example_task_group_decorator']) retrieved from /home/airflow/.local/lib/python3.7/site-packages/airflow/example_dags/example_task_group_decorator.py
[2022-07-07 01:49:56,669] {logging_mixin.py:115} INFO - [2022-07-07 01:49:56,668] {dag.py:2379} INFO - Sync 1 DAGs
[2022-07-07 01:49:56,744] {logging_mixin.py:115} INFO - [2022-07-07 01:49:56,744] {dag.py:2931} INFO - Setting next_dagrun for example_task_group_decorator to 2022-07-06T01:49:56.744398+00:00, run_after=2022-07-07T01:49:56.744398+00:00
[2022-07-07 01:49:56,807] {processor.py:161} INFO - Processing /home/airflow/.local/lib/python3.7/site-packages/airflow/example_dags/example_task_group_decorator.py took 1.017 seconds
[2022-07-07 01:50:27,255] {processor.py:153} INFO - Started process (PID=521) to work on /home/airflow/.local/lib/python3.7/site-packages/airflow/example_dags/example_task_group_decorator.py
[2022-07-07 01:50:27,258] {processor.py:641} INFO - Processing file /home/airflow/.local/lib/python3.7/site-packages/airflow/example_dags/example_task_group_decorator.py for tasks to queue
[2022-07-07 01:50:27,258] {logging_mixin.py:115} INFO - [2022-07-07 01:50:27,258] {dagbag.py:507} INFO - Filling up the DagBag from /home/airflow/.local/lib/python3.7/site-packages/airflow/example_dags/example_task_group_decorator.py
[2022-07-07 01:50:27,306] {processor.py:651} INFO - DAG(s) dict_keys(['example_task_group_decorator']) retrieved from /home/airflow/.local/lib/python3.7/site-packages/airflow/example_dags/example_task_group_decorator.py
[2022-07-07 01:50:27,861] {logging_mixin.py:115} INFO - [2022-07-07 01:50:27,860] {dag.py:2379} INFO - Sync 1 DAGs
[2022-07-07 01:50:27,908] {logging_mixin.py:115} INFO - [2022-07-07 01:50:27,908] {dag.py:2931} INFO - Setting next_dagrun for example_task_group_decorator to 2022-07-06T01:50:27.908437+00:00, run_after=2022-07-07T01:50:27.908437+00:00
[2022-07-07 01:50:27,939] {processor.py:161} INFO - Processing /home/airflow/.local/lib/python3.7/site-packages/airflow/example_dags/example_task_group_decorator.py took 0.689 seconds
[2022-07-07 01:50:58,511] {processor.py:153} INFO - Started process (PID=581) to work on /home/airflow/.local/lib/python3.7/site-packages/airflow/example_dags/example_task_group_decorator.py
[2022-07-07 01:50:58,512] {processor.py:641} INFO - Processing file /home/airflow/.local/lib/python3.7/site-packages/airflow/example_dags/example_task_group_decorator.py for tasks to queue
[2022-07-07 01:50:58,514] {logging_mixin.py:115} INFO - [2022-07-07 01:50:58,514] {dagbag.py:507} INFO - Filling up the DagBag from /home/airflow/.local/lib/python3.7/site-packages/airflow/example_dags/example_task_group_decorator.py
[2022-07-07 01:50:58,599] {processor.py:651} INFO - DAG(s) dict_keys(['example_task_group_decorator']) retrieved from /home/airflow/.local/lib/python3.7/site-packages/airflow/example_dags/example_task_group_decorator.py
[2022-07-07 01:50:59,239] {logging_mixin.py:115} INFO - [2022-07-07 01:50:59,238] {dag.py:2379} INFO - Sync 1 DAGs
[2022-07-07 01:50:59,263] {logging_mixin.py:115} INFO - [2022-07-07 01:50:59,263] {dag.py:2931} INFO - Setting next_dagrun for example_task_group_decorator to 2022-07-06T01:50:59.262792+00:00, run_after=2022-07-07T01:50:59.262792+00:00
[2022-07-07 01:50:59,287] {processor.py:161} INFO - Processing /home/airflow/.local/lib/python3.7/site-packages/airflow/example_dags/example_task_group_decorator.py took 0.786 seconds
[2022-07-07 01:51:30,260] {processor.py:153} INFO - Started process (PID=648) to work on /home/airflow/.local/lib/python3.7/site-packages/airflow/example_dags/example_task_group_decorator.py
[2022-07-07 01:51:30,261] {processor.py:641} INFO - Processing file /home/airflow/.local/lib/python3.7/site-packages/airflow/example_dags/example_task_group_decorator.py for tasks to queue
[2022-07-07 01:51:30,263] {logging_mixin.py:115} INFO - [2022-07-07 01:51:30,262] {dagbag.py:507} INFO - Filling up the DagBag from /home/airflow/.local/lib/python3.7/site-packages/airflow/example_dags/example_task_group_decorator.py
[2022-07-07 01:51:30,332] {processor.py:651} INFO - DAG(s) dict_keys(['example_task_group_decorator']) retrieved from /home/airflow/.local/lib/python3.7/site-packages/airflow/example_dags/example_task_group_decorator.py
[2022-07-07 01:51:30,737] {logging_mixin.py:115} INFO - [2022-07-07 01:51:30,737] {dag.py:2379} INFO - Sync 1 DAGs
[2022-07-07 01:51:30,774] {logging_mixin.py:115} INFO - [2022-07-07 01:51:30,773] {dag.py:2931} INFO - Setting next_dagrun for example_task_group_decorator to 2022-07-06T01:51:30.772970+00:00, run_after=2022-07-07T01:51:30.772970+00:00
[2022-07-07 01:51:30,804] {processor.py:161} INFO - Processing /home/airflow/.local/lib/python3.7/site-packages/airflow/example_dags/example_task_group_decorator.py took 0.548 seconds
[2022-07-07 01:52:01,206] {processor.py:153} INFO - Started process (PID=705) to work on /home/airflow/.local/lib/python3.7/site-packages/airflow/example_dags/example_task_group_decorator.py
[2022-07-07 01:52:01,207] {processor.py:641} INFO - Processing file /home/airflow/.local/lib/python3.7/site-packages/airflow/example_dags/example_task_group_decorator.py for tasks to queue
[2022-07-07 01:52:01,208] {logging_mixin.py:115} INFO - [2022-07-07 01:52:01,208] {dagbag.py:507} INFO - Filling up the DagBag from /home/airflow/.local/lib/python3.7/site-packages/airflow/example_dags/example_task_group_decorator.py
[2022-07-07 01:52:01,247] {processor.py:651} INFO - DAG(s) dict_keys(['example_task_group_decorator']) retrieved from /home/airflow/.local/lib/python3.7/site-packages/airflow/example_dags/example_task_group_decorator.py
[2022-07-07 01:52:01,557] {logging_mixin.py:115} INFO - [2022-07-07 01:52:01,557] {dag.py:2379} INFO - Sync 1 DAGs
[2022-07-07 01:52:01,597] {logging_mixin.py:115} INFO - [2022-07-07 01:52:01,597] {dag.py:2931} INFO - Setting next_dagrun for example_task_group_decorator to 2022-07-06T01:52:01.595730+00:00, run_after=2022-07-07T01:52:01.595730+00:00
[2022-07-07 01:52:01,622] {processor.py:161} INFO - Processing /home/airflow/.local/lib/python3.7/site-packages/airflow/example_dags/example_task_group_decorator.py took 0.421 seconds
[2022-07-07 01:54:43,890] {processor.py:153} INFO - Started process (PID=85) to work on /home/airflow/.local/lib/python3.7/site-packages/airflow/example_dags/example_task_group_decorator.py
[2022-07-07 01:54:43,894] {processor.py:641} INFO - Processing file /home/airflow/.local/lib/python3.7/site-packages/airflow/example_dags/example_task_group_decorator.py for tasks to queue
[2022-07-07 01:54:43,895] {logging_mixin.py:115} INFO - [2022-07-07 01:54:43,895] {dagbag.py:507} INFO - Filling up the DagBag from /home/airflow/.local/lib/python3.7/site-packages/airflow/example_dags/example_task_group_decorator.py
[2022-07-07 01:54:44,012] {processor.py:651} INFO - DAG(s) dict_keys(['example_task_group_decorator']) retrieved from /home/airflow/.local/lib/python3.7/site-packages/airflow/example_dags/example_task_group_decorator.py
[2022-07-07 01:54:47,016] {logging_mixin.py:115} INFO - [2022-07-07 01:54:47,016] {dag.py:2379} INFO - Sync 1 DAGs
[2022-07-07 01:54:47,173] {logging_mixin.py:115} INFO - [2022-07-07 01:54:47,165] {dag.py:2931} INFO - Setting next_dagrun for example_task_group_decorator to 2022-07-06T01:54:47.152058+00:00, run_after=2022-07-07T01:54:47.152058+00:00
[2022-07-07 01:54:48,484] {processor.py:161} INFO - Processing /home/airflow/.local/lib/python3.7/site-packages/airflow/example_dags/example_task_group_decorator.py took 4.616 seconds
[2022-07-07 01:55:28,104] {processor.py:153} INFO - Started process (PID=140) to work on /home/airflow/.local/lib/python3.7/site-packages/airflow/example_dags/example_task_group_decorator.py
[2022-07-07 01:55:28,104] {processor.py:641} INFO - Processing file /home/airflow/.local/lib/python3.7/site-packages/airflow/example_dags/example_task_group_decorator.py for tasks to queue
[2022-07-07 01:55:28,105] {logging_mixin.py:115} INFO - [2022-07-07 01:55:28,105] {dagbag.py:507} INFO - Filling up the DagBag from /home/airflow/.local/lib/python3.7/site-packages/airflow/example_dags/example_task_group_decorator.py
[2022-07-07 01:55:28,126] {processor.py:651} INFO - DAG(s) dict_keys(['example_task_group_decorator']) retrieved from /home/airflow/.local/lib/python3.7/site-packages/airflow/example_dags/example_task_group_decorator.py
[2022-07-07 01:55:28,307] {logging_mixin.py:115} INFO - [2022-07-07 01:55:28,307] {dag.py:2379} INFO - Sync 1 DAGs
[2022-07-07 01:55:28,321] {logging_mixin.py:115} INFO - [2022-07-07 01:55:28,321] {dag.py:2931} INFO - Setting next_dagrun for example_task_group_decorator to 2022-07-06T01:55:28.321149+00:00, run_after=2022-07-07T01:55:28.321149+00:00
[2022-07-07 01:55:28,332] {processor.py:161} INFO - Processing /home/airflow/.local/lib/python3.7/site-packages/airflow/example_dags/example_task_group_decorator.py took 0.232 seconds
[2022-07-07 01:57:16,082] {processor.py:153} INFO - Started process (PID=74) to work on /home/airflow/.local/lib/python3.7/site-packages/airflow/example_dags/example_task_group_decorator.py
[2022-07-07 01:57:16,085] {processor.py:641} INFO - Processing file /home/airflow/.local/lib/python3.7/site-packages/airflow/example_dags/example_task_group_decorator.py for tasks to queue
[2022-07-07 01:57:16,087] {logging_mixin.py:115} INFO - [2022-07-07 01:57:16,086] {dagbag.py:507} INFO - Filling up the DagBag from /home/airflow/.local/lib/python3.7/site-packages/airflow/example_dags/example_task_group_decorator.py
[2022-07-07 01:57:16,132] {processor.py:651} INFO - DAG(s) dict_keys(['example_task_group_decorator']) retrieved from /home/airflow/.local/lib/python3.7/site-packages/airflow/example_dags/example_task_group_decorator.py
[2022-07-07 01:57:16,573] {logging_mixin.py:115} INFO - [2022-07-07 01:57:16,573] {dag.py:2379} INFO - Sync 1 DAGs
[2022-07-07 01:57:16,606] {logging_mixin.py:115} INFO - [2022-07-07 01:57:16,605] {dag.py:2931} INFO - Setting next_dagrun for example_task_group_decorator to 2022-07-06T01:57:16.605477+00:00, run_after=2022-07-07T01:57:16.605477+00:00
[2022-07-07 01:57:16,628] {processor.py:161} INFO - Processing /home/airflow/.local/lib/python3.7/site-packages/airflow/example_dags/example_task_group_decorator.py took 0.552 seconds
[2022-07-07 01:58:08,584] {processor.py:153} INFO - Started process (PID=138) to work on /home/airflow/.local/lib/python3.7/site-packages/airflow/example_dags/example_task_group_decorator.py
[2022-07-07 01:58:08,586] {processor.py:641} INFO - Processing file /home/airflow/.local/lib/python3.7/site-packages/airflow/example_dags/example_task_group_decorator.py for tasks to queue
[2022-07-07 01:58:08,588] {logging_mixin.py:115} INFO - [2022-07-07 01:58:08,588] {dagbag.py:507} INFO - Filling up the DagBag from /home/airflow/.local/lib/python3.7/site-packages/airflow/example_dags/example_task_group_decorator.py
[2022-07-07 01:58:08,646] {processor.py:651} INFO - DAG(s) dict_keys(['example_task_group_decorator']) retrieved from /home/airflow/.local/lib/python3.7/site-packages/airflow/example_dags/example_task_group_decorator.py
[2022-07-07 01:58:09,270] {logging_mixin.py:115} INFO - [2022-07-07 01:58:09,269] {dag.py:2379} INFO - Sync 1 DAGs
[2022-07-07 01:58:09,342] {logging_mixin.py:115} INFO - [2022-07-07 01:58:09,342] {dag.py:2931} INFO - Setting next_dagrun for example_task_group_decorator to 2022-07-06T01:58:09.340871+00:00, run_after=2022-07-07T01:58:09.340871+00:00
[2022-07-07 01:58:09,408] {processor.py:161} INFO - Processing /home/airflow/.local/lib/python3.7/site-packages/airflow/example_dags/example_task_group_decorator.py took 0.832 seconds
[2022-07-07 01:58:41,633] {processor.py:153} INFO - Started process (PID=193) to work on /home/airflow/.local/lib/python3.7/site-packages/airflow/example_dags/example_task_group_decorator.py
[2022-07-07 01:58:41,634] {processor.py:641} INFO - Processing file /home/airflow/.local/lib/python3.7/site-packages/airflow/example_dags/example_task_group_decorator.py for tasks to queue
[2022-07-07 01:58:41,635] {logging_mixin.py:115} INFO - [2022-07-07 01:58:41,635] {dagbag.py:507} INFO - Filling up the DagBag from /home/airflow/.local/lib/python3.7/site-packages/airflow/example_dags/example_task_group_decorator.py
[2022-07-07 01:58:41,667] {processor.py:651} INFO - DAG(s) dict_keys(['example_task_group_decorator']) retrieved from /home/airflow/.local/lib/python3.7/site-packages/airflow/example_dags/example_task_group_decorator.py
[2022-07-07 01:58:41,951] {logging_mixin.py:115} INFO - [2022-07-07 01:58:41,951] {dag.py:2379} INFO - Sync 1 DAGs
[2022-07-07 01:58:41,983] {logging_mixin.py:115} INFO - [2022-07-07 01:58:41,982] {dag.py:2931} INFO - Setting next_dagrun for example_task_group_decorator to 2022-07-06T01:58:41.982335+00:00, run_after=2022-07-07T01:58:41.982335+00:00
[2022-07-07 01:58:42,005] {processor.py:161} INFO - Processing /home/airflow/.local/lib/python3.7/site-packages/airflow/example_dags/example_task_group_decorator.py took 0.376 seconds
[2022-07-07 01:59:12,159] {processor.py:153} INFO - Started process (PID=250) to work on /home/airflow/.local/lib/python3.7/site-packages/airflow/example_dags/example_task_group_decorator.py
[2022-07-07 01:59:12,160] {processor.py:641} INFO - Processing file /home/airflow/.local/lib/python3.7/site-packages/airflow/example_dags/example_task_group_decorator.py for tasks to queue
[2022-07-07 01:59:12,161] {logging_mixin.py:115} INFO - [2022-07-07 01:59:12,161] {dagbag.py:507} INFO - Filling up the DagBag from /home/airflow/.local/lib/python3.7/site-packages/airflow/example_dags/example_task_group_decorator.py
[2022-07-07 01:59:12,201] {processor.py:651} INFO - DAG(s) dict_keys(['example_task_group_decorator']) retrieved from /home/airflow/.local/lib/python3.7/site-packages/airflow/example_dags/example_task_group_decorator.py
[2022-07-07 01:59:12,415] {logging_mixin.py:115} INFO - [2022-07-07 01:59:12,414] {dag.py:2379} INFO - Sync 1 DAGs
[2022-07-07 01:59:12,431] {logging_mixin.py:115} INFO - [2022-07-07 01:59:12,430] {dag.py:2931} INFO - Setting next_dagrun for example_task_group_decorator to 2022-07-06T01:59:12.430796+00:00, run_after=2022-07-07T01:59:12.430796+00:00
[2022-07-07 01:59:12,444] {processor.py:161} INFO - Processing /home/airflow/.local/lib/python3.7/site-packages/airflow/example_dags/example_task_group_decorator.py took 0.290 seconds
[2022-07-07 01:59:49,601] {processor.py:153} INFO - Started process (PID=317) to work on /home/airflow/.local/lib/python3.7/site-packages/airflow/example_dags/example_task_group_decorator.py
[2022-07-07 01:59:49,602] {processor.py:641} INFO - Processing file /home/airflow/.local/lib/python3.7/site-packages/airflow/example_dags/example_task_group_decorator.py for tasks to queue
[2022-07-07 01:59:49,614] {logging_mixin.py:115} INFO - [2022-07-07 01:59:49,603] {dagbag.py:507} INFO - Filling up the DagBag from /home/airflow/.local/lib/python3.7/site-packages/airflow/example_dags/example_task_group_decorator.py
[2022-07-07 01:59:49,661] {processor.py:651} INFO - DAG(s) dict_keys(['example_task_group_decorator']) retrieved from /home/airflow/.local/lib/python3.7/site-packages/airflow/example_dags/example_task_group_decorator.py
[2022-07-07 01:59:49,955] {logging_mixin.py:115} INFO - [2022-07-07 01:59:49,955] {dag.py:2379} INFO - Sync 1 DAGs
[2022-07-07 01:59:49,998] {logging_mixin.py:115} INFO - [2022-07-07 01:59:49,998] {dag.py:2931} INFO - Setting next_dagrun for example_task_group_decorator to 2022-07-06T01:59:49.997888+00:00, run_after=2022-07-07T01:59:49.997888+00:00
[2022-07-07 01:59:50,026] {processor.py:161} INFO - Processing /home/airflow/.local/lib/python3.7/site-packages/airflow/example_dags/example_task_group_decorator.py took 0.430 seconds
[2022-07-07 02:00:20,816] {processor.py:153} INFO - Started process (PID=373) to work on /home/airflow/.local/lib/python3.7/site-packages/airflow/example_dags/example_task_group_decorator.py
[2022-07-07 02:00:20,817] {processor.py:641} INFO - Processing file /home/airflow/.local/lib/python3.7/site-packages/airflow/example_dags/example_task_group_decorator.py for tasks to queue
[2022-07-07 02:00:20,818] {logging_mixin.py:115} INFO - [2022-07-07 02:00:20,817] {dagbag.py:507} INFO - Filling up the DagBag from /home/airflow/.local/lib/python3.7/site-packages/airflow/example_dags/example_task_group_decorator.py
[2022-07-07 02:00:20,842] {processor.py:651} INFO - DAG(s) dict_keys(['example_task_group_decorator']) retrieved from /home/airflow/.local/lib/python3.7/site-packages/airflow/example_dags/example_task_group_decorator.py
[2022-07-07 02:00:21,025] {logging_mixin.py:115} INFO - [2022-07-07 02:00:21,025] {dag.py:2379} INFO - Sync 1 DAGs
[2022-07-07 02:00:21,039] {logging_mixin.py:115} INFO - [2022-07-07 02:00:21,039] {dag.py:2931} INFO - Setting next_dagrun for example_task_group_decorator to 2022-07-06T02:00:21.038919+00:00, run_after=2022-07-07T02:00:21.038919+00:00
[2022-07-07 02:00:21,051] {processor.py:161} INFO - Processing /home/airflow/.local/lib/python3.7/site-packages/airflow/example_dags/example_task_group_decorator.py took 0.238 seconds
[2022-07-07 02:00:51,193] {processor.py:153} INFO - Started process (PID=439) to work on /home/airflow/.local/lib/python3.7/site-packages/airflow/example_dags/example_task_group_decorator.py
[2022-07-07 02:00:51,194] {processor.py:641} INFO - Processing file /home/airflow/.local/lib/python3.7/site-packages/airflow/example_dags/example_task_group_decorator.py for tasks to queue
[2022-07-07 02:00:51,198] {logging_mixin.py:115} INFO - [2022-07-07 02:00:51,197] {dagbag.py:507} INFO - Filling up the DagBag from /home/airflow/.local/lib/python3.7/site-packages/airflow/example_dags/example_task_group_decorator.py
[2022-07-07 02:00:51,235] {processor.py:651} INFO - DAG(s) dict_keys(['example_task_group_decorator']) retrieved from /home/airflow/.local/lib/python3.7/site-packages/airflow/example_dags/example_task_group_decorator.py
[2022-07-07 02:00:51,468] {logging_mixin.py:115} INFO - [2022-07-07 02:00:51,468] {dag.py:2379} INFO - Sync 1 DAGs
[2022-07-07 02:00:51,503] {logging_mixin.py:115} INFO - [2022-07-07 02:00:51,503] {dag.py:2931} INFO - Setting next_dagrun for example_task_group_decorator to 2022-07-06T02:00:51.502629+00:00, run_after=2022-07-07T02:00:51.502629+00:00
[2022-07-07 02:00:51,527] {processor.py:161} INFO - Processing /home/airflow/.local/lib/python3.7/site-packages/airflow/example_dags/example_task_group_decorator.py took 0.339 seconds
[2022-07-07 02:01:21,740] {processor.py:153} INFO - Started process (PID=505) to work on /home/airflow/.local/lib/python3.7/site-packages/airflow/example_dags/example_task_group_decorator.py
[2022-07-07 02:01:21,740] {processor.py:641} INFO - Processing file /home/airflow/.local/lib/python3.7/site-packages/airflow/example_dags/example_task_group_decorator.py for tasks to queue
[2022-07-07 02:01:21,741] {logging_mixin.py:115} INFO - [2022-07-07 02:01:21,741] {dagbag.py:507} INFO - Filling up the DagBag from /home/airflow/.local/lib/python3.7/site-packages/airflow/example_dags/example_task_group_decorator.py
[2022-07-07 02:01:21,762] {processor.py:651} INFO - DAG(s) dict_keys(['example_task_group_decorator']) retrieved from /home/airflow/.local/lib/python3.7/site-packages/airflow/example_dags/example_task_group_decorator.py
[2022-07-07 02:01:21,968] {logging_mixin.py:115} INFO - [2022-07-07 02:01:21,968] {dag.py:2379} INFO - Sync 1 DAGs
[2022-07-07 02:01:21,987] {logging_mixin.py:115} INFO - [2022-07-07 02:01:21,987] {dag.py:2931} INFO - Setting next_dagrun for example_task_group_decorator to 2022-07-06T02:01:21.987121+00:00, run_after=2022-07-07T02:01:21.987121+00:00
[2022-07-07 02:01:22,001] {processor.py:161} INFO - Processing /home/airflow/.local/lib/python3.7/site-packages/airflow/example_dags/example_task_group_decorator.py took 0.264 seconds
[2022-07-07 02:01:52,333] {processor.py:153} INFO - Started process (PID=563) to work on /home/airflow/.local/lib/python3.7/site-packages/airflow/example_dags/example_task_group_decorator.py
[2022-07-07 02:01:52,333] {processor.py:641} INFO - Processing file /home/airflow/.local/lib/python3.7/site-packages/airflow/example_dags/example_task_group_decorator.py for tasks to queue
[2022-07-07 02:01:52,334] {logging_mixin.py:115} INFO - [2022-07-07 02:01:52,334] {dagbag.py:507} INFO - Filling up the DagBag from /home/airflow/.local/lib/python3.7/site-packages/airflow/example_dags/example_task_group_decorator.py
[2022-07-07 02:01:52,356] {processor.py:651} INFO - DAG(s) dict_keys(['example_task_group_decorator']) retrieved from /home/airflow/.local/lib/python3.7/site-packages/airflow/example_dags/example_task_group_decorator.py
[2022-07-07 02:01:52,536] {logging_mixin.py:115} INFO - [2022-07-07 02:01:52,536] {dag.py:2379} INFO - Sync 1 DAGs
[2022-07-07 02:01:52,554] {logging_mixin.py:115} INFO - [2022-07-07 02:01:52,553] {dag.py:2931} INFO - Setting next_dagrun for example_task_group_decorator to 2022-07-06T02:01:52.553728+00:00, run_after=2022-07-07T02:01:52.553728+00:00
[2022-07-07 02:01:52,566] {processor.py:161} INFO - Processing /home/airflow/.local/lib/python3.7/site-packages/airflow/example_dags/example_task_group_decorator.py took 0.236 seconds
[2022-07-07 02:02:22,798] {processor.py:153} INFO - Started process (PID=629) to work on /home/airflow/.local/lib/python3.7/site-packages/airflow/example_dags/example_task_group_decorator.py
[2022-07-07 02:02:22,799] {processor.py:641} INFO - Processing file /home/airflow/.local/lib/python3.7/site-packages/airflow/example_dags/example_task_group_decorator.py for tasks to queue
[2022-07-07 02:02:22,800] {logging_mixin.py:115} INFO - [2022-07-07 02:02:22,800] {dagbag.py:507} INFO - Filling up the DagBag from /home/airflow/.local/lib/python3.7/site-packages/airflow/example_dags/example_task_group_decorator.py
[2022-07-07 02:02:22,819] {processor.py:651} INFO - DAG(s) dict_keys(['example_task_group_decorator']) retrieved from /home/airflow/.local/lib/python3.7/site-packages/airflow/example_dags/example_task_group_decorator.py
[2022-07-07 02:02:22,993] {logging_mixin.py:115} INFO - [2022-07-07 02:02:22,993] {dag.py:2379} INFO - Sync 1 DAGs
[2022-07-07 02:02:23,011] {logging_mixin.py:115} INFO - [2022-07-07 02:02:23,011] {dag.py:2931} INFO - Setting next_dagrun for example_task_group_decorator to 2022-07-06T02:02:23.011164+00:00, run_after=2022-07-07T02:02:23.011164+00:00
[2022-07-07 02:02:23,029] {processor.py:161} INFO - Processing /home/airflow/.local/lib/python3.7/site-packages/airflow/example_dags/example_task_group_decorator.py took 0.234 seconds
[2022-07-07 02:02:53,775] {processor.py:153} INFO - Started process (PID=695) to work on /home/airflow/.local/lib/python3.7/site-packages/airflow/example_dags/example_task_group_decorator.py
[2022-07-07 02:02:53,776] {processor.py:641} INFO - Processing file /home/airflow/.local/lib/python3.7/site-packages/airflow/example_dags/example_task_group_decorator.py for tasks to queue
[2022-07-07 02:02:53,777] {logging_mixin.py:115} INFO - [2022-07-07 02:02:53,777] {dagbag.py:507} INFO - Filling up the DagBag from /home/airflow/.local/lib/python3.7/site-packages/airflow/example_dags/example_task_group_decorator.py
[2022-07-07 02:02:53,798] {processor.py:651} INFO - DAG(s) dict_keys(['example_task_group_decorator']) retrieved from /home/airflow/.local/lib/python3.7/site-packages/airflow/example_dags/example_task_group_decorator.py
[2022-07-07 02:02:54,014] {logging_mixin.py:115} INFO - [2022-07-07 02:02:54,014] {dag.py:2379} INFO - Sync 1 DAGs
[2022-07-07 02:02:54,036] {logging_mixin.py:115} INFO - [2022-07-07 02:02:54,036] {dag.py:2931} INFO - Setting next_dagrun for example_task_group_decorator to 2022-07-06T02:02:54.036533+00:00, run_after=2022-07-07T02:02:54.036533+00:00
[2022-07-07 02:02:54,054] {processor.py:161} INFO - Processing /home/airflow/.local/lib/python3.7/site-packages/airflow/example_dags/example_task_group_decorator.py took 0.282 seconds
[2022-07-07 02:03:24,495] {processor.py:153} INFO - Started process (PID=751) to work on /home/airflow/.local/lib/python3.7/site-packages/airflow/example_dags/example_task_group_decorator.py
[2022-07-07 02:03:24,496] {processor.py:641} INFO - Processing file /home/airflow/.local/lib/python3.7/site-packages/airflow/example_dags/example_task_group_decorator.py for tasks to queue
[2022-07-07 02:03:24,497] {logging_mixin.py:115} INFO - [2022-07-07 02:03:24,497] {dagbag.py:507} INFO - Filling up the DagBag from /home/airflow/.local/lib/python3.7/site-packages/airflow/example_dags/example_task_group_decorator.py
[2022-07-07 02:03:24,518] {processor.py:651} INFO - DAG(s) dict_keys(['example_task_group_decorator']) retrieved from /home/airflow/.local/lib/python3.7/site-packages/airflow/example_dags/example_task_group_decorator.py
[2022-07-07 02:03:24,683] {logging_mixin.py:115} INFO - [2022-07-07 02:03:24,683] {dag.py:2379} INFO - Sync 1 DAGs
[2022-07-07 02:03:24,700] {logging_mixin.py:115} INFO - [2022-07-07 02:03:24,700] {dag.py:2931} INFO - Setting next_dagrun for example_task_group_decorator to 2022-07-06T02:03:24.700186+00:00, run_after=2022-07-07T02:03:24.700186+00:00
[2022-07-07 02:03:24,713] {processor.py:161} INFO - Processing /home/airflow/.local/lib/python3.7/site-packages/airflow/example_dags/example_task_group_decorator.py took 0.220 seconds
[2022-07-07 02:03:55,452] {processor.py:153} INFO - Started process (PID=816) to work on /home/airflow/.local/lib/python3.7/site-packages/airflow/example_dags/example_task_group_decorator.py
[2022-07-07 02:03:55,452] {processor.py:641} INFO - Processing file /home/airflow/.local/lib/python3.7/site-packages/airflow/example_dags/example_task_group_decorator.py for tasks to queue
[2022-07-07 02:03:55,453] {logging_mixin.py:115} INFO - [2022-07-07 02:03:55,453] {dagbag.py:507} INFO - Filling up the DagBag from /home/airflow/.local/lib/python3.7/site-packages/airflow/example_dags/example_task_group_decorator.py
[2022-07-07 02:03:55,474] {processor.py:651} INFO - DAG(s) dict_keys(['example_task_group_decorator']) retrieved from /home/airflow/.local/lib/python3.7/site-packages/airflow/example_dags/example_task_group_decorator.py
[2022-07-07 02:03:55,672] {logging_mixin.py:115} INFO - [2022-07-07 02:03:55,672] {dag.py:2379} INFO - Sync 1 DAGs
[2022-07-07 02:03:55,687] {logging_mixin.py:115} INFO - [2022-07-07 02:03:55,687] {dag.py:2931} INFO - Setting next_dagrun for example_task_group_decorator to 2022-07-06T02:03:55.687453+00:00, run_after=2022-07-07T02:03:55.687453+00:00
[2022-07-07 02:03:55,700] {processor.py:161} INFO - Processing /home/airflow/.local/lib/python3.7/site-packages/airflow/example_dags/example_task_group_decorator.py took 0.252 seconds
[2022-07-07 02:04:26,077] {processor.py:153} INFO - Started process (PID=881) to work on /home/airflow/.local/lib/python3.7/site-packages/airflow/example_dags/example_task_group_decorator.py
[2022-07-07 02:04:26,078] {processor.py:641} INFO - Processing file /home/airflow/.local/lib/python3.7/site-packages/airflow/example_dags/example_task_group_decorator.py for tasks to queue
[2022-07-07 02:04:26,078] {logging_mixin.py:115} INFO - [2022-07-07 02:04:26,078] {dagbag.py:507} INFO - Filling up the DagBag from /home/airflow/.local/lib/python3.7/site-packages/airflow/example_dags/example_task_group_decorator.py
[2022-07-07 02:04:26,105] {processor.py:651} INFO - DAG(s) dict_keys(['example_task_group_decorator']) retrieved from /home/airflow/.local/lib/python3.7/site-packages/airflow/example_dags/example_task_group_decorator.py
[2022-07-07 02:04:26,143] {logging_mixin.py:115} INFO - [2022-07-07 02:04:26,142] {dag.py:2379} INFO - Sync 1 DAGs
[2022-07-07 02:04:26,307] {logging_mixin.py:115} INFO - [2022-07-07 02:04:26,307] {dag.py:2931} INFO - Setting next_dagrun for example_task_group_decorator to 2022-07-06T02:04:26.307149+00:00, run_after=2022-07-07T02:04:26.307149+00:00
[2022-07-07 02:04:26,319] {processor.py:161} INFO - Processing /home/airflow/.local/lib/python3.7/site-packages/airflow/example_dags/example_task_group_decorator.py took 0.245 seconds
[2022-07-07 02:04:56,734] {processor.py:153} INFO - Started process (PID=947) to work on /home/airflow/.local/lib/python3.7/site-packages/airflow/example_dags/example_task_group_decorator.py
[2022-07-07 02:04:56,734] {processor.py:641} INFO - Processing file /home/airflow/.local/lib/python3.7/site-packages/airflow/example_dags/example_task_group_decorator.py for tasks to queue
[2022-07-07 02:04:56,735] {logging_mixin.py:115} INFO - [2022-07-07 02:04:56,735] {dagbag.py:507} INFO - Filling up the DagBag from /home/airflow/.local/lib/python3.7/site-packages/airflow/example_dags/example_task_group_decorator.py
[2022-07-07 02:04:56,759] {processor.py:651} INFO - DAG(s) dict_keys(['example_task_group_decorator']) retrieved from /home/airflow/.local/lib/python3.7/site-packages/airflow/example_dags/example_task_group_decorator.py
[2022-07-07 02:04:56,938] {logging_mixin.py:115} INFO - [2022-07-07 02:04:56,938] {dag.py:2379} INFO - Sync 1 DAGs
[2022-07-07 02:04:56,953] {logging_mixin.py:115} INFO - [2022-07-07 02:04:56,953] {dag.py:2931} INFO - Setting next_dagrun for example_task_group_decorator to 2022-07-06T02:04:56.953142+00:00, run_after=2022-07-07T02:04:56.953142+00:00
[2022-07-07 02:04:56,966] {processor.py:161} INFO - Processing /home/airflow/.local/lib/python3.7/site-packages/airflow/example_dags/example_task_group_decorator.py took 0.235 seconds
[2022-07-07 02:05:27,676] {processor.py:153} INFO - Started process (PID=1003) to work on /home/airflow/.local/lib/python3.7/site-packages/airflow/example_dags/example_task_group_decorator.py
[2022-07-07 02:05:27,677] {processor.py:641} INFO - Processing file /home/airflow/.local/lib/python3.7/site-packages/airflow/example_dags/example_task_group_decorator.py for tasks to queue
[2022-07-07 02:05:27,678] {logging_mixin.py:115} INFO - [2022-07-07 02:05:27,678] {dagbag.py:507} INFO - Filling up the DagBag from /home/airflow/.local/lib/python3.7/site-packages/airflow/example_dags/example_task_group_decorator.py
[2022-07-07 02:05:27,700] {processor.py:651} INFO - DAG(s) dict_keys(['example_task_group_decorator']) retrieved from /home/airflow/.local/lib/python3.7/site-packages/airflow/example_dags/example_task_group_decorator.py
[2022-07-07 02:05:27,862] {logging_mixin.py:115} INFO - [2022-07-07 02:05:27,862] {dag.py:2379} INFO - Sync 1 DAGs
[2022-07-07 02:05:27,877] {logging_mixin.py:115} INFO - [2022-07-07 02:05:27,877] {dag.py:2931} INFO - Setting next_dagrun for example_task_group_decorator to 2022-07-06T02:05:27.877268+00:00, run_after=2022-07-07T02:05:27.877268+00:00
[2022-07-07 02:05:27,891] {processor.py:161} INFO - Processing /home/airflow/.local/lib/python3.7/site-packages/airflow/example_dags/example_task_group_decorator.py took 0.217 seconds
[2022-07-07 02:05:58,488] {processor.py:153} INFO - Started process (PID=1067) to work on /home/airflow/.local/lib/python3.7/site-packages/airflow/example_dags/example_task_group_decorator.py
[2022-07-07 02:05:58,488] {processor.py:641} INFO - Processing file /home/airflow/.local/lib/python3.7/site-packages/airflow/example_dags/example_task_group_decorator.py for tasks to queue
[2022-07-07 02:05:58,489] {logging_mixin.py:115} INFO - [2022-07-07 02:05:58,489] {dagbag.py:507} INFO - Filling up the DagBag from /home/airflow/.local/lib/python3.7/site-packages/airflow/example_dags/example_task_group_decorator.py
[2022-07-07 02:05:58,516] {processor.py:651} INFO - DAG(s) dict_keys(['example_task_group_decorator']) retrieved from /home/airflow/.local/lib/python3.7/site-packages/airflow/example_dags/example_task_group_decorator.py
[2022-07-07 02:05:58,544] {logging_mixin.py:115} INFO - [2022-07-07 02:05:58,544] {dag.py:2379} INFO - Sync 1 DAGs
[2022-07-07 02:05:58,676] {logging_mixin.py:115} INFO - [2022-07-07 02:05:58,676] {dag.py:2931} INFO - Setting next_dagrun for example_task_group_decorator to 2022-07-06T02:05:58.676482+00:00, run_after=2022-07-07T02:05:58.676482+00:00
[2022-07-07 02:05:58,691] {processor.py:161} INFO - Processing /home/airflow/.local/lib/python3.7/site-packages/airflow/example_dags/example_task_group_decorator.py took 0.206 seconds
[2022-07-07 02:06:29,057] {processor.py:153} INFO - Started process (PID=1132) to work on /home/airflow/.local/lib/python3.7/site-packages/airflow/example_dags/example_task_group_decorator.py
[2022-07-07 02:06:29,058] {processor.py:641} INFO - Processing file /home/airflow/.local/lib/python3.7/site-packages/airflow/example_dags/example_task_group_decorator.py for tasks to queue
[2022-07-07 02:06:29,058] {logging_mixin.py:115} INFO - [2022-07-07 02:06:29,058] {dagbag.py:507} INFO - Filling up the DagBag from /home/airflow/.local/lib/python3.7/site-packages/airflow/example_dags/example_task_group_decorator.py
[2022-07-07 02:06:29,079] {processor.py:651} INFO - DAG(s) dict_keys(['example_task_group_decorator']) retrieved from /home/airflow/.local/lib/python3.7/site-packages/airflow/example_dags/example_task_group_decorator.py
[2022-07-07 02:06:29,241] {logging_mixin.py:115} INFO - [2022-07-07 02:06:29,241] {dag.py:2379} INFO - Sync 1 DAGs
[2022-07-07 02:06:29,256] {logging_mixin.py:115} INFO - [2022-07-07 02:06:29,256] {dag.py:2931} INFO - Setting next_dagrun for example_task_group_decorator to 2022-07-06T02:06:29.256151+00:00, run_after=2022-07-07T02:06:29.256151+00:00
[2022-07-07 02:06:29,268] {processor.py:161} INFO - Processing /home/airflow/.local/lib/python3.7/site-packages/airflow/example_dags/example_task_group_decorator.py took 0.214 seconds
[2022-07-07 02:06:59,842] {processor.py:153} INFO - Started process (PID=1199) to work on /home/airflow/.local/lib/python3.7/site-packages/airflow/example_dags/example_task_group_decorator.py
[2022-07-07 02:06:59,843] {processor.py:641} INFO - Processing file /home/airflow/.local/lib/python3.7/site-packages/airflow/example_dags/example_task_group_decorator.py for tasks to queue
[2022-07-07 02:06:59,844] {logging_mixin.py:115} INFO - [2022-07-07 02:06:59,844] {dagbag.py:507} INFO - Filling up the DagBag from /home/airflow/.local/lib/python3.7/site-packages/airflow/example_dags/example_task_group_decorator.py
[2022-07-07 02:06:59,869] {processor.py:651} INFO - DAG(s) dict_keys(['example_task_group_decorator']) retrieved from /home/airflow/.local/lib/python3.7/site-packages/airflow/example_dags/example_task_group_decorator.py
[2022-07-07 02:07:00,130] {logging_mixin.py:115} INFO - [2022-07-07 02:07:00,130] {dag.py:2379} INFO - Sync 1 DAGs
[2022-07-07 02:07:00,147] {logging_mixin.py:115} INFO - [2022-07-07 02:07:00,147] {dag.py:2931} INFO - Setting next_dagrun for example_task_group_decorator to 2022-07-06T02:07:00.147647+00:00, run_after=2022-07-07T02:07:00.147647+00:00
[2022-07-07 02:07:00,166] {processor.py:161} INFO - Processing /home/airflow/.local/lib/python3.7/site-packages/airflow/example_dags/example_task_group_decorator.py took 0.326 seconds
[2022-07-07 02:07:30,451] {processor.py:153} INFO - Started process (PID=1255) to work on /home/airflow/.local/lib/python3.7/site-packages/airflow/example_dags/example_task_group_decorator.py
[2022-07-07 02:07:30,451] {processor.py:641} INFO - Processing file /home/airflow/.local/lib/python3.7/site-packages/airflow/example_dags/example_task_group_decorator.py for tasks to queue
[2022-07-07 02:07:30,452] {logging_mixin.py:115} INFO - [2022-07-07 02:07:30,452] {dagbag.py:507} INFO - Filling up the DagBag from /home/airflow/.local/lib/python3.7/site-packages/airflow/example_dags/example_task_group_decorator.py
[2022-07-07 02:07:30,472] {processor.py:651} INFO - DAG(s) dict_keys(['example_task_group_decorator']) retrieved from /home/airflow/.local/lib/python3.7/site-packages/airflow/example_dags/example_task_group_decorator.py
[2022-07-07 02:07:30,630] {logging_mixin.py:115} INFO - [2022-07-07 02:07:30,630] {dag.py:2379} INFO - Sync 1 DAGs
[2022-07-07 02:07:30,647] {logging_mixin.py:115} INFO - [2022-07-07 02:07:30,647] {dag.py:2931} INFO - Setting next_dagrun for example_task_group_decorator to 2022-07-06T02:07:30.647375+00:00, run_after=2022-07-07T02:07:30.647375+00:00
[2022-07-07 02:07:30,659] {processor.py:161} INFO - Processing /home/airflow/.local/lib/python3.7/site-packages/airflow/example_dags/example_task_group_decorator.py took 0.211 seconds
[2022-07-07 02:08:01,272] {processor.py:153} INFO - Started process (PID=1320) to work on /home/airflow/.local/lib/python3.7/site-packages/airflow/example_dags/example_task_group_decorator.py
[2022-07-07 02:08:01,273] {processor.py:641} INFO - Processing file /home/airflow/.local/lib/python3.7/site-packages/airflow/example_dags/example_task_group_decorator.py for tasks to queue
[2022-07-07 02:08:01,274] {logging_mixin.py:115} INFO - [2022-07-07 02:08:01,274] {dagbag.py:507} INFO - Filling up the DagBag from /home/airflow/.local/lib/python3.7/site-packages/airflow/example_dags/example_task_group_decorator.py
[2022-07-07 02:08:01,298] {processor.py:651} INFO - DAG(s) dict_keys(['example_task_group_decorator']) retrieved from /home/airflow/.local/lib/python3.7/site-packages/airflow/example_dags/example_task_group_decorator.py
[2022-07-07 02:08:01,333] {logging_mixin.py:115} INFO - [2022-07-07 02:08:01,333] {dag.py:2379} INFO - Sync 1 DAGs
[2022-07-07 02:08:01,550] {logging_mixin.py:115} INFO - [2022-07-07 02:08:01,550] {dag.py:2931} INFO - Setting next_dagrun for example_task_group_decorator to 2022-07-06T02:08:01.549327+00:00, run_after=2022-07-07T02:08:01.549327+00:00
[2022-07-07 02:08:01,564] {processor.py:161} INFO - Processing /home/airflow/.local/lib/python3.7/site-packages/airflow/example_dags/example_task_group_decorator.py took 0.294 seconds
[2022-07-07 02:08:31,808] {processor.py:153} INFO - Started process (PID=1385) to work on /home/airflow/.local/lib/python3.7/site-packages/airflow/example_dags/example_task_group_decorator.py
[2022-07-07 02:08:31,809] {processor.py:641} INFO - Processing file /home/airflow/.local/lib/python3.7/site-packages/airflow/example_dags/example_task_group_decorator.py for tasks to queue
[2022-07-07 02:08:31,809] {logging_mixin.py:115} INFO - [2022-07-07 02:08:31,809] {dagbag.py:507} INFO - Filling up the DagBag from /home/airflow/.local/lib/python3.7/site-packages/airflow/example_dags/example_task_group_decorator.py
[2022-07-07 02:08:31,843] {processor.py:651} INFO - DAG(s) dict_keys(['example_task_group_decorator']) retrieved from /home/airflow/.local/lib/python3.7/site-packages/airflow/example_dags/example_task_group_decorator.py
[2022-07-07 02:08:31,871] {logging_mixin.py:115} INFO - [2022-07-07 02:08:31,871] {dag.py:2379} INFO - Sync 1 DAGs
[2022-07-07 02:08:32,020] {logging_mixin.py:115} INFO - [2022-07-07 02:08:32,019] {dag.py:2931} INFO - Setting next_dagrun for example_task_group_decorator to 2022-07-06T02:08:32.019768+00:00, run_after=2022-07-07T02:08:32.019768+00:00
[2022-07-07 02:08:32,031] {processor.py:161} INFO - Processing /home/airflow/.local/lib/python3.7/site-packages/airflow/example_dags/example_task_group_decorator.py took 0.226 seconds
[2022-07-07 02:09:02,734] {processor.py:153} INFO - Started process (PID=1442) to work on /home/airflow/.local/lib/python3.7/site-packages/airflow/example_dags/example_task_group_decorator.py
[2022-07-07 02:09:02,734] {processor.py:641} INFO - Processing file /home/airflow/.local/lib/python3.7/site-packages/airflow/example_dags/example_task_group_decorator.py for tasks to queue
[2022-07-07 02:09:02,735] {logging_mixin.py:115} INFO - [2022-07-07 02:09:02,735] {dagbag.py:507} INFO - Filling up the DagBag from /home/airflow/.local/lib/python3.7/site-packages/airflow/example_dags/example_task_group_decorator.py
[2022-07-07 02:09:02,756] {processor.py:651} INFO - DAG(s) dict_keys(['example_task_group_decorator']) retrieved from /home/airflow/.local/lib/python3.7/site-packages/airflow/example_dags/example_task_group_decorator.py
[2022-07-07 02:09:02,782] {logging_mixin.py:115} INFO - [2022-07-07 02:09:02,782] {dag.py:2379} INFO - Sync 1 DAGs
[2022-07-07 02:09:02,911] {logging_mixin.py:115} INFO - [2022-07-07 02:09:02,911] {dag.py:2931} INFO - Setting next_dagrun for example_task_group_decorator to 2022-07-06T02:09:02.911151+00:00, run_after=2022-07-07T02:09:02.911151+00:00
[2022-07-07 02:09:02,925] {processor.py:161} INFO - Processing /home/airflow/.local/lib/python3.7/site-packages/airflow/example_dags/example_task_group_decorator.py took 0.195 seconds
[2022-07-07 02:09:33,023] {processor.py:153} INFO - Started process (PID=1508) to work on /home/airflow/.local/lib/python3.7/site-packages/airflow/example_dags/example_task_group_decorator.py
[2022-07-07 02:09:33,023] {processor.py:641} INFO - Processing file /home/airflow/.local/lib/python3.7/site-packages/airflow/example_dags/example_task_group_decorator.py for tasks to queue
[2022-07-07 02:09:33,024] {logging_mixin.py:115} INFO - [2022-07-07 02:09:33,024] {dagbag.py:507} INFO - Filling up the DagBag from /home/airflow/.local/lib/python3.7/site-packages/airflow/example_dags/example_task_group_decorator.py
[2022-07-07 02:09:33,046] {processor.py:651} INFO - DAG(s) dict_keys(['example_task_group_decorator']) retrieved from /home/airflow/.local/lib/python3.7/site-packages/airflow/example_dags/example_task_group_decorator.py
[2022-07-07 02:09:33,072] {logging_mixin.py:115} INFO - [2022-07-07 02:09:33,072] {dag.py:2379} INFO - Sync 1 DAGs
[2022-07-07 02:09:33,198] {logging_mixin.py:115} INFO - [2022-07-07 02:09:33,198] {dag.py:2931} INFO - Setting next_dagrun for example_task_group_decorator to 2022-07-06T02:09:33.198583+00:00, run_after=2022-07-07T02:09:33.198583+00:00
[2022-07-07 02:09:33,213] {processor.py:161} INFO - Processing /home/airflow/.local/lib/python3.7/site-packages/airflow/example_dags/example_task_group_decorator.py took 0.192 seconds
[2022-07-07 02:10:03,587] {processor.py:153} INFO - Started process (PID=1575) to work on /home/airflow/.local/lib/python3.7/site-packages/airflow/example_dags/example_task_group_decorator.py
[2022-07-07 02:10:03,589] {processor.py:641} INFO - Processing file /home/airflow/.local/lib/python3.7/site-packages/airflow/example_dags/example_task_group_decorator.py for tasks to queue
[2022-07-07 02:10:03,590] {logging_mixin.py:115} INFO - [2022-07-07 02:10:03,590] {dagbag.py:507} INFO - Filling up the DagBag from /home/airflow/.local/lib/python3.7/site-packages/airflow/example_dags/example_task_group_decorator.py
[2022-07-07 02:10:03,644] {processor.py:651} INFO - DAG(s) dict_keys(['example_task_group_decorator']) retrieved from /home/airflow/.local/lib/python3.7/site-packages/airflow/example_dags/example_task_group_decorator.py
[2022-07-07 02:10:03,686] {logging_mixin.py:115} INFO - [2022-07-07 02:10:03,686] {dag.py:2379} INFO - Sync 1 DAGs
[2022-07-07 02:10:03,907] {logging_mixin.py:115} INFO - [2022-07-07 02:10:03,907] {dag.py:2931} INFO - Setting next_dagrun for example_task_group_decorator to 2022-07-06T02:10:03.907225+00:00, run_after=2022-07-07T02:10:03.907225+00:00
[2022-07-07 02:10:03,921] {processor.py:161} INFO - Processing /home/airflow/.local/lib/python3.7/site-packages/airflow/example_dags/example_task_group_decorator.py took 0.340 seconds
[2022-07-07 02:10:34,666] {processor.py:153} INFO - Started process (PID=1630) to work on /home/airflow/.local/lib/python3.7/site-packages/airflow/example_dags/example_task_group_decorator.py
[2022-07-07 02:10:34,667] {processor.py:641} INFO - Processing file /home/airflow/.local/lib/python3.7/site-packages/airflow/example_dags/example_task_group_decorator.py for tasks to queue
[2022-07-07 02:10:34,667] {logging_mixin.py:115} INFO - [2022-07-07 02:10:34,667] {dagbag.py:507} INFO - Filling up the DagBag from /home/airflow/.local/lib/python3.7/site-packages/airflow/example_dags/example_task_group_decorator.py
[2022-07-07 02:10:34,687] {processor.py:651} INFO - DAG(s) dict_keys(['example_task_group_decorator']) retrieved from /home/airflow/.local/lib/python3.7/site-packages/airflow/example_dags/example_task_group_decorator.py
[2022-07-07 02:10:34,843] {logging_mixin.py:115} INFO - [2022-07-07 02:10:34,843] {dag.py:2379} INFO - Sync 1 DAGs
[2022-07-07 02:10:34,859] {logging_mixin.py:115} INFO - [2022-07-07 02:10:34,859] {dag.py:2931} INFO - Setting next_dagrun for example_task_group_decorator to 2022-07-06T02:10:34.858957+00:00, run_after=2022-07-07T02:10:34.858957+00:00
[2022-07-07 02:10:34,883] {processor.py:161} INFO - Processing /home/airflow/.local/lib/python3.7/site-packages/airflow/example_dags/example_task_group_decorator.py took 0.220 seconds
[2022-07-07 02:11:05,047] {processor.py:153} INFO - Started process (PID=1695) to work on /home/airflow/.local/lib/python3.7/site-packages/airflow/example_dags/example_task_group_decorator.py
[2022-07-07 02:11:05,048] {processor.py:641} INFO - Processing file /home/airflow/.local/lib/python3.7/site-packages/airflow/example_dags/example_task_group_decorator.py for tasks to queue
[2022-07-07 02:11:05,048] {logging_mixin.py:115} INFO - [2022-07-07 02:11:05,048] {dagbag.py:507} INFO - Filling up the DagBag from /home/airflow/.local/lib/python3.7/site-packages/airflow/example_dags/example_task_group_decorator.py
[2022-07-07 02:11:05,068] {processor.py:651} INFO - DAG(s) dict_keys(['example_task_group_decorator']) retrieved from /home/airflow/.local/lib/python3.7/site-packages/airflow/example_dags/example_task_group_decorator.py
[2022-07-07 02:11:05,096] {logging_mixin.py:115} INFO - [2022-07-07 02:11:05,096] {dag.py:2379} INFO - Sync 1 DAGs
[2022-07-07 02:11:05,212] {logging_mixin.py:115} INFO - [2022-07-07 02:11:05,212] {dag.py:2931} INFO - Setting next_dagrun for example_task_group_decorator to 2022-07-06T02:11:05.211869+00:00, run_after=2022-07-07T02:11:05.211869+00:00
[2022-07-07 02:11:05,222] {processor.py:161} INFO - Processing /home/airflow/.local/lib/python3.7/site-packages/airflow/example_dags/example_task_group_decorator.py took 0.178 seconds
[2022-07-07 02:11:35,460] {processor.py:153} INFO - Started process (PID=1761) to work on /home/airflow/.local/lib/python3.7/site-packages/airflow/example_dags/example_task_group_decorator.py
[2022-07-07 02:11:35,461] {processor.py:641} INFO - Processing file /home/airflow/.local/lib/python3.7/site-packages/airflow/example_dags/example_task_group_decorator.py for tasks to queue
[2022-07-07 02:11:35,462] {logging_mixin.py:115} INFO - [2022-07-07 02:11:35,461] {dagbag.py:507} INFO - Filling up the DagBag from /home/airflow/.local/lib/python3.7/site-packages/airflow/example_dags/example_task_group_decorator.py
[2022-07-07 02:11:35,490] {processor.py:651} INFO - DAG(s) dict_keys(['example_task_group_decorator']) retrieved from /home/airflow/.local/lib/python3.7/site-packages/airflow/example_dags/example_task_group_decorator.py
[2022-07-07 02:11:35,522] {logging_mixin.py:115} INFO - [2022-07-07 02:11:35,522] {dag.py:2379} INFO - Sync 1 DAGs
[2022-07-07 02:11:35,655] {logging_mixin.py:115} INFO - [2022-07-07 02:11:35,654] {dag.py:2931} INFO - Setting next_dagrun for example_task_group_decorator to 2022-07-06T02:11:35.654722+00:00, run_after=2022-07-07T02:11:35.654722+00:00
[2022-07-07 02:11:35,666] {processor.py:161} INFO - Processing /home/airflow/.local/lib/python3.7/site-packages/airflow/example_dags/example_task_group_decorator.py took 0.210 seconds
[2022-07-07 02:12:05,756] {processor.py:153} INFO - Started process (PID=1826) to work on /home/airflow/.local/lib/python3.7/site-packages/airflow/example_dags/example_task_group_decorator.py
[2022-07-07 02:12:05,757] {processor.py:641} INFO - Processing file /home/airflow/.local/lib/python3.7/site-packages/airflow/example_dags/example_task_group_decorator.py for tasks to queue
[2022-07-07 02:12:05,757] {logging_mixin.py:115} INFO - [2022-07-07 02:12:05,757] {dagbag.py:507} INFO - Filling up the DagBag from /home/airflow/.local/lib/python3.7/site-packages/airflow/example_dags/example_task_group_decorator.py
[2022-07-07 02:12:05,778] {processor.py:651} INFO - DAG(s) dict_keys(['example_task_group_decorator']) retrieved from /home/airflow/.local/lib/python3.7/site-packages/airflow/example_dags/example_task_group_decorator.py
[2022-07-07 02:12:05,804] {logging_mixin.py:115} INFO - [2022-07-07 02:12:05,804] {dag.py:2379} INFO - Sync 1 DAGs
[2022-07-07 02:12:05,930] {logging_mixin.py:115} INFO - [2022-07-07 02:12:05,929] {dag.py:2931} INFO - Setting next_dagrun for example_task_group_decorator to 2022-07-06T02:12:05.929767+00:00, run_after=2022-07-07T02:12:05.929767+00:00
[2022-07-07 02:12:05,940] {processor.py:161} INFO - Processing /home/airflow/.local/lib/python3.7/site-packages/airflow/example_dags/example_task_group_decorator.py took 0.187 seconds
[2022-07-07 02:12:36,221] {processor.py:153} INFO - Started process (PID=1883) to work on /home/airflow/.local/lib/python3.7/site-packages/airflow/example_dags/example_task_group_decorator.py
[2022-07-07 02:12:36,222] {processor.py:641} INFO - Processing file /home/airflow/.local/lib/python3.7/site-packages/airflow/example_dags/example_task_group_decorator.py for tasks to queue
[2022-07-07 02:12:36,222] {logging_mixin.py:115} INFO - [2022-07-07 02:12:36,222] {dagbag.py:507} INFO - Filling up the DagBag from /home/airflow/.local/lib/python3.7/site-packages/airflow/example_dags/example_task_group_decorator.py
[2022-07-07 02:12:36,241] {processor.py:651} INFO - DAG(s) dict_keys(['example_task_group_decorator']) retrieved from /home/airflow/.local/lib/python3.7/site-packages/airflow/example_dags/example_task_group_decorator.py
[2022-07-07 02:12:36,389] {logging_mixin.py:115} INFO - [2022-07-07 02:12:36,389] {dag.py:2379} INFO - Sync 1 DAGs
[2022-07-07 02:12:36,405] {logging_mixin.py:115} INFO - [2022-07-07 02:12:36,405] {dag.py:2931} INFO - Setting next_dagrun for example_task_group_decorator to 2022-07-06T02:12:36.405452+00:00, run_after=2022-07-07T02:12:36.405452+00:00
[2022-07-07 02:12:36,418] {processor.py:161} INFO - Processing /home/airflow/.local/lib/python3.7/site-packages/airflow/example_dags/example_task_group_decorator.py took 0.200 seconds
[2022-07-07 02:13:06,713] {processor.py:153} INFO - Started process (PID=1947) to work on /home/airflow/.local/lib/python3.7/site-packages/airflow/example_dags/example_task_group_decorator.py
[2022-07-07 02:13:06,714] {processor.py:641} INFO - Processing file /home/airflow/.local/lib/python3.7/site-packages/airflow/example_dags/example_task_group_decorator.py for tasks to queue
[2022-07-07 02:13:06,714] {logging_mixin.py:115} INFO - [2022-07-07 02:13:06,714] {dagbag.py:507} INFO - Filling up the DagBag from /home/airflow/.local/lib/python3.7/site-packages/airflow/example_dags/example_task_group_decorator.py
[2022-07-07 02:13:06,734] {processor.py:651} INFO - DAG(s) dict_keys(['example_task_group_decorator']) retrieved from /home/airflow/.local/lib/python3.7/site-packages/airflow/example_dags/example_task_group_decorator.py
[2022-07-07 02:13:06,889] {logging_mixin.py:115} INFO - [2022-07-07 02:13:06,889] {dag.py:2379} INFO - Sync 1 DAGs
[2022-07-07 02:13:06,903] {logging_mixin.py:115} INFO - [2022-07-07 02:13:06,903] {dag.py:2931} INFO - Setting next_dagrun for example_task_group_decorator to 2022-07-06T02:13:06.903349+00:00, run_after=2022-07-07T02:13:06.903349+00:00
[2022-07-07 02:13:06,926] {processor.py:161} INFO - Processing /home/airflow/.local/lib/python3.7/site-packages/airflow/example_dags/example_task_group_decorator.py took 0.216 seconds
[2022-07-07 02:13:37,764] {processor.py:153} INFO - Started process (PID=2012) to work on /home/airflow/.local/lib/python3.7/site-packages/airflow/example_dags/example_task_group_decorator.py
[2022-07-07 02:13:37,765] {processor.py:641} INFO - Processing file /home/airflow/.local/lib/python3.7/site-packages/airflow/example_dags/example_task_group_decorator.py for tasks to queue
[2022-07-07 02:13:37,766] {logging_mixin.py:115} INFO - [2022-07-07 02:13:37,766] {dagbag.py:507} INFO - Filling up the DagBag from /home/airflow/.local/lib/python3.7/site-packages/airflow/example_dags/example_task_group_decorator.py
[2022-07-07 02:13:37,786] {processor.py:651} INFO - DAG(s) dict_keys(['example_task_group_decorator']) retrieved from /home/airflow/.local/lib/python3.7/site-packages/airflow/example_dags/example_task_group_decorator.py
[2022-07-07 02:13:37,916] {logging_mixin.py:115} INFO - [2022-07-07 02:13:37,916] {dag.py:2379} INFO - Sync 1 DAGs
[2022-07-07 02:13:37,933] {logging_mixin.py:115} INFO - [2022-07-07 02:13:37,933] {dag.py:2931} INFO - Setting next_dagrun for example_task_group_decorator to 2022-07-06T02:13:37.932871+00:00, run_after=2022-07-07T02:13:37.932871+00:00
[2022-07-07 02:13:37,954] {processor.py:161} INFO - Processing /home/airflow/.local/lib/python3.7/site-packages/airflow/example_dags/example_task_group_decorator.py took 0.193 seconds
[2022-07-07 02:14:08,592] {processor.py:153} INFO - Started process (PID=2076) to work on /home/airflow/.local/lib/python3.7/site-packages/airflow/example_dags/example_task_group_decorator.py
[2022-07-07 02:14:08,593] {processor.py:641} INFO - Processing file /home/airflow/.local/lib/python3.7/site-packages/airflow/example_dags/example_task_group_decorator.py for tasks to queue
[2022-07-07 02:14:08,594] {logging_mixin.py:115} INFO - [2022-07-07 02:14:08,593] {dagbag.py:507} INFO - Filling up the DagBag from /home/airflow/.local/lib/python3.7/site-packages/airflow/example_dags/example_task_group_decorator.py
[2022-07-07 02:14:08,614] {processor.py:651} INFO - DAG(s) dict_keys(['example_task_group_decorator']) retrieved from /home/airflow/.local/lib/python3.7/site-packages/airflow/example_dags/example_task_group_decorator.py
[2022-07-07 02:14:08,806] {logging_mixin.py:115} INFO - [2022-07-07 02:14:08,806] {dag.py:2379} INFO - Sync 1 DAGs
[2022-07-07 02:14:08,838] {logging_mixin.py:115} INFO - [2022-07-07 02:14:08,837] {dag.py:2931} INFO - Setting next_dagrun for example_task_group_decorator to 2022-07-06T02:14:08.837318+00:00, run_after=2022-07-07T02:14:08.837318+00:00
[2022-07-07 02:14:08,867] {processor.py:161} INFO - Processing /home/airflow/.local/lib/python3.7/site-packages/airflow/example_dags/example_task_group_decorator.py took 0.278 seconds
[2022-07-07 02:14:39,110] {processor.py:153} INFO - Started process (PID=2132) to work on /home/airflow/.local/lib/python3.7/site-packages/airflow/example_dags/example_task_group_decorator.py
[2022-07-07 02:14:39,111] {processor.py:641} INFO - Processing file /home/airflow/.local/lib/python3.7/site-packages/airflow/example_dags/example_task_group_decorator.py for tasks to queue
[2022-07-07 02:14:39,112] {logging_mixin.py:115} INFO - [2022-07-07 02:14:39,112] {dagbag.py:507} INFO - Filling up the DagBag from /home/airflow/.local/lib/python3.7/site-packages/airflow/example_dags/example_task_group_decorator.py
[2022-07-07 02:14:39,131] {processor.py:651} INFO - DAG(s) dict_keys(['example_task_group_decorator']) retrieved from /home/airflow/.local/lib/python3.7/site-packages/airflow/example_dags/example_task_group_decorator.py
[2022-07-07 02:14:39,291] {logging_mixin.py:115} INFO - [2022-07-07 02:14:39,291] {dag.py:2379} INFO - Sync 1 DAGs
[2022-07-07 02:14:39,307] {logging_mixin.py:115} INFO - [2022-07-07 02:14:39,307] {dag.py:2931} INFO - Setting next_dagrun for example_task_group_decorator to 2022-07-06T02:14:39.307290+00:00, run_after=2022-07-07T02:14:39.307290+00:00
[2022-07-07 02:14:39,320] {processor.py:161} INFO - Processing /home/airflow/.local/lib/python3.7/site-packages/airflow/example_dags/example_task_group_decorator.py took 0.212 seconds
[2022-07-07 02:15:09,379] {processor.py:153} INFO - Started process (PID=2197) to work on /home/airflow/.local/lib/python3.7/site-packages/airflow/example_dags/example_task_group_decorator.py
[2022-07-07 02:15:09,380] {processor.py:641} INFO - Processing file /home/airflow/.local/lib/python3.7/site-packages/airflow/example_dags/example_task_group_decorator.py for tasks to queue
[2022-07-07 02:15:09,381] {logging_mixin.py:115} INFO - [2022-07-07 02:15:09,381] {dagbag.py:507} INFO - Filling up the DagBag from /home/airflow/.local/lib/python3.7/site-packages/airflow/example_dags/example_task_group_decorator.py
[2022-07-07 02:15:09,400] {processor.py:651} INFO - DAG(s) dict_keys(['example_task_group_decorator']) retrieved from /home/airflow/.local/lib/python3.7/site-packages/airflow/example_dags/example_task_group_decorator.py
[2022-07-07 02:15:09,535] {logging_mixin.py:115} INFO - [2022-07-07 02:15:09,534] {dag.py:2379} INFO - Sync 1 DAGs
[2022-07-07 02:15:09,550] {logging_mixin.py:115} INFO - [2022-07-07 02:15:09,549] {dag.py:2931} INFO - Setting next_dagrun for example_task_group_decorator to 2022-07-06T02:15:09.549693+00:00, run_after=2022-07-07T02:15:09.549693+00:00
[2022-07-07 02:15:09,561] {processor.py:161} INFO - Processing /home/airflow/.local/lib/python3.7/site-packages/airflow/example_dags/example_task_group_decorator.py took 0.184 seconds
[2022-07-07 02:15:39,854] {processor.py:153} INFO - Started process (PID=2261) to work on /home/airflow/.local/lib/python3.7/site-packages/airflow/example_dags/example_task_group_decorator.py
[2022-07-07 02:15:39,854] {processor.py:641} INFO - Processing file /home/airflow/.local/lib/python3.7/site-packages/airflow/example_dags/example_task_group_decorator.py for tasks to queue
[2022-07-07 02:15:39,855] {logging_mixin.py:115} INFO - [2022-07-07 02:15:39,855] {dagbag.py:507} INFO - Filling up the DagBag from /home/airflow/.local/lib/python3.7/site-packages/airflow/example_dags/example_task_group_decorator.py
[2022-07-07 02:15:39,876] {processor.py:651} INFO - DAG(s) dict_keys(['example_task_group_decorator']) retrieved from /home/airflow/.local/lib/python3.7/site-packages/airflow/example_dags/example_task_group_decorator.py
[2022-07-07 02:15:40,028] {logging_mixin.py:115} INFO - [2022-07-07 02:15:40,028] {dag.py:2379} INFO - Sync 1 DAGs
[2022-07-07 02:15:40,048] {logging_mixin.py:115} INFO - [2022-07-07 02:15:40,048] {dag.py:2931} INFO - Setting next_dagrun for example_task_group_decorator to 2022-07-06T02:15:40.048435+00:00, run_after=2022-07-07T02:15:40.048435+00:00
[2022-07-07 02:15:40,062] {processor.py:161} INFO - Processing /home/airflow/.local/lib/python3.7/site-packages/airflow/example_dags/example_task_group_decorator.py took 0.211 seconds
[2022-07-07 02:16:10,665] {processor.py:153} INFO - Started process (PID=2317) to work on /home/airflow/.local/lib/python3.7/site-packages/airflow/example_dags/example_task_group_decorator.py
[2022-07-07 02:16:10,665] {processor.py:641} INFO - Processing file /home/airflow/.local/lib/python3.7/site-packages/airflow/example_dags/example_task_group_decorator.py for tasks to queue
[2022-07-07 02:16:10,666] {logging_mixin.py:115} INFO - [2022-07-07 02:16:10,666] {dagbag.py:507} INFO - Filling up the DagBag from /home/airflow/.local/lib/python3.7/site-packages/airflow/example_dags/example_task_group_decorator.py
[2022-07-07 02:16:10,687] {processor.py:651} INFO - DAG(s) dict_keys(['example_task_group_decorator']) retrieved from /home/airflow/.local/lib/python3.7/site-packages/airflow/example_dags/example_task_group_decorator.py
[2022-07-07 02:16:10,827] {logging_mixin.py:115} INFO - [2022-07-07 02:16:10,827] {dag.py:2379} INFO - Sync 1 DAGs
[2022-07-07 02:16:10,846] {logging_mixin.py:115} INFO - [2022-07-07 02:16:10,846] {dag.py:2931} INFO - Setting next_dagrun for example_task_group_decorator to 2022-07-06T02:16:10.846109+00:00, run_after=2022-07-07T02:16:10.846109+00:00
[2022-07-07 02:16:10,858] {processor.py:161} INFO - Processing /home/airflow/.local/lib/python3.7/site-packages/airflow/example_dags/example_task_group_decorator.py took 0.196 seconds
[2022-07-07 02:16:41,660] {processor.py:153} INFO - Started process (PID=2383) to work on /home/airflow/.local/lib/python3.7/site-packages/airflow/example_dags/example_task_group_decorator.py
[2022-07-07 02:16:41,661] {processor.py:641} INFO - Processing file /home/airflow/.local/lib/python3.7/site-packages/airflow/example_dags/example_task_group_decorator.py for tasks to queue
[2022-07-07 02:16:41,662] {logging_mixin.py:115} INFO - [2022-07-07 02:16:41,662] {dagbag.py:507} INFO - Filling up the DagBag from /home/airflow/.local/lib/python3.7/site-packages/airflow/example_dags/example_task_group_decorator.py
[2022-07-07 02:16:41,687] {processor.py:651} INFO - DAG(s) dict_keys(['example_task_group_decorator']) retrieved from /home/airflow/.local/lib/python3.7/site-packages/airflow/example_dags/example_task_group_decorator.py
[2022-07-07 02:16:41,884] {logging_mixin.py:115} INFO - [2022-07-07 02:16:41,884] {dag.py:2379} INFO - Sync 1 DAGs
[2022-07-07 02:16:41,901] {logging_mixin.py:115} INFO - [2022-07-07 02:16:41,901] {dag.py:2931} INFO - Setting next_dagrun for example_task_group_decorator to 2022-07-06T02:16:41.901331+00:00, run_after=2022-07-07T02:16:41.901331+00:00
[2022-07-07 02:16:41,914] {processor.py:161} INFO - Processing /home/airflow/.local/lib/python3.7/site-packages/airflow/example_dags/example_task_group_decorator.py took 0.256 seconds
[2022-07-07 02:17:12,111] {processor.py:153} INFO - Started process (PID=2448) to work on /home/airflow/.local/lib/python3.7/site-packages/airflow/example_dags/example_task_group_decorator.py
[2022-07-07 02:17:12,111] {processor.py:641} INFO - Processing file /home/airflow/.local/lib/python3.7/site-packages/airflow/example_dags/example_task_group_decorator.py for tasks to queue
[2022-07-07 02:17:12,112] {logging_mixin.py:115} INFO - [2022-07-07 02:17:12,112] {dagbag.py:507} INFO - Filling up the DagBag from /home/airflow/.local/lib/python3.7/site-packages/airflow/example_dags/example_task_group_decorator.py
[2022-07-07 02:17:12,134] {processor.py:651} INFO - DAG(s) dict_keys(['example_task_group_decorator']) retrieved from /home/airflow/.local/lib/python3.7/site-packages/airflow/example_dags/example_task_group_decorator.py
[2022-07-07 02:17:12,299] {logging_mixin.py:115} INFO - [2022-07-07 02:17:12,299] {dag.py:2379} INFO - Sync 1 DAGs
[2022-07-07 02:17:12,316] {logging_mixin.py:115} INFO - [2022-07-07 02:17:12,316] {dag.py:2931} INFO - Setting next_dagrun for example_task_group_decorator to 2022-07-06T02:17:12.315987+00:00, run_after=2022-07-07T02:17:12.315987+00:00
[2022-07-07 02:17:12,329] {processor.py:161} INFO - Processing /home/airflow/.local/lib/python3.7/site-packages/airflow/example_dags/example_task_group_decorator.py took 0.221 seconds
[2022-07-07 02:17:42,362] {processor.py:153} INFO - Started process (PID=2505) to work on /home/airflow/.local/lib/python3.7/site-packages/airflow/example_dags/example_task_group_decorator.py
[2022-07-07 02:17:42,362] {processor.py:641} INFO - Processing file /home/airflow/.local/lib/python3.7/site-packages/airflow/example_dags/example_task_group_decorator.py for tasks to queue
[2022-07-07 02:17:42,363] {logging_mixin.py:115} INFO - [2022-07-07 02:17:42,363] {dagbag.py:507} INFO - Filling up the DagBag from /home/airflow/.local/lib/python3.7/site-packages/airflow/example_dags/example_task_group_decorator.py
[2022-07-07 02:17:42,386] {processor.py:651} INFO - DAG(s) dict_keys(['example_task_group_decorator']) retrieved from /home/airflow/.local/lib/python3.7/site-packages/airflow/example_dags/example_task_group_decorator.py
[2022-07-07 02:17:42,590] {logging_mixin.py:115} INFO - [2022-07-07 02:17:42,590] {dag.py:2379} INFO - Sync 1 DAGs
[2022-07-07 02:17:42,618] {logging_mixin.py:115} INFO - [2022-07-07 02:17:42,618] {dag.py:2931} INFO - Setting next_dagrun for example_task_group_decorator to 2022-07-06T02:17:42.618601+00:00, run_after=2022-07-07T02:17:42.618601+00:00
[2022-07-07 02:17:42,640] {processor.py:161} INFO - Processing /home/airflow/.local/lib/python3.7/site-packages/airflow/example_dags/example_task_group_decorator.py took 0.281 seconds
[2022-07-07 02:18:12,717] {processor.py:153} INFO - Started process (PID=2570) to work on /home/airflow/.local/lib/python3.7/site-packages/airflow/example_dags/example_task_group_decorator.py
[2022-07-07 02:18:12,718] {processor.py:641} INFO - Processing file /home/airflow/.local/lib/python3.7/site-packages/airflow/example_dags/example_task_group_decorator.py for tasks to queue
[2022-07-07 02:18:12,719] {logging_mixin.py:115} INFO - [2022-07-07 02:18:12,719] {dagbag.py:507} INFO - Filling up the DagBag from /home/airflow/.local/lib/python3.7/site-packages/airflow/example_dags/example_task_group_decorator.py
[2022-07-07 02:18:12,757] {processor.py:651} INFO - DAG(s) dict_keys(['example_task_group_decorator']) retrieved from /home/airflow/.local/lib/python3.7/site-packages/airflow/example_dags/example_task_group_decorator.py
[2022-07-07 02:18:12,894] {logging_mixin.py:115} INFO - [2022-07-07 02:18:12,894] {dag.py:2379} INFO - Sync 1 DAGs
[2022-07-07 02:18:12,909] {logging_mixin.py:115} INFO - [2022-07-07 02:18:12,909] {dag.py:2931} INFO - Setting next_dagrun for example_task_group_decorator to 2022-07-06T02:18:12.908882+00:00, run_after=2022-07-07T02:18:12.908882+00:00
[2022-07-07 02:18:12,936] {processor.py:161} INFO - Processing /home/airflow/.local/lib/python3.7/site-packages/airflow/example_dags/example_task_group_decorator.py took 0.221 seconds
[2022-07-07 02:18:43,142] {processor.py:153} INFO - Started process (PID=2636) to work on /home/airflow/.local/lib/python3.7/site-packages/airflow/example_dags/example_task_group_decorator.py
[2022-07-07 02:18:43,142] {processor.py:641} INFO - Processing file /home/airflow/.local/lib/python3.7/site-packages/airflow/example_dags/example_task_group_decorator.py for tasks to queue
[2022-07-07 02:18:43,143] {logging_mixin.py:115} INFO - [2022-07-07 02:18:43,143] {dagbag.py:507} INFO - Filling up the DagBag from /home/airflow/.local/lib/python3.7/site-packages/airflow/example_dags/example_task_group_decorator.py
[2022-07-07 02:18:43,166] {processor.py:651} INFO - DAG(s) dict_keys(['example_task_group_decorator']) retrieved from /home/airflow/.local/lib/python3.7/site-packages/airflow/example_dags/example_task_group_decorator.py
[2022-07-07 02:18:43,306] {logging_mixin.py:115} INFO - [2022-07-07 02:18:43,306] {dag.py:2379} INFO - Sync 1 DAGs
[2022-07-07 02:18:43,322] {logging_mixin.py:115} INFO - [2022-07-07 02:18:43,322] {dag.py:2931} INFO - Setting next_dagrun for example_task_group_decorator to 2022-07-06T02:18:43.322054+00:00, run_after=2022-07-07T02:18:43.322054+00:00
[2022-07-07 02:18:43,334] {processor.py:161} INFO - Processing /home/airflow/.local/lib/python3.7/site-packages/airflow/example_dags/example_task_group_decorator.py took 0.197 seconds
[2022-07-07 02:19:13,742] {processor.py:153} INFO - Started process (PID=2701) to work on /home/airflow/.local/lib/python3.7/site-packages/airflow/example_dags/example_task_group_decorator.py
[2022-07-07 02:19:13,743] {processor.py:641} INFO - Processing file /home/airflow/.local/lib/python3.7/site-packages/airflow/example_dags/example_task_group_decorator.py for tasks to queue
[2022-07-07 02:19:13,743] {logging_mixin.py:115} INFO - [2022-07-07 02:19:13,743] {dagbag.py:507} INFO - Filling up the DagBag from /home/airflow/.local/lib/python3.7/site-packages/airflow/example_dags/example_task_group_decorator.py
[2022-07-07 02:19:13,770] {processor.py:651} INFO - DAG(s) dict_keys(['example_task_group_decorator']) retrieved from /home/airflow/.local/lib/python3.7/site-packages/airflow/example_dags/example_task_group_decorator.py
[2022-07-07 02:19:14,035] {logging_mixin.py:115} INFO - [2022-07-07 02:19:14,035] {dag.py:2379} INFO - Sync 1 DAGs
[2022-07-07 02:19:14,052] {logging_mixin.py:115} INFO - [2022-07-07 02:19:14,052] {dag.py:2931} INFO - Setting next_dagrun for example_task_group_decorator to 2022-07-06T02:19:14.052115+00:00, run_after=2022-07-07T02:19:14.052115+00:00
[2022-07-07 02:19:14,066] {processor.py:161} INFO - Processing /home/airflow/.local/lib/python3.7/site-packages/airflow/example_dags/example_task_group_decorator.py took 0.327 seconds
[2022-07-07 02:19:44,290] {processor.py:153} INFO - Started process (PID=2757) to work on /home/airflow/.local/lib/python3.7/site-packages/airflow/example_dags/example_task_group_decorator.py
[2022-07-07 02:19:44,291] {processor.py:641} INFO - Processing file /home/airflow/.local/lib/python3.7/site-packages/airflow/example_dags/example_task_group_decorator.py for tasks to queue
[2022-07-07 02:19:44,291] {logging_mixin.py:115} INFO - [2022-07-07 02:19:44,291] {dagbag.py:507} INFO - Filling up the DagBag from /home/airflow/.local/lib/python3.7/site-packages/airflow/example_dags/example_task_group_decorator.py
[2022-07-07 02:19:44,314] {processor.py:651} INFO - DAG(s) dict_keys(['example_task_group_decorator']) retrieved from /home/airflow/.local/lib/python3.7/site-packages/airflow/example_dags/example_task_group_decorator.py
[2022-07-07 02:19:44,479] {logging_mixin.py:115} INFO - [2022-07-07 02:19:44,479] {dag.py:2379} INFO - Sync 1 DAGs
[2022-07-07 02:19:44,494] {logging_mixin.py:115} INFO - [2022-07-07 02:19:44,494] {dag.py:2931} INFO - Setting next_dagrun for example_task_group_decorator to 2022-07-06T02:19:44.494247+00:00, run_after=2022-07-07T02:19:44.494247+00:00
[2022-07-07 02:19:44,507] {processor.py:161} INFO - Processing /home/airflow/.local/lib/python3.7/site-packages/airflow/example_dags/example_task_group_decorator.py took 0.220 seconds
[2022-07-07 02:29:56,768] {processor.py:153} INFO - Started process (PID=73) to work on /home/airflow/.local/lib/python3.7/site-packages/airflow/example_dags/example_task_group_decorator.py
[2022-07-07 02:29:56,770] {processor.py:641} INFO - Processing file /home/airflow/.local/lib/python3.7/site-packages/airflow/example_dags/example_task_group_decorator.py for tasks to queue
[2022-07-07 02:29:56,771] {logging_mixin.py:115} INFO - [2022-07-07 02:29:56,771] {dagbag.py:507} INFO - Filling up the DagBag from /home/airflow/.local/lib/python3.7/site-packages/airflow/example_dags/example_task_group_decorator.py
[2022-07-07 02:29:56,809] {processor.py:651} INFO - DAG(s) dict_keys(['example_task_group_decorator']) retrieved from /home/airflow/.local/lib/python3.7/site-packages/airflow/example_dags/example_task_group_decorator.py
[2022-07-07 02:29:57,116] {logging_mixin.py:115} INFO - [2022-07-07 02:29:57,116] {dag.py:2379} INFO - Sync 1 DAGs
[2022-07-07 02:29:57,137] {logging_mixin.py:115} INFO - [2022-07-07 02:29:57,137] {dag.py:2931} INFO - Setting next_dagrun for example_task_group_decorator to 2022-07-06T02:29:57.136845+00:00, run_after=2022-07-07T02:29:57.136845+00:00
[2022-07-07 02:29:57,175] {processor.py:161} INFO - Processing /home/airflow/.local/lib/python3.7/site-packages/airflow/example_dags/example_task_group_decorator.py took 0.410 seconds
[2022-07-07 02:30:27,239] {processor.py:153} INFO - Started process (PID=129) to work on /home/airflow/.local/lib/python3.7/site-packages/airflow/example_dags/example_task_group_decorator.py
[2022-07-07 02:30:27,241] {processor.py:641} INFO - Processing file /home/airflow/.local/lib/python3.7/site-packages/airflow/example_dags/example_task_group_decorator.py for tasks to queue
[2022-07-07 02:30:27,241] {logging_mixin.py:115} INFO - [2022-07-07 02:30:27,241] {dagbag.py:507} INFO - Filling up the DagBag from /home/airflow/.local/lib/python3.7/site-packages/airflow/example_dags/example_task_group_decorator.py
[2022-07-07 02:30:27,267] {processor.py:651} INFO - DAG(s) dict_keys(['example_task_group_decorator']) retrieved from /home/airflow/.local/lib/python3.7/site-packages/airflow/example_dags/example_task_group_decorator.py
[2022-07-07 02:30:27,481] {logging_mixin.py:115} INFO - [2022-07-07 02:30:27,481] {dag.py:2379} INFO - Sync 1 DAGs
[2022-07-07 02:30:27,499] {logging_mixin.py:115} INFO - [2022-07-07 02:30:27,499] {dag.py:2931} INFO - Setting next_dagrun for example_task_group_decorator to 2022-07-06T02:30:27.499633+00:00, run_after=2022-07-07T02:30:27.499633+00:00
[2022-07-07 02:30:27,513] {processor.py:161} INFO - Processing /home/airflow/.local/lib/python3.7/site-packages/airflow/example_dags/example_task_group_decorator.py took 0.277 seconds
[2022-07-07 02:30:57,974] {processor.py:153} INFO - Started process (PID=198) to work on /home/airflow/.local/lib/python3.7/site-packages/airflow/example_dags/example_task_group_decorator.py
[2022-07-07 02:30:57,975] {processor.py:641} INFO - Processing file /home/airflow/.local/lib/python3.7/site-packages/airflow/example_dags/example_task_group_decorator.py for tasks to queue
[2022-07-07 02:30:57,975] {logging_mixin.py:115} INFO - [2022-07-07 02:30:57,975] {dagbag.py:507} INFO - Filling up the DagBag from /home/airflow/.local/lib/python3.7/site-packages/airflow/example_dags/example_task_group_decorator.py
[2022-07-07 02:30:58,004] {processor.py:651} INFO - DAG(s) dict_keys(['example_task_group_decorator']) retrieved from /home/airflow/.local/lib/python3.7/site-packages/airflow/example_dags/example_task_group_decorator.py
[2022-07-07 02:30:58,183] {logging_mixin.py:115} INFO - [2022-07-07 02:30:58,183] {dag.py:2379} INFO - Sync 1 DAGs
[2022-07-07 02:30:58,204] {logging_mixin.py:115} INFO - [2022-07-07 02:30:58,204] {dag.py:2931} INFO - Setting next_dagrun for example_task_group_decorator to 2022-07-06T02:30:58.204000+00:00, run_after=2022-07-07T02:30:58.204000+00:00
[2022-07-07 02:30:58,220] {processor.py:161} INFO - Processing /home/airflow/.local/lib/python3.7/site-packages/airflow/example_dags/example_task_group_decorator.py took 0.249 seconds
[2022-07-07 02:31:28,704] {processor.py:153} INFO - Started process (PID=254) to work on /home/airflow/.local/lib/python3.7/site-packages/airflow/example_dags/example_task_group_decorator.py
[2022-07-07 02:31:28,705] {processor.py:641} INFO - Processing file /home/airflow/.local/lib/python3.7/site-packages/airflow/example_dags/example_task_group_decorator.py for tasks to queue
[2022-07-07 02:31:28,706] {logging_mixin.py:115} INFO - [2022-07-07 02:31:28,706] {dagbag.py:507} INFO - Filling up the DagBag from /home/airflow/.local/lib/python3.7/site-packages/airflow/example_dags/example_task_group_decorator.py
[2022-07-07 02:31:28,725] {processor.py:651} INFO - DAG(s) dict_keys(['example_task_group_decorator']) retrieved from /home/airflow/.local/lib/python3.7/site-packages/airflow/example_dags/example_task_group_decorator.py
[2022-07-07 02:31:28,751] {logging_mixin.py:115} INFO - [2022-07-07 02:31:28,751] {dag.py:2379} INFO - Sync 1 DAGs
[2022-07-07 02:31:28,899] {logging_mixin.py:115} INFO - [2022-07-07 02:31:28,899] {dag.py:2931} INFO - Setting next_dagrun for example_task_group_decorator to 2022-07-06T02:31:28.899551+00:00, run_after=2022-07-07T02:31:28.899551+00:00
[2022-07-07 02:31:28,911] {processor.py:161} INFO - Processing /home/airflow/.local/lib/python3.7/site-packages/airflow/example_dags/example_task_group_decorator.py took 0.209 seconds
[2022-07-07 02:31:59,513] {processor.py:153} INFO - Started process (PID=318) to work on /home/airflow/.local/lib/python3.7/site-packages/airflow/example_dags/example_task_group_decorator.py
[2022-07-07 02:31:59,514] {processor.py:641} INFO - Processing file /home/airflow/.local/lib/python3.7/site-packages/airflow/example_dags/example_task_group_decorator.py for tasks to queue
[2022-07-07 02:31:59,515] {logging_mixin.py:115} INFO - [2022-07-07 02:31:59,515] {dagbag.py:507} INFO - Filling up the DagBag from /home/airflow/.local/lib/python3.7/site-packages/airflow/example_dags/example_task_group_decorator.py
[2022-07-07 02:31:59,571] {processor.py:651} INFO - DAG(s) dict_keys(['example_task_group_decorator']) retrieved from /home/airflow/.local/lib/python3.7/site-packages/airflow/example_dags/example_task_group_decorator.py
[2022-07-07 02:31:59,895] {logging_mixin.py:115} INFO - [2022-07-07 02:31:59,895] {dag.py:2379} INFO - Sync 1 DAGs
[2022-07-07 02:31:59,918] {logging_mixin.py:115} INFO - [2022-07-07 02:31:59,918] {dag.py:2931} INFO - Setting next_dagrun for example_task_group_decorator to 2022-07-06T02:31:59.918470+00:00, run_after=2022-07-07T02:31:59.918470+00:00
[2022-07-07 02:31:59,937] {processor.py:161} INFO - Processing /home/airflow/.local/lib/python3.7/site-packages/airflow/example_dags/example_task_group_decorator.py took 0.428 seconds
[2022-07-07 02:32:29,990] {processor.py:153} INFO - Started process (PID=381) to work on /home/airflow/.local/lib/python3.7/site-packages/airflow/example_dags/example_task_group_decorator.py
[2022-07-07 02:32:29,992] {processor.py:641} INFO - Processing file /home/airflow/.local/lib/python3.7/site-packages/airflow/example_dags/example_task_group_decorator.py for tasks to queue
[2022-07-07 02:32:29,993] {logging_mixin.py:115} INFO - [2022-07-07 02:32:29,993] {dagbag.py:507} INFO - Filling up the DagBag from /home/airflow/.local/lib/python3.7/site-packages/airflow/example_dags/example_task_group_decorator.py
[2022-07-07 02:32:30,025] {processor.py:651} INFO - DAG(s) dict_keys(['example_task_group_decorator']) retrieved from /home/airflow/.local/lib/python3.7/site-packages/airflow/example_dags/example_task_group_decorator.py
[2022-07-07 02:32:30,255] {logging_mixin.py:115} INFO - [2022-07-07 02:32:30,255] {dag.py:2379} INFO - Sync 1 DAGs
[2022-07-07 02:32:30,279] {logging_mixin.py:115} INFO - [2022-07-07 02:32:30,279] {dag.py:2931} INFO - Setting next_dagrun for example_task_group_decorator to 2022-07-06T02:32:30.278812+00:00, run_after=2022-07-07T02:32:30.278812+00:00
[2022-07-07 02:32:30,298] {processor.py:161} INFO - Processing /home/airflow/.local/lib/python3.7/site-packages/airflow/example_dags/example_task_group_decorator.py took 0.311 seconds
[2022-07-07 02:33:01,281] {processor.py:153} INFO - Started process (PID=440) to work on /home/airflow/.local/lib/python3.7/site-packages/airflow/example_dags/example_task_group_decorator.py
[2022-07-07 02:33:01,282] {processor.py:641} INFO - Processing file /home/airflow/.local/lib/python3.7/site-packages/airflow/example_dags/example_task_group_decorator.py for tasks to queue
[2022-07-07 02:33:01,283] {logging_mixin.py:115} INFO - [2022-07-07 02:33:01,283] {dagbag.py:507} INFO - Filling up the DagBag from /home/airflow/.local/lib/python3.7/site-packages/airflow/example_dags/example_task_group_decorator.py
[2022-07-07 02:33:01,304] {processor.py:651} INFO - DAG(s) dict_keys(['example_task_group_decorator']) retrieved from /home/airflow/.local/lib/python3.7/site-packages/airflow/example_dags/example_task_group_decorator.py
[2022-07-07 02:33:01,487] {logging_mixin.py:115} INFO - [2022-07-07 02:33:01,487] {dag.py:2379} INFO - Sync 1 DAGs
[2022-07-07 02:33:01,502] {logging_mixin.py:115} INFO - [2022-07-07 02:33:01,502] {dag.py:2931} INFO - Setting next_dagrun for example_task_group_decorator to 2022-07-06T02:33:01.502469+00:00, run_after=2022-07-07T02:33:01.502469+00:00
[2022-07-07 02:33:01,516] {processor.py:161} INFO - Processing /home/airflow/.local/lib/python3.7/site-packages/airflow/example_dags/example_task_group_decorator.py took 0.237 seconds
