[2022-07-07 01:25:25,995] {processor.py:153} INFO - Started process (PID=55) to work on /home/airflow/.local/lib/python3.7/site-packages/airflow/example_dags/example_kubernetes_executor.py
[2022-07-07 01:25:25,996] {processor.py:641} INFO - Processing file /home/airflow/.local/lib/python3.7/site-packages/airflow/example_dags/example_kubernetes_executor.py for tasks to queue
[2022-07-07 01:25:25,997] {logging_mixin.py:115} INFO - [2022-07-07 01:25:25,997] {dagbag.py:507} INFO - Filling up the DagBag from /home/airflow/.local/lib/python3.7/site-packages/airflow/example_dags/example_kubernetes_executor.py
[2022-07-07 01:25:26,026] {processor.py:651} INFO - DAG(s) dict_keys(['example_kubernetes_executor']) retrieved from /home/airflow/.local/lib/python3.7/site-packages/airflow/example_dags/example_kubernetes_executor.py
[2022-07-07 01:25:26,401] {logging_mixin.py:115} INFO - [2022-07-07 01:25:26,401] {manager.py:508} INFO - Created Permission View: can edit on DAG:example_kubernetes_executor
[2022-07-07 01:25:26,416] {logging_mixin.py:115} INFO - [2022-07-07 01:25:26,416] {manager.py:508} INFO - Created Permission View: can read on DAG:example_kubernetes_executor
[2022-07-07 01:25:26,427] {logging_mixin.py:115} INFO - [2022-07-07 01:25:26,427] {manager.py:508} INFO - Created Permission View: can delete on DAG:example_kubernetes_executor
[2022-07-07 01:25:26,428] {logging_mixin.py:115} INFO - [2022-07-07 01:25:26,428] {dag.py:2379} INFO - Sync 1 DAGs
[2022-07-07 01:25:26,451] {logging_mixin.py:115} INFO - [2022-07-07 01:25:26,451] {dag.py:2398} INFO - Creating ORM DAG for example_kubernetes_executor
[2022-07-07 01:25:26,480] {logging_mixin.py:115} INFO - [2022-07-07 01:25:26,480] {dag.py:2931} INFO - Setting next_dagrun for example_kubernetes_executor to None, run_after=None
[2022-07-07 01:25:26,507] {processor.py:161} INFO - Processing /home/airflow/.local/lib/python3.7/site-packages/airflow/example_dags/example_kubernetes_executor.py took 0.518 seconds
[2022-07-07 01:25:57,231] {processor.py:153} INFO - Started process (PID=111) to work on /home/airflow/.local/lib/python3.7/site-packages/airflow/example_dags/example_kubernetes_executor.py
[2022-07-07 01:25:57,232] {processor.py:641} INFO - Processing file /home/airflow/.local/lib/python3.7/site-packages/airflow/example_dags/example_kubernetes_executor.py for tasks to queue
[2022-07-07 01:25:57,233] {logging_mixin.py:115} INFO - [2022-07-07 01:25:57,233] {dagbag.py:507} INFO - Filling up the DagBag from /home/airflow/.local/lib/python3.7/site-packages/airflow/example_dags/example_kubernetes_executor.py
[2022-07-07 01:25:57,263] {processor.py:651} INFO - DAG(s) dict_keys(['example_kubernetes_executor']) retrieved from /home/airflow/.local/lib/python3.7/site-packages/airflow/example_dags/example_kubernetes_executor.py
[2022-07-07 01:25:57,294] {logging_mixin.py:115} INFO - [2022-07-07 01:25:57,294] {dag.py:2379} INFO - Sync 1 DAGs
[2022-07-07 01:25:57,455] {logging_mixin.py:115} INFO - [2022-07-07 01:25:57,455] {dag.py:2931} INFO - Setting next_dagrun for example_kubernetes_executor to None, run_after=None
[2022-07-07 01:25:57,469] {processor.py:161} INFO - Processing /home/airflow/.local/lib/python3.7/site-packages/airflow/example_dags/example_kubernetes_executor.py took 0.241 seconds
[2022-07-07 01:26:28,040] {processor.py:153} INFO - Started process (PID=178) to work on /home/airflow/.local/lib/python3.7/site-packages/airflow/example_dags/example_kubernetes_executor.py
[2022-07-07 01:26:28,042] {processor.py:641} INFO - Processing file /home/airflow/.local/lib/python3.7/site-packages/airflow/example_dags/example_kubernetes_executor.py for tasks to queue
[2022-07-07 01:26:28,043] {logging_mixin.py:115} INFO - [2022-07-07 01:26:28,043] {dagbag.py:507} INFO - Filling up the DagBag from /home/airflow/.local/lib/python3.7/site-packages/airflow/example_dags/example_kubernetes_executor.py
[2022-07-07 01:26:28,080] {processor.py:651} INFO - DAG(s) dict_keys(['example_kubernetes_executor']) retrieved from /home/airflow/.local/lib/python3.7/site-packages/airflow/example_dags/example_kubernetes_executor.py
[2022-07-07 01:26:28,144] {logging_mixin.py:115} INFO - [2022-07-07 01:26:28,144] {dag.py:2379} INFO - Sync 1 DAGs
[2022-07-07 01:26:28,396] {logging_mixin.py:115} INFO - [2022-07-07 01:26:28,396] {dag.py:2931} INFO - Setting next_dagrun for example_kubernetes_executor to None, run_after=None
[2022-07-07 01:26:28,420] {processor.py:161} INFO - Processing /home/airflow/.local/lib/python3.7/site-packages/airflow/example_dags/example_kubernetes_executor.py took 0.384 seconds
[2022-07-07 01:27:07,588] {processor.py:153} INFO - Started process (PID=245) to work on /home/airflow/.local/lib/python3.7/site-packages/airflow/example_dags/example_kubernetes_executor.py
[2022-07-07 01:27:07,589] {processor.py:641} INFO - Processing file /home/airflow/.local/lib/python3.7/site-packages/airflow/example_dags/example_kubernetes_executor.py for tasks to queue
[2022-07-07 01:27:07,591] {logging_mixin.py:115} INFO - [2022-07-07 01:27:07,590] {dagbag.py:507} INFO - Filling up the DagBag from /home/airflow/.local/lib/python3.7/site-packages/airflow/example_dags/example_kubernetes_executor.py
[2022-07-07 01:27:07,640] {processor.py:651} INFO - DAG(s) dict_keys(['example_kubernetes_executor']) retrieved from /home/airflow/.local/lib/python3.7/site-packages/airflow/example_dags/example_kubernetes_executor.py
[2022-07-07 01:27:07,696] {logging_mixin.py:115} INFO - [2022-07-07 01:27:07,696] {dag.py:2379} INFO - Sync 1 DAGs
[2022-07-07 01:27:07,912] {logging_mixin.py:115} INFO - [2022-07-07 01:27:07,912] {dag.py:2931} INFO - Setting next_dagrun for example_kubernetes_executor to None, run_after=None
[2022-07-07 01:27:07,930] {processor.py:161} INFO - Processing /home/airflow/.local/lib/python3.7/site-packages/airflow/example_dags/example_kubernetes_executor.py took 0.347 seconds
[2022-07-07 01:27:38,150] {processor.py:153} INFO - Started process (PID=300) to work on /home/airflow/.local/lib/python3.7/site-packages/airflow/example_dags/example_kubernetes_executor.py
[2022-07-07 01:27:38,151] {processor.py:641} INFO - Processing file /home/airflow/.local/lib/python3.7/site-packages/airflow/example_dags/example_kubernetes_executor.py for tasks to queue
[2022-07-07 01:27:38,152] {logging_mixin.py:115} INFO - [2022-07-07 01:27:38,152] {dagbag.py:507} INFO - Filling up the DagBag from /home/airflow/.local/lib/python3.7/site-packages/airflow/example_dags/example_kubernetes_executor.py
[2022-07-07 01:27:38,183] {processor.py:651} INFO - DAG(s) dict_keys(['example_kubernetes_executor']) retrieved from /home/airflow/.local/lib/python3.7/site-packages/airflow/example_dags/example_kubernetes_executor.py
[2022-07-07 01:27:38,243] {logging_mixin.py:115} INFO - [2022-07-07 01:27:38,243] {dag.py:2379} INFO - Sync 1 DAGs
[2022-07-07 01:27:38,446] {logging_mixin.py:115} INFO - [2022-07-07 01:27:38,446] {dag.py:2931} INFO - Setting next_dagrun for example_kubernetes_executor to None, run_after=None
[2022-07-07 01:27:38,462] {processor.py:161} INFO - Processing /home/airflow/.local/lib/python3.7/site-packages/airflow/example_dags/example_kubernetes_executor.py took 0.318 seconds
[2022-07-07 01:28:08,897] {processor.py:153} INFO - Started process (PID=368) to work on /home/airflow/.local/lib/python3.7/site-packages/airflow/example_dags/example_kubernetes_executor.py
[2022-07-07 01:28:08,898] {processor.py:641} INFO - Processing file /home/airflow/.local/lib/python3.7/site-packages/airflow/example_dags/example_kubernetes_executor.py for tasks to queue
[2022-07-07 01:28:08,900] {logging_mixin.py:115} INFO - [2022-07-07 01:28:08,900] {dagbag.py:507} INFO - Filling up the DagBag from /home/airflow/.local/lib/python3.7/site-packages/airflow/example_dags/example_kubernetes_executor.py
[2022-07-07 01:28:08,947] {processor.py:651} INFO - DAG(s) dict_keys(['example_kubernetes_executor']) retrieved from /home/airflow/.local/lib/python3.7/site-packages/airflow/example_dags/example_kubernetes_executor.py
[2022-07-07 01:28:09,013] {logging_mixin.py:115} INFO - [2022-07-07 01:28:09,012] {dag.py:2379} INFO - Sync 1 DAGs
[2022-07-07 01:28:09,301] {logging_mixin.py:115} INFO - [2022-07-07 01:28:09,301] {dag.py:2931} INFO - Setting next_dagrun for example_kubernetes_executor to None, run_after=None
[2022-07-07 01:28:09,335] {processor.py:161} INFO - Processing /home/airflow/.local/lib/python3.7/site-packages/airflow/example_dags/example_kubernetes_executor.py took 0.442 seconds
[2022-07-07 01:28:39,758] {processor.py:153} INFO - Started process (PID=424) to work on /home/airflow/.local/lib/python3.7/site-packages/airflow/example_dags/example_kubernetes_executor.py
[2022-07-07 01:28:39,762] {processor.py:641} INFO - Processing file /home/airflow/.local/lib/python3.7/site-packages/airflow/example_dags/example_kubernetes_executor.py for tasks to queue
[2022-07-07 01:28:39,765] {logging_mixin.py:115} INFO - [2022-07-07 01:28:39,765] {dagbag.py:507} INFO - Filling up the DagBag from /home/airflow/.local/lib/python3.7/site-packages/airflow/example_dags/example_kubernetes_executor.py
[2022-07-07 01:28:39,831] {processor.py:651} INFO - DAG(s) dict_keys(['example_kubernetes_executor']) retrieved from /home/airflow/.local/lib/python3.7/site-packages/airflow/example_dags/example_kubernetes_executor.py
[2022-07-07 01:28:39,900] {logging_mixin.py:115} INFO - [2022-07-07 01:28:39,899] {dag.py:2379} INFO - Sync 1 DAGs
[2022-07-07 01:28:42,404] {logging_mixin.py:115} INFO - [2022-07-07 01:28:42,403] {dag.py:2931} INFO - Setting next_dagrun for example_kubernetes_executor to None, run_after=None
[2022-07-07 01:28:42,446] {processor.py:161} INFO - Processing /home/airflow/.local/lib/python3.7/site-packages/airflow/example_dags/example_kubernetes_executor.py took 2.697 seconds
[2022-07-07 01:29:12,699] {processor.py:153} INFO - Started process (PID=480) to work on /home/airflow/.local/lib/python3.7/site-packages/airflow/example_dags/example_kubernetes_executor.py
[2022-07-07 01:29:12,700] {processor.py:641} INFO - Processing file /home/airflow/.local/lib/python3.7/site-packages/airflow/example_dags/example_kubernetes_executor.py for tasks to queue
[2022-07-07 01:29:12,702] {logging_mixin.py:115} INFO - [2022-07-07 01:29:12,701] {dagbag.py:507} INFO - Filling up the DagBag from /home/airflow/.local/lib/python3.7/site-packages/airflow/example_dags/example_kubernetes_executor.py
[2022-07-07 01:29:12,764] {processor.py:651} INFO - DAG(s) dict_keys(['example_kubernetes_executor']) retrieved from /home/airflow/.local/lib/python3.7/site-packages/airflow/example_dags/example_kubernetes_executor.py
[2022-07-07 01:29:12,811] {logging_mixin.py:115} INFO - [2022-07-07 01:29:12,811] {dag.py:2379} INFO - Sync 1 DAGs
[2022-07-07 01:29:36,278] {logging_mixin.py:115} INFO - [2022-07-07 01:29:36,278] {dag.py:2931} INFO - Setting next_dagrun for example_kubernetes_executor to None, run_after=None
[2022-07-07 01:29:36,529] {processor.py:161} INFO - Processing /home/airflow/.local/lib/python3.7/site-packages/airflow/example_dags/example_kubernetes_executor.py took 23.834 seconds
[2022-07-07 01:46:11,835] {processor.py:153} INFO - Started process (PID=54) to work on /home/airflow/.local/lib/python3.7/site-packages/airflow/example_dags/example_kubernetes_executor.py
[2022-07-07 01:46:11,852] {processor.py:641} INFO - Processing file /home/airflow/.local/lib/python3.7/site-packages/airflow/example_dags/example_kubernetes_executor.py for tasks to queue
[2022-07-07 01:46:11,854] {logging_mixin.py:115} INFO - [2022-07-07 01:46:11,854] {dagbag.py:507} INFO - Filling up the DagBag from /home/airflow/.local/lib/python3.7/site-packages/airflow/example_dags/example_kubernetes_executor.py
[2022-07-07 01:46:11,880] {processor.py:651} INFO - DAG(s) dict_keys(['example_kubernetes_executor']) retrieved from /home/airflow/.local/lib/python3.7/site-packages/airflow/example_dags/example_kubernetes_executor.py
[2022-07-07 01:46:11,911] {logging_mixin.py:115} INFO - [2022-07-07 01:46:11,911] {dag.py:2379} INFO - Sync 1 DAGs
[2022-07-07 01:46:12,047] {logging_mixin.py:115} INFO - [2022-07-07 01:46:12,046] {dag.py:2931} INFO - Setting next_dagrun for example_kubernetes_executor to None, run_after=None
[2022-07-07 01:46:12,096] {processor.py:161} INFO - Processing /home/airflow/.local/lib/python3.7/site-packages/airflow/example_dags/example_kubernetes_executor.py took 0.264 seconds
[2022-07-07 01:47:14,791] {processor.py:153} INFO - Started process (PID=119) to work on /home/airflow/.local/lib/python3.7/site-packages/airflow/example_dags/example_kubernetes_executor.py
[2022-07-07 01:47:14,792] {processor.py:641} INFO - Processing file /home/airflow/.local/lib/python3.7/site-packages/airflow/example_dags/example_kubernetes_executor.py for tasks to queue
[2022-07-07 01:47:14,794] {logging_mixin.py:115} INFO - [2022-07-07 01:47:14,793] {dagbag.py:507} INFO - Filling up the DagBag from /home/airflow/.local/lib/python3.7/site-packages/airflow/example_dags/example_kubernetes_executor.py
[2022-07-07 01:47:14,864] {processor.py:651} INFO - DAG(s) dict_keys(['example_kubernetes_executor']) retrieved from /home/airflow/.local/lib/python3.7/site-packages/airflow/example_dags/example_kubernetes_executor.py
[2022-07-07 01:47:14,925] {logging_mixin.py:115} INFO - [2022-07-07 01:47:14,925] {dag.py:2379} INFO - Sync 1 DAGs
[2022-07-07 01:47:15,131] {logging_mixin.py:115} INFO - [2022-07-07 01:47:15,131] {dag.py:2931} INFO - Setting next_dagrun for example_kubernetes_executor to None, run_after=None
[2022-07-07 01:47:15,143] {processor.py:161} INFO - Processing /home/airflow/.local/lib/python3.7/site-packages/airflow/example_dags/example_kubernetes_executor.py took 0.360 seconds
[2022-07-07 01:47:45,180] {processor.py:153} INFO - Started process (PID=183) to work on /home/airflow/.local/lib/python3.7/site-packages/airflow/example_dags/example_kubernetes_executor.py
[2022-07-07 01:47:45,181] {processor.py:641} INFO - Processing file /home/airflow/.local/lib/python3.7/site-packages/airflow/example_dags/example_kubernetes_executor.py for tasks to queue
[2022-07-07 01:47:45,182] {logging_mixin.py:115} INFO - [2022-07-07 01:47:45,182] {dagbag.py:507} INFO - Filling up the DagBag from /home/airflow/.local/lib/python3.7/site-packages/airflow/example_dags/example_kubernetes_executor.py
[2022-07-07 01:47:45,201] {processor.py:651} INFO - DAG(s) dict_keys(['example_kubernetes_executor']) retrieved from /home/airflow/.local/lib/python3.7/site-packages/airflow/example_dags/example_kubernetes_executor.py
[2022-07-07 01:47:45,225] {logging_mixin.py:115} INFO - [2022-07-07 01:47:45,225] {dag.py:2379} INFO - Sync 1 DAGs
[2022-07-07 01:47:45,354] {logging_mixin.py:115} INFO - [2022-07-07 01:47:45,354] {dag.py:2931} INFO - Setting next_dagrun for example_kubernetes_executor to None, run_after=None
[2022-07-07 01:47:45,367] {processor.py:161} INFO - Processing /home/airflow/.local/lib/python3.7/site-packages/airflow/example_dags/example_kubernetes_executor.py took 0.190 seconds
[2022-07-07 01:48:15,470] {processor.py:153} INFO - Started process (PID=251) to work on /home/airflow/.local/lib/python3.7/site-packages/airflow/example_dags/example_kubernetes_executor.py
[2022-07-07 01:48:15,471] {processor.py:641} INFO - Processing file /home/airflow/.local/lib/python3.7/site-packages/airflow/example_dags/example_kubernetes_executor.py for tasks to queue
[2022-07-07 01:48:15,472] {logging_mixin.py:115} INFO - [2022-07-07 01:48:15,472] {dagbag.py:507} INFO - Filling up the DagBag from /home/airflow/.local/lib/python3.7/site-packages/airflow/example_dags/example_kubernetes_executor.py
[2022-07-07 01:48:15,503] {processor.py:651} INFO - DAG(s) dict_keys(['example_kubernetes_executor']) retrieved from /home/airflow/.local/lib/python3.7/site-packages/airflow/example_dags/example_kubernetes_executor.py
[2022-07-07 01:48:15,539] {logging_mixin.py:115} INFO - [2022-07-07 01:48:15,539] {dag.py:2379} INFO - Sync 1 DAGs
[2022-07-07 01:48:15,786] {logging_mixin.py:115} INFO - [2022-07-07 01:48:15,786] {dag.py:2931} INFO - Setting next_dagrun for example_kubernetes_executor to None, run_after=None
[2022-07-07 01:48:15,802] {processor.py:161} INFO - Processing /home/airflow/.local/lib/python3.7/site-packages/airflow/example_dags/example_kubernetes_executor.py took 0.336 seconds
[2022-07-07 01:48:46,245] {processor.py:153} INFO - Started process (PID=306) to work on /home/airflow/.local/lib/python3.7/site-packages/airflow/example_dags/example_kubernetes_executor.py
[2022-07-07 01:48:46,247] {processor.py:641} INFO - Processing file /home/airflow/.local/lib/python3.7/site-packages/airflow/example_dags/example_kubernetes_executor.py for tasks to queue
[2022-07-07 01:48:46,249] {logging_mixin.py:115} INFO - [2022-07-07 01:48:46,248] {dagbag.py:507} INFO - Filling up the DagBag from /home/airflow/.local/lib/python3.7/site-packages/airflow/example_dags/example_kubernetes_executor.py
[2022-07-07 01:48:46,290] {processor.py:651} INFO - DAG(s) dict_keys(['example_kubernetes_executor']) retrieved from /home/airflow/.local/lib/python3.7/site-packages/airflow/example_dags/example_kubernetes_executor.py
[2022-07-07 01:48:46,350] {logging_mixin.py:115} INFO - [2022-07-07 01:48:46,350] {dag.py:2379} INFO - Sync 1 DAGs
[2022-07-07 01:48:46,627] {logging_mixin.py:115} INFO - [2022-07-07 01:48:46,627] {dag.py:2931} INFO - Setting next_dagrun for example_kubernetes_executor to None, run_after=None
[2022-07-07 01:48:46,660] {processor.py:161} INFO - Processing /home/airflow/.local/lib/python3.7/site-packages/airflow/example_dags/example_kubernetes_executor.py took 0.421 seconds
[2022-07-07 01:49:16,899] {processor.py:153} INFO - Started process (PID=375) to work on /home/airflow/.local/lib/python3.7/site-packages/airflow/example_dags/example_kubernetes_executor.py
[2022-07-07 01:49:16,900] {processor.py:641} INFO - Processing file /home/airflow/.local/lib/python3.7/site-packages/airflow/example_dags/example_kubernetes_executor.py for tasks to queue
[2022-07-07 01:49:16,901] {logging_mixin.py:115} INFO - [2022-07-07 01:49:16,901] {dagbag.py:507} INFO - Filling up the DagBag from /home/airflow/.local/lib/python3.7/site-packages/airflow/example_dags/example_kubernetes_executor.py
[2022-07-07 01:49:16,935] {processor.py:651} INFO - DAG(s) dict_keys(['example_kubernetes_executor']) retrieved from /home/airflow/.local/lib/python3.7/site-packages/airflow/example_dags/example_kubernetes_executor.py
[2022-07-07 01:49:16,975] {logging_mixin.py:115} INFO - [2022-07-07 01:49:16,975] {dag.py:2379} INFO - Sync 1 DAGs
[2022-07-07 01:49:17,161] {logging_mixin.py:115} INFO - [2022-07-07 01:49:17,161] {dag.py:2931} INFO - Setting next_dagrun for example_kubernetes_executor to None, run_after=None
[2022-07-07 01:49:17,173] {processor.py:161} INFO - Processing /home/airflow/.local/lib/python3.7/site-packages/airflow/example_dags/example_kubernetes_executor.py took 0.279 seconds
[2022-07-07 01:49:48,076] {processor.py:153} INFO - Started process (PID=432) to work on /home/airflow/.local/lib/python3.7/site-packages/airflow/example_dags/example_kubernetes_executor.py
[2022-07-07 01:49:48,079] {processor.py:641} INFO - Processing file /home/airflow/.local/lib/python3.7/site-packages/airflow/example_dags/example_kubernetes_executor.py for tasks to queue
[2022-07-07 01:49:48,080] {logging_mixin.py:115} INFO - [2022-07-07 01:49:48,080] {dagbag.py:507} INFO - Filling up the DagBag from /home/airflow/.local/lib/python3.7/site-packages/airflow/example_dags/example_kubernetes_executor.py
[2022-07-07 01:49:48,118] {processor.py:651} INFO - DAG(s) dict_keys(['example_kubernetes_executor']) retrieved from /home/airflow/.local/lib/python3.7/site-packages/airflow/example_dags/example_kubernetes_executor.py
[2022-07-07 01:49:48,162] {logging_mixin.py:115} INFO - [2022-07-07 01:49:48,161] {dag.py:2379} INFO - Sync 1 DAGs
[2022-07-07 01:49:48,301] {logging_mixin.py:115} INFO - [2022-07-07 01:49:48,300] {dag.py:2931} INFO - Setting next_dagrun for example_kubernetes_executor to None, run_after=None
[2022-07-07 01:49:48,313] {processor.py:161} INFO - Processing /home/airflow/.local/lib/python3.7/site-packages/airflow/example_dags/example_kubernetes_executor.py took 0.242 seconds
[2022-07-07 01:50:19,261] {processor.py:153} INFO - Started process (PID=489) to work on /home/airflow/.local/lib/python3.7/site-packages/airflow/example_dags/example_kubernetes_executor.py
[2022-07-07 01:50:19,262] {processor.py:641} INFO - Processing file /home/airflow/.local/lib/python3.7/site-packages/airflow/example_dags/example_kubernetes_executor.py for tasks to queue
[2022-07-07 01:50:19,265] {logging_mixin.py:115} INFO - [2022-07-07 01:50:19,265] {dagbag.py:507} INFO - Filling up the DagBag from /home/airflow/.local/lib/python3.7/site-packages/airflow/example_dags/example_kubernetes_executor.py
[2022-07-07 01:50:19,317] {processor.py:651} INFO - DAG(s) dict_keys(['example_kubernetes_executor']) retrieved from /home/airflow/.local/lib/python3.7/site-packages/airflow/example_dags/example_kubernetes_executor.py
[2022-07-07 01:50:19,402] {logging_mixin.py:115} INFO - [2022-07-07 01:50:19,402] {dag.py:2379} INFO - Sync 1 DAGs
[2022-07-07 01:50:21,218] {logging_mixin.py:115} INFO - [2022-07-07 01:50:21,217] {dag.py:2931} INFO - Setting next_dagrun for example_kubernetes_executor to None, run_after=None
[2022-07-07 01:50:21,244] {processor.py:161} INFO - Processing /home/airflow/.local/lib/python3.7/site-packages/airflow/example_dags/example_kubernetes_executor.py took 1.988 seconds
[2022-07-07 01:50:51,574] {processor.py:153} INFO - Started process (PID=558) to work on /home/airflow/.local/lib/python3.7/site-packages/airflow/example_dags/example_kubernetes_executor.py
[2022-07-07 01:50:51,576] {processor.py:641} INFO - Processing file /home/airflow/.local/lib/python3.7/site-packages/airflow/example_dags/example_kubernetes_executor.py for tasks to queue
[2022-07-07 01:50:51,581] {logging_mixin.py:115} INFO - [2022-07-07 01:50:51,581] {dagbag.py:507} INFO - Filling up the DagBag from /home/airflow/.local/lib/python3.7/site-packages/airflow/example_dags/example_kubernetes_executor.py
[2022-07-07 01:50:51,680] {processor.py:651} INFO - DAG(s) dict_keys(['example_kubernetes_executor']) retrieved from /home/airflow/.local/lib/python3.7/site-packages/airflow/example_dags/example_kubernetes_executor.py
[2022-07-07 01:50:51,777] {logging_mixin.py:115} INFO - [2022-07-07 01:50:51,776] {dag.py:2379} INFO - Sync 1 DAGs
[2022-07-07 01:50:52,181] {logging_mixin.py:115} INFO - [2022-07-07 01:50:52,181] {dag.py:2931} INFO - Setting next_dagrun for example_kubernetes_executor to None, run_after=None
[2022-07-07 01:50:52,208] {processor.py:161} INFO - Processing /home/airflow/.local/lib/python3.7/site-packages/airflow/example_dags/example_kubernetes_executor.py took 0.638 seconds
[2022-07-07 01:51:22,928] {processor.py:153} INFO - Started process (PID=615) to work on /home/airflow/.local/lib/python3.7/site-packages/airflow/example_dags/example_kubernetes_executor.py
[2022-07-07 01:51:22,928] {processor.py:641} INFO - Processing file /home/airflow/.local/lib/python3.7/site-packages/airflow/example_dags/example_kubernetes_executor.py for tasks to queue
[2022-07-07 01:51:22,929] {logging_mixin.py:115} INFO - [2022-07-07 01:51:22,929] {dagbag.py:507} INFO - Filling up the DagBag from /home/airflow/.local/lib/python3.7/site-packages/airflow/example_dags/example_kubernetes_executor.py
[2022-07-07 01:51:22,950] {processor.py:651} INFO - DAG(s) dict_keys(['example_kubernetes_executor']) retrieved from /home/airflow/.local/lib/python3.7/site-packages/airflow/example_dags/example_kubernetes_executor.py
[2022-07-07 01:51:22,978] {logging_mixin.py:115} INFO - [2022-07-07 01:51:22,978] {dag.py:2379} INFO - Sync 1 DAGs
[2022-07-07 01:51:23,135] {logging_mixin.py:115} INFO - [2022-07-07 01:51:23,135] {dag.py:2931} INFO - Setting next_dagrun for example_kubernetes_executor to None, run_after=None
[2022-07-07 01:51:23,148] {processor.py:161} INFO - Processing /home/airflow/.local/lib/python3.7/site-packages/airflow/example_dags/example_kubernetes_executor.py took 0.223 seconds
[2022-07-07 01:51:53,332] {processor.py:153} INFO - Started process (PID=682) to work on /home/airflow/.local/lib/python3.7/site-packages/airflow/example_dags/example_kubernetes_executor.py
[2022-07-07 01:51:53,333] {processor.py:641} INFO - Processing file /home/airflow/.local/lib/python3.7/site-packages/airflow/example_dags/example_kubernetes_executor.py for tasks to queue
[2022-07-07 01:51:53,334] {logging_mixin.py:115} INFO - [2022-07-07 01:51:53,334] {dagbag.py:507} INFO - Filling up the DagBag from /home/airflow/.local/lib/python3.7/site-packages/airflow/example_dags/example_kubernetes_executor.py
[2022-07-07 01:51:53,365] {processor.py:651} INFO - DAG(s) dict_keys(['example_kubernetes_executor']) retrieved from /home/airflow/.local/lib/python3.7/site-packages/airflow/example_dags/example_kubernetes_executor.py
[2022-07-07 01:51:53,399] {logging_mixin.py:115} INFO - [2022-07-07 01:51:53,398] {dag.py:2379} INFO - Sync 1 DAGs
[2022-07-07 01:51:53,554] {logging_mixin.py:115} INFO - [2022-07-07 01:51:53,554] {dag.py:2931} INFO - Setting next_dagrun for example_kubernetes_executor to None, run_after=None
[2022-07-07 01:51:53,572] {processor.py:161} INFO - Processing /home/airflow/.local/lib/python3.7/site-packages/airflow/example_dags/example_kubernetes_executor.py took 0.243 seconds
[2022-07-07 01:54:28,811] {processor.py:153} INFO - Started process (PID=55) to work on /home/airflow/.local/lib/python3.7/site-packages/airflow/example_dags/example_kubernetes_executor.py
[2022-07-07 01:54:28,812] {processor.py:641} INFO - Processing file /home/airflow/.local/lib/python3.7/site-packages/airflow/example_dags/example_kubernetes_executor.py for tasks to queue
[2022-07-07 01:54:28,813] {logging_mixin.py:115} INFO - [2022-07-07 01:54:28,813] {dagbag.py:507} INFO - Filling up the DagBag from /home/airflow/.local/lib/python3.7/site-packages/airflow/example_dags/example_kubernetes_executor.py
[2022-07-07 01:54:28,850] {processor.py:651} INFO - DAG(s) dict_keys(['example_kubernetes_executor']) retrieved from /home/airflow/.local/lib/python3.7/site-packages/airflow/example_dags/example_kubernetes_executor.py
[2022-07-07 01:54:28,895] {logging_mixin.py:115} INFO - [2022-07-07 01:54:28,895] {dag.py:2379} INFO - Sync 1 DAGs
[2022-07-07 01:54:29,157] {logging_mixin.py:115} INFO - [2022-07-07 01:54:29,157] {dag.py:2931} INFO - Setting next_dagrun for example_kubernetes_executor to None, run_after=None
[2022-07-07 01:54:29,176] {processor.py:161} INFO - Processing /home/airflow/.local/lib/python3.7/site-packages/airflow/example_dags/example_kubernetes_executor.py took 0.369 seconds
[2022-07-07 01:55:25,670] {processor.py:153} INFO - Started process (PID=120) to work on /home/airflow/.local/lib/python3.7/site-packages/airflow/example_dags/example_kubernetes_executor.py
[2022-07-07 01:55:25,671] {processor.py:641} INFO - Processing file /home/airflow/.local/lib/python3.7/site-packages/airflow/example_dags/example_kubernetes_executor.py for tasks to queue
[2022-07-07 01:55:25,672] {logging_mixin.py:115} INFO - [2022-07-07 01:55:25,671] {dagbag.py:507} INFO - Filling up the DagBag from /home/airflow/.local/lib/python3.7/site-packages/airflow/example_dags/example_kubernetes_executor.py
[2022-07-07 01:55:25,698] {processor.py:651} INFO - DAG(s) dict_keys(['example_kubernetes_executor']) retrieved from /home/airflow/.local/lib/python3.7/site-packages/airflow/example_dags/example_kubernetes_executor.py
[2022-07-07 01:55:25,725] {logging_mixin.py:115} INFO - [2022-07-07 01:55:25,725] {dag.py:2379} INFO - Sync 1 DAGs
[2022-07-07 01:55:25,861] {logging_mixin.py:115} INFO - [2022-07-07 01:55:25,861] {dag.py:2931} INFO - Setting next_dagrun for example_kubernetes_executor to None, run_after=None
[2022-07-07 01:55:25,873] {processor.py:161} INFO - Processing /home/airflow/.local/lib/python3.7/site-packages/airflow/example_dags/example_kubernetes_executor.py took 0.206 seconds
[2022-07-07 01:57:11,986] {processor.py:153} INFO - Started process (PID=54) to work on /home/airflow/.local/lib/python3.7/site-packages/airflow/example_dags/example_kubernetes_executor.py
[2022-07-07 01:57:11,987] {processor.py:641} INFO - Processing file /home/airflow/.local/lib/python3.7/site-packages/airflow/example_dags/example_kubernetes_executor.py for tasks to queue
[2022-07-07 01:57:11,988] {logging_mixin.py:115} INFO - [2022-07-07 01:57:11,988] {dagbag.py:507} INFO - Filling up the DagBag from /home/airflow/.local/lib/python3.7/site-packages/airflow/example_dags/example_kubernetes_executor.py
[2022-07-07 01:57:12,081] {processor.py:651} INFO - DAG(s) dict_keys(['example_kubernetes_executor']) retrieved from /home/airflow/.local/lib/python3.7/site-packages/airflow/example_dags/example_kubernetes_executor.py
[2022-07-07 01:57:12,125] {logging_mixin.py:115} INFO - [2022-07-07 01:57:12,125] {dag.py:2379} INFO - Sync 1 DAGs
[2022-07-07 01:57:12,349] {logging_mixin.py:115} INFO - [2022-07-07 01:57:12,348] {dag.py:2931} INFO - Setting next_dagrun for example_kubernetes_executor to None, run_after=None
[2022-07-07 01:57:12,370] {processor.py:161} INFO - Processing /home/airflow/.local/lib/python3.7/site-packages/airflow/example_dags/example_kubernetes_executor.py took 0.389 seconds
[2022-07-07 01:58:05,477] {processor.py:153} INFO - Started process (PID=118) to work on /home/airflow/.local/lib/python3.7/site-packages/airflow/example_dags/example_kubernetes_executor.py
[2022-07-07 01:58:05,479] {processor.py:641} INFO - Processing file /home/airflow/.local/lib/python3.7/site-packages/airflow/example_dags/example_kubernetes_executor.py for tasks to queue
[2022-07-07 01:58:05,481] {logging_mixin.py:115} INFO - [2022-07-07 01:58:05,481] {dagbag.py:507} INFO - Filling up the DagBag from /home/airflow/.local/lib/python3.7/site-packages/airflow/example_dags/example_kubernetes_executor.py
[2022-07-07 01:58:05,570] {processor.py:651} INFO - DAG(s) dict_keys(['example_kubernetes_executor']) retrieved from /home/airflow/.local/lib/python3.7/site-packages/airflow/example_dags/example_kubernetes_executor.py
[2022-07-07 01:58:05,636] {logging_mixin.py:115} INFO - [2022-07-07 01:58:05,635] {dag.py:2379} INFO - Sync 1 DAGs
[2022-07-07 01:58:05,861] {logging_mixin.py:115} INFO - [2022-07-07 01:58:05,861] {dag.py:2931} INFO - Setting next_dagrun for example_kubernetes_executor to None, run_after=None
[2022-07-07 01:58:05,878] {processor.py:161} INFO - Processing /home/airflow/.local/lib/python3.7/site-packages/airflow/example_dags/example_kubernetes_executor.py took 0.411 seconds
[2022-07-07 01:58:37,768] {processor.py:153} INFO - Started process (PID=173) to work on /home/airflow/.local/lib/python3.7/site-packages/airflow/example_dags/example_kubernetes_executor.py
[2022-07-07 01:58:37,769] {processor.py:641} INFO - Processing file /home/airflow/.local/lib/python3.7/site-packages/airflow/example_dags/example_kubernetes_executor.py for tasks to queue
[2022-07-07 01:58:37,771] {logging_mixin.py:115} INFO - [2022-07-07 01:58:37,771] {dagbag.py:507} INFO - Filling up the DagBag from /home/airflow/.local/lib/python3.7/site-packages/airflow/example_dags/example_kubernetes_executor.py
[2022-07-07 01:58:37,822] {processor.py:651} INFO - DAG(s) dict_keys(['example_kubernetes_executor']) retrieved from /home/airflow/.local/lib/python3.7/site-packages/airflow/example_dags/example_kubernetes_executor.py
[2022-07-07 01:58:37,883] {logging_mixin.py:115} INFO - [2022-07-07 01:58:37,883] {dag.py:2379} INFO - Sync 1 DAGs
[2022-07-07 01:58:38,116] {logging_mixin.py:115} INFO - [2022-07-07 01:58:38,115] {dag.py:2931} INFO - Setting next_dagrun for example_kubernetes_executor to None, run_after=None
[2022-07-07 01:58:38,147] {processor.py:161} INFO - Processing /home/airflow/.local/lib/python3.7/site-packages/airflow/example_dags/example_kubernetes_executor.py took 0.384 seconds
[2022-07-07 01:59:08,582] {processor.py:153} INFO - Started process (PID=230) to work on /home/airflow/.local/lib/python3.7/site-packages/airflow/example_dags/example_kubernetes_executor.py
[2022-07-07 01:59:08,583] {processor.py:641} INFO - Processing file /home/airflow/.local/lib/python3.7/site-packages/airflow/example_dags/example_kubernetes_executor.py for tasks to queue
[2022-07-07 01:59:08,585] {logging_mixin.py:115} INFO - [2022-07-07 01:59:08,585] {dagbag.py:507} INFO - Filling up the DagBag from /home/airflow/.local/lib/python3.7/site-packages/airflow/example_dags/example_kubernetes_executor.py
[2022-07-07 01:59:08,627] {processor.py:651} INFO - DAG(s) dict_keys(['example_kubernetes_executor']) retrieved from /home/airflow/.local/lib/python3.7/site-packages/airflow/example_dags/example_kubernetes_executor.py
[2022-07-07 01:59:08,690] {logging_mixin.py:115} INFO - [2022-07-07 01:59:08,690] {dag.py:2379} INFO - Sync 1 DAGs
[2022-07-07 01:59:08,949] {logging_mixin.py:115} INFO - [2022-07-07 01:59:08,949] {dag.py:2931} INFO - Setting next_dagrun for example_kubernetes_executor to None, run_after=None
[2022-07-07 01:59:08,974] {processor.py:161} INFO - Processing /home/airflow/.local/lib/python3.7/site-packages/airflow/example_dags/example_kubernetes_executor.py took 0.396 seconds
[2022-07-07 01:59:40,047] {processor.py:153} INFO - Started process (PID=286) to work on /home/airflow/.local/lib/python3.7/site-packages/airflow/example_dags/example_kubernetes_executor.py
[2022-07-07 01:59:40,047] {processor.py:641} INFO - Processing file /home/airflow/.local/lib/python3.7/site-packages/airflow/example_dags/example_kubernetes_executor.py for tasks to queue
[2022-07-07 01:59:40,048] {logging_mixin.py:115} INFO - [2022-07-07 01:59:40,048] {dagbag.py:507} INFO - Filling up the DagBag from /home/airflow/.local/lib/python3.7/site-packages/airflow/example_dags/example_kubernetes_executor.py
[2022-07-07 01:59:40,683] {processor.py:651} INFO - DAG(s) dict_keys(['example_kubernetes_executor']) retrieved from /home/airflow/.local/lib/python3.7/site-packages/airflow/example_dags/example_kubernetes_executor.py
[2022-07-07 01:59:40,708] {logging_mixin.py:115} INFO - [2022-07-07 01:59:40,708] {dag.py:2379} INFO - Sync 1 DAGs
[2022-07-07 01:59:40,838] {logging_mixin.py:115} INFO - [2022-07-07 01:59:40,838] {dag.py:2931} INFO - Setting next_dagrun for example_kubernetes_executor to None, run_after=None
[2022-07-07 01:59:41,093] {processor.py:161} INFO - Processing /home/airflow/.local/lib/python3.7/site-packages/airflow/example_dags/example_kubernetes_executor.py took 1.049 seconds
[2022-07-07 02:00:11,310] {processor.py:153} INFO - Started process (PID=342) to work on /home/airflow/.local/lib/python3.7/site-packages/airflow/example_dags/example_kubernetes_executor.py
[2022-07-07 02:00:11,310] {processor.py:641} INFO - Processing file /home/airflow/.local/lib/python3.7/site-packages/airflow/example_dags/example_kubernetes_executor.py for tasks to queue
[2022-07-07 02:00:11,311] {logging_mixin.py:115} INFO - [2022-07-07 02:00:11,311] {dagbag.py:507} INFO - Filling up the DagBag from /home/airflow/.local/lib/python3.7/site-packages/airflow/example_dags/example_kubernetes_executor.py
[2022-07-07 02:00:11,331] {processor.py:651} INFO - DAG(s) dict_keys(['example_kubernetes_executor']) retrieved from /home/airflow/.local/lib/python3.7/site-packages/airflow/example_dags/example_kubernetes_executor.py
[2022-07-07 02:00:11,362] {logging_mixin.py:115} INFO - [2022-07-07 02:00:11,362] {dag.py:2379} INFO - Sync 1 DAGs
[2022-07-07 02:00:11,539] {logging_mixin.py:115} INFO - [2022-07-07 02:00:11,539] {dag.py:2931} INFO - Setting next_dagrun for example_kubernetes_executor to None, run_after=None
[2022-07-07 02:00:11,549] {processor.py:161} INFO - Processing /home/airflow/.local/lib/python3.7/site-packages/airflow/example_dags/example_kubernetes_executor.py took 0.241 seconds
[2022-07-07 02:00:42,374] {processor.py:153} INFO - Started process (PID=407) to work on /home/airflow/.local/lib/python3.7/site-packages/airflow/example_dags/example_kubernetes_executor.py
[2022-07-07 02:00:42,375] {processor.py:641} INFO - Processing file /home/airflow/.local/lib/python3.7/site-packages/airflow/example_dags/example_kubernetes_executor.py for tasks to queue
[2022-07-07 02:00:42,375] {logging_mixin.py:115} INFO - [2022-07-07 02:00:42,375] {dagbag.py:507} INFO - Filling up the DagBag from /home/airflow/.local/lib/python3.7/site-packages/airflow/example_dags/example_kubernetes_executor.py
[2022-07-07 02:00:42,399] {processor.py:651} INFO - DAG(s) dict_keys(['example_kubernetes_executor']) retrieved from /home/airflow/.local/lib/python3.7/site-packages/airflow/example_dags/example_kubernetes_executor.py
[2022-07-07 02:00:42,425] {logging_mixin.py:115} INFO - [2022-07-07 02:00:42,425] {dag.py:2379} INFO - Sync 1 DAGs
[2022-07-07 02:00:42,549] {logging_mixin.py:115} INFO - [2022-07-07 02:00:42,549] {dag.py:2931} INFO - Setting next_dagrun for example_kubernetes_executor to None, run_after=None
[2022-07-07 02:00:42,560] {processor.py:161} INFO - Processing /home/airflow/.local/lib/python3.7/site-packages/airflow/example_dags/example_kubernetes_executor.py took 0.189 seconds
[2022-07-07 02:01:12,764] {processor.py:153} INFO - Started process (PID=473) to work on /home/airflow/.local/lib/python3.7/site-packages/airflow/example_dags/example_kubernetes_executor.py
[2022-07-07 02:01:12,764] {processor.py:641} INFO - Processing file /home/airflow/.local/lib/python3.7/site-packages/airflow/example_dags/example_kubernetes_executor.py for tasks to queue
[2022-07-07 02:01:12,765] {logging_mixin.py:115} INFO - [2022-07-07 02:01:12,765] {dagbag.py:507} INFO - Filling up the DagBag from /home/airflow/.local/lib/python3.7/site-packages/airflow/example_dags/example_kubernetes_executor.py
[2022-07-07 02:01:12,784] {processor.py:651} INFO - DAG(s) dict_keys(['example_kubernetes_executor']) retrieved from /home/airflow/.local/lib/python3.7/site-packages/airflow/example_dags/example_kubernetes_executor.py
[2022-07-07 02:01:12,809] {logging_mixin.py:115} INFO - [2022-07-07 02:01:12,809] {dag.py:2379} INFO - Sync 1 DAGs
[2022-07-07 02:01:12,922] {logging_mixin.py:115} INFO - [2022-07-07 02:01:12,922] {dag.py:2931} INFO - Setting next_dagrun for example_kubernetes_executor to None, run_after=None
[2022-07-07 02:01:12,932] {processor.py:161} INFO - Processing /home/airflow/.local/lib/python3.7/site-packages/airflow/example_dags/example_kubernetes_executor.py took 0.171 seconds
[2022-07-07 02:01:43,426] {processor.py:153} INFO - Started process (PID=543) to work on /home/airflow/.local/lib/python3.7/site-packages/airflow/example_dags/example_kubernetes_executor.py
[2022-07-07 02:01:43,426] {processor.py:641} INFO - Processing file /home/airflow/.local/lib/python3.7/site-packages/airflow/example_dags/example_kubernetes_executor.py for tasks to queue
[2022-07-07 02:01:43,428] {logging_mixin.py:115} INFO - [2022-07-07 02:01:43,427] {dagbag.py:507} INFO - Filling up the DagBag from /home/airflow/.local/lib/python3.7/site-packages/airflow/example_dags/example_kubernetes_executor.py
[2022-07-07 02:01:43,447] {processor.py:651} INFO - DAG(s) dict_keys(['example_kubernetes_executor']) retrieved from /home/airflow/.local/lib/python3.7/site-packages/airflow/example_dags/example_kubernetes_executor.py
[2022-07-07 02:01:43,475] {logging_mixin.py:115} INFO - [2022-07-07 02:01:43,475] {dag.py:2379} INFO - Sync 1 DAGs
[2022-07-07 02:01:43,618] {logging_mixin.py:115} INFO - [2022-07-07 02:01:43,618] {dag.py:2931} INFO - Setting next_dagrun for example_kubernetes_executor to None, run_after=None
[2022-07-07 02:01:43,630] {processor.py:161} INFO - Processing /home/airflow/.local/lib/python3.7/site-packages/airflow/example_dags/example_kubernetes_executor.py took 0.208 seconds
[2022-07-07 02:02:13,869] {processor.py:153} INFO - Started process (PID=599) to work on /home/airflow/.local/lib/python3.7/site-packages/airflow/example_dags/example_kubernetes_executor.py
[2022-07-07 02:02:13,870] {processor.py:641} INFO - Processing file /home/airflow/.local/lib/python3.7/site-packages/airflow/example_dags/example_kubernetes_executor.py for tasks to queue
[2022-07-07 02:02:13,871] {logging_mixin.py:115} INFO - [2022-07-07 02:02:13,871] {dagbag.py:507} INFO - Filling up the DagBag from /home/airflow/.local/lib/python3.7/site-packages/airflow/example_dags/example_kubernetes_executor.py
[2022-07-07 02:02:13,888] {processor.py:651} INFO - DAG(s) dict_keys(['example_kubernetes_executor']) retrieved from /home/airflow/.local/lib/python3.7/site-packages/airflow/example_dags/example_kubernetes_executor.py
[2022-07-07 02:02:13,912] {logging_mixin.py:115} INFO - [2022-07-07 02:02:13,912] {dag.py:2379} INFO - Sync 1 DAGs
[2022-07-07 02:02:14,030] {logging_mixin.py:115} INFO - [2022-07-07 02:02:14,030] {dag.py:2931} INFO - Setting next_dagrun for example_kubernetes_executor to None, run_after=None
[2022-07-07 02:02:14,039] {processor.py:161} INFO - Processing /home/airflow/.local/lib/python3.7/site-packages/airflow/example_dags/example_kubernetes_executor.py took 0.173 seconds
[2022-07-07 02:02:44,441] {processor.py:153} INFO - Started process (PID=665) to work on /home/airflow/.local/lib/python3.7/site-packages/airflow/example_dags/example_kubernetes_executor.py
[2022-07-07 02:02:44,442] {processor.py:641} INFO - Processing file /home/airflow/.local/lib/python3.7/site-packages/airflow/example_dags/example_kubernetes_executor.py for tasks to queue
[2022-07-07 02:02:44,443] {logging_mixin.py:115} INFO - [2022-07-07 02:02:44,443] {dagbag.py:507} INFO - Filling up the DagBag from /home/airflow/.local/lib/python3.7/site-packages/airflow/example_dags/example_kubernetes_executor.py
[2022-07-07 02:02:44,461] {processor.py:651} INFO - DAG(s) dict_keys(['example_kubernetes_executor']) retrieved from /home/airflow/.local/lib/python3.7/site-packages/airflow/example_dags/example_kubernetes_executor.py
[2022-07-07 02:02:44,486] {logging_mixin.py:115} INFO - [2022-07-07 02:02:44,486] {dag.py:2379} INFO - Sync 1 DAGs
[2022-07-07 02:02:44,631] {logging_mixin.py:115} INFO - [2022-07-07 02:02:44,630] {dag.py:2931} INFO - Setting next_dagrun for example_kubernetes_executor to None, run_after=None
[2022-07-07 02:02:44,652] {processor.py:161} INFO - Processing /home/airflow/.local/lib/python3.7/site-packages/airflow/example_dags/example_kubernetes_executor.py took 0.213 seconds
[2022-07-07 02:03:14,823] {processor.py:153} INFO - Started process (PID=731) to work on /home/airflow/.local/lib/python3.7/site-packages/airflow/example_dags/example_kubernetes_executor.py
[2022-07-07 02:03:14,823] {processor.py:641} INFO - Processing file /home/airflow/.local/lib/python3.7/site-packages/airflow/example_dags/example_kubernetes_executor.py for tasks to queue
[2022-07-07 02:03:14,824] {logging_mixin.py:115} INFO - [2022-07-07 02:03:14,824] {dagbag.py:507} INFO - Filling up the DagBag from /home/airflow/.local/lib/python3.7/site-packages/airflow/example_dags/example_kubernetes_executor.py
[2022-07-07 02:03:14,855] {processor.py:651} INFO - DAG(s) dict_keys(['example_kubernetes_executor']) retrieved from /home/airflow/.local/lib/python3.7/site-packages/airflow/example_dags/example_kubernetes_executor.py
[2022-07-07 02:03:14,890] {logging_mixin.py:115} INFO - [2022-07-07 02:03:14,890] {dag.py:2379} INFO - Sync 1 DAGs
[2022-07-07 02:03:15,051] {logging_mixin.py:115} INFO - [2022-07-07 02:03:15,051] {dag.py:2931} INFO - Setting next_dagrun for example_kubernetes_executor to None, run_after=None
[2022-07-07 02:03:15,062] {processor.py:161} INFO - Processing /home/airflow/.local/lib/python3.7/site-packages/airflow/example_dags/example_kubernetes_executor.py took 0.242 seconds
[2022-07-07 02:03:45,319] {processor.py:153} INFO - Started process (PID=787) to work on /home/airflow/.local/lib/python3.7/site-packages/airflow/example_dags/example_kubernetes_executor.py
[2022-07-07 02:03:45,320] {processor.py:641} INFO - Processing file /home/airflow/.local/lib/python3.7/site-packages/airflow/example_dags/example_kubernetes_executor.py for tasks to queue
[2022-07-07 02:03:45,321] {logging_mixin.py:115} INFO - [2022-07-07 02:03:45,321] {dagbag.py:507} INFO - Filling up the DagBag from /home/airflow/.local/lib/python3.7/site-packages/airflow/example_dags/example_kubernetes_executor.py
[2022-07-07 02:03:45,340] {processor.py:651} INFO - DAG(s) dict_keys(['example_kubernetes_executor']) retrieved from /home/airflow/.local/lib/python3.7/site-packages/airflow/example_dags/example_kubernetes_executor.py
[2022-07-07 02:03:45,367] {logging_mixin.py:115} INFO - [2022-07-07 02:03:45,367] {dag.py:2379} INFO - Sync 1 DAGs
[2022-07-07 02:03:45,482] {logging_mixin.py:115} INFO - [2022-07-07 02:03:45,482] {dag.py:2931} INFO - Setting next_dagrun for example_kubernetes_executor to None, run_after=None
[2022-07-07 02:03:45,494] {processor.py:161} INFO - Processing /home/airflow/.local/lib/python3.7/site-packages/airflow/example_dags/example_kubernetes_executor.py took 0.177 seconds
[2022-07-07 02:04:15,601] {processor.py:153} INFO - Started process (PID=852) to work on /home/airflow/.local/lib/python3.7/site-packages/airflow/example_dags/example_kubernetes_executor.py
[2022-07-07 02:04:15,602] {processor.py:641} INFO - Processing file /home/airflow/.local/lib/python3.7/site-packages/airflow/example_dags/example_kubernetes_executor.py for tasks to queue
[2022-07-07 02:04:15,603] {logging_mixin.py:115} INFO - [2022-07-07 02:04:15,603] {dagbag.py:507} INFO - Filling up the DagBag from /home/airflow/.local/lib/python3.7/site-packages/airflow/example_dags/example_kubernetes_executor.py
[2022-07-07 02:04:15,623] {processor.py:651} INFO - DAG(s) dict_keys(['example_kubernetes_executor']) retrieved from /home/airflow/.local/lib/python3.7/site-packages/airflow/example_dags/example_kubernetes_executor.py
[2022-07-07 02:04:15,646] {logging_mixin.py:115} INFO - [2022-07-07 02:04:15,646] {dag.py:2379} INFO - Sync 1 DAGs
[2022-07-07 02:04:15,767] {logging_mixin.py:115} INFO - [2022-07-07 02:04:15,767] {dag.py:2931} INFO - Setting next_dagrun for example_kubernetes_executor to None, run_after=None
[2022-07-07 02:04:15,779] {processor.py:161} INFO - Processing /home/airflow/.local/lib/python3.7/site-packages/airflow/example_dags/example_kubernetes_executor.py took 0.181 seconds
[2022-07-07 02:04:46,164] {processor.py:153} INFO - Started process (PID=917) to work on /home/airflow/.local/lib/python3.7/site-packages/airflow/example_dags/example_kubernetes_executor.py
[2022-07-07 02:04:46,166] {processor.py:641} INFO - Processing file /home/airflow/.local/lib/python3.7/site-packages/airflow/example_dags/example_kubernetes_executor.py for tasks to queue
[2022-07-07 02:04:46,167] {logging_mixin.py:115} INFO - [2022-07-07 02:04:46,167] {dagbag.py:507} INFO - Filling up the DagBag from /home/airflow/.local/lib/python3.7/site-packages/airflow/example_dags/example_kubernetes_executor.py
[2022-07-07 02:04:46,197] {processor.py:651} INFO - DAG(s) dict_keys(['example_kubernetes_executor']) retrieved from /home/airflow/.local/lib/python3.7/site-packages/airflow/example_dags/example_kubernetes_executor.py
[2022-07-07 02:04:46,237] {logging_mixin.py:115} INFO - [2022-07-07 02:04:46,237] {dag.py:2379} INFO - Sync 1 DAGs
[2022-07-07 02:04:46,417] {logging_mixin.py:115} INFO - [2022-07-07 02:04:46,417] {dag.py:2931} INFO - Setting next_dagrun for example_kubernetes_executor to None, run_after=None
[2022-07-07 02:04:46,426] {processor.py:161} INFO - Processing /home/airflow/.local/lib/python3.7/site-packages/airflow/example_dags/example_kubernetes_executor.py took 0.266 seconds
[2022-07-07 02:05:16,677] {processor.py:153} INFO - Started process (PID=974) to work on /home/airflow/.local/lib/python3.7/site-packages/airflow/example_dags/example_kubernetes_executor.py
[2022-07-07 02:05:16,678] {processor.py:641} INFO - Processing file /home/airflow/.local/lib/python3.7/site-packages/airflow/example_dags/example_kubernetes_executor.py for tasks to queue
[2022-07-07 02:05:16,678] {logging_mixin.py:115} INFO - [2022-07-07 02:05:16,678] {dagbag.py:507} INFO - Filling up the DagBag from /home/airflow/.local/lib/python3.7/site-packages/airflow/example_dags/example_kubernetes_executor.py
[2022-07-07 02:05:16,697] {processor.py:651} INFO - DAG(s) dict_keys(['example_kubernetes_executor']) retrieved from /home/airflow/.local/lib/python3.7/site-packages/airflow/example_dags/example_kubernetes_executor.py
[2022-07-07 02:05:16,719] {logging_mixin.py:115} INFO - [2022-07-07 02:05:16,719] {dag.py:2379} INFO - Sync 1 DAGs
[2022-07-07 02:05:16,838] {logging_mixin.py:115} INFO - [2022-07-07 02:05:16,838] {dag.py:2931} INFO - Setting next_dagrun for example_kubernetes_executor to None, run_after=None
[2022-07-07 02:05:16,849] {processor.py:161} INFO - Processing /home/airflow/.local/lib/python3.7/site-packages/airflow/example_dags/example_kubernetes_executor.py took 0.175 seconds
[2022-07-07 02:05:47,328] {processor.py:153} INFO - Started process (PID=1038) to work on /home/airflow/.local/lib/python3.7/site-packages/airflow/example_dags/example_kubernetes_executor.py
[2022-07-07 02:05:47,329] {processor.py:641} INFO - Processing file /home/airflow/.local/lib/python3.7/site-packages/airflow/example_dags/example_kubernetes_executor.py for tasks to queue
[2022-07-07 02:05:47,330] {logging_mixin.py:115} INFO - [2022-07-07 02:05:47,330] {dagbag.py:507} INFO - Filling up the DagBag from /home/airflow/.local/lib/python3.7/site-packages/airflow/example_dags/example_kubernetes_executor.py
[2022-07-07 02:05:47,348] {processor.py:651} INFO - DAG(s) dict_keys(['example_kubernetes_executor']) retrieved from /home/airflow/.local/lib/python3.7/site-packages/airflow/example_dags/example_kubernetes_executor.py
[2022-07-07 02:05:47,374] {logging_mixin.py:115} INFO - [2022-07-07 02:05:47,374] {dag.py:2379} INFO - Sync 1 DAGs
[2022-07-07 02:05:47,495] {logging_mixin.py:115} INFO - [2022-07-07 02:05:47,494] {dag.py:2931} INFO - Setting next_dagrun for example_kubernetes_executor to None, run_after=None
[2022-07-07 02:05:47,507] {processor.py:161} INFO - Processing /home/airflow/.local/lib/python3.7/site-packages/airflow/example_dags/example_kubernetes_executor.py took 0.181 seconds
[2022-07-07 02:06:18,154] {processor.py:153} INFO - Started process (PID=1102) to work on /home/airflow/.local/lib/python3.7/site-packages/airflow/example_dags/example_kubernetes_executor.py
[2022-07-07 02:06:18,154] {processor.py:641} INFO - Processing file /home/airflow/.local/lib/python3.7/site-packages/airflow/example_dags/example_kubernetes_executor.py for tasks to queue
[2022-07-07 02:06:18,155] {logging_mixin.py:115} INFO - [2022-07-07 02:06:18,155] {dagbag.py:507} INFO - Filling up the DagBag from /home/airflow/.local/lib/python3.7/site-packages/airflow/example_dags/example_kubernetes_executor.py
[2022-07-07 02:06:18,172] {processor.py:651} INFO - DAG(s) dict_keys(['example_kubernetes_executor']) retrieved from /home/airflow/.local/lib/python3.7/site-packages/airflow/example_dags/example_kubernetes_executor.py
[2022-07-07 02:06:18,197] {logging_mixin.py:115} INFO - [2022-07-07 02:06:18,196] {dag.py:2379} INFO - Sync 1 DAGs
[2022-07-07 02:06:18,307] {logging_mixin.py:115} INFO - [2022-07-07 02:06:18,307] {dag.py:2931} INFO - Setting next_dagrun for example_kubernetes_executor to None, run_after=None
[2022-07-07 02:06:18,319] {processor.py:161} INFO - Processing /home/airflow/.local/lib/python3.7/site-packages/airflow/example_dags/example_kubernetes_executor.py took 0.168 seconds
[2022-07-07 02:06:48,961] {processor.py:153} INFO - Started process (PID=1169) to work on /home/airflow/.local/lib/python3.7/site-packages/airflow/example_dags/example_kubernetes_executor.py
[2022-07-07 02:06:48,962] {processor.py:641} INFO - Processing file /home/airflow/.local/lib/python3.7/site-packages/airflow/example_dags/example_kubernetes_executor.py for tasks to queue
[2022-07-07 02:06:48,963] {logging_mixin.py:115} INFO - [2022-07-07 02:06:48,963] {dagbag.py:507} INFO - Filling up the DagBag from /home/airflow/.local/lib/python3.7/site-packages/airflow/example_dags/example_kubernetes_executor.py
[2022-07-07 02:06:48,988] {processor.py:651} INFO - DAG(s) dict_keys(['example_kubernetes_executor']) retrieved from /home/airflow/.local/lib/python3.7/site-packages/airflow/example_dags/example_kubernetes_executor.py
[2022-07-07 02:06:49,020] {logging_mixin.py:115} INFO - [2022-07-07 02:06:49,019] {dag.py:2379} INFO - Sync 1 DAGs
[2022-07-07 02:06:49,157] {logging_mixin.py:115} INFO - [2022-07-07 02:06:49,157] {dag.py:2931} INFO - Setting next_dagrun for example_kubernetes_executor to None, run_after=None
[2022-07-07 02:06:49,167] {processor.py:161} INFO - Processing /home/airflow/.local/lib/python3.7/site-packages/airflow/example_dags/example_kubernetes_executor.py took 0.209 seconds
[2022-07-07 02:07:19,788] {processor.py:153} INFO - Started process (PID=1226) to work on /home/airflow/.local/lib/python3.7/site-packages/airflow/example_dags/example_kubernetes_executor.py
[2022-07-07 02:07:19,789] {processor.py:641} INFO - Processing file /home/airflow/.local/lib/python3.7/site-packages/airflow/example_dags/example_kubernetes_executor.py for tasks to queue
[2022-07-07 02:07:19,789] {logging_mixin.py:115} INFO - [2022-07-07 02:07:19,789] {dagbag.py:507} INFO - Filling up the DagBag from /home/airflow/.local/lib/python3.7/site-packages/airflow/example_dags/example_kubernetes_executor.py
[2022-07-07 02:07:19,808] {processor.py:651} INFO - DAG(s) dict_keys(['example_kubernetes_executor']) retrieved from /home/airflow/.local/lib/python3.7/site-packages/airflow/example_dags/example_kubernetes_executor.py
[2022-07-07 02:07:19,935] {logging_mixin.py:115} INFO - [2022-07-07 02:07:19,935] {dag.py:2379} INFO - Sync 1 DAGs
[2022-07-07 02:07:19,950] {logging_mixin.py:115} INFO - [2022-07-07 02:07:19,950] {dag.py:2931} INFO - Setting next_dagrun for example_kubernetes_executor to None, run_after=None
[2022-07-07 02:07:19,975] {processor.py:161} INFO - Processing /home/airflow/.local/lib/python3.7/site-packages/airflow/example_dags/example_kubernetes_executor.py took 0.190 seconds
[2022-07-07 02:07:50,277] {processor.py:153} INFO - Started process (PID=1290) to work on /home/airflow/.local/lib/python3.7/site-packages/airflow/example_dags/example_kubernetes_executor.py
[2022-07-07 02:07:50,277] {processor.py:641} INFO - Processing file /home/airflow/.local/lib/python3.7/site-packages/airflow/example_dags/example_kubernetes_executor.py for tasks to queue
[2022-07-07 02:07:50,278] {logging_mixin.py:115} INFO - [2022-07-07 02:07:50,278] {dagbag.py:507} INFO - Filling up the DagBag from /home/airflow/.local/lib/python3.7/site-packages/airflow/example_dags/example_kubernetes_executor.py
[2022-07-07 02:07:50,301] {processor.py:651} INFO - DAG(s) dict_keys(['example_kubernetes_executor']) retrieved from /home/airflow/.local/lib/python3.7/site-packages/airflow/example_dags/example_kubernetes_executor.py
[2022-07-07 02:07:50,430] {logging_mixin.py:115} INFO - [2022-07-07 02:07:50,430] {dag.py:2379} INFO - Sync 1 DAGs
[2022-07-07 02:07:50,445] {logging_mixin.py:115} INFO - [2022-07-07 02:07:50,445] {dag.py:2931} INFO - Setting next_dagrun for example_kubernetes_executor to None, run_after=None
[2022-07-07 02:07:50,457] {processor.py:161} INFO - Processing /home/airflow/.local/lib/python3.7/site-packages/airflow/example_dags/example_kubernetes_executor.py took 0.183 seconds
[2022-07-07 02:08:20,668] {processor.py:153} INFO - Started process (PID=1355) to work on /home/airflow/.local/lib/python3.7/site-packages/airflow/example_dags/example_kubernetes_executor.py
[2022-07-07 02:08:20,669] {processor.py:641} INFO - Processing file /home/airflow/.local/lib/python3.7/site-packages/airflow/example_dags/example_kubernetes_executor.py for tasks to queue
[2022-07-07 02:08:20,670] {logging_mixin.py:115} INFO - [2022-07-07 02:08:20,670] {dagbag.py:507} INFO - Filling up the DagBag from /home/airflow/.local/lib/python3.7/site-packages/airflow/example_dags/example_kubernetes_executor.py
[2022-07-07 02:08:20,696] {processor.py:651} INFO - DAG(s) dict_keys(['example_kubernetes_executor']) retrieved from /home/airflow/.local/lib/python3.7/site-packages/airflow/example_dags/example_kubernetes_executor.py
[2022-07-07 02:08:20,819] {logging_mixin.py:115} INFO - [2022-07-07 02:08:20,819] {dag.py:2379} INFO - Sync 1 DAGs
[2022-07-07 02:08:20,834] {logging_mixin.py:115} INFO - [2022-07-07 02:08:20,834] {dag.py:2931} INFO - Setting next_dagrun for example_kubernetes_executor to None, run_after=None
[2022-07-07 02:08:20,844] {processor.py:161} INFO - Processing /home/airflow/.local/lib/python3.7/site-packages/airflow/example_dags/example_kubernetes_executor.py took 0.179 seconds
[2022-07-07 02:08:51,044] {processor.py:153} INFO - Started process (PID=1412) to work on /home/airflow/.local/lib/python3.7/site-packages/airflow/example_dags/example_kubernetes_executor.py
[2022-07-07 02:08:51,045] {processor.py:641} INFO - Processing file /home/airflow/.local/lib/python3.7/site-packages/airflow/example_dags/example_kubernetes_executor.py for tasks to queue
[2022-07-07 02:08:51,046] {logging_mixin.py:115} INFO - [2022-07-07 02:08:51,046] {dagbag.py:507} INFO - Filling up the DagBag from /home/airflow/.local/lib/python3.7/site-packages/airflow/example_dags/example_kubernetes_executor.py
[2022-07-07 02:08:51,066] {processor.py:651} INFO - DAG(s) dict_keys(['example_kubernetes_executor']) retrieved from /home/airflow/.local/lib/python3.7/site-packages/airflow/example_dags/example_kubernetes_executor.py
[2022-07-07 02:08:51,194] {logging_mixin.py:115} INFO - [2022-07-07 02:08:51,193] {dag.py:2379} INFO - Sync 1 DAGs
[2022-07-07 02:08:51,207] {logging_mixin.py:115} INFO - [2022-07-07 02:08:51,207] {dag.py:2931} INFO - Setting next_dagrun for example_kubernetes_executor to None, run_after=None
[2022-07-07 02:08:51,221] {processor.py:161} INFO - Processing /home/airflow/.local/lib/python3.7/site-packages/airflow/example_dags/example_kubernetes_executor.py took 0.179 seconds
[2022-07-07 02:09:21,447] {processor.py:153} INFO - Started process (PID=1479) to work on /home/airflow/.local/lib/python3.7/site-packages/airflow/example_dags/example_kubernetes_executor.py
[2022-07-07 02:09:21,448] {processor.py:641} INFO - Processing file /home/airflow/.local/lib/python3.7/site-packages/airflow/example_dags/example_kubernetes_executor.py for tasks to queue
[2022-07-07 02:09:21,448] {logging_mixin.py:115} INFO - [2022-07-07 02:09:21,448] {dagbag.py:507} INFO - Filling up the DagBag from /home/airflow/.local/lib/python3.7/site-packages/airflow/example_dags/example_kubernetes_executor.py
[2022-07-07 02:09:21,467] {processor.py:651} INFO - DAG(s) dict_keys(['example_kubernetes_executor']) retrieved from /home/airflow/.local/lib/python3.7/site-packages/airflow/example_dags/example_kubernetes_executor.py
[2022-07-07 02:09:21,586] {logging_mixin.py:115} INFO - [2022-07-07 02:09:21,585] {dag.py:2379} INFO - Sync 1 DAGs
[2022-07-07 02:09:21,601] {logging_mixin.py:115} INFO - [2022-07-07 02:09:21,601] {dag.py:2931} INFO - Setting next_dagrun for example_kubernetes_executor to None, run_after=None
[2022-07-07 02:09:21,611] {processor.py:161} INFO - Processing /home/airflow/.local/lib/python3.7/site-packages/airflow/example_dags/example_kubernetes_executor.py took 0.167 seconds
[2022-07-07 02:09:51,737] {processor.py:153} INFO - Started process (PID=1543) to work on /home/airflow/.local/lib/python3.7/site-packages/airflow/example_dags/example_kubernetes_executor.py
[2022-07-07 02:09:51,738] {processor.py:641} INFO - Processing file /home/airflow/.local/lib/python3.7/site-packages/airflow/example_dags/example_kubernetes_executor.py for tasks to queue
[2022-07-07 02:09:51,738] {logging_mixin.py:115} INFO - [2022-07-07 02:09:51,738] {dagbag.py:507} INFO - Filling up the DagBag from /home/airflow/.local/lib/python3.7/site-packages/airflow/example_dags/example_kubernetes_executor.py
[2022-07-07 02:09:51,758] {processor.py:651} INFO - DAG(s) dict_keys(['example_kubernetes_executor']) retrieved from /home/airflow/.local/lib/python3.7/site-packages/airflow/example_dags/example_kubernetes_executor.py
[2022-07-07 02:09:51,905] {logging_mixin.py:115} INFO - [2022-07-07 02:09:51,905] {dag.py:2379} INFO - Sync 1 DAGs
[2022-07-07 02:09:51,922] {logging_mixin.py:115} INFO - [2022-07-07 02:09:51,921] {dag.py:2931} INFO - Setting next_dagrun for example_kubernetes_executor to None, run_after=None
[2022-07-07 02:09:51,933] {processor.py:161} INFO - Processing /home/airflow/.local/lib/python3.7/site-packages/airflow/example_dags/example_kubernetes_executor.py took 0.198 seconds
[2022-07-07 02:10:22,191] {processor.py:153} INFO - Started process (PID=1599) to work on /home/airflow/.local/lib/python3.7/site-packages/airflow/example_dags/example_kubernetes_executor.py
[2022-07-07 02:10:22,191] {processor.py:641} INFO - Processing file /home/airflow/.local/lib/python3.7/site-packages/airflow/example_dags/example_kubernetes_executor.py for tasks to queue
[2022-07-07 02:10:22,192] {logging_mixin.py:115} INFO - [2022-07-07 02:10:22,192] {dagbag.py:507} INFO - Filling up the DagBag from /home/airflow/.local/lib/python3.7/site-packages/airflow/example_dags/example_kubernetes_executor.py
[2022-07-07 02:10:22,211] {processor.py:651} INFO - DAG(s) dict_keys(['example_kubernetes_executor']) retrieved from /home/airflow/.local/lib/python3.7/site-packages/airflow/example_dags/example_kubernetes_executor.py
[2022-07-07 02:10:22,333] {logging_mixin.py:115} INFO - [2022-07-07 02:10:22,333] {dag.py:2379} INFO - Sync 1 DAGs
[2022-07-07 02:10:22,347] {logging_mixin.py:115} INFO - [2022-07-07 02:10:22,347] {dag.py:2931} INFO - Setting next_dagrun for example_kubernetes_executor to None, run_after=None
[2022-07-07 02:10:22,357] {processor.py:161} INFO - Processing /home/airflow/.local/lib/python3.7/site-packages/airflow/example_dags/example_kubernetes_executor.py took 0.169 seconds
[2022-07-07 02:10:53,080] {processor.py:153} INFO - Started process (PID=1662) to work on /home/airflow/.local/lib/python3.7/site-packages/airflow/example_dags/example_kubernetes_executor.py
[2022-07-07 02:10:53,081] {processor.py:641} INFO - Processing file /home/airflow/.local/lib/python3.7/site-packages/airflow/example_dags/example_kubernetes_executor.py for tasks to queue
[2022-07-07 02:10:53,081] {logging_mixin.py:115} INFO - [2022-07-07 02:10:53,081] {dagbag.py:507} INFO - Filling up the DagBag from /home/airflow/.local/lib/python3.7/site-packages/airflow/example_dags/example_kubernetes_executor.py
[2022-07-07 02:10:53,102] {processor.py:651} INFO - DAG(s) dict_keys(['example_kubernetes_executor']) retrieved from /home/airflow/.local/lib/python3.7/site-packages/airflow/example_dags/example_kubernetes_executor.py
[2022-07-07 02:10:53,245] {logging_mixin.py:115} INFO - [2022-07-07 02:10:53,245] {dag.py:2379} INFO - Sync 1 DAGs
[2022-07-07 02:10:53,261] {logging_mixin.py:115} INFO - [2022-07-07 02:10:53,261] {dag.py:2931} INFO - Setting next_dagrun for example_kubernetes_executor to None, run_after=None
[2022-07-07 02:10:53,271] {processor.py:161} INFO - Processing /home/airflow/.local/lib/python3.7/site-packages/airflow/example_dags/example_kubernetes_executor.py took 0.195 seconds
[2022-07-07 02:11:23,716] {processor.py:153} INFO - Started process (PID=1730) to work on /home/airflow/.local/lib/python3.7/site-packages/airflow/example_dags/example_kubernetes_executor.py
[2022-07-07 02:11:23,717] {processor.py:641} INFO - Processing file /home/airflow/.local/lib/python3.7/site-packages/airflow/example_dags/example_kubernetes_executor.py for tasks to queue
[2022-07-07 02:11:23,717] {logging_mixin.py:115} INFO - [2022-07-07 02:11:23,717] {dagbag.py:507} INFO - Filling up the DagBag from /home/airflow/.local/lib/python3.7/site-packages/airflow/example_dags/example_kubernetes_executor.py
[2022-07-07 02:11:23,738] {processor.py:651} INFO - DAG(s) dict_keys(['example_kubernetes_executor']) retrieved from /home/airflow/.local/lib/python3.7/site-packages/airflow/example_dags/example_kubernetes_executor.py
[2022-07-07 02:11:23,882] {logging_mixin.py:115} INFO - [2022-07-07 02:11:23,881] {dag.py:2379} INFO - Sync 1 DAGs
[2022-07-07 02:11:23,896] {logging_mixin.py:115} INFO - [2022-07-07 02:11:23,896] {dag.py:2931} INFO - Setting next_dagrun for example_kubernetes_executor to None, run_after=None
[2022-07-07 02:11:23,909] {processor.py:161} INFO - Processing /home/airflow/.local/lib/python3.7/site-packages/airflow/example_dags/example_kubernetes_executor.py took 0.196 seconds
[2022-07-07 02:11:54,266] {processor.py:153} INFO - Started process (PID=1796) to work on /home/airflow/.local/lib/python3.7/site-packages/airflow/example_dags/example_kubernetes_executor.py
[2022-07-07 02:11:54,268] {processor.py:641} INFO - Processing file /home/airflow/.local/lib/python3.7/site-packages/airflow/example_dags/example_kubernetes_executor.py for tasks to queue
[2022-07-07 02:11:54,269] {logging_mixin.py:115} INFO - [2022-07-07 02:11:54,268] {dagbag.py:507} INFO - Filling up the DagBag from /home/airflow/.local/lib/python3.7/site-packages/airflow/example_dags/example_kubernetes_executor.py
[2022-07-07 02:11:54,306] {processor.py:651} INFO - DAG(s) dict_keys(['example_kubernetes_executor']) retrieved from /home/airflow/.local/lib/python3.7/site-packages/airflow/example_dags/example_kubernetes_executor.py
[2022-07-07 02:11:54,494] {logging_mixin.py:115} INFO - [2022-07-07 02:11:54,494] {dag.py:2379} INFO - Sync 1 DAGs
[2022-07-07 02:11:54,512] {logging_mixin.py:115} INFO - [2022-07-07 02:11:54,511] {dag.py:2931} INFO - Setting next_dagrun for example_kubernetes_executor to None, run_after=None
[2022-07-07 02:11:54,524] {processor.py:161} INFO - Processing /home/airflow/.local/lib/python3.7/site-packages/airflow/example_dags/example_kubernetes_executor.py took 0.268 seconds
[2022-07-07 02:12:25,045] {processor.py:153} INFO - Started process (PID=1852) to work on /home/airflow/.local/lib/python3.7/site-packages/airflow/example_dags/example_kubernetes_executor.py
[2022-07-07 02:12:25,045] {processor.py:641} INFO - Processing file /home/airflow/.local/lib/python3.7/site-packages/airflow/example_dags/example_kubernetes_executor.py for tasks to queue
[2022-07-07 02:12:25,046] {logging_mixin.py:115} INFO - [2022-07-07 02:12:25,046] {dagbag.py:507} INFO - Filling up the DagBag from /home/airflow/.local/lib/python3.7/site-packages/airflow/example_dags/example_kubernetes_executor.py
[2022-07-07 02:12:25,065] {processor.py:651} INFO - DAG(s) dict_keys(['example_kubernetes_executor']) retrieved from /home/airflow/.local/lib/python3.7/site-packages/airflow/example_dags/example_kubernetes_executor.py
[2022-07-07 02:12:25,194] {logging_mixin.py:115} INFO - [2022-07-07 02:12:25,194] {dag.py:2379} INFO - Sync 1 DAGs
[2022-07-07 02:12:25,209] {logging_mixin.py:115} INFO - [2022-07-07 02:12:25,209] {dag.py:2931} INFO - Setting next_dagrun for example_kubernetes_executor to None, run_after=None
[2022-07-07 02:12:25,221] {processor.py:161} INFO - Processing /home/airflow/.local/lib/python3.7/site-packages/airflow/example_dags/example_kubernetes_executor.py took 0.179 seconds
[2022-07-07 02:12:55,433] {processor.py:153} INFO - Started process (PID=1917) to work on /home/airflow/.local/lib/python3.7/site-packages/airflow/example_dags/example_kubernetes_executor.py
[2022-07-07 02:12:55,434] {processor.py:641} INFO - Processing file /home/airflow/.local/lib/python3.7/site-packages/airflow/example_dags/example_kubernetes_executor.py for tasks to queue
[2022-07-07 02:12:55,435] {logging_mixin.py:115} INFO - [2022-07-07 02:12:55,435] {dagbag.py:507} INFO - Filling up the DagBag from /home/airflow/.local/lib/python3.7/site-packages/airflow/example_dags/example_kubernetes_executor.py
[2022-07-07 02:12:55,453] {processor.py:651} INFO - DAG(s) dict_keys(['example_kubernetes_executor']) retrieved from /home/airflow/.local/lib/python3.7/site-packages/airflow/example_dags/example_kubernetes_executor.py
[2022-07-07 02:12:55,582] {logging_mixin.py:115} INFO - [2022-07-07 02:12:55,582] {dag.py:2379} INFO - Sync 1 DAGs
[2022-07-07 02:12:55,598] {logging_mixin.py:115} INFO - [2022-07-07 02:12:55,598] {dag.py:2931} INFO - Setting next_dagrun for example_kubernetes_executor to None, run_after=None
[2022-07-07 02:12:55,611] {processor.py:161} INFO - Processing /home/airflow/.local/lib/python3.7/site-packages/airflow/example_dags/example_kubernetes_executor.py took 0.180 seconds
[2022-07-07 02:13:25,794] {processor.py:153} INFO - Started process (PID=1981) to work on /home/airflow/.local/lib/python3.7/site-packages/airflow/example_dags/example_kubernetes_executor.py
[2022-07-07 02:13:25,795] {processor.py:641} INFO - Processing file /home/airflow/.local/lib/python3.7/site-packages/airflow/example_dags/example_kubernetes_executor.py for tasks to queue
[2022-07-07 02:13:25,796] {logging_mixin.py:115} INFO - [2022-07-07 02:13:25,796] {dagbag.py:507} INFO - Filling up the DagBag from /home/airflow/.local/lib/python3.7/site-packages/airflow/example_dags/example_kubernetes_executor.py
[2022-07-07 02:13:25,815] {processor.py:651} INFO - DAG(s) dict_keys(['example_kubernetes_executor']) retrieved from /home/airflow/.local/lib/python3.7/site-packages/airflow/example_dags/example_kubernetes_executor.py
[2022-07-07 02:13:25,944] {logging_mixin.py:115} INFO - [2022-07-07 02:13:25,943] {dag.py:2379} INFO - Sync 1 DAGs
[2022-07-07 02:13:25,960] {logging_mixin.py:115} INFO - [2022-07-07 02:13:25,960] {dag.py:2931} INFO - Setting next_dagrun for example_kubernetes_executor to None, run_after=None
[2022-07-07 02:13:25,971] {processor.py:161} INFO - Processing /home/airflow/.local/lib/python3.7/site-packages/airflow/example_dags/example_kubernetes_executor.py took 0.179 seconds
[2022-07-07 02:13:56,651] {processor.py:153} INFO - Started process (PID=2040) to work on /home/airflow/.local/lib/python3.7/site-packages/airflow/example_dags/example_kubernetes_executor.py
[2022-07-07 02:13:56,652] {processor.py:641} INFO - Processing file /home/airflow/.local/lib/python3.7/site-packages/airflow/example_dags/example_kubernetes_executor.py for tasks to queue
[2022-07-07 02:13:56,653] {logging_mixin.py:115} INFO - [2022-07-07 02:13:56,653] {dagbag.py:507} INFO - Filling up the DagBag from /home/airflow/.local/lib/python3.7/site-packages/airflow/example_dags/example_kubernetes_executor.py
[2022-07-07 02:13:56,675] {processor.py:651} INFO - DAG(s) dict_keys(['example_kubernetes_executor']) retrieved from /home/airflow/.local/lib/python3.7/site-packages/airflow/example_dags/example_kubernetes_executor.py
[2022-07-07 02:13:56,978] {logging_mixin.py:115} INFO - [2022-07-07 02:13:56,978] {dag.py:2379} INFO - Sync 1 DAGs
[2022-07-07 02:13:57,000] {logging_mixin.py:115} INFO - [2022-07-07 02:13:57,000] {dag.py:2931} INFO - Setting next_dagrun for example_kubernetes_executor to None, run_after=None
[2022-07-07 02:13:57,015] {processor.py:161} INFO - Processing /home/airflow/.local/lib/python3.7/site-packages/airflow/example_dags/example_kubernetes_executor.py took 0.367 seconds
[2022-07-07 02:14:27,744] {processor.py:153} INFO - Started process (PID=2098) to work on /home/airflow/.local/lib/python3.7/site-packages/airflow/example_dags/example_kubernetes_executor.py
[2022-07-07 02:14:27,745] {processor.py:641} INFO - Processing file /home/airflow/.local/lib/python3.7/site-packages/airflow/example_dags/example_kubernetes_executor.py for tasks to queue
[2022-07-07 02:14:27,745] {logging_mixin.py:115} INFO - [2022-07-07 02:14:27,745] {dagbag.py:507} INFO - Filling up the DagBag from /home/airflow/.local/lib/python3.7/site-packages/airflow/example_dags/example_kubernetes_executor.py
[2022-07-07 02:14:27,766] {processor.py:651} INFO - DAG(s) dict_keys(['example_kubernetes_executor']) retrieved from /home/airflow/.local/lib/python3.7/site-packages/airflow/example_dags/example_kubernetes_executor.py
[2022-07-07 02:14:27,905] {logging_mixin.py:115} INFO - [2022-07-07 02:14:27,905] {dag.py:2379} INFO - Sync 1 DAGs
[2022-07-07 02:14:27,924] {logging_mixin.py:115} INFO - [2022-07-07 02:14:27,924] {dag.py:2931} INFO - Setting next_dagrun for example_kubernetes_executor to None, run_after=None
[2022-07-07 02:14:27,935] {processor.py:161} INFO - Processing /home/airflow/.local/lib/python3.7/site-packages/airflow/example_dags/example_kubernetes_executor.py took 0.195 seconds
[2022-07-07 02:14:58,221] {processor.py:153} INFO - Started process (PID=2162) to work on /home/airflow/.local/lib/python3.7/site-packages/airflow/example_dags/example_kubernetes_executor.py
[2022-07-07 02:14:58,222] {processor.py:641} INFO - Processing file /home/airflow/.local/lib/python3.7/site-packages/airflow/example_dags/example_kubernetes_executor.py for tasks to queue
[2022-07-07 02:14:58,222] {logging_mixin.py:115} INFO - [2022-07-07 02:14:58,222] {dagbag.py:507} INFO - Filling up the DagBag from /home/airflow/.local/lib/python3.7/site-packages/airflow/example_dags/example_kubernetes_executor.py
[2022-07-07 02:14:58,241] {processor.py:651} INFO - DAG(s) dict_keys(['example_kubernetes_executor']) retrieved from /home/airflow/.local/lib/python3.7/site-packages/airflow/example_dags/example_kubernetes_executor.py
[2022-07-07 02:14:58,384] {logging_mixin.py:115} INFO - [2022-07-07 02:14:58,384] {dag.py:2379} INFO - Sync 1 DAGs
[2022-07-07 02:14:58,401] {logging_mixin.py:115} INFO - [2022-07-07 02:14:58,401] {dag.py:2931} INFO - Setting next_dagrun for example_kubernetes_executor to None, run_after=None
[2022-07-07 02:14:58,414] {processor.py:161} INFO - Processing /home/airflow/.local/lib/python3.7/site-packages/airflow/example_dags/example_kubernetes_executor.py took 0.195 seconds
[2022-07-07 02:15:28,644] {processor.py:153} INFO - Started process (PID=2227) to work on /home/airflow/.local/lib/python3.7/site-packages/airflow/example_dags/example_kubernetes_executor.py
[2022-07-07 02:15:28,645] {processor.py:641} INFO - Processing file /home/airflow/.local/lib/python3.7/site-packages/airflow/example_dags/example_kubernetes_executor.py for tasks to queue
[2022-07-07 02:15:28,645] {logging_mixin.py:115} INFO - [2022-07-07 02:15:28,645] {dagbag.py:507} INFO - Filling up the DagBag from /home/airflow/.local/lib/python3.7/site-packages/airflow/example_dags/example_kubernetes_executor.py
[2022-07-07 02:15:28,665] {processor.py:651} INFO - DAG(s) dict_keys(['example_kubernetes_executor']) retrieved from /home/airflow/.local/lib/python3.7/site-packages/airflow/example_dags/example_kubernetes_executor.py
[2022-07-07 02:15:28,815] {logging_mixin.py:115} INFO - [2022-07-07 02:15:28,815] {dag.py:2379} INFO - Sync 1 DAGs
[2022-07-07 02:15:28,831] {logging_mixin.py:115} INFO - [2022-07-07 02:15:28,831] {dag.py:2931} INFO - Setting next_dagrun for example_kubernetes_executor to None, run_after=None
[2022-07-07 02:15:28,855] {processor.py:161} INFO - Processing /home/airflow/.local/lib/python3.7/site-packages/airflow/example_dags/example_kubernetes_executor.py took 0.214 seconds
[2022-07-07 02:15:59,832] {processor.py:153} INFO - Started process (PID=2282) to work on /home/airflow/.local/lib/python3.7/site-packages/airflow/example_dags/example_kubernetes_executor.py
[2022-07-07 02:15:59,833] {processor.py:641} INFO - Processing file /home/airflow/.local/lib/python3.7/site-packages/airflow/example_dags/example_kubernetes_executor.py for tasks to queue
[2022-07-07 02:15:59,834] {logging_mixin.py:115} INFO - [2022-07-07 02:15:59,833] {dagbag.py:507} INFO - Filling up the DagBag from /home/airflow/.local/lib/python3.7/site-packages/airflow/example_dags/example_kubernetes_executor.py
[2022-07-07 02:15:59,853] {processor.py:651} INFO - DAG(s) dict_keys(['example_kubernetes_executor']) retrieved from /home/airflow/.local/lib/python3.7/site-packages/airflow/example_dags/example_kubernetes_executor.py
[2022-07-07 02:16:00,021] {logging_mixin.py:115} INFO - [2022-07-07 02:16:00,021] {dag.py:2379} INFO - Sync 1 DAGs
[2022-07-07 02:16:00,054] {logging_mixin.py:115} INFO - [2022-07-07 02:16:00,054] {dag.py:2931} INFO - Setting next_dagrun for example_kubernetes_executor to None, run_after=None
[2022-07-07 02:16:00,070] {processor.py:161} INFO - Processing /home/airflow/.local/lib/python3.7/site-packages/airflow/example_dags/example_kubernetes_executor.py took 0.240 seconds
[2022-07-07 02:16:30,999] {processor.py:153} INFO - Started process (PID=2348) to work on /home/airflow/.local/lib/python3.7/site-packages/airflow/example_dags/example_kubernetes_executor.py
[2022-07-07 02:16:30,999] {processor.py:641} INFO - Processing file /home/airflow/.local/lib/python3.7/site-packages/airflow/example_dags/example_kubernetes_executor.py for tasks to queue
[2022-07-07 02:16:31,000] {logging_mixin.py:115} INFO - [2022-07-07 02:16:31,000] {dagbag.py:507} INFO - Filling up the DagBag from /home/airflow/.local/lib/python3.7/site-packages/airflow/example_dags/example_kubernetes_executor.py
[2022-07-07 02:16:31,020] {processor.py:651} INFO - DAG(s) dict_keys(['example_kubernetes_executor']) retrieved from /home/airflow/.local/lib/python3.7/site-packages/airflow/example_dags/example_kubernetes_executor.py
[2022-07-07 02:16:31,195] {logging_mixin.py:115} INFO - [2022-07-07 02:16:31,195] {dag.py:2379} INFO - Sync 1 DAGs
[2022-07-07 02:16:31,216] {logging_mixin.py:115} INFO - [2022-07-07 02:16:31,216] {dag.py:2931} INFO - Setting next_dagrun for example_kubernetes_executor to None, run_after=None
[2022-07-07 02:16:31,233] {processor.py:161} INFO - Processing /home/airflow/.local/lib/python3.7/site-packages/airflow/example_dags/example_kubernetes_executor.py took 0.237 seconds
[2022-07-07 02:17:02,208] {processor.py:153} INFO - Started process (PID=2413) to work on /home/airflow/.local/lib/python3.7/site-packages/airflow/example_dags/example_kubernetes_executor.py
[2022-07-07 02:17:02,209] {processor.py:641} INFO - Processing file /home/airflow/.local/lib/python3.7/site-packages/airflow/example_dags/example_kubernetes_executor.py for tasks to queue
[2022-07-07 02:17:02,209] {logging_mixin.py:115} INFO - [2022-07-07 02:17:02,209] {dagbag.py:507} INFO - Filling up the DagBag from /home/airflow/.local/lib/python3.7/site-packages/airflow/example_dags/example_kubernetes_executor.py
[2022-07-07 02:17:02,228] {processor.py:651} INFO - DAG(s) dict_keys(['example_kubernetes_executor']) retrieved from /home/airflow/.local/lib/python3.7/site-packages/airflow/example_dags/example_kubernetes_executor.py
[2022-07-07 02:17:02,359] {logging_mixin.py:115} INFO - [2022-07-07 02:17:02,359] {dag.py:2379} INFO - Sync 1 DAGs
[2022-07-07 02:17:02,373] {logging_mixin.py:115} INFO - [2022-07-07 02:17:02,373] {dag.py:2931} INFO - Setting next_dagrun for example_kubernetes_executor to None, run_after=None
[2022-07-07 02:17:02,384] {processor.py:161} INFO - Processing /home/airflow/.local/lib/python3.7/site-packages/airflow/example_dags/example_kubernetes_executor.py took 0.179 seconds
[2022-07-07 02:17:32,684] {processor.py:153} INFO - Started process (PID=2480) to work on /home/airflow/.local/lib/python3.7/site-packages/airflow/example_dags/example_kubernetes_executor.py
[2022-07-07 02:17:32,685] {processor.py:641} INFO - Processing file /home/airflow/.local/lib/python3.7/site-packages/airflow/example_dags/example_kubernetes_executor.py for tasks to queue
[2022-07-07 02:17:32,686] {logging_mixin.py:115} INFO - [2022-07-07 02:17:32,686] {dagbag.py:507} INFO - Filling up the DagBag from /home/airflow/.local/lib/python3.7/site-packages/airflow/example_dags/example_kubernetes_executor.py
[2022-07-07 02:17:32,706] {processor.py:651} INFO - DAG(s) dict_keys(['example_kubernetes_executor']) retrieved from /home/airflow/.local/lib/python3.7/site-packages/airflow/example_dags/example_kubernetes_executor.py
[2022-07-07 02:17:32,841] {logging_mixin.py:115} INFO - [2022-07-07 02:17:32,841] {dag.py:2379} INFO - Sync 1 DAGs
[2022-07-07 02:17:32,857] {logging_mixin.py:115} INFO - [2022-07-07 02:17:32,857] {dag.py:2931} INFO - Setting next_dagrun for example_kubernetes_executor to None, run_after=None
[2022-07-07 02:17:32,880] {processor.py:161} INFO - Processing /home/airflow/.local/lib/python3.7/site-packages/airflow/example_dags/example_kubernetes_executor.py took 0.198 seconds
[2022-07-07 02:18:03,688] {processor.py:153} INFO - Started process (PID=2535) to work on /home/airflow/.local/lib/python3.7/site-packages/airflow/example_dags/example_kubernetes_executor.py
[2022-07-07 02:18:03,689] {processor.py:641} INFO - Processing file /home/airflow/.local/lib/python3.7/site-packages/airflow/example_dags/example_kubernetes_executor.py for tasks to queue
[2022-07-07 02:18:03,690] {logging_mixin.py:115} INFO - [2022-07-07 02:18:03,690] {dagbag.py:507} INFO - Filling up the DagBag from /home/airflow/.local/lib/python3.7/site-packages/airflow/example_dags/example_kubernetes_executor.py
[2022-07-07 02:18:03,726] {processor.py:651} INFO - DAG(s) dict_keys(['example_kubernetes_executor']) retrieved from /home/airflow/.local/lib/python3.7/site-packages/airflow/example_dags/example_kubernetes_executor.py
[2022-07-07 02:18:03,962] {logging_mixin.py:115} INFO - [2022-07-07 02:18:03,962] {dag.py:2379} INFO - Sync 1 DAGs
[2022-07-07 02:18:03,984] {logging_mixin.py:115} INFO - [2022-07-07 02:18:03,984] {dag.py:2931} INFO - Setting next_dagrun for example_kubernetes_executor to None, run_after=None
[2022-07-07 02:18:03,995] {processor.py:161} INFO - Processing /home/airflow/.local/lib/python3.7/site-packages/airflow/example_dags/example_kubernetes_executor.py took 0.311 seconds
[2022-07-07 02:18:34,235] {processor.py:153} INFO - Started process (PID=2601) to work on /home/airflow/.local/lib/python3.7/site-packages/airflow/example_dags/example_kubernetes_executor.py
[2022-07-07 02:18:34,236] {processor.py:641} INFO - Processing file /home/airflow/.local/lib/python3.7/site-packages/airflow/example_dags/example_kubernetes_executor.py for tasks to queue
[2022-07-07 02:18:34,236] {logging_mixin.py:115} INFO - [2022-07-07 02:18:34,236] {dagbag.py:507} INFO - Filling up the DagBag from /home/airflow/.local/lib/python3.7/site-packages/airflow/example_dags/example_kubernetes_executor.py
[2022-07-07 02:18:34,257] {processor.py:651} INFO - DAG(s) dict_keys(['example_kubernetes_executor']) retrieved from /home/airflow/.local/lib/python3.7/site-packages/airflow/example_dags/example_kubernetes_executor.py
[2022-07-07 02:18:34,413] {logging_mixin.py:115} INFO - [2022-07-07 02:18:34,413] {dag.py:2379} INFO - Sync 1 DAGs
[2022-07-07 02:18:34,428] {logging_mixin.py:115} INFO - [2022-07-07 02:18:34,428] {dag.py:2931} INFO - Setting next_dagrun for example_kubernetes_executor to None, run_after=None
[2022-07-07 02:18:34,439] {processor.py:161} INFO - Processing /home/airflow/.local/lib/python3.7/site-packages/airflow/example_dags/example_kubernetes_executor.py took 0.207 seconds
[2022-07-07 02:19:04,476] {processor.py:153} INFO - Started process (PID=2667) to work on /home/airflow/.local/lib/python3.7/site-packages/airflow/example_dags/example_kubernetes_executor.py
[2022-07-07 02:19:04,477] {processor.py:641} INFO - Processing file /home/airflow/.local/lib/python3.7/site-packages/airflow/example_dags/example_kubernetes_executor.py for tasks to queue
[2022-07-07 02:19:04,478] {logging_mixin.py:115} INFO - [2022-07-07 02:19:04,478] {dagbag.py:507} INFO - Filling up the DagBag from /home/airflow/.local/lib/python3.7/site-packages/airflow/example_dags/example_kubernetes_executor.py
[2022-07-07 02:19:04,499] {processor.py:651} INFO - DAG(s) dict_keys(['example_kubernetes_executor']) retrieved from /home/airflow/.local/lib/python3.7/site-packages/airflow/example_dags/example_kubernetes_executor.py
[2022-07-07 02:19:04,637] {logging_mixin.py:115} INFO - [2022-07-07 02:19:04,637] {dag.py:2379} INFO - Sync 1 DAGs
[2022-07-07 02:19:04,652] {logging_mixin.py:115} INFO - [2022-07-07 02:19:04,652] {dag.py:2931} INFO - Setting next_dagrun for example_kubernetes_executor to None, run_after=None
[2022-07-07 02:19:04,664] {processor.py:161} INFO - Processing /home/airflow/.local/lib/python3.7/site-packages/airflow/example_dags/example_kubernetes_executor.py took 0.190 seconds
[2022-07-07 02:19:34,923] {processor.py:153} INFO - Started process (PID=2722) to work on /home/airflow/.local/lib/python3.7/site-packages/airflow/example_dags/example_kubernetes_executor.py
[2022-07-07 02:19:34,924] {processor.py:641} INFO - Processing file /home/airflow/.local/lib/python3.7/site-packages/airflow/example_dags/example_kubernetes_executor.py for tasks to queue
[2022-07-07 02:19:34,924] {logging_mixin.py:115} INFO - [2022-07-07 02:19:34,924] {dagbag.py:507} INFO - Filling up the DagBag from /home/airflow/.local/lib/python3.7/site-packages/airflow/example_dags/example_kubernetes_executor.py
[2022-07-07 02:19:34,948] {processor.py:651} INFO - DAG(s) dict_keys(['example_kubernetes_executor']) retrieved from /home/airflow/.local/lib/python3.7/site-packages/airflow/example_dags/example_kubernetes_executor.py
[2022-07-07 02:19:35,078] {logging_mixin.py:115} INFO - [2022-07-07 02:19:35,078] {dag.py:2379} INFO - Sync 1 DAGs
[2022-07-07 02:19:35,093] {logging_mixin.py:115} INFO - [2022-07-07 02:19:35,093] {dag.py:2931} INFO - Setting next_dagrun for example_kubernetes_executor to None, run_after=None
[2022-07-07 02:19:35,106] {processor.py:161} INFO - Processing /home/airflow/.local/lib/python3.7/site-packages/airflow/example_dags/example_kubernetes_executor.py took 0.186 seconds
[2022-07-07 02:29:52,608] {processor.py:153} INFO - Started process (PID=53) to work on /home/airflow/.local/lib/python3.7/site-packages/airflow/example_dags/example_kubernetes_executor.py
[2022-07-07 02:29:52,618] {processor.py:641} INFO - Processing file /home/airflow/.local/lib/python3.7/site-packages/airflow/example_dags/example_kubernetes_executor.py for tasks to queue
[2022-07-07 02:29:52,635] {logging_mixin.py:115} INFO - [2022-07-07 02:29:52,635] {dagbag.py:507} INFO - Filling up the DagBag from /home/airflow/.local/lib/python3.7/site-packages/airflow/example_dags/example_kubernetes_executor.py
[2022-07-07 02:29:52,738] {processor.py:651} INFO - DAG(s) dict_keys(['example_kubernetes_executor']) retrieved from /home/airflow/.local/lib/python3.7/site-packages/airflow/example_dags/example_kubernetes_executor.py
[2022-07-07 02:29:52,849] {logging_mixin.py:115} INFO - [2022-07-07 02:29:52,849] {dag.py:2379} INFO - Sync 1 DAGs
[2022-07-07 02:29:53,079] {logging_mixin.py:115} INFO - [2022-07-07 02:29:53,078] {dag.py:2931} INFO - Setting next_dagrun for example_kubernetes_executor to None, run_after=None
[2022-07-07 02:29:53,100] {processor.py:161} INFO - Processing /home/airflow/.local/lib/python3.7/site-packages/airflow/example_dags/example_kubernetes_executor.py took 0.500 seconds
[2022-07-07 02:30:24,411] {processor.py:153} INFO - Started process (PID=108) to work on /home/airflow/.local/lib/python3.7/site-packages/airflow/example_dags/example_kubernetes_executor.py
[2022-07-07 02:30:24,412] {processor.py:641} INFO - Processing file /home/airflow/.local/lib/python3.7/site-packages/airflow/example_dags/example_kubernetes_executor.py for tasks to queue
[2022-07-07 02:30:24,414] {logging_mixin.py:115} INFO - [2022-07-07 02:30:24,413] {dagbag.py:507} INFO - Filling up the DagBag from /home/airflow/.local/lib/python3.7/site-packages/airflow/example_dags/example_kubernetes_executor.py
[2022-07-07 02:30:24,464] {processor.py:651} INFO - DAG(s) dict_keys(['example_kubernetes_executor']) retrieved from /home/airflow/.local/lib/python3.7/site-packages/airflow/example_dags/example_kubernetes_executor.py
[2022-07-07 02:30:24,496] {logging_mixin.py:115} INFO - [2022-07-07 02:30:24,496] {dag.py:2379} INFO - Sync 1 DAGs
[2022-07-07 02:30:24,654] {logging_mixin.py:115} INFO - [2022-07-07 02:30:24,654] {dag.py:2931} INFO - Setting next_dagrun for example_kubernetes_executor to None, run_after=None
[2022-07-07 02:30:24,669] {processor.py:161} INFO - Processing /home/airflow/.local/lib/python3.7/site-packages/airflow/example_dags/example_kubernetes_executor.py took 0.264 seconds
[2022-07-07 02:30:55,078] {processor.py:153} INFO - Started process (PID=162) to work on /home/airflow/.local/lib/python3.7/site-packages/airflow/example_dags/example_kubernetes_executor.py
[2022-07-07 02:30:55,079] {processor.py:641} INFO - Processing file /home/airflow/.local/lib/python3.7/site-packages/airflow/example_dags/example_kubernetes_executor.py for tasks to queue
[2022-07-07 02:30:55,079] {logging_mixin.py:115} INFO - [2022-07-07 02:30:55,079] {dagbag.py:507} INFO - Filling up the DagBag from /home/airflow/.local/lib/python3.7/site-packages/airflow/example_dags/example_kubernetes_executor.py
[2022-07-07 02:30:55,099] {processor.py:651} INFO - DAG(s) dict_keys(['example_kubernetes_executor']) retrieved from /home/airflow/.local/lib/python3.7/site-packages/airflow/example_dags/example_kubernetes_executor.py
[2022-07-07 02:30:55,126] {logging_mixin.py:115} INFO - [2022-07-07 02:30:55,125] {dag.py:2379} INFO - Sync 1 DAGs
[2022-07-07 02:30:55,268] {logging_mixin.py:115} INFO - [2022-07-07 02:30:55,268] {dag.py:2931} INFO - Setting next_dagrun for example_kubernetes_executor to None, run_after=None
[2022-07-07 02:30:55,293] {processor.py:161} INFO - Processing /home/airflow/.local/lib/python3.7/site-packages/airflow/example_dags/example_kubernetes_executor.py took 0.218 seconds
[2022-07-07 02:31:25,372] {processor.py:153} INFO - Started process (PID=232) to work on /home/airflow/.local/lib/python3.7/site-packages/airflow/example_dags/example_kubernetes_executor.py
[2022-07-07 02:31:25,373] {processor.py:641} INFO - Processing file /home/airflow/.local/lib/python3.7/site-packages/airflow/example_dags/example_kubernetes_executor.py for tasks to queue
[2022-07-07 02:31:25,373] {logging_mixin.py:115} INFO - [2022-07-07 02:31:25,373] {dagbag.py:507} INFO - Filling up the DagBag from /home/airflow/.local/lib/python3.7/site-packages/airflow/example_dags/example_kubernetes_executor.py
[2022-07-07 02:31:25,392] {processor.py:651} INFO - DAG(s) dict_keys(['example_kubernetes_executor']) retrieved from /home/airflow/.local/lib/python3.7/site-packages/airflow/example_dags/example_kubernetes_executor.py
[2022-07-07 02:31:25,418] {logging_mixin.py:115} INFO - [2022-07-07 02:31:25,418] {dag.py:2379} INFO - Sync 1 DAGs
[2022-07-07 02:31:25,539] {logging_mixin.py:115} INFO - [2022-07-07 02:31:25,538] {dag.py:2931} INFO - Setting next_dagrun for example_kubernetes_executor to None, run_after=None
[2022-07-07 02:31:25,550] {processor.py:161} INFO - Processing /home/airflow/.local/lib/python3.7/site-packages/airflow/example_dags/example_kubernetes_executor.py took 0.181 seconds
[2022-07-07 02:31:56,329] {processor.py:153} INFO - Started process (PID=296) to work on /home/airflow/.local/lib/python3.7/site-packages/airflow/example_dags/example_kubernetes_executor.py
[2022-07-07 02:31:56,369] {processor.py:641} INFO - Processing file /home/airflow/.local/lib/python3.7/site-packages/airflow/example_dags/example_kubernetes_executor.py for tasks to queue
[2022-07-07 02:31:56,372] {logging_mixin.py:115} INFO - [2022-07-07 02:31:56,371] {dagbag.py:507} INFO - Filling up the DagBag from /home/airflow/.local/lib/python3.7/site-packages/airflow/example_dags/example_kubernetes_executor.py
[2022-07-07 02:31:56,442] {processor.py:651} INFO - DAG(s) dict_keys(['example_kubernetes_executor']) retrieved from /home/airflow/.local/lib/python3.7/site-packages/airflow/example_dags/example_kubernetes_executor.py
[2022-07-07 02:31:56,510] {logging_mixin.py:115} INFO - [2022-07-07 02:31:56,510] {dag.py:2379} INFO - Sync 1 DAGs
[2022-07-07 02:31:56,766] {logging_mixin.py:115} INFO - [2022-07-07 02:31:56,766] {dag.py:2931} INFO - Setting next_dagrun for example_kubernetes_executor to None, run_after=None
[2022-07-07 02:31:56,786] {processor.py:161} INFO - Processing /home/airflow/.local/lib/python3.7/site-packages/airflow/example_dags/example_kubernetes_executor.py took 0.461 seconds
[2022-07-07 02:32:27,849] {processor.py:153} INFO - Started process (PID=354) to work on /home/airflow/.local/lib/python3.7/site-packages/airflow/example_dags/example_kubernetes_executor.py
[2022-07-07 02:32:27,850] {processor.py:641} INFO - Processing file /home/airflow/.local/lib/python3.7/site-packages/airflow/example_dags/example_kubernetes_executor.py for tasks to queue
[2022-07-07 02:32:27,850] {logging_mixin.py:115} INFO - [2022-07-07 02:32:27,850] {dagbag.py:507} INFO - Filling up the DagBag from /home/airflow/.local/lib/python3.7/site-packages/airflow/example_dags/example_kubernetes_executor.py
[2022-07-07 02:32:27,869] {processor.py:651} INFO - DAG(s) dict_keys(['example_kubernetes_executor']) retrieved from /home/airflow/.local/lib/python3.7/site-packages/airflow/example_dags/example_kubernetes_executor.py
[2022-07-07 02:32:27,894] {logging_mixin.py:115} INFO - [2022-07-07 02:32:27,894] {dag.py:2379} INFO - Sync 1 DAGs
[2022-07-07 02:32:28,020] {logging_mixin.py:115} INFO - [2022-07-07 02:32:28,020] {dag.py:2931} INFO - Setting next_dagrun for example_kubernetes_executor to None, run_after=None
[2022-07-07 02:32:28,030] {processor.py:161} INFO - Processing /home/airflow/.local/lib/python3.7/site-packages/airflow/example_dags/example_kubernetes_executor.py took 0.185 seconds
[2022-07-07 02:32:58,961] {processor.py:153} INFO - Started process (PID=420) to work on /home/airflow/.local/lib/python3.7/site-packages/airflow/example_dags/example_kubernetes_executor.py
[2022-07-07 02:32:58,962] {processor.py:641} INFO - Processing file /home/airflow/.local/lib/python3.7/site-packages/airflow/example_dags/example_kubernetes_executor.py for tasks to queue
[2022-07-07 02:32:58,963] {logging_mixin.py:115} INFO - [2022-07-07 02:32:58,963] {dagbag.py:507} INFO - Filling up the DagBag from /home/airflow/.local/lib/python3.7/site-packages/airflow/example_dags/example_kubernetes_executor.py
[2022-07-07 02:32:58,987] {processor.py:651} INFO - DAG(s) dict_keys(['example_kubernetes_executor']) retrieved from /home/airflow/.local/lib/python3.7/site-packages/airflow/example_dags/example_kubernetes_executor.py
[2022-07-07 02:32:59,015] {logging_mixin.py:115} INFO - [2022-07-07 02:32:59,015] {dag.py:2379} INFO - Sync 1 DAGs
[2022-07-07 02:32:59,136] {logging_mixin.py:115} INFO - [2022-07-07 02:32:59,136] {dag.py:2931} INFO - Setting next_dagrun for example_kubernetes_executor to None, run_after=None
[2022-07-07 02:32:59,147] {processor.py:161} INFO - Processing /home/airflow/.local/lib/python3.7/site-packages/airflow/example_dags/example_kubernetes_executor.py took 0.189 seconds
