[2022-07-07 01:25:28,779] {processor.py:153} INFO - Started process (PID=61) to work on /home/airflow/.local/lib/python3.7/site-packages/airflow/example_dags/tutorial_etl_dag.py
[2022-07-07 01:25:28,781] {processor.py:641} INFO - Processing file /home/airflow/.local/lib/python3.7/site-packages/airflow/example_dags/tutorial_etl_dag.py for tasks to queue
[2022-07-07 01:25:28,782] {logging_mixin.py:115} INFO - [2022-07-07 01:25:28,781] {dagbag.py:507} INFO - Filling up the DagBag from /home/airflow/.local/lib/python3.7/site-packages/airflow/example_dags/tutorial_etl_dag.py
[2022-07-07 01:25:28,793] {processor.py:651} INFO - DAG(s) dict_keys(['tutorial_etl_dag']) retrieved from /home/airflow/.local/lib/python3.7/site-packages/airflow/example_dags/tutorial_etl_dag.py
[2022-07-07 01:25:29,952] {logging_mixin.py:115} INFO - [2022-07-07 01:25:29,952] {manager.py:508} INFO - Created Permission View: can edit on DAG:tutorial_etl_dag
[2022-07-07 01:25:29,974] {logging_mixin.py:115} INFO - [2022-07-07 01:25:29,974] {manager.py:508} INFO - Created Permission View: can read on DAG:tutorial_etl_dag
[2022-07-07 01:25:29,988] {logging_mixin.py:115} INFO - [2022-07-07 01:25:29,988] {manager.py:508} INFO - Created Permission View: can delete on DAG:tutorial_etl_dag
[2022-07-07 01:25:29,988] {logging_mixin.py:115} INFO - [2022-07-07 01:25:29,988] {dag.py:2379} INFO - Sync 1 DAGs
[2022-07-07 01:25:30,002] {logging_mixin.py:115} INFO - [2022-07-07 01:25:30,002] {dag.py:2398} INFO - Creating ORM DAG for tutorial_etl_dag
[2022-07-07 01:25:30,032] {logging_mixin.py:115} INFO - [2022-07-07 01:25:30,032] {dag.py:2931} INFO - Setting next_dagrun for tutorial_etl_dag to None, run_after=None
[2022-07-07 01:25:30,061] {processor.py:161} INFO - Processing /home/airflow/.local/lib/python3.7/site-packages/airflow/example_dags/tutorial_etl_dag.py took 1.286 seconds
[2022-07-07 01:26:00,146] {processor.py:153} INFO - Started process (PID=128) to work on /home/airflow/.local/lib/python3.7/site-packages/airflow/example_dags/tutorial_etl_dag.py
[2022-07-07 01:26:00,147] {processor.py:641} INFO - Processing file /home/airflow/.local/lib/python3.7/site-packages/airflow/example_dags/tutorial_etl_dag.py for tasks to queue
[2022-07-07 01:26:00,148] {logging_mixin.py:115} INFO - [2022-07-07 01:26:00,148] {dagbag.py:507} INFO - Filling up the DagBag from /home/airflow/.local/lib/python3.7/site-packages/airflow/example_dags/tutorial_etl_dag.py
[2022-07-07 01:26:00,156] {processor.py:651} INFO - DAG(s) dict_keys(['tutorial_etl_dag']) retrieved from /home/airflow/.local/lib/python3.7/site-packages/airflow/example_dags/tutorial_etl_dag.py
[2022-07-07 01:26:00,184] {logging_mixin.py:115} INFO - [2022-07-07 01:26:00,184] {dag.py:2379} INFO - Sync 1 DAGs
[2022-07-07 01:26:00,226] {logging_mixin.py:115} INFO - [2022-07-07 01:26:00,226] {dag.py:2931} INFO - Setting next_dagrun for tutorial_etl_dag to None, run_after=None
[2022-07-07 01:26:00,354] {processor.py:161} INFO - Processing /home/airflow/.local/lib/python3.7/site-packages/airflow/example_dags/tutorial_etl_dag.py took 0.211 seconds
[2022-07-07 01:26:30,825] {processor.py:153} INFO - Started process (PID=184) to work on /home/airflow/.local/lib/python3.7/site-packages/airflow/example_dags/tutorial_etl_dag.py
[2022-07-07 01:26:30,826] {processor.py:641} INFO - Processing file /home/airflow/.local/lib/python3.7/site-packages/airflow/example_dags/tutorial_etl_dag.py for tasks to queue
[2022-07-07 01:26:30,827] {logging_mixin.py:115} INFO - [2022-07-07 01:26:30,827] {dagbag.py:507} INFO - Filling up the DagBag from /home/airflow/.local/lib/python3.7/site-packages/airflow/example_dags/tutorial_etl_dag.py
[2022-07-07 01:26:30,834] {processor.py:651} INFO - DAG(s) dict_keys(['tutorial_etl_dag']) retrieved from /home/airflow/.local/lib/python3.7/site-packages/airflow/example_dags/tutorial_etl_dag.py
[2022-07-07 01:26:30,917] {logging_mixin.py:115} INFO - [2022-07-07 01:26:30,917] {dag.py:2379} INFO - Sync 1 DAGs
[2022-07-07 01:26:30,948] {logging_mixin.py:115} INFO - [2022-07-07 01:26:30,948] {dag.py:2931} INFO - Setting next_dagrun for tutorial_etl_dag to None, run_after=None
[2022-07-07 01:26:31,096] {processor.py:161} INFO - Processing /home/airflow/.local/lib/python3.7/site-packages/airflow/example_dags/tutorial_etl_dag.py took 0.275 seconds
[2022-07-07 01:27:08,879] {processor.py:153} INFO - Started process (PID=252) to work on /home/airflow/.local/lib/python3.7/site-packages/airflow/example_dags/tutorial_etl_dag.py
[2022-07-07 01:27:08,880] {processor.py:641} INFO - Processing file /home/airflow/.local/lib/python3.7/site-packages/airflow/example_dags/tutorial_etl_dag.py for tasks to queue
[2022-07-07 01:27:08,882] {logging_mixin.py:115} INFO - [2022-07-07 01:27:08,882] {dagbag.py:507} INFO - Filling up the DagBag from /home/airflow/.local/lib/python3.7/site-packages/airflow/example_dags/tutorial_etl_dag.py
[2022-07-07 01:27:08,897] {processor.py:651} INFO - DAG(s) dict_keys(['tutorial_etl_dag']) retrieved from /home/airflow/.local/lib/python3.7/site-packages/airflow/example_dags/tutorial_etl_dag.py
[2022-07-07 01:27:08,946] {logging_mixin.py:115} INFO - [2022-07-07 01:27:08,946] {dag.py:2379} INFO - Sync 1 DAGs
[2022-07-07 01:27:08,992] {logging_mixin.py:115} INFO - [2022-07-07 01:27:08,992] {dag.py:2931} INFO - Setting next_dagrun for tutorial_etl_dag to None, run_after=None
[2022-07-07 01:27:09,262] {processor.py:161} INFO - Processing /home/airflow/.local/lib/python3.7/site-packages/airflow/example_dags/tutorial_etl_dag.py took 0.399 seconds
[2022-07-07 01:27:39,390] {processor.py:153} INFO - Started process (PID=308) to work on /home/airflow/.local/lib/python3.7/site-packages/airflow/example_dags/tutorial_etl_dag.py
[2022-07-07 01:27:39,391] {processor.py:641} INFO - Processing file /home/airflow/.local/lib/python3.7/site-packages/airflow/example_dags/tutorial_etl_dag.py for tasks to queue
[2022-07-07 01:27:39,392] {logging_mixin.py:115} INFO - [2022-07-07 01:27:39,392] {dagbag.py:507} INFO - Filling up the DagBag from /home/airflow/.local/lib/python3.7/site-packages/airflow/example_dags/tutorial_etl_dag.py
[2022-07-07 01:27:39,401] {processor.py:651} INFO - DAG(s) dict_keys(['tutorial_etl_dag']) retrieved from /home/airflow/.local/lib/python3.7/site-packages/airflow/example_dags/tutorial_etl_dag.py
[2022-07-07 01:27:39,426] {logging_mixin.py:115} INFO - [2022-07-07 01:27:39,425] {dag.py:2379} INFO - Sync 1 DAGs
[2022-07-07 01:27:39,453] {logging_mixin.py:115} INFO - [2022-07-07 01:27:39,453] {dag.py:2931} INFO - Setting next_dagrun for tutorial_etl_dag to None, run_after=None
[2022-07-07 01:27:39,598] {processor.py:161} INFO - Processing /home/airflow/.local/lib/python3.7/site-packages/airflow/example_dags/tutorial_etl_dag.py took 0.210 seconds
[2022-07-07 01:28:10,795] {processor.py:153} INFO - Started process (PID=376) to work on /home/airflow/.local/lib/python3.7/site-packages/airflow/example_dags/tutorial_etl_dag.py
[2022-07-07 01:28:10,800] {processor.py:641} INFO - Processing file /home/airflow/.local/lib/python3.7/site-packages/airflow/example_dags/tutorial_etl_dag.py for tasks to queue
[2022-07-07 01:28:10,802] {logging_mixin.py:115} INFO - [2022-07-07 01:28:10,802] {dagbag.py:507} INFO - Filling up the DagBag from /home/airflow/.local/lib/python3.7/site-packages/airflow/example_dags/tutorial_etl_dag.py
[2022-07-07 01:28:10,817] {processor.py:651} INFO - DAG(s) dict_keys(['tutorial_etl_dag']) retrieved from /home/airflow/.local/lib/python3.7/site-packages/airflow/example_dags/tutorial_etl_dag.py
[2022-07-07 01:28:10,864] {logging_mixin.py:115} INFO - [2022-07-07 01:28:10,864] {dag.py:2379} INFO - Sync 1 DAGs
[2022-07-07 01:28:10,913] {logging_mixin.py:115} INFO - [2022-07-07 01:28:10,913] {dag.py:2931} INFO - Setting next_dagrun for tutorial_etl_dag to None, run_after=None
[2022-07-07 01:28:11,128] {processor.py:161} INFO - Processing /home/airflow/.local/lib/python3.7/site-packages/airflow/example_dags/tutorial_etl_dag.py took 0.339 seconds
[2022-07-07 01:28:45,004] {processor.py:153} INFO - Started process (PID=432) to work on /home/airflow/.local/lib/python3.7/site-packages/airflow/example_dags/tutorial_etl_dag.py
[2022-07-07 01:28:45,006] {processor.py:641} INFO - Processing file /home/airflow/.local/lib/python3.7/site-packages/airflow/example_dags/tutorial_etl_dag.py for tasks to queue
[2022-07-07 01:28:45,006] {logging_mixin.py:115} INFO - [2022-07-07 01:28:45,006] {dagbag.py:507} INFO - Filling up the DagBag from /home/airflow/.local/lib/python3.7/site-packages/airflow/example_dags/tutorial_etl_dag.py
[2022-07-07 01:28:45,013] {processor.py:651} INFO - DAG(s) dict_keys(['tutorial_etl_dag']) retrieved from /home/airflow/.local/lib/python3.7/site-packages/airflow/example_dags/tutorial_etl_dag.py
[2022-07-07 01:28:45,036] {logging_mixin.py:115} INFO - [2022-07-07 01:28:45,036] {dag.py:2379} INFO - Sync 1 DAGs
[2022-07-07 01:28:45,061] {logging_mixin.py:115} INFO - [2022-07-07 01:28:45,061] {dag.py:2931} INFO - Setting next_dagrun for tutorial_etl_dag to None, run_after=None
[2022-07-07 01:28:45,185] {processor.py:161} INFO - Processing /home/airflow/.local/lib/python3.7/site-packages/airflow/example_dags/tutorial_etl_dag.py took 0.184 seconds
[2022-07-07 01:46:12,734] {processor.py:153} INFO - Started process (PID=60) to work on /home/airflow/.local/lib/python3.7/site-packages/airflow/example_dags/tutorial_etl_dag.py
[2022-07-07 01:46:12,759] {processor.py:641} INFO - Processing file /home/airflow/.local/lib/python3.7/site-packages/airflow/example_dags/tutorial_etl_dag.py for tasks to queue
[2022-07-07 01:46:12,760] {logging_mixin.py:115} INFO - [2022-07-07 01:46:12,760] {dagbag.py:507} INFO - Filling up the DagBag from /home/airflow/.local/lib/python3.7/site-packages/airflow/example_dags/tutorial_etl_dag.py
[2022-07-07 01:46:12,768] {processor.py:651} INFO - DAG(s) dict_keys(['tutorial_etl_dag']) retrieved from /home/airflow/.local/lib/python3.7/site-packages/airflow/example_dags/tutorial_etl_dag.py
[2022-07-07 01:46:12,815] {logging_mixin.py:115} INFO - [2022-07-07 01:46:12,815] {dag.py:2379} INFO - Sync 1 DAGs
[2022-07-07 01:46:12,834] {logging_mixin.py:115} INFO - [2022-07-07 01:46:12,834] {dag.py:2931} INFO - Setting next_dagrun for tutorial_etl_dag to None, run_after=None
[2022-07-07 01:46:12,989] {processor.py:161} INFO - Processing /home/airflow/.local/lib/python3.7/site-packages/airflow/example_dags/tutorial_etl_dag.py took 0.259 seconds
[2022-07-07 01:47:15,994] {processor.py:153} INFO - Started process (PID=135) to work on /home/airflow/.local/lib/python3.7/site-packages/airflow/example_dags/tutorial_etl_dag.py
[2022-07-07 01:47:15,995] {processor.py:641} INFO - Processing file /home/airflow/.local/lib/python3.7/site-packages/airflow/example_dags/tutorial_etl_dag.py for tasks to queue
[2022-07-07 01:47:15,996] {logging_mixin.py:115} INFO - [2022-07-07 01:47:15,996] {dagbag.py:507} INFO - Filling up the DagBag from /home/airflow/.local/lib/python3.7/site-packages/airflow/example_dags/tutorial_etl_dag.py
[2022-07-07 01:47:16,011] {processor.py:651} INFO - DAG(s) dict_keys(['tutorial_etl_dag']) retrieved from /home/airflow/.local/lib/python3.7/site-packages/airflow/example_dags/tutorial_etl_dag.py
[2022-07-07 01:47:16,054] {logging_mixin.py:115} INFO - [2022-07-07 01:47:16,054] {dag.py:2379} INFO - Sync 1 DAGs
[2022-07-07 01:47:16,093] {logging_mixin.py:115} INFO - [2022-07-07 01:47:16,093] {dag.py:2931} INFO - Setting next_dagrun for tutorial_etl_dag to None, run_after=None
[2022-07-07 01:47:16,308] {processor.py:161} INFO - Processing /home/airflow/.local/lib/python3.7/site-packages/airflow/example_dags/tutorial_etl_dag.py took 0.321 seconds
[2022-07-07 01:47:47,289] {processor.py:153} INFO - Started process (PID=191) to work on /home/airflow/.local/lib/python3.7/site-packages/airflow/example_dags/tutorial_etl_dag.py
[2022-07-07 01:47:47,291] {processor.py:641} INFO - Processing file /home/airflow/.local/lib/python3.7/site-packages/airflow/example_dags/tutorial_etl_dag.py for tasks to queue
[2022-07-07 01:47:47,292] {logging_mixin.py:115} INFO - [2022-07-07 01:47:47,292] {dagbag.py:507} INFO - Filling up the DagBag from /home/airflow/.local/lib/python3.7/site-packages/airflow/example_dags/tutorial_etl_dag.py
[2022-07-07 01:47:47,314] {processor.py:651} INFO - DAG(s) dict_keys(['tutorial_etl_dag']) retrieved from /home/airflow/.local/lib/python3.7/site-packages/airflow/example_dags/tutorial_etl_dag.py
[2022-07-07 01:47:47,394] {logging_mixin.py:115} INFO - [2022-07-07 01:47:47,394] {dag.py:2379} INFO - Sync 1 DAGs
[2022-07-07 01:47:47,507] {logging_mixin.py:115} INFO - [2022-07-07 01:47:47,507] {dag.py:2931} INFO - Setting next_dagrun for tutorial_etl_dag to None, run_after=None
[2022-07-07 01:47:47,924] {processor.py:161} INFO - Processing /home/airflow/.local/lib/python3.7/site-packages/airflow/example_dags/tutorial_etl_dag.py took 0.642 seconds
[2022-07-07 01:48:18,079] {processor.py:153} INFO - Started process (PID=259) to work on /home/airflow/.local/lib/python3.7/site-packages/airflow/example_dags/tutorial_etl_dag.py
[2022-07-07 01:48:18,080] {processor.py:641} INFO - Processing file /home/airflow/.local/lib/python3.7/site-packages/airflow/example_dags/tutorial_etl_dag.py for tasks to queue
[2022-07-07 01:48:18,090] {logging_mixin.py:115} INFO - [2022-07-07 01:48:18,089] {dagbag.py:507} INFO - Filling up the DagBag from /home/airflow/.local/lib/python3.7/site-packages/airflow/example_dags/tutorial_etl_dag.py
[2022-07-07 01:48:18,106] {processor.py:651} INFO - DAG(s) dict_keys(['tutorial_etl_dag']) retrieved from /home/airflow/.local/lib/python3.7/site-packages/airflow/example_dags/tutorial_etl_dag.py
[2022-07-07 01:48:18,169] {logging_mixin.py:115} INFO - [2022-07-07 01:48:18,168] {dag.py:2379} INFO - Sync 1 DAGs
[2022-07-07 01:48:18,212] {logging_mixin.py:115} INFO - [2022-07-07 01:48:18,212] {dag.py:2931} INFO - Setting next_dagrun for tutorial_etl_dag to None, run_after=None
[2022-07-07 01:48:18,581] {processor.py:161} INFO - Processing /home/airflow/.local/lib/python3.7/site-packages/airflow/example_dags/tutorial_etl_dag.py took 0.507 seconds
[2022-07-07 01:48:48,636] {processor.py:153} INFO - Started process (PID=314) to work on /home/airflow/.local/lib/python3.7/site-packages/airflow/example_dags/tutorial_etl_dag.py
[2022-07-07 01:48:48,637] {processor.py:641} INFO - Processing file /home/airflow/.local/lib/python3.7/site-packages/airflow/example_dags/tutorial_etl_dag.py for tasks to queue
[2022-07-07 01:48:48,638] {logging_mixin.py:115} INFO - [2022-07-07 01:48:48,638] {dagbag.py:507} INFO - Filling up the DagBag from /home/airflow/.local/lib/python3.7/site-packages/airflow/example_dags/tutorial_etl_dag.py
[2022-07-07 01:48:48,644] {processor.py:651} INFO - DAG(s) dict_keys(['tutorial_etl_dag']) retrieved from /home/airflow/.local/lib/python3.7/site-packages/airflow/example_dags/tutorial_etl_dag.py
[2022-07-07 01:48:48,671] {logging_mixin.py:115} INFO - [2022-07-07 01:48:48,671] {dag.py:2379} INFO - Sync 1 DAGs
[2022-07-07 01:48:48,694] {logging_mixin.py:115} INFO - [2022-07-07 01:48:48,694] {dag.py:2931} INFO - Setting next_dagrun for tutorial_etl_dag to None, run_after=None
[2022-07-07 01:48:48,817] {processor.py:161} INFO - Processing /home/airflow/.local/lib/python3.7/site-packages/airflow/example_dags/tutorial_etl_dag.py took 0.185 seconds
[2022-07-07 01:49:18,952] {processor.py:153} INFO - Started process (PID=382) to work on /home/airflow/.local/lib/python3.7/site-packages/airflow/example_dags/tutorial_etl_dag.py
[2022-07-07 01:49:18,953] {processor.py:641} INFO - Processing file /home/airflow/.local/lib/python3.7/site-packages/airflow/example_dags/tutorial_etl_dag.py for tasks to queue
[2022-07-07 01:49:18,953] {logging_mixin.py:115} INFO - [2022-07-07 01:49:18,953] {dagbag.py:507} INFO - Filling up the DagBag from /home/airflow/.local/lib/python3.7/site-packages/airflow/example_dags/tutorial_etl_dag.py
[2022-07-07 01:49:18,962] {processor.py:651} INFO - DAG(s) dict_keys(['tutorial_etl_dag']) retrieved from /home/airflow/.local/lib/python3.7/site-packages/airflow/example_dags/tutorial_etl_dag.py
[2022-07-07 01:49:18,987] {logging_mixin.py:115} INFO - [2022-07-07 01:49:18,987] {dag.py:2379} INFO - Sync 1 DAGs
[2022-07-07 01:49:19,011] {logging_mixin.py:115} INFO - [2022-07-07 01:49:19,011] {dag.py:2931} INFO - Setting next_dagrun for tutorial_etl_dag to None, run_after=None
[2022-07-07 01:49:19,153] {processor.py:161} INFO - Processing /home/airflow/.local/lib/python3.7/site-packages/airflow/example_dags/tutorial_etl_dag.py took 0.204 seconds
[2022-07-07 01:49:49,742] {processor.py:153} INFO - Started process (PID=440) to work on /home/airflow/.local/lib/python3.7/site-packages/airflow/example_dags/tutorial_etl_dag.py
[2022-07-07 01:49:49,743] {processor.py:641} INFO - Processing file /home/airflow/.local/lib/python3.7/site-packages/airflow/example_dags/tutorial_etl_dag.py for tasks to queue
[2022-07-07 01:49:49,744] {logging_mixin.py:115} INFO - [2022-07-07 01:49:49,744] {dagbag.py:507} INFO - Filling up the DagBag from /home/airflow/.local/lib/python3.7/site-packages/airflow/example_dags/tutorial_etl_dag.py
[2022-07-07 01:49:49,759] {processor.py:651} INFO - DAG(s) dict_keys(['tutorial_etl_dag']) retrieved from /home/airflow/.local/lib/python3.7/site-packages/airflow/example_dags/tutorial_etl_dag.py
[2022-07-07 01:49:49,804] {logging_mixin.py:115} INFO - [2022-07-07 01:49:49,804] {dag.py:2379} INFO - Sync 1 DAGs
[2022-07-07 01:49:49,844] {logging_mixin.py:115} INFO - [2022-07-07 01:49:49,843] {dag.py:2931} INFO - Setting next_dagrun for tutorial_etl_dag to None, run_after=None
[2022-07-07 01:49:50,095] {processor.py:161} INFO - Processing /home/airflow/.local/lib/python3.7/site-packages/airflow/example_dags/tutorial_etl_dag.py took 0.357 seconds
[2022-07-07 01:50:22,426] {processor.py:153} INFO - Started process (PID=504) to work on /home/airflow/.local/lib/python3.7/site-packages/airflow/example_dags/tutorial_etl_dag.py
[2022-07-07 01:50:22,427] {processor.py:641} INFO - Processing file /home/airflow/.local/lib/python3.7/site-packages/airflow/example_dags/tutorial_etl_dag.py for tasks to queue
[2022-07-07 01:50:22,428] {logging_mixin.py:115} INFO - [2022-07-07 01:50:22,428] {dagbag.py:507} INFO - Filling up the DagBag from /home/airflow/.local/lib/python3.7/site-packages/airflow/example_dags/tutorial_etl_dag.py
[2022-07-07 01:50:22,439] {processor.py:651} INFO - DAG(s) dict_keys(['tutorial_etl_dag']) retrieved from /home/airflow/.local/lib/python3.7/site-packages/airflow/example_dags/tutorial_etl_dag.py
[2022-07-07 01:50:22,489] {logging_mixin.py:115} INFO - [2022-07-07 01:50:22,489] {dag.py:2379} INFO - Sync 1 DAGs
[2022-07-07 01:50:22,531] {logging_mixin.py:115} INFO - [2022-07-07 01:50:22,530] {dag.py:2931} INFO - Setting next_dagrun for tutorial_etl_dag to None, run_after=None
[2022-07-07 01:50:22,794] {processor.py:161} INFO - Processing /home/airflow/.local/lib/python3.7/site-packages/airflow/example_dags/tutorial_etl_dag.py took 0.372 seconds
[2022-07-07 01:50:53,614] {processor.py:153} INFO - Started process (PID=567) to work on /home/airflow/.local/lib/python3.7/site-packages/airflow/example_dags/tutorial_etl_dag.py
[2022-07-07 01:50:53,616] {processor.py:641} INFO - Processing file /home/airflow/.local/lib/python3.7/site-packages/airflow/example_dags/tutorial_etl_dag.py for tasks to queue
[2022-07-07 01:50:53,617] {logging_mixin.py:115} INFO - [2022-07-07 01:50:53,617] {dagbag.py:507} INFO - Filling up the DagBag from /home/airflow/.local/lib/python3.7/site-packages/airflow/example_dags/tutorial_etl_dag.py
[2022-07-07 01:50:53,629] {processor.py:651} INFO - DAG(s) dict_keys(['tutorial_etl_dag']) retrieved from /home/airflow/.local/lib/python3.7/site-packages/airflow/example_dags/tutorial_etl_dag.py
[2022-07-07 01:50:53,671] {logging_mixin.py:115} INFO - [2022-07-07 01:50:53,671] {dag.py:2379} INFO - Sync 1 DAGs
[2022-07-07 01:50:53,710] {logging_mixin.py:115} INFO - [2022-07-07 01:50:53,710] {dag.py:2931} INFO - Setting next_dagrun for tutorial_etl_dag to None, run_after=None
[2022-07-07 01:50:53,882] {processor.py:161} INFO - Processing /home/airflow/.local/lib/python3.7/site-packages/airflow/example_dags/tutorial_etl_dag.py took 0.272 seconds
[2022-07-07 01:51:23,970] {processor.py:153} INFO - Started process (PID=624) to work on /home/airflow/.local/lib/python3.7/site-packages/airflow/example_dags/tutorial_etl_dag.py
[2022-07-07 01:51:23,971] {processor.py:641} INFO - Processing file /home/airflow/.local/lib/python3.7/site-packages/airflow/example_dags/tutorial_etl_dag.py for tasks to queue
[2022-07-07 01:51:23,972] {logging_mixin.py:115} INFO - [2022-07-07 01:51:23,972] {dagbag.py:507} INFO - Filling up the DagBag from /home/airflow/.local/lib/python3.7/site-packages/airflow/example_dags/tutorial_etl_dag.py
[2022-07-07 01:51:23,979] {processor.py:651} INFO - DAG(s) dict_keys(['tutorial_etl_dag']) retrieved from /home/airflow/.local/lib/python3.7/site-packages/airflow/example_dags/tutorial_etl_dag.py
[2022-07-07 01:51:24,008] {logging_mixin.py:115} INFO - [2022-07-07 01:51:24,008] {dag.py:2379} INFO - Sync 1 DAGs
[2022-07-07 01:51:24,218] {logging_mixin.py:115} INFO - [2022-07-07 01:51:24,218] {dag.py:2931} INFO - Setting next_dagrun for tutorial_etl_dag to None, run_after=None
[2022-07-07 01:51:24,238] {processor.py:161} INFO - Processing /home/airflow/.local/lib/python3.7/site-packages/airflow/example_dags/tutorial_etl_dag.py took 0.272 seconds
[2022-07-07 01:51:54,484] {processor.py:153} INFO - Started process (PID=689) to work on /home/airflow/.local/lib/python3.7/site-packages/airflow/example_dags/tutorial_etl_dag.py
[2022-07-07 01:51:54,489] {processor.py:641} INFO - Processing file /home/airflow/.local/lib/python3.7/site-packages/airflow/example_dags/tutorial_etl_dag.py for tasks to queue
[2022-07-07 01:51:54,494] {logging_mixin.py:115} INFO - [2022-07-07 01:51:54,494] {dagbag.py:507} INFO - Filling up the DagBag from /home/airflow/.local/lib/python3.7/site-packages/airflow/example_dags/tutorial_etl_dag.py
[2022-07-07 01:51:54,519] {processor.py:651} INFO - DAG(s) dict_keys(['tutorial_etl_dag']) retrieved from /home/airflow/.local/lib/python3.7/site-packages/airflow/example_dags/tutorial_etl_dag.py
[2022-07-07 01:51:54,593] {logging_mixin.py:115} INFO - [2022-07-07 01:51:54,593] {dag.py:2379} INFO - Sync 1 DAGs
[2022-07-07 01:51:55,003] {logging_mixin.py:115} INFO - [2022-07-07 01:51:55,003] {dag.py:2931} INFO - Setting next_dagrun for tutorial_etl_dag to None, run_after=None
[2022-07-07 01:51:55,035] {processor.py:161} INFO - Processing /home/airflow/.local/lib/python3.7/site-packages/airflow/example_dags/tutorial_etl_dag.py took 0.559 seconds
[2022-07-07 01:54:29,925] {processor.py:153} INFO - Started process (PID=61) to work on /home/airflow/.local/lib/python3.7/site-packages/airflow/example_dags/tutorial_etl_dag.py
[2022-07-07 01:54:29,926] {processor.py:641} INFO - Processing file /home/airflow/.local/lib/python3.7/site-packages/airflow/example_dags/tutorial_etl_dag.py for tasks to queue
[2022-07-07 01:54:29,927] {logging_mixin.py:115} INFO - [2022-07-07 01:54:29,927] {dagbag.py:507} INFO - Filling up the DagBag from /home/airflow/.local/lib/python3.7/site-packages/airflow/example_dags/tutorial_etl_dag.py
[2022-07-07 01:54:29,942] {processor.py:651} INFO - DAG(s) dict_keys(['tutorial_etl_dag']) retrieved from /home/airflow/.local/lib/python3.7/site-packages/airflow/example_dags/tutorial_etl_dag.py
[2022-07-07 01:54:29,989] {logging_mixin.py:115} INFO - [2022-07-07 01:54:29,988] {dag.py:2379} INFO - Sync 1 DAGs
[2022-07-07 01:54:30,025] {logging_mixin.py:115} INFO - [2022-07-07 01:54:30,025] {dag.py:2931} INFO - Setting next_dagrun for tutorial_etl_dag to None, run_after=None
[2022-07-07 01:54:30,271] {processor.py:161} INFO - Processing /home/airflow/.local/lib/python3.7/site-packages/airflow/example_dags/tutorial_etl_dag.py took 0.350 seconds
[2022-07-07 01:55:26,248] {processor.py:153} INFO - Started process (PID=126) to work on /home/airflow/.local/lib/python3.7/site-packages/airflow/example_dags/tutorial_etl_dag.py
[2022-07-07 01:55:26,250] {processor.py:641} INFO - Processing file /home/airflow/.local/lib/python3.7/site-packages/airflow/example_dags/tutorial_etl_dag.py for tasks to queue
[2022-07-07 01:55:26,251] {logging_mixin.py:115} INFO - [2022-07-07 01:55:26,251] {dagbag.py:507} INFO - Filling up the DagBag from /home/airflow/.local/lib/python3.7/site-packages/airflow/example_dags/tutorial_etl_dag.py
[2022-07-07 01:55:26,265] {processor.py:651} INFO - DAG(s) dict_keys(['tutorial_etl_dag']) retrieved from /home/airflow/.local/lib/python3.7/site-packages/airflow/example_dags/tutorial_etl_dag.py
[2022-07-07 01:55:26,303] {logging_mixin.py:115} INFO - [2022-07-07 01:55:26,302] {dag.py:2379} INFO - Sync 1 DAGs
[2022-07-07 01:55:26,341] {logging_mixin.py:115} INFO - [2022-07-07 01:55:26,341] {dag.py:2931} INFO - Setting next_dagrun for tutorial_etl_dag to None, run_after=None
[2022-07-07 01:55:26,529] {processor.py:161} INFO - Processing /home/airflow/.local/lib/python3.7/site-packages/airflow/example_dags/tutorial_etl_dag.py took 0.286 seconds
[2022-07-07 01:57:13,078] {processor.py:153} INFO - Started process (PID=60) to work on /home/airflow/.local/lib/python3.7/site-packages/airflow/example_dags/tutorial_etl_dag.py
[2022-07-07 01:57:13,079] {processor.py:641} INFO - Processing file /home/airflow/.local/lib/python3.7/site-packages/airflow/example_dags/tutorial_etl_dag.py for tasks to queue
[2022-07-07 01:57:13,081] {logging_mixin.py:115} INFO - [2022-07-07 01:57:13,080] {dagbag.py:507} INFO - Filling up the DagBag from /home/airflow/.local/lib/python3.7/site-packages/airflow/example_dags/tutorial_etl_dag.py
[2022-07-07 01:57:13,093] {processor.py:651} INFO - DAG(s) dict_keys(['tutorial_etl_dag']) retrieved from /home/airflow/.local/lib/python3.7/site-packages/airflow/example_dags/tutorial_etl_dag.py
[2022-07-07 01:57:13,132] {logging_mixin.py:115} INFO - [2022-07-07 01:57:13,132] {dag.py:2379} INFO - Sync 1 DAGs
[2022-07-07 01:57:13,176] {logging_mixin.py:115} INFO - [2022-07-07 01:57:13,176] {dag.py:2931} INFO - Setting next_dagrun for tutorial_etl_dag to None, run_after=None
[2022-07-07 01:57:13,438] {processor.py:161} INFO - Processing /home/airflow/.local/lib/python3.7/site-packages/airflow/example_dags/tutorial_etl_dag.py took 0.365 seconds
[2022-07-07 01:58:06,458] {processor.py:153} INFO - Started process (PID=124) to work on /home/airflow/.local/lib/python3.7/site-packages/airflow/example_dags/tutorial_etl_dag.py
[2022-07-07 01:58:06,459] {processor.py:641} INFO - Processing file /home/airflow/.local/lib/python3.7/site-packages/airflow/example_dags/tutorial_etl_dag.py for tasks to queue
[2022-07-07 01:58:06,460] {logging_mixin.py:115} INFO - [2022-07-07 01:58:06,460] {dagbag.py:507} INFO - Filling up the DagBag from /home/airflow/.local/lib/python3.7/site-packages/airflow/example_dags/tutorial_etl_dag.py
[2022-07-07 01:58:06,469] {processor.py:651} INFO - DAG(s) dict_keys(['tutorial_etl_dag']) retrieved from /home/airflow/.local/lib/python3.7/site-packages/airflow/example_dags/tutorial_etl_dag.py
[2022-07-07 01:58:06,503] {logging_mixin.py:115} INFO - [2022-07-07 01:58:06,503] {dag.py:2379} INFO - Sync 1 DAGs
[2022-07-07 01:58:06,526] {logging_mixin.py:115} INFO - [2022-07-07 01:58:06,526] {dag.py:2931} INFO - Setting next_dagrun for tutorial_etl_dag to None, run_after=None
[2022-07-07 01:58:06,698] {processor.py:161} INFO - Processing /home/airflow/.local/lib/python3.7/site-packages/airflow/example_dags/tutorial_etl_dag.py took 0.243 seconds
[2022-07-07 01:58:39,079] {processor.py:153} INFO - Started process (PID=179) to work on /home/airflow/.local/lib/python3.7/site-packages/airflow/example_dags/tutorial_etl_dag.py
[2022-07-07 01:58:39,080] {processor.py:641} INFO - Processing file /home/airflow/.local/lib/python3.7/site-packages/airflow/example_dags/tutorial_etl_dag.py for tasks to queue
[2022-07-07 01:58:39,082] {logging_mixin.py:115} INFO - [2022-07-07 01:58:39,082] {dagbag.py:507} INFO - Filling up the DagBag from /home/airflow/.local/lib/python3.7/site-packages/airflow/example_dags/tutorial_etl_dag.py
[2022-07-07 01:58:39,096] {processor.py:651} INFO - DAG(s) dict_keys(['tutorial_etl_dag']) retrieved from /home/airflow/.local/lib/python3.7/site-packages/airflow/example_dags/tutorial_etl_dag.py
[2022-07-07 01:58:39,140] {logging_mixin.py:115} INFO - [2022-07-07 01:58:39,140] {dag.py:2379} INFO - Sync 1 DAGs
[2022-07-07 01:58:39,195] {logging_mixin.py:115} INFO - [2022-07-07 01:58:39,194] {dag.py:2931} INFO - Setting next_dagrun for tutorial_etl_dag to None, run_after=None
[2022-07-07 01:58:39,428] {processor.py:161} INFO - Processing /home/airflow/.local/lib/python3.7/site-packages/airflow/example_dags/tutorial_etl_dag.py took 0.353 seconds
[2022-07-07 01:59:09,868] {processor.py:153} INFO - Started process (PID=236) to work on /home/airflow/.local/lib/python3.7/site-packages/airflow/example_dags/tutorial_etl_dag.py
[2022-07-07 01:59:09,869] {processor.py:641} INFO - Processing file /home/airflow/.local/lib/python3.7/site-packages/airflow/example_dags/tutorial_etl_dag.py for tasks to queue
[2022-07-07 01:59:09,870] {logging_mixin.py:115} INFO - [2022-07-07 01:59:09,869] {dagbag.py:507} INFO - Filling up the DagBag from /home/airflow/.local/lib/python3.7/site-packages/airflow/example_dags/tutorial_etl_dag.py
[2022-07-07 01:59:09,878] {processor.py:651} INFO - DAG(s) dict_keys(['tutorial_etl_dag']) retrieved from /home/airflow/.local/lib/python3.7/site-packages/airflow/example_dags/tutorial_etl_dag.py
[2022-07-07 01:59:09,911] {logging_mixin.py:115} INFO - [2022-07-07 01:59:09,911] {dag.py:2379} INFO - Sync 1 DAGs
[2022-07-07 01:59:09,946] {logging_mixin.py:115} INFO - [2022-07-07 01:59:09,946] {dag.py:2931} INFO - Setting next_dagrun for tutorial_etl_dag to None, run_after=None
[2022-07-07 01:59:10,154] {processor.py:161} INFO - Processing /home/airflow/.local/lib/python3.7/site-packages/airflow/example_dags/tutorial_etl_dag.py took 0.290 seconds
[2022-07-07 01:59:46,335] {processor.py:153} INFO - Started process (PID=300) to work on /home/airflow/.local/lib/python3.7/site-packages/airflow/example_dags/tutorial_etl_dag.py
[2022-07-07 01:59:46,336] {processor.py:641} INFO - Processing file /home/airflow/.local/lib/python3.7/site-packages/airflow/example_dags/tutorial_etl_dag.py for tasks to queue
[2022-07-07 01:59:46,337] {logging_mixin.py:115} INFO - [2022-07-07 01:59:46,337] {dagbag.py:507} INFO - Filling up the DagBag from /home/airflow/.local/lib/python3.7/site-packages/airflow/example_dags/tutorial_etl_dag.py
[2022-07-07 01:59:46,459] {processor.py:651} INFO - DAG(s) dict_keys(['tutorial_etl_dag']) retrieved from /home/airflow/.local/lib/python3.7/site-packages/airflow/example_dags/tutorial_etl_dag.py
[2022-07-07 01:59:46,487] {logging_mixin.py:115} INFO - [2022-07-07 01:59:46,487] {dag.py:2379} INFO - Sync 1 DAGs
[2022-07-07 01:59:46,510] {logging_mixin.py:115} INFO - [2022-07-07 01:59:46,510] {dag.py:2931} INFO - Setting next_dagrun for tutorial_etl_dag to None, run_after=None
[2022-07-07 01:59:46,905] {processor.py:161} INFO - Processing /home/airflow/.local/lib/python3.7/site-packages/airflow/example_dags/tutorial_etl_dag.py took 0.573 seconds
[2022-07-07 02:00:17,055] {processor.py:153} INFO - Started process (PID=357) to work on /home/airflow/.local/lib/python3.7/site-packages/airflow/example_dags/tutorial_etl_dag.py
[2022-07-07 02:00:17,056] {processor.py:641} INFO - Processing file /home/airflow/.local/lib/python3.7/site-packages/airflow/example_dags/tutorial_etl_dag.py for tasks to queue
[2022-07-07 02:00:17,056] {logging_mixin.py:115} INFO - [2022-07-07 02:00:17,056] {dagbag.py:507} INFO - Filling up the DagBag from /home/airflow/.local/lib/python3.7/site-packages/airflow/example_dags/tutorial_etl_dag.py
[2022-07-07 02:00:17,063] {processor.py:651} INFO - DAG(s) dict_keys(['tutorial_etl_dag']) retrieved from /home/airflow/.local/lib/python3.7/site-packages/airflow/example_dags/tutorial_etl_dag.py
[2022-07-07 02:00:17,084] {logging_mixin.py:115} INFO - [2022-07-07 02:00:17,084] {dag.py:2379} INFO - Sync 1 DAGs
[2022-07-07 02:00:17,103] {logging_mixin.py:115} INFO - [2022-07-07 02:00:17,103] {dag.py:2931} INFO - Setting next_dagrun for tutorial_etl_dag to None, run_after=None
[2022-07-07 02:00:17,219] {processor.py:161} INFO - Processing /home/airflow/.local/lib/python3.7/site-packages/airflow/example_dags/tutorial_etl_dag.py took 0.166 seconds
[2022-07-07 02:00:47,277] {processor.py:153} INFO - Started process (PID=423) to work on /home/airflow/.local/lib/python3.7/site-packages/airflow/example_dags/tutorial_etl_dag.py
[2022-07-07 02:00:47,279] {processor.py:641} INFO - Processing file /home/airflow/.local/lib/python3.7/site-packages/airflow/example_dags/tutorial_etl_dag.py for tasks to queue
[2022-07-07 02:00:47,280] {logging_mixin.py:115} INFO - [2022-07-07 02:00:47,280] {dagbag.py:507} INFO - Filling up the DagBag from /home/airflow/.local/lib/python3.7/site-packages/airflow/example_dags/tutorial_etl_dag.py
[2022-07-07 02:00:47,292] {processor.py:651} INFO - DAG(s) dict_keys(['tutorial_etl_dag']) retrieved from /home/airflow/.local/lib/python3.7/site-packages/airflow/example_dags/tutorial_etl_dag.py
[2022-07-07 02:00:47,333] {logging_mixin.py:115} INFO - [2022-07-07 02:00:47,333] {dag.py:2379} INFO - Sync 1 DAGs
[2022-07-07 02:00:47,364] {logging_mixin.py:115} INFO - [2022-07-07 02:00:47,364] {dag.py:2931} INFO - Setting next_dagrun for tutorial_etl_dag to None, run_after=None
[2022-07-07 02:00:47,538] {processor.py:161} INFO - Processing /home/airflow/.local/lib/python3.7/site-packages/airflow/example_dags/tutorial_etl_dag.py took 0.266 seconds
[2022-07-07 02:01:18,151] {processor.py:153} INFO - Started process (PID=479) to work on /home/airflow/.local/lib/python3.7/site-packages/airflow/example_dags/tutorial_etl_dag.py
[2022-07-07 02:01:18,152] {processor.py:641} INFO - Processing file /home/airflow/.local/lib/python3.7/site-packages/airflow/example_dags/tutorial_etl_dag.py for tasks to queue
[2022-07-07 02:01:18,153] {logging_mixin.py:115} INFO - [2022-07-07 02:01:18,153] {dagbag.py:507} INFO - Filling up the DagBag from /home/airflow/.local/lib/python3.7/site-packages/airflow/example_dags/tutorial_etl_dag.py
[2022-07-07 02:01:18,159] {processor.py:651} INFO - DAG(s) dict_keys(['tutorial_etl_dag']) retrieved from /home/airflow/.local/lib/python3.7/site-packages/airflow/example_dags/tutorial_etl_dag.py
[2022-07-07 02:01:18,181] {logging_mixin.py:115} INFO - [2022-07-07 02:01:18,181] {dag.py:2379} INFO - Sync 1 DAGs
[2022-07-07 02:01:18,200] {logging_mixin.py:115} INFO - [2022-07-07 02:01:18,200] {dag.py:2931} INFO - Setting next_dagrun for tutorial_etl_dag to None, run_after=None
[2022-07-07 02:01:18,320] {processor.py:161} INFO - Processing /home/airflow/.local/lib/python3.7/site-packages/airflow/example_dags/tutorial_etl_dag.py took 0.171 seconds
[2022-07-07 02:01:48,995] {processor.py:153} INFO - Started process (PID=549) to work on /home/airflow/.local/lib/python3.7/site-packages/airflow/example_dags/tutorial_etl_dag.py
[2022-07-07 02:01:48,996] {processor.py:641} INFO - Processing file /home/airflow/.local/lib/python3.7/site-packages/airflow/example_dags/tutorial_etl_dag.py for tasks to queue
[2022-07-07 02:01:48,997] {logging_mixin.py:115} INFO - [2022-07-07 02:01:48,997] {dagbag.py:507} INFO - Filling up the DagBag from /home/airflow/.local/lib/python3.7/site-packages/airflow/example_dags/tutorial_etl_dag.py
[2022-07-07 02:01:49,005] {processor.py:651} INFO - DAG(s) dict_keys(['tutorial_etl_dag']) retrieved from /home/airflow/.local/lib/python3.7/site-packages/airflow/example_dags/tutorial_etl_dag.py
[2022-07-07 02:01:49,028] {logging_mixin.py:115} INFO - [2022-07-07 02:01:49,028] {dag.py:2379} INFO - Sync 1 DAGs
[2022-07-07 02:01:49,050] {logging_mixin.py:115} INFO - [2022-07-07 02:01:49,050] {dag.py:2931} INFO - Setting next_dagrun for tutorial_etl_dag to None, run_after=None
[2022-07-07 02:01:49,171] {processor.py:161} INFO - Processing /home/airflow/.local/lib/python3.7/site-packages/airflow/example_dags/tutorial_etl_dag.py took 0.179 seconds
[2022-07-07 02:02:19,363] {processor.py:153} INFO - Started process (PID=615) to work on /home/airflow/.local/lib/python3.7/site-packages/airflow/example_dags/tutorial_etl_dag.py
[2022-07-07 02:02:19,364] {processor.py:641} INFO - Processing file /home/airflow/.local/lib/python3.7/site-packages/airflow/example_dags/tutorial_etl_dag.py for tasks to queue
[2022-07-07 02:02:19,365] {logging_mixin.py:115} INFO - [2022-07-07 02:02:19,365] {dagbag.py:507} INFO - Filling up the DagBag from /home/airflow/.local/lib/python3.7/site-packages/airflow/example_dags/tutorial_etl_dag.py
[2022-07-07 02:02:19,371] {processor.py:651} INFO - DAG(s) dict_keys(['tutorial_etl_dag']) retrieved from /home/airflow/.local/lib/python3.7/site-packages/airflow/example_dags/tutorial_etl_dag.py
[2022-07-07 02:02:19,394] {logging_mixin.py:115} INFO - [2022-07-07 02:02:19,394] {dag.py:2379} INFO - Sync 1 DAGs
[2022-07-07 02:02:19,554] {logging_mixin.py:115} INFO - [2022-07-07 02:02:19,554] {dag.py:2931} INFO - Setting next_dagrun for tutorial_etl_dag to None, run_after=None
[2022-07-07 02:02:19,566] {processor.py:161} INFO - Processing /home/airflow/.local/lib/python3.7/site-packages/airflow/example_dags/tutorial_etl_dag.py took 0.206 seconds
[2022-07-07 02:02:49,745] {processor.py:153} INFO - Started process (PID=671) to work on /home/airflow/.local/lib/python3.7/site-packages/airflow/example_dags/tutorial_etl_dag.py
[2022-07-07 02:02:49,746] {processor.py:641} INFO - Processing file /home/airflow/.local/lib/python3.7/site-packages/airflow/example_dags/tutorial_etl_dag.py for tasks to queue
[2022-07-07 02:02:49,747] {logging_mixin.py:115} INFO - [2022-07-07 02:02:49,747] {dagbag.py:507} INFO - Filling up the DagBag from /home/airflow/.local/lib/python3.7/site-packages/airflow/example_dags/tutorial_etl_dag.py
[2022-07-07 02:02:49,753] {processor.py:651} INFO - DAG(s) dict_keys(['tutorial_etl_dag']) retrieved from /home/airflow/.local/lib/python3.7/site-packages/airflow/example_dags/tutorial_etl_dag.py
[2022-07-07 02:02:49,776] {logging_mixin.py:115} INFO - [2022-07-07 02:02:49,776] {dag.py:2379} INFO - Sync 1 DAGs
[2022-07-07 02:02:49,904] {logging_mixin.py:115} INFO - [2022-07-07 02:02:49,904] {dag.py:2931} INFO - Setting next_dagrun for tutorial_etl_dag to None, run_after=None
[2022-07-07 02:02:49,916] {processor.py:161} INFO - Processing /home/airflow/.local/lib/python3.7/site-packages/airflow/example_dags/tutorial_etl_dag.py took 0.174 seconds
[2022-07-07 02:03:20,253] {processor.py:153} INFO - Started process (PID=737) to work on /home/airflow/.local/lib/python3.7/site-packages/airflow/example_dags/tutorial_etl_dag.py
[2022-07-07 02:03:20,254] {processor.py:641} INFO - Processing file /home/airflow/.local/lib/python3.7/site-packages/airflow/example_dags/tutorial_etl_dag.py for tasks to queue
[2022-07-07 02:03:20,255] {logging_mixin.py:115} INFO - [2022-07-07 02:03:20,254] {dagbag.py:507} INFO - Filling up the DagBag from /home/airflow/.local/lib/python3.7/site-packages/airflow/example_dags/tutorial_etl_dag.py
[2022-07-07 02:03:20,261] {processor.py:651} INFO - DAG(s) dict_keys(['tutorial_etl_dag']) retrieved from /home/airflow/.local/lib/python3.7/site-packages/airflow/example_dags/tutorial_etl_dag.py
[2022-07-07 02:03:20,282] {logging_mixin.py:115} INFO - [2022-07-07 02:03:20,282] {dag.py:2379} INFO - Sync 1 DAGs
[2022-07-07 02:03:20,419] {logging_mixin.py:115} INFO - [2022-07-07 02:03:20,419] {dag.py:2931} INFO - Setting next_dagrun for tutorial_etl_dag to None, run_after=None
[2022-07-07 02:03:20,431] {processor.py:161} INFO - Processing /home/airflow/.local/lib/python3.7/site-packages/airflow/example_dags/tutorial_etl_dag.py took 0.181 seconds
[2022-07-07 02:03:50,892] {processor.py:153} INFO - Started process (PID=802) to work on /home/airflow/.local/lib/python3.7/site-packages/airflow/example_dags/tutorial_etl_dag.py
[2022-07-07 02:03:50,893] {processor.py:641} INFO - Processing file /home/airflow/.local/lib/python3.7/site-packages/airflow/example_dags/tutorial_etl_dag.py for tasks to queue
[2022-07-07 02:03:50,894] {logging_mixin.py:115} INFO - [2022-07-07 02:03:50,894] {dagbag.py:507} INFO - Filling up the DagBag from /home/airflow/.local/lib/python3.7/site-packages/airflow/example_dags/tutorial_etl_dag.py
[2022-07-07 02:03:50,900] {processor.py:651} INFO - DAG(s) dict_keys(['tutorial_etl_dag']) retrieved from /home/airflow/.local/lib/python3.7/site-packages/airflow/example_dags/tutorial_etl_dag.py
[2022-07-07 02:03:50,924] {logging_mixin.py:115} INFO - [2022-07-07 02:03:50,924] {dag.py:2379} INFO - Sync 1 DAGs
[2022-07-07 02:03:51,076] {logging_mixin.py:115} INFO - [2022-07-07 02:03:51,076] {dag.py:2931} INFO - Setting next_dagrun for tutorial_etl_dag to None, run_after=None
[2022-07-07 02:03:51,090] {processor.py:161} INFO - Processing /home/airflow/.local/lib/python3.7/site-packages/airflow/example_dags/tutorial_etl_dag.py took 0.200 seconds
[2022-07-07 02:04:21,524] {processor.py:153} INFO - Started process (PID=867) to work on /home/airflow/.local/lib/python3.7/site-packages/airflow/example_dags/tutorial_etl_dag.py
[2022-07-07 02:04:21,524] {processor.py:641} INFO - Processing file /home/airflow/.local/lib/python3.7/site-packages/airflow/example_dags/tutorial_etl_dag.py for tasks to queue
[2022-07-07 02:04:21,525] {logging_mixin.py:115} INFO - [2022-07-07 02:04:21,525] {dagbag.py:507} INFO - Filling up the DagBag from /home/airflow/.local/lib/python3.7/site-packages/airflow/example_dags/tutorial_etl_dag.py
[2022-07-07 02:04:21,531] {processor.py:651} INFO - DAG(s) dict_keys(['tutorial_etl_dag']) retrieved from /home/airflow/.local/lib/python3.7/site-packages/airflow/example_dags/tutorial_etl_dag.py
[2022-07-07 02:04:21,554] {logging_mixin.py:115} INFO - [2022-07-07 02:04:21,554] {dag.py:2379} INFO - Sync 1 DAGs
[2022-07-07 02:04:21,575] {logging_mixin.py:115} INFO - [2022-07-07 02:04:21,575] {dag.py:2931} INFO - Setting next_dagrun for tutorial_etl_dag to None, run_after=None
[2022-07-07 02:04:21,691] {processor.py:161} INFO - Processing /home/airflow/.local/lib/python3.7/site-packages/airflow/example_dags/tutorial_etl_dag.py took 0.170 seconds
[2022-07-07 02:04:51,837] {processor.py:153} INFO - Started process (PID=923) to work on /home/airflow/.local/lib/python3.7/site-packages/airflow/example_dags/tutorial_etl_dag.py
[2022-07-07 02:04:51,838] {processor.py:641} INFO - Processing file /home/airflow/.local/lib/python3.7/site-packages/airflow/example_dags/tutorial_etl_dag.py for tasks to queue
[2022-07-07 02:04:51,838] {logging_mixin.py:115} INFO - [2022-07-07 02:04:51,838] {dagbag.py:507} INFO - Filling up the DagBag from /home/airflow/.local/lib/python3.7/site-packages/airflow/example_dags/tutorial_etl_dag.py
[2022-07-07 02:04:51,848] {processor.py:651} INFO - DAG(s) dict_keys(['tutorial_etl_dag']) retrieved from /home/airflow/.local/lib/python3.7/site-packages/airflow/example_dags/tutorial_etl_dag.py
[2022-07-07 02:04:51,883] {logging_mixin.py:115} INFO - [2022-07-07 02:04:51,883] {dag.py:2379} INFO - Sync 1 DAGs
[2022-07-07 02:04:52,110] {logging_mixin.py:115} INFO - [2022-07-07 02:04:52,110] {dag.py:2931} INFO - Setting next_dagrun for tutorial_etl_dag to None, run_after=None
[2022-07-07 02:04:52,123] {processor.py:161} INFO - Processing /home/airflow/.local/lib/python3.7/site-packages/airflow/example_dags/tutorial_etl_dag.py took 0.292 seconds
[2022-07-07 02:05:22,255] {processor.py:153} INFO - Started process (PID=989) to work on /home/airflow/.local/lib/python3.7/site-packages/airflow/example_dags/tutorial_etl_dag.py
[2022-07-07 02:05:22,256] {processor.py:641} INFO - Processing file /home/airflow/.local/lib/python3.7/site-packages/airflow/example_dags/tutorial_etl_dag.py for tasks to queue
[2022-07-07 02:05:22,257] {logging_mixin.py:115} INFO - [2022-07-07 02:05:22,257] {dagbag.py:507} INFO - Filling up the DagBag from /home/airflow/.local/lib/python3.7/site-packages/airflow/example_dags/tutorial_etl_dag.py
[2022-07-07 02:05:22,264] {processor.py:651} INFO - DAG(s) dict_keys(['tutorial_etl_dag']) retrieved from /home/airflow/.local/lib/python3.7/site-packages/airflow/example_dags/tutorial_etl_dag.py
[2022-07-07 02:05:22,290] {logging_mixin.py:115} INFO - [2022-07-07 02:05:22,290] {dag.py:2379} INFO - Sync 1 DAGs
[2022-07-07 02:05:22,438] {logging_mixin.py:115} INFO - [2022-07-07 02:05:22,438] {dag.py:2931} INFO - Setting next_dagrun for tutorial_etl_dag to None, run_after=None
[2022-07-07 02:05:22,450] {processor.py:161} INFO - Processing /home/airflow/.local/lib/python3.7/site-packages/airflow/example_dags/tutorial_etl_dag.py took 0.198 seconds
[2022-07-07 02:05:52,830] {processor.py:153} INFO - Started process (PID=1053) to work on /home/airflow/.local/lib/python3.7/site-packages/airflow/example_dags/tutorial_etl_dag.py
[2022-07-07 02:05:52,831] {processor.py:641} INFO - Processing file /home/airflow/.local/lib/python3.7/site-packages/airflow/example_dags/tutorial_etl_dag.py for tasks to queue
[2022-07-07 02:05:52,831] {logging_mixin.py:115} INFO - [2022-07-07 02:05:52,831] {dagbag.py:507} INFO - Filling up the DagBag from /home/airflow/.local/lib/python3.7/site-packages/airflow/example_dags/tutorial_etl_dag.py
[2022-07-07 02:05:52,838] {processor.py:651} INFO - DAG(s) dict_keys(['tutorial_etl_dag']) retrieved from /home/airflow/.local/lib/python3.7/site-packages/airflow/example_dags/tutorial_etl_dag.py
[2022-07-07 02:05:52,863] {logging_mixin.py:115} INFO - [2022-07-07 02:05:52,863] {dag.py:2379} INFO - Sync 1 DAGs
[2022-07-07 02:05:52,999] {logging_mixin.py:115} INFO - [2022-07-07 02:05:52,999] {dag.py:2931} INFO - Setting next_dagrun for tutorial_etl_dag to None, run_after=None
[2022-07-07 02:05:53,012] {processor.py:161} INFO - Processing /home/airflow/.local/lib/python3.7/site-packages/airflow/example_dags/tutorial_etl_dag.py took 0.186 seconds
[2022-07-07 02:06:23,682] {processor.py:153} INFO - Started process (PID=1108) to work on /home/airflow/.local/lib/python3.7/site-packages/airflow/example_dags/tutorial_etl_dag.py
[2022-07-07 02:06:23,683] {processor.py:641} INFO - Processing file /home/airflow/.local/lib/python3.7/site-packages/airflow/example_dags/tutorial_etl_dag.py for tasks to queue
[2022-07-07 02:06:23,683] {logging_mixin.py:115} INFO - [2022-07-07 02:06:23,683] {dagbag.py:507} INFO - Filling up the DagBag from /home/airflow/.local/lib/python3.7/site-packages/airflow/example_dags/tutorial_etl_dag.py
[2022-07-07 02:06:23,689] {processor.py:651} INFO - DAG(s) dict_keys(['tutorial_etl_dag']) retrieved from /home/airflow/.local/lib/python3.7/site-packages/airflow/example_dags/tutorial_etl_dag.py
[2022-07-07 02:06:23,711] {logging_mixin.py:115} INFO - [2022-07-07 02:06:23,711] {dag.py:2379} INFO - Sync 1 DAGs
[2022-07-07 02:06:23,857] {logging_mixin.py:115} INFO - [2022-07-07 02:06:23,857] {dag.py:2931} INFO - Setting next_dagrun for tutorial_etl_dag to None, run_after=None
[2022-07-07 02:06:23,869] {processor.py:161} INFO - Processing /home/airflow/.local/lib/python3.7/site-packages/airflow/example_dags/tutorial_etl_dag.py took 0.190 seconds
[2022-07-07 02:06:54,505] {processor.py:153} INFO - Started process (PID=1175) to work on /home/airflow/.local/lib/python3.7/site-packages/airflow/example_dags/tutorial_etl_dag.py
[2022-07-07 02:06:54,505] {processor.py:641} INFO - Processing file /home/airflow/.local/lib/python3.7/site-packages/airflow/example_dags/tutorial_etl_dag.py for tasks to queue
[2022-07-07 02:06:54,506] {logging_mixin.py:115} INFO - [2022-07-07 02:06:54,506] {dagbag.py:507} INFO - Filling up the DagBag from /home/airflow/.local/lib/python3.7/site-packages/airflow/example_dags/tutorial_etl_dag.py
[2022-07-07 02:06:54,512] {processor.py:651} INFO - DAG(s) dict_keys(['tutorial_etl_dag']) retrieved from /home/airflow/.local/lib/python3.7/site-packages/airflow/example_dags/tutorial_etl_dag.py
[2022-07-07 02:06:54,534] {logging_mixin.py:115} INFO - [2022-07-07 02:06:54,534] {dag.py:2379} INFO - Sync 1 DAGs
[2022-07-07 02:06:54,678] {logging_mixin.py:115} INFO - [2022-07-07 02:06:54,678] {dag.py:2931} INFO - Setting next_dagrun for tutorial_etl_dag to None, run_after=None
[2022-07-07 02:06:54,691] {processor.py:161} INFO - Processing /home/airflow/.local/lib/python3.7/site-packages/airflow/example_dags/tutorial_etl_dag.py took 0.189 seconds
[2022-07-07 02:07:25,349] {processor.py:153} INFO - Started process (PID=1241) to work on /home/airflow/.local/lib/python3.7/site-packages/airflow/example_dags/tutorial_etl_dag.py
[2022-07-07 02:07:25,350] {processor.py:641} INFO - Processing file /home/airflow/.local/lib/python3.7/site-packages/airflow/example_dags/tutorial_etl_dag.py for tasks to queue
[2022-07-07 02:07:25,351] {logging_mixin.py:115} INFO - [2022-07-07 02:07:25,350] {dagbag.py:507} INFO - Filling up the DagBag from /home/airflow/.local/lib/python3.7/site-packages/airflow/example_dags/tutorial_etl_dag.py
[2022-07-07 02:07:25,357] {processor.py:651} INFO - DAG(s) dict_keys(['tutorial_etl_dag']) retrieved from /home/airflow/.local/lib/python3.7/site-packages/airflow/example_dags/tutorial_etl_dag.py
[2022-07-07 02:07:25,381] {logging_mixin.py:115} INFO - [2022-07-07 02:07:25,381] {dag.py:2379} INFO - Sync 1 DAGs
[2022-07-07 02:07:25,515] {logging_mixin.py:115} INFO - [2022-07-07 02:07:25,515] {dag.py:2931} INFO - Setting next_dagrun for tutorial_etl_dag to None, run_after=None
[2022-07-07 02:07:25,525] {processor.py:161} INFO - Processing /home/airflow/.local/lib/python3.7/site-packages/airflow/example_dags/tutorial_etl_dag.py took 0.179 seconds
[2022-07-07 02:07:55,945] {processor.py:153} INFO - Started process (PID=1306) to work on /home/airflow/.local/lib/python3.7/site-packages/airflow/example_dags/tutorial_etl_dag.py
[2022-07-07 02:07:55,945] {processor.py:641} INFO - Processing file /home/airflow/.local/lib/python3.7/site-packages/airflow/example_dags/tutorial_etl_dag.py for tasks to queue
[2022-07-07 02:07:55,946] {logging_mixin.py:115} INFO - [2022-07-07 02:07:55,946] {dagbag.py:507} INFO - Filling up the DagBag from /home/airflow/.local/lib/python3.7/site-packages/airflow/example_dags/tutorial_etl_dag.py
[2022-07-07 02:07:55,953] {processor.py:651} INFO - DAG(s) dict_keys(['tutorial_etl_dag']) retrieved from /home/airflow/.local/lib/python3.7/site-packages/airflow/example_dags/tutorial_etl_dag.py
[2022-07-07 02:07:55,978] {logging_mixin.py:115} INFO - [2022-07-07 02:07:55,978] {dag.py:2379} INFO - Sync 1 DAGs
[2022-07-07 02:07:56,116] {logging_mixin.py:115} INFO - [2022-07-07 02:07:56,116] {dag.py:2931} INFO - Setting next_dagrun for tutorial_etl_dag to None, run_after=None
[2022-07-07 02:07:56,128] {processor.py:161} INFO - Processing /home/airflow/.local/lib/python3.7/site-packages/airflow/example_dags/tutorial_etl_dag.py took 0.187 seconds
[2022-07-07 02:08:26,436] {processor.py:153} INFO - Started process (PID=1361) to work on /home/airflow/.local/lib/python3.7/site-packages/airflow/example_dags/tutorial_etl_dag.py
[2022-07-07 02:08:26,437] {processor.py:641} INFO - Processing file /home/airflow/.local/lib/python3.7/site-packages/airflow/example_dags/tutorial_etl_dag.py for tasks to queue
[2022-07-07 02:08:26,437] {logging_mixin.py:115} INFO - [2022-07-07 02:08:26,437] {dagbag.py:507} INFO - Filling up the DagBag from /home/airflow/.local/lib/python3.7/site-packages/airflow/example_dags/tutorial_etl_dag.py
[2022-07-07 02:08:26,445] {processor.py:651} INFO - DAG(s) dict_keys(['tutorial_etl_dag']) retrieved from /home/airflow/.local/lib/python3.7/site-packages/airflow/example_dags/tutorial_etl_dag.py
[2022-07-07 02:08:26,467] {logging_mixin.py:115} INFO - [2022-07-07 02:08:26,466] {dag.py:2379} INFO - Sync 1 DAGs
[2022-07-07 02:08:26,598] {logging_mixin.py:115} INFO - [2022-07-07 02:08:26,598] {dag.py:2931} INFO - Setting next_dagrun for tutorial_etl_dag to None, run_after=None
[2022-07-07 02:08:26,610] {processor.py:161} INFO - Processing /home/airflow/.local/lib/python3.7/site-packages/airflow/example_dags/tutorial_etl_dag.py took 0.177 seconds
[2022-07-07 02:08:56,702] {processor.py:153} INFO - Started process (PID=1428) to work on /home/airflow/.local/lib/python3.7/site-packages/airflow/example_dags/tutorial_etl_dag.py
[2022-07-07 02:08:56,702] {processor.py:641} INFO - Processing file /home/airflow/.local/lib/python3.7/site-packages/airflow/example_dags/tutorial_etl_dag.py for tasks to queue
[2022-07-07 02:08:56,703] {logging_mixin.py:115} INFO - [2022-07-07 02:08:56,703] {dagbag.py:507} INFO - Filling up the DagBag from /home/airflow/.local/lib/python3.7/site-packages/airflow/example_dags/tutorial_etl_dag.py
[2022-07-07 02:08:56,713] {processor.py:651} INFO - DAG(s) dict_keys(['tutorial_etl_dag']) retrieved from /home/airflow/.local/lib/python3.7/site-packages/airflow/example_dags/tutorial_etl_dag.py
[2022-07-07 02:08:56,747] {logging_mixin.py:115} INFO - [2022-07-07 02:08:56,747] {dag.py:2379} INFO - Sync 1 DAGs
[2022-07-07 02:08:56,939] {logging_mixin.py:115} INFO - [2022-07-07 02:08:56,939] {dag.py:2931} INFO - Setting next_dagrun for tutorial_etl_dag to None, run_after=None
[2022-07-07 02:08:56,958] {processor.py:161} INFO - Processing /home/airflow/.local/lib/python3.7/site-packages/airflow/example_dags/tutorial_etl_dag.py took 0.261 seconds
[2022-07-07 02:09:27,118] {processor.py:153} INFO - Started process (PID=1494) to work on /home/airflow/.local/lib/python3.7/site-packages/airflow/example_dags/tutorial_etl_dag.py
[2022-07-07 02:09:27,118] {processor.py:641} INFO - Processing file /home/airflow/.local/lib/python3.7/site-packages/airflow/example_dags/tutorial_etl_dag.py for tasks to queue
[2022-07-07 02:09:27,119] {logging_mixin.py:115} INFO - [2022-07-07 02:09:27,119] {dagbag.py:507} INFO - Filling up the DagBag from /home/airflow/.local/lib/python3.7/site-packages/airflow/example_dags/tutorial_etl_dag.py
[2022-07-07 02:09:27,127] {processor.py:651} INFO - DAG(s) dict_keys(['tutorial_etl_dag']) retrieved from /home/airflow/.local/lib/python3.7/site-packages/airflow/example_dags/tutorial_etl_dag.py
[2022-07-07 02:09:27,156] {logging_mixin.py:115} INFO - [2022-07-07 02:09:27,156] {dag.py:2379} INFO - Sync 1 DAGs
[2022-07-07 02:09:27,339] {logging_mixin.py:115} INFO - [2022-07-07 02:09:27,339] {dag.py:2931} INFO - Setting next_dagrun for tutorial_etl_dag to None, run_after=None
[2022-07-07 02:09:27,355] {processor.py:161} INFO - Processing /home/airflow/.local/lib/python3.7/site-packages/airflow/example_dags/tutorial_etl_dag.py took 0.241 seconds
[2022-07-07 02:09:57,430] {processor.py:153} INFO - Started process (PID=1550) to work on /home/airflow/.local/lib/python3.7/site-packages/airflow/example_dags/tutorial_etl_dag.py
[2022-07-07 02:09:57,431] {processor.py:641} INFO - Processing file /home/airflow/.local/lib/python3.7/site-packages/airflow/example_dags/tutorial_etl_dag.py for tasks to queue
[2022-07-07 02:09:57,431] {logging_mixin.py:115} INFO - [2022-07-07 02:09:57,431] {dagbag.py:507} INFO - Filling up the DagBag from /home/airflow/.local/lib/python3.7/site-packages/airflow/example_dags/tutorial_etl_dag.py
[2022-07-07 02:09:57,438] {processor.py:651} INFO - DAG(s) dict_keys(['tutorial_etl_dag']) retrieved from /home/airflow/.local/lib/python3.7/site-packages/airflow/example_dags/tutorial_etl_dag.py
[2022-07-07 02:09:57,461] {logging_mixin.py:115} INFO - [2022-07-07 02:09:57,460] {dag.py:2379} INFO - Sync 1 DAGs
[2022-07-07 02:09:57,600] {logging_mixin.py:115} INFO - [2022-07-07 02:09:57,600] {dag.py:2931} INFO - Setting next_dagrun for tutorial_etl_dag to None, run_after=None
[2022-07-07 02:09:57,612] {processor.py:161} INFO - Processing /home/airflow/.local/lib/python3.7/site-packages/airflow/example_dags/tutorial_etl_dag.py took 0.185 seconds
[2022-07-07 02:10:27,834] {processor.py:153} INFO - Started process (PID=1616) to work on /home/airflow/.local/lib/python3.7/site-packages/airflow/example_dags/tutorial_etl_dag.py
[2022-07-07 02:10:27,834] {processor.py:641} INFO - Processing file /home/airflow/.local/lib/python3.7/site-packages/airflow/example_dags/tutorial_etl_dag.py for tasks to queue
[2022-07-07 02:10:27,835] {logging_mixin.py:115} INFO - [2022-07-07 02:10:27,835] {dagbag.py:507} INFO - Filling up the DagBag from /home/airflow/.local/lib/python3.7/site-packages/airflow/example_dags/tutorial_etl_dag.py
[2022-07-07 02:10:27,842] {processor.py:651} INFO - DAG(s) dict_keys(['tutorial_etl_dag']) retrieved from /home/airflow/.local/lib/python3.7/site-packages/airflow/example_dags/tutorial_etl_dag.py
[2022-07-07 02:10:27,863] {logging_mixin.py:115} INFO - [2022-07-07 02:10:27,863] {dag.py:2379} INFO - Sync 1 DAGs
[2022-07-07 02:10:27,988] {logging_mixin.py:115} INFO - [2022-07-07 02:10:27,988] {dag.py:2931} INFO - Setting next_dagrun for tutorial_etl_dag to None, run_after=None
[2022-07-07 02:10:27,999] {processor.py:161} INFO - Processing /home/airflow/.local/lib/python3.7/site-packages/airflow/example_dags/tutorial_etl_dag.py took 0.168 seconds
[2022-07-07 02:10:58,235] {processor.py:153} INFO - Started process (PID=1681) to work on /home/airflow/.local/lib/python3.7/site-packages/airflow/example_dags/tutorial_etl_dag.py
[2022-07-07 02:10:58,235] {processor.py:641} INFO - Processing file /home/airflow/.local/lib/python3.7/site-packages/airflow/example_dags/tutorial_etl_dag.py for tasks to queue
[2022-07-07 02:10:58,236] {logging_mixin.py:115} INFO - [2022-07-07 02:10:58,236] {dagbag.py:507} INFO - Filling up the DagBag from /home/airflow/.local/lib/python3.7/site-packages/airflow/example_dags/tutorial_etl_dag.py
[2022-07-07 02:10:58,243] {processor.py:651} INFO - DAG(s) dict_keys(['tutorial_etl_dag']) retrieved from /home/airflow/.local/lib/python3.7/site-packages/airflow/example_dags/tutorial_etl_dag.py
[2022-07-07 02:10:58,265] {logging_mixin.py:115} INFO - [2022-07-07 02:10:58,265] {dag.py:2379} INFO - Sync 1 DAGs
[2022-07-07 02:10:58,409] {logging_mixin.py:115} INFO - [2022-07-07 02:10:58,409] {dag.py:2931} INFO - Setting next_dagrun for tutorial_etl_dag to None, run_after=None
[2022-07-07 02:10:58,423] {processor.py:161} INFO - Processing /home/airflow/.local/lib/python3.7/site-packages/airflow/example_dags/tutorial_etl_dag.py took 0.192 seconds
[2022-07-07 02:11:28,577] {processor.py:153} INFO - Started process (PID=1737) to work on /home/airflow/.local/lib/python3.7/site-packages/airflow/example_dags/tutorial_etl_dag.py
[2022-07-07 02:11:28,578] {processor.py:641} INFO - Processing file /home/airflow/.local/lib/python3.7/site-packages/airflow/example_dags/tutorial_etl_dag.py for tasks to queue
[2022-07-07 02:11:28,578] {logging_mixin.py:115} INFO - [2022-07-07 02:11:28,578] {dagbag.py:507} INFO - Filling up the DagBag from /home/airflow/.local/lib/python3.7/site-packages/airflow/example_dags/tutorial_etl_dag.py
[2022-07-07 02:11:28,584] {processor.py:651} INFO - DAG(s) dict_keys(['tutorial_etl_dag']) retrieved from /home/airflow/.local/lib/python3.7/site-packages/airflow/example_dags/tutorial_etl_dag.py
[2022-07-07 02:11:28,605] {logging_mixin.py:115} INFO - [2022-07-07 02:11:28,605] {dag.py:2379} INFO - Sync 1 DAGs
[2022-07-07 02:11:28,735] {logging_mixin.py:115} INFO - [2022-07-07 02:11:28,735] {dag.py:2931} INFO - Setting next_dagrun for tutorial_etl_dag to None, run_after=None
[2022-07-07 02:11:28,748] {processor.py:161} INFO - Processing /home/airflow/.local/lib/python3.7/site-packages/airflow/example_dags/tutorial_etl_dag.py took 0.173 seconds
[2022-07-07 02:11:59,053] {processor.py:153} INFO - Started process (PID=1803) to work on /home/airflow/.local/lib/python3.7/site-packages/airflow/example_dags/tutorial_etl_dag.py
[2022-07-07 02:11:59,054] {processor.py:641} INFO - Processing file /home/airflow/.local/lib/python3.7/site-packages/airflow/example_dags/tutorial_etl_dag.py for tasks to queue
[2022-07-07 02:11:59,054] {logging_mixin.py:115} INFO - [2022-07-07 02:11:59,054] {dagbag.py:507} INFO - Filling up the DagBag from /home/airflow/.local/lib/python3.7/site-packages/airflow/example_dags/tutorial_etl_dag.py
[2022-07-07 02:11:59,061] {processor.py:651} INFO - DAG(s) dict_keys(['tutorial_etl_dag']) retrieved from /home/airflow/.local/lib/python3.7/site-packages/airflow/example_dags/tutorial_etl_dag.py
[2022-07-07 02:11:59,084] {logging_mixin.py:115} INFO - [2022-07-07 02:11:59,084] {dag.py:2379} INFO - Sync 1 DAGs
[2022-07-07 02:11:59,225] {logging_mixin.py:115} INFO - [2022-07-07 02:11:59,225] {dag.py:2931} INFO - Setting next_dagrun for tutorial_etl_dag to None, run_after=None
[2022-07-07 02:11:59,236] {processor.py:161} INFO - Processing /home/airflow/.local/lib/python3.7/site-packages/airflow/example_dags/tutorial_etl_dag.py took 0.186 seconds
[2022-07-07 02:12:29,788] {processor.py:153} INFO - Started process (PID=1869) to work on /home/airflow/.local/lib/python3.7/site-packages/airflow/example_dags/tutorial_etl_dag.py
[2022-07-07 02:12:29,789] {processor.py:641} INFO - Processing file /home/airflow/.local/lib/python3.7/site-packages/airflow/example_dags/tutorial_etl_dag.py for tasks to queue
[2022-07-07 02:12:29,790] {logging_mixin.py:115} INFO - [2022-07-07 02:12:29,790] {dagbag.py:507} INFO - Filling up the DagBag from /home/airflow/.local/lib/python3.7/site-packages/airflow/example_dags/tutorial_etl_dag.py
[2022-07-07 02:12:29,797] {processor.py:651} INFO - DAG(s) dict_keys(['tutorial_etl_dag']) retrieved from /home/airflow/.local/lib/python3.7/site-packages/airflow/example_dags/tutorial_etl_dag.py
[2022-07-07 02:12:29,826] {logging_mixin.py:115} INFO - [2022-07-07 02:12:29,826] {dag.py:2379} INFO - Sync 1 DAGs
[2022-07-07 02:12:29,956] {logging_mixin.py:115} INFO - [2022-07-07 02:12:29,956] {dag.py:2931} INFO - Setting next_dagrun for tutorial_etl_dag to None, run_after=None
[2022-07-07 02:12:29,967] {processor.py:161} INFO - Processing /home/airflow/.local/lib/python3.7/site-packages/airflow/example_dags/tutorial_etl_dag.py took 0.181 seconds
[2022-07-07 02:13:00,120] {processor.py:153} INFO - Started process (PID=1924) to work on /home/airflow/.local/lib/python3.7/site-packages/airflow/example_dags/tutorial_etl_dag.py
[2022-07-07 02:13:00,120] {processor.py:641} INFO - Processing file /home/airflow/.local/lib/python3.7/site-packages/airflow/example_dags/tutorial_etl_dag.py for tasks to queue
[2022-07-07 02:13:00,121] {logging_mixin.py:115} INFO - [2022-07-07 02:13:00,121] {dagbag.py:507} INFO - Filling up the DagBag from /home/airflow/.local/lib/python3.7/site-packages/airflow/example_dags/tutorial_etl_dag.py
[2022-07-07 02:13:00,127] {processor.py:651} INFO - DAG(s) dict_keys(['tutorial_etl_dag']) retrieved from /home/airflow/.local/lib/python3.7/site-packages/airflow/example_dags/tutorial_etl_dag.py
[2022-07-07 02:13:00,148] {logging_mixin.py:115} INFO - [2022-07-07 02:13:00,147] {dag.py:2379} INFO - Sync 1 DAGs
[2022-07-07 02:13:00,281] {logging_mixin.py:115} INFO - [2022-07-07 02:13:00,281] {dag.py:2931} INFO - Setting next_dagrun for tutorial_etl_dag to None, run_after=None
[2022-07-07 02:13:00,292] {processor.py:161} INFO - Processing /home/airflow/.local/lib/python3.7/site-packages/airflow/example_dags/tutorial_etl_dag.py took 0.175 seconds
[2022-07-07 02:13:30,435] {processor.py:153} INFO - Started process (PID=1988) to work on /home/airflow/.local/lib/python3.7/site-packages/airflow/example_dags/tutorial_etl_dag.py
[2022-07-07 02:13:30,436] {processor.py:641} INFO - Processing file /home/airflow/.local/lib/python3.7/site-packages/airflow/example_dags/tutorial_etl_dag.py for tasks to queue
[2022-07-07 02:13:30,437] {logging_mixin.py:115} INFO - [2022-07-07 02:13:30,437] {dagbag.py:507} INFO - Filling up the DagBag from /home/airflow/.local/lib/python3.7/site-packages/airflow/example_dags/tutorial_etl_dag.py
[2022-07-07 02:13:30,443] {processor.py:651} INFO - DAG(s) dict_keys(['tutorial_etl_dag']) retrieved from /home/airflow/.local/lib/python3.7/site-packages/airflow/example_dags/tutorial_etl_dag.py
[2022-07-07 02:13:30,465] {logging_mixin.py:115} INFO - [2022-07-07 02:13:30,465] {dag.py:2379} INFO - Sync 1 DAGs
[2022-07-07 02:13:30,599] {logging_mixin.py:115} INFO - [2022-07-07 02:13:30,599] {dag.py:2931} INFO - Setting next_dagrun for tutorial_etl_dag to None, run_after=None
[2022-07-07 02:13:30,611] {processor.py:161} INFO - Processing /home/airflow/.local/lib/python3.7/site-packages/airflow/example_dags/tutorial_etl_dag.py took 0.178 seconds
[2022-07-07 02:14:01,336] {processor.py:153} INFO - Started process (PID=2053) to work on /home/airflow/.local/lib/python3.7/site-packages/airflow/example_dags/tutorial_etl_dag.py
[2022-07-07 02:14:01,337] {processor.py:641} INFO - Processing file /home/airflow/.local/lib/python3.7/site-packages/airflow/example_dags/tutorial_etl_dag.py for tasks to queue
[2022-07-07 02:14:01,339] {logging_mixin.py:115} INFO - [2022-07-07 02:14:01,338] {dagbag.py:507} INFO - Filling up the DagBag from /home/airflow/.local/lib/python3.7/site-packages/airflow/example_dags/tutorial_etl_dag.py
[2022-07-07 02:14:01,356] {processor.py:651} INFO - DAG(s) dict_keys(['tutorial_etl_dag']) retrieved from /home/airflow/.local/lib/python3.7/site-packages/airflow/example_dags/tutorial_etl_dag.py
[2022-07-07 02:14:01,399] {logging_mixin.py:115} INFO - [2022-07-07 02:14:01,399] {dag.py:2379} INFO - Sync 1 DAGs
[2022-07-07 02:14:01,596] {logging_mixin.py:115} INFO - [2022-07-07 02:14:01,596] {dag.py:2931} INFO - Setting next_dagrun for tutorial_etl_dag to None, run_after=None
[2022-07-07 02:14:01,620] {processor.py:161} INFO - Processing /home/airflow/.local/lib/python3.7/site-packages/airflow/example_dags/tutorial_etl_dag.py took 0.290 seconds
[2022-07-07 02:14:31,935] {processor.py:153} INFO - Started process (PID=2118) to work on /home/airflow/.local/lib/python3.7/site-packages/airflow/example_dags/tutorial_etl_dag.py
[2022-07-07 02:14:31,936] {processor.py:641} INFO - Processing file /home/airflow/.local/lib/python3.7/site-packages/airflow/example_dags/tutorial_etl_dag.py for tasks to queue
[2022-07-07 02:14:31,936] {logging_mixin.py:115} INFO - [2022-07-07 02:14:31,936] {dagbag.py:507} INFO - Filling up the DagBag from /home/airflow/.local/lib/python3.7/site-packages/airflow/example_dags/tutorial_etl_dag.py
[2022-07-07 02:14:31,943] {processor.py:651} INFO - DAG(s) dict_keys(['tutorial_etl_dag']) retrieved from /home/airflow/.local/lib/python3.7/site-packages/airflow/example_dags/tutorial_etl_dag.py
[2022-07-07 02:14:32,015] {logging_mixin.py:115} INFO - [2022-07-07 02:14:32,015] {dag.py:2379} INFO - Sync 1 DAGs
[2022-07-07 02:14:32,143] {logging_mixin.py:115} INFO - [2022-07-07 02:14:32,143] {dag.py:2931} INFO - Setting next_dagrun for tutorial_etl_dag to None, run_after=None
[2022-07-07 02:14:32,156] {processor.py:161} INFO - Processing /home/airflow/.local/lib/python3.7/site-packages/airflow/example_dags/tutorial_etl_dag.py took 0.224 seconds
[2022-07-07 02:15:02,199] {processor.py:153} INFO - Started process (PID=2173) to work on /home/airflow/.local/lib/python3.7/site-packages/airflow/example_dags/tutorial_etl_dag.py
[2022-07-07 02:15:02,200] {processor.py:641} INFO - Processing file /home/airflow/.local/lib/python3.7/site-packages/airflow/example_dags/tutorial_etl_dag.py for tasks to queue
[2022-07-07 02:15:02,200] {logging_mixin.py:115} INFO - [2022-07-07 02:15:02,200] {dagbag.py:507} INFO - Filling up the DagBag from /home/airflow/.local/lib/python3.7/site-packages/airflow/example_dags/tutorial_etl_dag.py
[2022-07-07 02:15:02,206] {processor.py:651} INFO - DAG(s) dict_keys(['tutorial_etl_dag']) retrieved from /home/airflow/.local/lib/python3.7/site-packages/airflow/example_dags/tutorial_etl_dag.py
[2022-07-07 02:15:02,228] {logging_mixin.py:115} INFO - [2022-07-07 02:15:02,228] {dag.py:2379} INFO - Sync 1 DAGs
[2022-07-07 02:15:02,376] {logging_mixin.py:115} INFO - [2022-07-07 02:15:02,376] {dag.py:2931} INFO - Setting next_dagrun for tutorial_etl_dag to None, run_after=None
[2022-07-07 02:15:02,387] {processor.py:161} INFO - Processing /home/airflow/.local/lib/python3.7/site-packages/airflow/example_dags/tutorial_etl_dag.py took 0.190 seconds
[2022-07-07 02:15:32,748] {processor.py:153} INFO - Started process (PID=2238) to work on /home/airflow/.local/lib/python3.7/site-packages/airflow/example_dags/tutorial_etl_dag.py
[2022-07-07 02:15:32,749] {processor.py:641} INFO - Processing file /home/airflow/.local/lib/python3.7/site-packages/airflow/example_dags/tutorial_etl_dag.py for tasks to queue
[2022-07-07 02:15:32,749] {logging_mixin.py:115} INFO - [2022-07-07 02:15:32,749] {dagbag.py:507} INFO - Filling up the DagBag from /home/airflow/.local/lib/python3.7/site-packages/airflow/example_dags/tutorial_etl_dag.py
[2022-07-07 02:15:32,758] {processor.py:651} INFO - DAG(s) dict_keys(['tutorial_etl_dag']) retrieved from /home/airflow/.local/lib/python3.7/site-packages/airflow/example_dags/tutorial_etl_dag.py
[2022-07-07 02:15:32,791] {logging_mixin.py:115} INFO - [2022-07-07 02:15:32,791] {dag.py:2379} INFO - Sync 1 DAGs
[2022-07-07 02:15:32,930] {logging_mixin.py:115} INFO - [2022-07-07 02:15:32,930] {dag.py:2931} INFO - Setting next_dagrun for tutorial_etl_dag to None, run_after=None
[2022-07-07 02:15:32,943] {processor.py:161} INFO - Processing /home/airflow/.local/lib/python3.7/site-packages/airflow/example_dags/tutorial_etl_dag.py took 0.199 seconds
[2022-07-07 02:16:03,249] {processor.py:153} INFO - Started process (PID=2303) to work on /home/airflow/.local/lib/python3.7/site-packages/airflow/example_dags/tutorial_etl_dag.py
[2022-07-07 02:16:03,250] {processor.py:641} INFO - Processing file /home/airflow/.local/lib/python3.7/site-packages/airflow/example_dags/tutorial_etl_dag.py for tasks to queue
[2022-07-07 02:16:03,251] {logging_mixin.py:115} INFO - [2022-07-07 02:16:03,251] {dagbag.py:507} INFO - Filling up the DagBag from /home/airflow/.local/lib/python3.7/site-packages/airflow/example_dags/tutorial_etl_dag.py
[2022-07-07 02:16:03,263] {processor.py:651} INFO - DAG(s) dict_keys(['tutorial_etl_dag']) retrieved from /home/airflow/.local/lib/python3.7/site-packages/airflow/example_dags/tutorial_etl_dag.py
[2022-07-07 02:16:03,308] {logging_mixin.py:115} INFO - [2022-07-07 02:16:03,308] {dag.py:2379} INFO - Sync 1 DAGs
[2022-07-07 02:16:03,491] {logging_mixin.py:115} INFO - [2022-07-07 02:16:03,491] {dag.py:2931} INFO - Setting next_dagrun for tutorial_etl_dag to None, run_after=None
[2022-07-07 02:16:03,513] {processor.py:161} INFO - Processing /home/airflow/.local/lib/python3.7/site-packages/airflow/example_dags/tutorial_etl_dag.py took 0.268 seconds
[2022-07-07 02:16:34,109] {processor.py:153} INFO - Started process (PID=2359) to work on /home/airflow/.local/lib/python3.7/site-packages/airflow/example_dags/tutorial_etl_dag.py
[2022-07-07 02:16:34,110] {processor.py:641} INFO - Processing file /home/airflow/.local/lib/python3.7/site-packages/airflow/example_dags/tutorial_etl_dag.py for tasks to queue
[2022-07-07 02:16:34,110] {logging_mixin.py:115} INFO - [2022-07-07 02:16:34,110] {dagbag.py:507} INFO - Filling up the DagBag from /home/airflow/.local/lib/python3.7/site-packages/airflow/example_dags/tutorial_etl_dag.py
[2022-07-07 02:16:34,121] {processor.py:651} INFO - DAG(s) dict_keys(['tutorial_etl_dag']) retrieved from /home/airflow/.local/lib/python3.7/site-packages/airflow/example_dags/tutorial_etl_dag.py
[2022-07-07 02:16:34,152] {logging_mixin.py:115} INFO - [2022-07-07 02:16:34,152] {dag.py:2379} INFO - Sync 1 DAGs
[2022-07-07 02:16:34,314] {logging_mixin.py:115} INFO - [2022-07-07 02:16:34,314] {dag.py:2931} INFO - Setting next_dagrun for tutorial_etl_dag to None, run_after=None
[2022-07-07 02:16:34,327] {processor.py:161} INFO - Processing /home/airflow/.local/lib/python3.7/site-packages/airflow/example_dags/tutorial_etl_dag.py took 0.221 seconds
[2022-07-07 02:17:05,282] {processor.py:153} INFO - Started process (PID=2424) to work on /home/airflow/.local/lib/python3.7/site-packages/airflow/example_dags/tutorial_etl_dag.py
[2022-07-07 02:17:05,283] {processor.py:641} INFO - Processing file /home/airflow/.local/lib/python3.7/site-packages/airflow/example_dags/tutorial_etl_dag.py for tasks to queue
[2022-07-07 02:17:05,283] {logging_mixin.py:115} INFO - [2022-07-07 02:17:05,283] {dagbag.py:507} INFO - Filling up the DagBag from /home/airflow/.local/lib/python3.7/site-packages/airflow/example_dags/tutorial_etl_dag.py
[2022-07-07 02:17:05,290] {processor.py:651} INFO - DAG(s) dict_keys(['tutorial_etl_dag']) retrieved from /home/airflow/.local/lib/python3.7/site-packages/airflow/example_dags/tutorial_etl_dag.py
[2022-07-07 02:17:05,313] {logging_mixin.py:115} INFO - [2022-07-07 02:17:05,313] {dag.py:2379} INFO - Sync 1 DAGs
[2022-07-07 02:17:05,473] {logging_mixin.py:115} INFO - [2022-07-07 02:17:05,473] {dag.py:2931} INFO - Setting next_dagrun for tutorial_etl_dag to None, run_after=None
[2022-07-07 02:17:05,484] {processor.py:161} INFO - Processing /home/airflow/.local/lib/python3.7/site-packages/airflow/example_dags/tutorial_etl_dag.py took 0.205 seconds
[2022-07-07 02:17:35,720] {processor.py:153} INFO - Started process (PID=2491) to work on /home/airflow/.local/lib/python3.7/site-packages/airflow/example_dags/tutorial_etl_dag.py
[2022-07-07 02:17:35,721] {processor.py:641} INFO - Processing file /home/airflow/.local/lib/python3.7/site-packages/airflow/example_dags/tutorial_etl_dag.py for tasks to queue
[2022-07-07 02:17:35,722] {logging_mixin.py:115} INFO - [2022-07-07 02:17:35,722] {dagbag.py:507} INFO - Filling up the DagBag from /home/airflow/.local/lib/python3.7/site-packages/airflow/example_dags/tutorial_etl_dag.py
[2022-07-07 02:17:35,728] {processor.py:651} INFO - DAG(s) dict_keys(['tutorial_etl_dag']) retrieved from /home/airflow/.local/lib/python3.7/site-packages/airflow/example_dags/tutorial_etl_dag.py
[2022-07-07 02:17:35,749] {logging_mixin.py:115} INFO - [2022-07-07 02:17:35,749] {dag.py:2379} INFO - Sync 1 DAGs
[2022-07-07 02:17:35,871] {logging_mixin.py:115} INFO - [2022-07-07 02:17:35,871] {dag.py:2931} INFO - Setting next_dagrun for tutorial_etl_dag to None, run_after=None
[2022-07-07 02:17:35,883] {processor.py:161} INFO - Processing /home/airflow/.local/lib/python3.7/site-packages/airflow/example_dags/tutorial_etl_dag.py took 0.166 seconds
[2022-07-07 02:18:06,165] {processor.py:153} INFO - Started process (PID=2556) to work on /home/airflow/.local/lib/python3.7/site-packages/airflow/example_dags/tutorial_etl_dag.py
[2022-07-07 02:18:06,165] {processor.py:641} INFO - Processing file /home/airflow/.local/lib/python3.7/site-packages/airflow/example_dags/tutorial_etl_dag.py for tasks to queue
[2022-07-07 02:18:06,166] {logging_mixin.py:115} INFO - [2022-07-07 02:18:06,166] {dagbag.py:507} INFO - Filling up the DagBag from /home/airflow/.local/lib/python3.7/site-packages/airflow/example_dags/tutorial_etl_dag.py
[2022-07-07 02:18:06,175] {processor.py:651} INFO - DAG(s) dict_keys(['tutorial_etl_dag']) retrieved from /home/airflow/.local/lib/python3.7/site-packages/airflow/example_dags/tutorial_etl_dag.py
[2022-07-07 02:18:06,199] {logging_mixin.py:115} INFO - [2022-07-07 02:18:06,199] {dag.py:2379} INFO - Sync 1 DAGs
[2022-07-07 02:18:06,358] {logging_mixin.py:115} INFO - [2022-07-07 02:18:06,358] {dag.py:2931} INFO - Setting next_dagrun for tutorial_etl_dag to None, run_after=None
[2022-07-07 02:18:06,373] {processor.py:161} INFO - Processing /home/airflow/.local/lib/python3.7/site-packages/airflow/example_dags/tutorial_etl_dag.py took 0.212 seconds
[2022-07-07 02:18:36,532] {processor.py:153} INFO - Started process (PID=2612) to work on /home/airflow/.local/lib/python3.7/site-packages/airflow/example_dags/tutorial_etl_dag.py
[2022-07-07 02:18:36,533] {processor.py:641} INFO - Processing file /home/airflow/.local/lib/python3.7/site-packages/airflow/example_dags/tutorial_etl_dag.py for tasks to queue
[2022-07-07 02:18:36,534] {logging_mixin.py:115} INFO - [2022-07-07 02:18:36,534] {dagbag.py:507} INFO - Filling up the DagBag from /home/airflow/.local/lib/python3.7/site-packages/airflow/example_dags/tutorial_etl_dag.py
[2022-07-07 02:18:36,540] {processor.py:651} INFO - DAG(s) dict_keys(['tutorial_etl_dag']) retrieved from /home/airflow/.local/lib/python3.7/site-packages/airflow/example_dags/tutorial_etl_dag.py
[2022-07-07 02:18:36,561] {logging_mixin.py:115} INFO - [2022-07-07 02:18:36,561] {dag.py:2379} INFO - Sync 1 DAGs
[2022-07-07 02:18:36,718] {logging_mixin.py:115} INFO - [2022-07-07 02:18:36,718] {dag.py:2931} INFO - Setting next_dagrun for tutorial_etl_dag to None, run_after=None
[2022-07-07 02:18:36,733] {processor.py:161} INFO - Processing /home/airflow/.local/lib/python3.7/site-packages/airflow/example_dags/tutorial_etl_dag.py took 0.203 seconds
[2022-07-07 02:19:07,420] {processor.py:153} INFO - Started process (PID=2678) to work on /home/airflow/.local/lib/python3.7/site-packages/airflow/example_dags/tutorial_etl_dag.py
[2022-07-07 02:19:07,420] {processor.py:641} INFO - Processing file /home/airflow/.local/lib/python3.7/site-packages/airflow/example_dags/tutorial_etl_dag.py for tasks to queue
[2022-07-07 02:19:07,421] {logging_mixin.py:115} INFO - [2022-07-07 02:19:07,421] {dagbag.py:507} INFO - Filling up the DagBag from /home/airflow/.local/lib/python3.7/site-packages/airflow/example_dags/tutorial_etl_dag.py
[2022-07-07 02:19:07,427] {processor.py:651} INFO - DAG(s) dict_keys(['tutorial_etl_dag']) retrieved from /home/airflow/.local/lib/python3.7/site-packages/airflow/example_dags/tutorial_etl_dag.py
[2022-07-07 02:19:07,449] {logging_mixin.py:115} INFO - [2022-07-07 02:19:07,449] {dag.py:2379} INFO - Sync 1 DAGs
[2022-07-07 02:19:07,579] {logging_mixin.py:115} INFO - [2022-07-07 02:19:07,579] {dag.py:2931} INFO - Setting next_dagrun for tutorial_etl_dag to None, run_after=None
[2022-07-07 02:19:07,590] {processor.py:161} INFO - Processing /home/airflow/.local/lib/python3.7/site-packages/airflow/example_dags/tutorial_etl_dag.py took 0.173 seconds
[2022-07-07 02:19:37,937] {processor.py:153} INFO - Started process (PID=2743) to work on /home/airflow/.local/lib/python3.7/site-packages/airflow/example_dags/tutorial_etl_dag.py
[2022-07-07 02:19:37,938] {processor.py:641} INFO - Processing file /home/airflow/.local/lib/python3.7/site-packages/airflow/example_dags/tutorial_etl_dag.py for tasks to queue
[2022-07-07 02:19:37,939] {logging_mixin.py:115} INFO - [2022-07-07 02:19:37,939] {dagbag.py:507} INFO - Filling up the DagBag from /home/airflow/.local/lib/python3.7/site-packages/airflow/example_dags/tutorial_etl_dag.py
[2022-07-07 02:19:37,945] {processor.py:651} INFO - DAG(s) dict_keys(['tutorial_etl_dag']) retrieved from /home/airflow/.local/lib/python3.7/site-packages/airflow/example_dags/tutorial_etl_dag.py
[2022-07-07 02:19:37,968] {logging_mixin.py:115} INFO - [2022-07-07 02:19:37,968] {dag.py:2379} INFO - Sync 1 DAGs
[2022-07-07 02:19:38,102] {logging_mixin.py:115} INFO - [2022-07-07 02:19:38,102] {dag.py:2931} INFO - Setting next_dagrun for tutorial_etl_dag to None, run_after=None
[2022-07-07 02:19:38,115] {processor.py:161} INFO - Processing /home/airflow/.local/lib/python3.7/site-packages/airflow/example_dags/tutorial_etl_dag.py took 0.180 seconds
[2022-07-07 02:29:53,823] {processor.py:153} INFO - Started process (PID=59) to work on /home/airflow/.local/lib/python3.7/site-packages/airflow/example_dags/tutorial_etl_dag.py
[2022-07-07 02:29:53,825] {processor.py:641} INFO - Processing file /home/airflow/.local/lib/python3.7/site-packages/airflow/example_dags/tutorial_etl_dag.py for tasks to queue
[2022-07-07 02:29:53,827] {logging_mixin.py:115} INFO - [2022-07-07 02:29:53,827] {dagbag.py:507} INFO - Filling up the DagBag from /home/airflow/.local/lib/python3.7/site-packages/airflow/example_dags/tutorial_etl_dag.py
[2022-07-07 02:29:53,840] {processor.py:651} INFO - DAG(s) dict_keys(['tutorial_etl_dag']) retrieved from /home/airflow/.local/lib/python3.7/site-packages/airflow/example_dags/tutorial_etl_dag.py
[2022-07-07 02:29:53,965] {logging_mixin.py:115} INFO - [2022-07-07 02:29:53,964] {dag.py:2379} INFO - Sync 1 DAGs
[2022-07-07 02:29:54,016] {logging_mixin.py:115} INFO - [2022-07-07 02:29:54,016] {dag.py:2931} INFO - Setting next_dagrun for tutorial_etl_dag to None, run_after=None
[2022-07-07 02:29:54,245] {processor.py:161} INFO - Processing /home/airflow/.local/lib/python3.7/site-packages/airflow/example_dags/tutorial_etl_dag.py took 0.426 seconds
[2022-07-07 02:30:25,420] {processor.py:153} INFO - Started process (PID=115) to work on /home/airflow/.local/lib/python3.7/site-packages/airflow/example_dags/tutorial_etl_dag.py
[2022-07-07 02:30:25,421] {processor.py:641} INFO - Processing file /home/airflow/.local/lib/python3.7/site-packages/airflow/example_dags/tutorial_etl_dag.py for tasks to queue
[2022-07-07 02:30:25,422] {logging_mixin.py:115} INFO - [2022-07-07 02:30:25,422] {dagbag.py:507} INFO - Filling up the DagBag from /home/airflow/.local/lib/python3.7/site-packages/airflow/example_dags/tutorial_etl_dag.py
[2022-07-07 02:30:25,434] {processor.py:651} INFO - DAG(s) dict_keys(['tutorial_etl_dag']) retrieved from /home/airflow/.local/lib/python3.7/site-packages/airflow/example_dags/tutorial_etl_dag.py
[2022-07-07 02:30:25,463] {logging_mixin.py:115} INFO - [2022-07-07 02:30:25,463] {dag.py:2379} INFO - Sync 1 DAGs
[2022-07-07 02:30:25,491] {logging_mixin.py:115} INFO - [2022-07-07 02:30:25,491] {dag.py:2931} INFO - Setting next_dagrun for tutorial_etl_dag to None, run_after=None
[2022-07-07 02:30:25,653] {processor.py:161} INFO - Processing /home/airflow/.local/lib/python3.7/site-packages/airflow/example_dags/tutorial_etl_dag.py took 0.237 seconds
[2022-07-07 02:30:55,935] {processor.py:153} INFO - Started process (PID=170) to work on /home/airflow/.local/lib/python3.7/site-packages/airflow/example_dags/tutorial_etl_dag.py
[2022-07-07 02:30:55,936] {processor.py:641} INFO - Processing file /home/airflow/.local/lib/python3.7/site-packages/airflow/example_dags/tutorial_etl_dag.py for tasks to queue
[2022-07-07 02:30:55,937] {logging_mixin.py:115} INFO - [2022-07-07 02:30:55,936] {dagbag.py:507} INFO - Filling up the DagBag from /home/airflow/.local/lib/python3.7/site-packages/airflow/example_dags/tutorial_etl_dag.py
[2022-07-07 02:30:55,943] {processor.py:651} INFO - DAG(s) dict_keys(['tutorial_etl_dag']) retrieved from /home/airflow/.local/lib/python3.7/site-packages/airflow/example_dags/tutorial_etl_dag.py
[2022-07-07 02:30:55,965] {logging_mixin.py:115} INFO - [2022-07-07 02:30:55,965] {dag.py:2379} INFO - Sync 1 DAGs
[2022-07-07 02:30:55,988] {logging_mixin.py:115} INFO - [2022-07-07 02:30:55,987] {dag.py:2931} INFO - Setting next_dagrun for tutorial_etl_dag to None, run_after=None
[2022-07-07 02:30:56,112] {processor.py:161} INFO - Processing /home/airflow/.local/lib/python3.7/site-packages/airflow/example_dags/tutorial_etl_dag.py took 0.180 seconds
[2022-07-07 02:31:26,431] {processor.py:153} INFO - Started process (PID=240) to work on /home/airflow/.local/lib/python3.7/site-packages/airflow/example_dags/tutorial_etl_dag.py
[2022-07-07 02:31:26,431] {processor.py:641} INFO - Processing file /home/airflow/.local/lib/python3.7/site-packages/airflow/example_dags/tutorial_etl_dag.py for tasks to queue
[2022-07-07 02:31:26,432] {logging_mixin.py:115} INFO - [2022-07-07 02:31:26,432] {dagbag.py:507} INFO - Filling up the DagBag from /home/airflow/.local/lib/python3.7/site-packages/airflow/example_dags/tutorial_etl_dag.py
[2022-07-07 02:31:26,438] {processor.py:651} INFO - DAG(s) dict_keys(['tutorial_etl_dag']) retrieved from /home/airflow/.local/lib/python3.7/site-packages/airflow/example_dags/tutorial_etl_dag.py
[2022-07-07 02:31:26,459] {logging_mixin.py:115} INFO - [2022-07-07 02:31:26,459] {dag.py:2379} INFO - Sync 1 DAGs
[2022-07-07 02:31:26,481] {logging_mixin.py:115} INFO - [2022-07-07 02:31:26,481] {dag.py:2931} INFO - Setting next_dagrun for tutorial_etl_dag to None, run_after=None
[2022-07-07 02:31:26,602] {processor.py:161} INFO - Processing /home/airflow/.local/lib/python3.7/site-packages/airflow/example_dags/tutorial_etl_dag.py took 0.174 seconds
[2022-07-07 02:31:57,544] {processor.py:153} INFO - Started process (PID=304) to work on /home/airflow/.local/lib/python3.7/site-packages/airflow/example_dags/tutorial_etl_dag.py
[2022-07-07 02:31:57,545] {processor.py:641} INFO - Processing file /home/airflow/.local/lib/python3.7/site-packages/airflow/example_dags/tutorial_etl_dag.py for tasks to queue
[2022-07-07 02:31:57,546] {logging_mixin.py:115} INFO - [2022-07-07 02:31:57,546] {dagbag.py:507} INFO - Filling up the DagBag from /home/airflow/.local/lib/python3.7/site-packages/airflow/example_dags/tutorial_etl_dag.py
[2022-07-07 02:31:57,554] {processor.py:651} INFO - DAG(s) dict_keys(['tutorial_etl_dag']) retrieved from /home/airflow/.local/lib/python3.7/site-packages/airflow/example_dags/tutorial_etl_dag.py
[2022-07-07 02:31:57,582] {logging_mixin.py:115} INFO - [2022-07-07 02:31:57,582] {dag.py:2379} INFO - Sync 1 DAGs
[2022-07-07 02:31:57,607] {logging_mixin.py:115} INFO - [2022-07-07 02:31:57,607] {dag.py:2931} INFO - Setting next_dagrun for tutorial_etl_dag to None, run_after=None
[2022-07-07 02:31:57,754] {processor.py:161} INFO - Processing /home/airflow/.local/lib/python3.7/site-packages/airflow/example_dags/tutorial_etl_dag.py took 0.214 seconds
[2022-07-07 02:32:28,498] {processor.py:153} INFO - Started process (PID=360) to work on /home/airflow/.local/lib/python3.7/site-packages/airflow/example_dags/tutorial_etl_dag.py
[2022-07-07 02:32:28,499] {processor.py:641} INFO - Processing file /home/airflow/.local/lib/python3.7/site-packages/airflow/example_dags/tutorial_etl_dag.py for tasks to queue
[2022-07-07 02:32:28,500] {logging_mixin.py:115} INFO - [2022-07-07 02:32:28,500] {dagbag.py:507} INFO - Filling up the DagBag from /home/airflow/.local/lib/python3.7/site-packages/airflow/example_dags/tutorial_etl_dag.py
[2022-07-07 02:32:28,506] {processor.py:651} INFO - DAG(s) dict_keys(['tutorial_etl_dag']) retrieved from /home/airflow/.local/lib/python3.7/site-packages/airflow/example_dags/tutorial_etl_dag.py
[2022-07-07 02:32:28,529] {logging_mixin.py:115} INFO - [2022-07-07 02:32:28,529] {dag.py:2379} INFO - Sync 1 DAGs
[2022-07-07 02:32:28,551] {logging_mixin.py:115} INFO - [2022-07-07 02:32:28,551] {dag.py:2931} INFO - Setting next_dagrun for tutorial_etl_dag to None, run_after=None
[2022-07-07 02:32:28,672] {processor.py:161} INFO - Processing /home/airflow/.local/lib/python3.7/site-packages/airflow/example_dags/tutorial_etl_dag.py took 0.177 seconds
[2022-07-07 02:32:59,672] {processor.py:153} INFO - Started process (PID=426) to work on /home/airflow/.local/lib/python3.7/site-packages/airflow/example_dags/tutorial_etl_dag.py
[2022-07-07 02:32:59,673] {processor.py:641} INFO - Processing file /home/airflow/.local/lib/python3.7/site-packages/airflow/example_dags/tutorial_etl_dag.py for tasks to queue
[2022-07-07 02:32:59,674] {logging_mixin.py:115} INFO - [2022-07-07 02:32:59,674] {dagbag.py:507} INFO - Filling up the DagBag from /home/airflow/.local/lib/python3.7/site-packages/airflow/example_dags/tutorial_etl_dag.py
[2022-07-07 02:32:59,683] {processor.py:651} INFO - DAG(s) dict_keys(['tutorial_etl_dag']) retrieved from /home/airflow/.local/lib/python3.7/site-packages/airflow/example_dags/tutorial_etl_dag.py
[2022-07-07 02:32:59,717] {logging_mixin.py:115} INFO - [2022-07-07 02:32:59,716] {dag.py:2379} INFO - Sync 1 DAGs
[2022-07-07 02:32:59,744] {logging_mixin.py:115} INFO - [2022-07-07 02:32:59,744] {dag.py:2931} INFO - Setting next_dagrun for tutorial_etl_dag to None, run_after=None
[2022-07-07 02:32:59,892] {processor.py:161} INFO - Processing /home/airflow/.local/lib/python3.7/site-packages/airflow/example_dags/tutorial_etl_dag.py took 0.225 seconds
