[2022-07-07 01:25:30,462] {processor.py:153} INFO - Started process (PID=64) to work on /home/airflow/.local/lib/python3.7/site-packages/airflow/example_dags/tutorial.py
[2022-07-07 01:25:30,468] {processor.py:641} INFO - Processing file /home/airflow/.local/lib/python3.7/site-packages/airflow/example_dags/tutorial.py for tasks to queue
[2022-07-07 01:25:30,471] {logging_mixin.py:115} INFO - [2022-07-07 01:25:30,470] {dagbag.py:507} INFO - Filling up the DagBag from /home/airflow/.local/lib/python3.7/site-packages/airflow/example_dags/tutorial.py
[2022-07-07 01:25:30,527] {processor.py:651} INFO - DAG(s) dict_keys(['tutorial']) retrieved from /home/airflow/.local/lib/python3.7/site-packages/airflow/example_dags/tutorial.py
[2022-07-07 01:25:32,158] {logging_mixin.py:115} INFO - [2022-07-07 01:25:32,158] {manager.py:508} INFO - Created Permission View: can edit on DAG:tutorial
[2022-07-07 01:25:32,173] {logging_mixin.py:115} INFO - [2022-07-07 01:25:32,173] {manager.py:508} INFO - Created Permission View: can read on DAG:tutorial
[2022-07-07 01:25:32,198] {logging_mixin.py:115} INFO - [2022-07-07 01:25:32,198] {manager.py:508} INFO - Created Permission View: can delete on DAG:tutorial
[2022-07-07 01:25:32,200] {logging_mixin.py:115} INFO - [2022-07-07 01:25:32,199] {dag.py:2379} INFO - Sync 1 DAGs
[2022-07-07 01:25:32,222] {logging_mixin.py:115} INFO - [2022-07-07 01:25:32,221] {dag.py:2398} INFO - Creating ORM DAG for tutorial
[2022-07-07 01:25:32,243] {logging_mixin.py:115} INFO - [2022-07-07 01:25:32,243] {dag.py:2931} INFO - Setting next_dagrun for tutorial to 2022-07-06T01:25:32.243320+00:00, run_after=2022-07-07T01:25:32.243320+00:00
[2022-07-07 01:25:32,276] {processor.py:161} INFO - Processing /home/airflow/.local/lib/python3.7/site-packages/airflow/example_dags/tutorial.py took 1.831 seconds
[2022-07-07 01:26:02,351] {processor.py:153} INFO - Started process (PID=131) to work on /home/airflow/.local/lib/python3.7/site-packages/airflow/example_dags/tutorial.py
[2022-07-07 01:26:02,351] {processor.py:641} INFO - Processing file /home/airflow/.local/lib/python3.7/site-packages/airflow/example_dags/tutorial.py for tasks to queue
[2022-07-07 01:26:02,352] {logging_mixin.py:115} INFO - [2022-07-07 01:26:02,352] {dagbag.py:507} INFO - Filling up the DagBag from /home/airflow/.local/lib/python3.7/site-packages/airflow/example_dags/tutorial.py
[2022-07-07 01:26:02,357] {processor.py:651} INFO - DAG(s) dict_keys(['tutorial']) retrieved from /home/airflow/.local/lib/python3.7/site-packages/airflow/example_dags/tutorial.py
[2022-07-07 01:26:02,377] {logging_mixin.py:115} INFO - [2022-07-07 01:26:02,377] {dag.py:2379} INFO - Sync 1 DAGs
[2022-07-07 01:26:02,395] {logging_mixin.py:115} INFO - [2022-07-07 01:26:02,395] {dag.py:2931} INFO - Setting next_dagrun for tutorial to 2022-07-06T01:26:02.394834+00:00, run_after=2022-07-07T01:26:02.394834+00:00
[2022-07-07 01:26:02,407] {processor.py:161} INFO - Processing /home/airflow/.local/lib/python3.7/site-packages/airflow/example_dags/tutorial.py took 0.059 seconds
[2022-07-07 01:26:33,099] {processor.py:153} INFO - Started process (PID=187) to work on /home/airflow/.local/lib/python3.7/site-packages/airflow/example_dags/tutorial.py
[2022-07-07 01:26:33,100] {processor.py:641} INFO - Processing file /home/airflow/.local/lib/python3.7/site-packages/airflow/example_dags/tutorial.py for tasks to queue
[2022-07-07 01:26:33,100] {logging_mixin.py:115} INFO - [2022-07-07 01:26:33,100] {dagbag.py:507} INFO - Filling up the DagBag from /home/airflow/.local/lib/python3.7/site-packages/airflow/example_dags/tutorial.py
[2022-07-07 01:26:33,105] {processor.py:651} INFO - DAG(s) dict_keys(['tutorial']) retrieved from /home/airflow/.local/lib/python3.7/site-packages/airflow/example_dags/tutorial.py
[2022-07-07 01:26:33,127] {logging_mixin.py:115} INFO - [2022-07-07 01:26:33,127] {dag.py:2379} INFO - Sync 1 DAGs
[2022-07-07 01:26:33,145] {logging_mixin.py:115} INFO - [2022-07-07 01:26:33,145] {dag.py:2931} INFO - Setting next_dagrun for tutorial to 2022-07-06T01:26:33.145623+00:00, run_after=2022-07-07T01:26:33.145623+00:00
[2022-07-07 01:26:33,157] {processor.py:161} INFO - Processing /home/airflow/.local/lib/python3.7/site-packages/airflow/example_dags/tutorial.py took 0.061 seconds
[2022-07-07 01:27:09,472] {processor.py:153} INFO - Started process (PID=255) to work on /home/airflow/.local/lib/python3.7/site-packages/airflow/example_dags/tutorial.py
[2022-07-07 01:27:09,475] {processor.py:641} INFO - Processing file /home/airflow/.local/lib/python3.7/site-packages/airflow/example_dags/tutorial.py for tasks to queue
[2022-07-07 01:27:09,476] {logging_mixin.py:115} INFO - [2022-07-07 01:27:09,476] {dagbag.py:507} INFO - Filling up the DagBag from /home/airflow/.local/lib/python3.7/site-packages/airflow/example_dags/tutorial.py
[2022-07-07 01:27:09,488] {processor.py:651} INFO - DAG(s) dict_keys(['tutorial']) retrieved from /home/airflow/.local/lib/python3.7/site-packages/airflow/example_dags/tutorial.py
[2022-07-07 01:27:09,571] {logging_mixin.py:115} INFO - [2022-07-07 01:27:09,571] {dag.py:2379} INFO - Sync 1 DAGs
[2022-07-07 01:27:09,639] {logging_mixin.py:115} INFO - [2022-07-07 01:27:09,639] {dag.py:2931} INFO - Setting next_dagrun for tutorial to 2022-07-06T01:27:09.638707+00:00, run_after=2022-07-07T01:27:09.638707+00:00
[2022-07-07 01:27:09,679] {processor.py:161} INFO - Processing /home/airflow/.local/lib/python3.7/site-packages/airflow/example_dags/tutorial.py took 0.212 seconds
[2022-07-07 01:27:39,719] {processor.py:153} INFO - Started process (PID=310) to work on /home/airflow/.local/lib/python3.7/site-packages/airflow/example_dags/tutorial.py
[2022-07-07 01:27:39,720] {processor.py:641} INFO - Processing file /home/airflow/.local/lib/python3.7/site-packages/airflow/example_dags/tutorial.py for tasks to queue
[2022-07-07 01:27:39,721] {logging_mixin.py:115} INFO - [2022-07-07 01:27:39,721] {dagbag.py:507} INFO - Filling up the DagBag from /home/airflow/.local/lib/python3.7/site-packages/airflow/example_dags/tutorial.py
[2022-07-07 01:27:39,727] {processor.py:651} INFO - DAG(s) dict_keys(['tutorial']) retrieved from /home/airflow/.local/lib/python3.7/site-packages/airflow/example_dags/tutorial.py
[2022-07-07 01:27:39,757] {logging_mixin.py:115} INFO - [2022-07-07 01:27:39,757] {dag.py:2379} INFO - Sync 1 DAGs
[2022-07-07 01:27:39,786] {logging_mixin.py:115} INFO - [2022-07-07 01:27:39,786] {dag.py:2931} INFO - Setting next_dagrun for tutorial to 2022-07-06T01:27:39.786418+00:00, run_after=2022-07-07T01:27:39.786418+00:00
[2022-07-07 01:27:39,808] {processor.py:161} INFO - Processing /home/airflow/.local/lib/python3.7/site-packages/airflow/example_dags/tutorial.py took 0.092 seconds
[2022-07-07 01:28:11,178] {processor.py:153} INFO - Started process (PID=378) to work on /home/airflow/.local/lib/python3.7/site-packages/airflow/example_dags/tutorial.py
[2022-07-07 01:28:11,179] {processor.py:641} INFO - Processing file /home/airflow/.local/lib/python3.7/site-packages/airflow/example_dags/tutorial.py for tasks to queue
[2022-07-07 01:28:11,180] {logging_mixin.py:115} INFO - [2022-07-07 01:28:11,180] {dagbag.py:507} INFO - Filling up the DagBag from /home/airflow/.local/lib/python3.7/site-packages/airflow/example_dags/tutorial.py
[2022-07-07 01:28:11,188] {processor.py:651} INFO - DAG(s) dict_keys(['tutorial']) retrieved from /home/airflow/.local/lib/python3.7/site-packages/airflow/example_dags/tutorial.py
[2022-07-07 01:28:11,225] {logging_mixin.py:115} INFO - [2022-07-07 01:28:11,225] {dag.py:2379} INFO - Sync 1 DAGs
[2022-07-07 01:28:11,259] {logging_mixin.py:115} INFO - [2022-07-07 01:28:11,258] {dag.py:2931} INFO - Setting next_dagrun for tutorial to 2022-07-06T01:28:11.258451+00:00, run_after=2022-07-07T01:28:11.258451+00:00
[2022-07-07 01:28:11,282] {processor.py:161} INFO - Processing /home/airflow/.local/lib/python3.7/site-packages/airflow/example_dags/tutorial.py took 0.108 seconds
[2022-07-07 01:28:45,208] {processor.py:153} INFO - Started process (PID=435) to work on /home/airflow/.local/lib/python3.7/site-packages/airflow/example_dags/tutorial.py
[2022-07-07 01:28:45,209] {processor.py:641} INFO - Processing file /home/airflow/.local/lib/python3.7/site-packages/airflow/example_dags/tutorial.py for tasks to queue
[2022-07-07 01:28:45,210] {logging_mixin.py:115} INFO - [2022-07-07 01:28:45,210] {dagbag.py:507} INFO - Filling up the DagBag from /home/airflow/.local/lib/python3.7/site-packages/airflow/example_dags/tutorial.py
[2022-07-07 01:28:45,215] {processor.py:651} INFO - DAG(s) dict_keys(['tutorial']) retrieved from /home/airflow/.local/lib/python3.7/site-packages/airflow/example_dags/tutorial.py
[2022-07-07 01:28:45,240] {logging_mixin.py:115} INFO - [2022-07-07 01:28:45,240] {dag.py:2379} INFO - Sync 1 DAGs
[2022-07-07 01:28:45,263] {logging_mixin.py:115} INFO - [2022-07-07 01:28:45,263] {dag.py:2931} INFO - Setting next_dagrun for tutorial to 2022-07-06T01:28:45.263291+00:00, run_after=2022-07-07T01:28:45.263291+00:00
[2022-07-07 01:28:45,277] {processor.py:161} INFO - Processing /home/airflow/.local/lib/python3.7/site-packages/airflow/example_dags/tutorial.py took 0.071 seconds
[2022-07-07 01:46:13,057] {processor.py:153} INFO - Started process (PID=63) to work on /home/airflow/.local/lib/python3.7/site-packages/airflow/example_dags/tutorial.py
[2022-07-07 01:46:13,063] {processor.py:641} INFO - Processing file /home/airflow/.local/lib/python3.7/site-packages/airflow/example_dags/tutorial.py for tasks to queue
[2022-07-07 01:46:13,064] {logging_mixin.py:115} INFO - [2022-07-07 01:46:13,064] {dagbag.py:507} INFO - Filling up the DagBag from /home/airflow/.local/lib/python3.7/site-packages/airflow/example_dags/tutorial.py
[2022-07-07 01:46:13,072] {processor.py:651} INFO - DAG(s) dict_keys(['tutorial']) retrieved from /home/airflow/.local/lib/python3.7/site-packages/airflow/example_dags/tutorial.py
[2022-07-07 01:46:13,107] {logging_mixin.py:115} INFO - [2022-07-07 01:46:13,107] {dag.py:2379} INFO - Sync 1 DAGs
[2022-07-07 01:46:13,143] {logging_mixin.py:115} INFO - [2022-07-07 01:46:13,143] {dag.py:2931} INFO - Setting next_dagrun for tutorial to 2022-07-06T01:46:13.143098+00:00, run_after=2022-07-07T01:46:13.143098+00:00
[2022-07-07 01:46:13,170] {processor.py:161} INFO - Processing /home/airflow/.local/lib/python3.7/site-packages/airflow/example_dags/tutorial.py took 0.116 seconds
[2022-07-07 01:47:16,403] {processor.py:153} INFO - Started process (PID=138) to work on /home/airflow/.local/lib/python3.7/site-packages/airflow/example_dags/tutorial.py
[2022-07-07 01:47:16,407] {processor.py:641} INFO - Processing file /home/airflow/.local/lib/python3.7/site-packages/airflow/example_dags/tutorial.py for tasks to queue
[2022-07-07 01:47:16,409] {logging_mixin.py:115} INFO - [2022-07-07 01:47:16,409] {dagbag.py:507} INFO - Filling up the DagBag from /home/airflow/.local/lib/python3.7/site-packages/airflow/example_dags/tutorial.py
[2022-07-07 01:47:16,422] {processor.py:651} INFO - DAG(s) dict_keys(['tutorial']) retrieved from /home/airflow/.local/lib/python3.7/site-packages/airflow/example_dags/tutorial.py
[2022-07-07 01:47:16,466] {logging_mixin.py:115} INFO - [2022-07-07 01:47:16,466] {dag.py:2379} INFO - Sync 1 DAGs
[2022-07-07 01:47:16,508] {logging_mixin.py:115} INFO - [2022-07-07 01:47:16,508] {dag.py:2931} INFO - Setting next_dagrun for tutorial to 2022-07-06T01:47:16.508023+00:00, run_after=2022-07-07T01:47:16.508023+00:00
[2022-07-07 01:47:16,530] {processor.py:161} INFO - Processing /home/airflow/.local/lib/python3.7/site-packages/airflow/example_dags/tutorial.py took 0.134 seconds
[2022-07-07 01:47:47,965] {processor.py:153} INFO - Started process (PID=194) to work on /home/airflow/.local/lib/python3.7/site-packages/airflow/example_dags/tutorial.py
[2022-07-07 01:47:47,968] {processor.py:641} INFO - Processing file /home/airflow/.local/lib/python3.7/site-packages/airflow/example_dags/tutorial.py for tasks to queue
[2022-07-07 01:47:47,970] {logging_mixin.py:115} INFO - [2022-07-07 01:47:47,970] {dagbag.py:507} INFO - Filling up the DagBag from /home/airflow/.local/lib/python3.7/site-packages/airflow/example_dags/tutorial.py
[2022-07-07 01:47:47,981] {processor.py:651} INFO - DAG(s) dict_keys(['tutorial']) retrieved from /home/airflow/.local/lib/python3.7/site-packages/airflow/example_dags/tutorial.py
[2022-07-07 01:47:48,033] {logging_mixin.py:115} INFO - [2022-07-07 01:47:48,033] {dag.py:2379} INFO - Sync 1 DAGs
[2022-07-07 01:47:48,080] {logging_mixin.py:115} INFO - [2022-07-07 01:47:48,080] {dag.py:2931} INFO - Setting next_dagrun for tutorial to 2022-07-06T01:47:48.079524+00:00, run_after=2022-07-07T01:47:48.079524+00:00
[2022-07-07 01:47:48,109] {processor.py:161} INFO - Processing /home/airflow/.local/lib/python3.7/site-packages/airflow/example_dags/tutorial.py took 0.149 seconds
[2022-07-07 01:48:19,142] {processor.py:153} INFO - Started process (PID=262) to work on /home/airflow/.local/lib/python3.7/site-packages/airflow/example_dags/tutorial.py
[2022-07-07 01:48:19,143] {processor.py:641} INFO - Processing file /home/airflow/.local/lib/python3.7/site-packages/airflow/example_dags/tutorial.py for tasks to queue
[2022-07-07 01:48:19,144] {logging_mixin.py:115} INFO - [2022-07-07 01:48:19,144] {dagbag.py:507} INFO - Filling up the DagBag from /home/airflow/.local/lib/python3.7/site-packages/airflow/example_dags/tutorial.py
[2022-07-07 01:48:19,158] {processor.py:651} INFO - DAG(s) dict_keys(['tutorial']) retrieved from /home/airflow/.local/lib/python3.7/site-packages/airflow/example_dags/tutorial.py
[2022-07-07 01:48:19,203] {logging_mixin.py:115} INFO - [2022-07-07 01:48:19,203] {dag.py:2379} INFO - Sync 1 DAGs
[2022-07-07 01:48:19,237] {logging_mixin.py:115} INFO - [2022-07-07 01:48:19,237] {dag.py:2931} INFO - Setting next_dagrun for tutorial to 2022-07-06T01:48:19.237381+00:00, run_after=2022-07-07T01:48:19.237381+00:00
[2022-07-07 01:48:19,254] {processor.py:161} INFO - Processing /home/airflow/.local/lib/python3.7/site-packages/airflow/example_dags/tutorial.py took 0.116 seconds
[2022-07-07 01:48:49,770] {processor.py:153} INFO - Started process (PID=317) to work on /home/airflow/.local/lib/python3.7/site-packages/airflow/example_dags/tutorial.py
[2022-07-07 01:48:49,771] {processor.py:641} INFO - Processing file /home/airflow/.local/lib/python3.7/site-packages/airflow/example_dags/tutorial.py for tasks to queue
[2022-07-07 01:48:49,773] {logging_mixin.py:115} INFO - [2022-07-07 01:48:49,772] {dagbag.py:507} INFO - Filling up the DagBag from /home/airflow/.local/lib/python3.7/site-packages/airflow/example_dags/tutorial.py
[2022-07-07 01:48:49,784] {processor.py:651} INFO - DAG(s) dict_keys(['tutorial']) retrieved from /home/airflow/.local/lib/python3.7/site-packages/airflow/example_dags/tutorial.py
[2022-07-07 01:48:49,849] {logging_mixin.py:115} INFO - [2022-07-07 01:48:49,849] {dag.py:2379} INFO - Sync 1 DAGs
[2022-07-07 01:48:49,896] {logging_mixin.py:115} INFO - [2022-07-07 01:48:49,896] {dag.py:2931} INFO - Setting next_dagrun for tutorial to 2022-07-06T01:48:49.895688+00:00, run_after=2022-07-07T01:48:49.895688+00:00
[2022-07-07 01:48:49,924] {processor.py:161} INFO - Processing /home/airflow/.local/lib/python3.7/site-packages/airflow/example_dags/tutorial.py took 0.160 seconds
[2022-07-07 01:49:20,204] {processor.py:153} INFO - Started process (PID=384) to work on /home/airflow/.local/lib/python3.7/site-packages/airflow/example_dags/tutorial.py
[2022-07-07 01:49:20,206] {processor.py:641} INFO - Processing file /home/airflow/.local/lib/python3.7/site-packages/airflow/example_dags/tutorial.py for tasks to queue
[2022-07-07 01:49:20,207] {logging_mixin.py:115} INFO - [2022-07-07 01:49:20,206] {dagbag.py:507} INFO - Filling up the DagBag from /home/airflow/.local/lib/python3.7/site-packages/airflow/example_dags/tutorial.py
[2022-07-07 01:49:20,217] {processor.py:651} INFO - DAG(s) dict_keys(['tutorial']) retrieved from /home/airflow/.local/lib/python3.7/site-packages/airflow/example_dags/tutorial.py
[2022-07-07 01:49:20,270] {logging_mixin.py:115} INFO - [2022-07-07 01:49:20,269] {dag.py:2379} INFO - Sync 1 DAGs
[2022-07-07 01:49:20,308] {logging_mixin.py:115} INFO - [2022-07-07 01:49:20,308] {dag.py:2931} INFO - Setting next_dagrun for tutorial to 2022-07-06T01:49:20.307605+00:00, run_after=2022-07-07T01:49:20.307605+00:00
[2022-07-07 01:49:20,331] {processor.py:161} INFO - Processing /home/airflow/.local/lib/python3.7/site-packages/airflow/example_dags/tutorial.py took 0.134 seconds
[2022-07-07 01:49:51,164] {processor.py:153} INFO - Started process (PID=442) to work on /home/airflow/.local/lib/python3.7/site-packages/airflow/example_dags/tutorial.py
[2022-07-07 01:49:51,166] {processor.py:641} INFO - Processing file /home/airflow/.local/lib/python3.7/site-packages/airflow/example_dags/tutorial.py for tasks to queue
[2022-07-07 01:49:51,167] {logging_mixin.py:115} INFO - [2022-07-07 01:49:51,167] {dagbag.py:507} INFO - Filling up the DagBag from /home/airflow/.local/lib/python3.7/site-packages/airflow/example_dags/tutorial.py
[2022-07-07 01:49:51,174] {processor.py:651} INFO - DAG(s) dict_keys(['tutorial']) retrieved from /home/airflow/.local/lib/python3.7/site-packages/airflow/example_dags/tutorial.py
[2022-07-07 01:49:51,223] {logging_mixin.py:115} INFO - [2022-07-07 01:49:51,223] {dag.py:2379} INFO - Sync 1 DAGs
[2022-07-07 01:49:51,268] {logging_mixin.py:115} INFO - [2022-07-07 01:49:51,268] {dag.py:2931} INFO - Setting next_dagrun for tutorial to 2022-07-06T01:49:51.268032+00:00, run_after=2022-07-07T01:49:51.268032+00:00
[2022-07-07 01:49:51,289] {processor.py:161} INFO - Processing /home/airflow/.local/lib/python3.7/site-packages/airflow/example_dags/tutorial.py took 0.129 seconds
[2022-07-07 01:50:22,848] {processor.py:153} INFO - Started process (PID=508) to work on /home/airflow/.local/lib/python3.7/site-packages/airflow/example_dags/tutorial.py
[2022-07-07 01:50:22,854] {processor.py:641} INFO - Processing file /home/airflow/.local/lib/python3.7/site-packages/airflow/example_dags/tutorial.py for tasks to queue
[2022-07-07 01:50:22,857] {logging_mixin.py:115} INFO - [2022-07-07 01:50:22,857] {dagbag.py:507} INFO - Filling up the DagBag from /home/airflow/.local/lib/python3.7/site-packages/airflow/example_dags/tutorial.py
[2022-07-07 01:50:22,869] {processor.py:651} INFO - DAG(s) dict_keys(['tutorial']) retrieved from /home/airflow/.local/lib/python3.7/site-packages/airflow/example_dags/tutorial.py
[2022-07-07 01:50:22,963] {logging_mixin.py:115} INFO - [2022-07-07 01:50:22,962] {dag.py:2379} INFO - Sync 1 DAGs
[2022-07-07 01:50:23,023] {logging_mixin.py:115} INFO - [2022-07-07 01:50:23,023] {dag.py:2931} INFO - Setting next_dagrun for tutorial to 2022-07-06T01:50:23.023082+00:00, run_after=2022-07-07T01:50:23.023082+00:00
[2022-07-07 01:50:23,058] {processor.py:161} INFO - Processing /home/airflow/.local/lib/python3.7/site-packages/airflow/example_dags/tutorial.py took 0.216 seconds
[2022-07-07 01:50:53,843] {processor.py:153} INFO - Started process (PID=569) to work on /home/airflow/.local/lib/python3.7/site-packages/airflow/example_dags/tutorial.py
[2022-07-07 01:50:53,844] {processor.py:641} INFO - Processing file /home/airflow/.local/lib/python3.7/site-packages/airflow/example_dags/tutorial.py for tasks to queue
[2022-07-07 01:50:53,845] {logging_mixin.py:115} INFO - [2022-07-07 01:50:53,845] {dagbag.py:507} INFO - Filling up the DagBag from /home/airflow/.local/lib/python3.7/site-packages/airflow/example_dags/tutorial.py
[2022-07-07 01:50:53,852] {processor.py:651} INFO - DAG(s) dict_keys(['tutorial']) retrieved from /home/airflow/.local/lib/python3.7/site-packages/airflow/example_dags/tutorial.py
[2022-07-07 01:50:53,883] {logging_mixin.py:115} INFO - [2022-07-07 01:50:53,883] {dag.py:2379} INFO - Sync 1 DAGs
[2022-07-07 01:50:53,919] {logging_mixin.py:115} INFO - [2022-07-07 01:50:53,919] {dag.py:2931} INFO - Setting next_dagrun for tutorial to 2022-07-06T01:50:53.919439+00:00, run_after=2022-07-07T01:50:53.919439+00:00
[2022-07-07 01:50:53,939] {processor.py:161} INFO - Processing /home/airflow/.local/lib/python3.7/site-packages/airflow/example_dags/tutorial.py took 0.100 seconds
[2022-07-07 01:51:24,483] {processor.py:153} INFO - Started process (PID=626) to work on /home/airflow/.local/lib/python3.7/site-packages/airflow/example_dags/tutorial.py
[2022-07-07 01:51:24,484] {processor.py:641} INFO - Processing file /home/airflow/.local/lib/python3.7/site-packages/airflow/example_dags/tutorial.py for tasks to queue
[2022-07-07 01:51:24,485] {logging_mixin.py:115} INFO - [2022-07-07 01:51:24,485] {dagbag.py:507} INFO - Filling up the DagBag from /home/airflow/.local/lib/python3.7/site-packages/airflow/example_dags/tutorial.py
[2022-07-07 01:51:24,494] {processor.py:651} INFO - DAG(s) dict_keys(['tutorial']) retrieved from /home/airflow/.local/lib/python3.7/site-packages/airflow/example_dags/tutorial.py
[2022-07-07 01:51:24,533] {logging_mixin.py:115} INFO - [2022-07-07 01:51:24,532] {dag.py:2379} INFO - Sync 1 DAGs
[2022-07-07 01:51:24,566] {logging_mixin.py:115} INFO - [2022-07-07 01:51:24,566] {dag.py:2931} INFO - Setting next_dagrun for tutorial to 2022-07-06T01:51:24.565704+00:00, run_after=2022-07-07T01:51:24.565704+00:00
[2022-07-07 01:51:24,783] {processor.py:161} INFO - Processing /home/airflow/.local/lib/python3.7/site-packages/airflow/example_dags/tutorial.py took 0.304 seconds
[2022-07-07 01:51:55,510] {processor.py:153} INFO - Started process (PID=693) to work on /home/airflow/.local/lib/python3.7/site-packages/airflow/example_dags/tutorial.py
[2022-07-07 01:51:55,511] {processor.py:641} INFO - Processing file /home/airflow/.local/lib/python3.7/site-packages/airflow/example_dags/tutorial.py for tasks to queue
[2022-07-07 01:51:55,512] {logging_mixin.py:115} INFO - [2022-07-07 01:51:55,512] {dagbag.py:507} INFO - Filling up the DagBag from /home/airflow/.local/lib/python3.7/site-packages/airflow/example_dags/tutorial.py
[2022-07-07 01:51:55,521] {processor.py:651} INFO - DAG(s) dict_keys(['tutorial']) retrieved from /home/airflow/.local/lib/python3.7/site-packages/airflow/example_dags/tutorial.py
[2022-07-07 01:51:55,567] {logging_mixin.py:115} INFO - [2022-07-07 01:51:55,567] {dag.py:2379} INFO - Sync 1 DAGs
[2022-07-07 01:51:55,619] {logging_mixin.py:115} INFO - [2022-07-07 01:51:55,619] {dag.py:2931} INFO - Setting next_dagrun for tutorial to 2022-07-06T01:51:55.618980+00:00, run_after=2022-07-07T01:51:55.618980+00:00
[2022-07-07 01:51:55,906] {processor.py:161} INFO - Processing /home/airflow/.local/lib/python3.7/site-packages/airflow/example_dags/tutorial.py took 0.401 seconds
[2022-07-07 01:54:31,008] {processor.py:153} INFO - Started process (PID=64) to work on /home/airflow/.local/lib/python3.7/site-packages/airflow/example_dags/tutorial.py
[2022-07-07 01:54:31,014] {processor.py:641} INFO - Processing file /home/airflow/.local/lib/python3.7/site-packages/airflow/example_dags/tutorial.py for tasks to queue
[2022-07-07 01:54:31,017] {logging_mixin.py:115} INFO - [2022-07-07 01:54:31,017] {dagbag.py:507} INFO - Filling up the DagBag from /home/airflow/.local/lib/python3.7/site-packages/airflow/example_dags/tutorial.py
[2022-07-07 01:54:31,032] {processor.py:651} INFO - DAG(s) dict_keys(['tutorial']) retrieved from /home/airflow/.local/lib/python3.7/site-packages/airflow/example_dags/tutorial.py
[2022-07-07 01:54:31,074] {logging_mixin.py:115} INFO - [2022-07-07 01:54:31,074] {dag.py:2379} INFO - Sync 1 DAGs
[2022-07-07 01:54:31,156] {logging_mixin.py:115} INFO - [2022-07-07 01:54:31,156] {dag.py:2931} INFO - Setting next_dagrun for tutorial to 2022-07-06T01:54:31.156149+00:00, run_after=2022-07-07T01:54:31.156149+00:00
[2022-07-07 01:54:31,189] {processor.py:161} INFO - Processing /home/airflow/.local/lib/python3.7/site-packages/airflow/example_dags/tutorial.py took 0.185 seconds
[2022-07-07 01:55:26,648] {processor.py:153} INFO - Started process (PID=129) to work on /home/airflow/.local/lib/python3.7/site-packages/airflow/example_dags/tutorial.py
[2022-07-07 01:55:26,649] {processor.py:641} INFO - Processing file /home/airflow/.local/lib/python3.7/site-packages/airflow/example_dags/tutorial.py for tasks to queue
[2022-07-07 01:55:26,650] {logging_mixin.py:115} INFO - [2022-07-07 01:55:26,650] {dagbag.py:507} INFO - Filling up the DagBag from /home/airflow/.local/lib/python3.7/site-packages/airflow/example_dags/tutorial.py
[2022-07-07 01:55:26,660] {processor.py:651} INFO - DAG(s) dict_keys(['tutorial']) retrieved from /home/airflow/.local/lib/python3.7/site-packages/airflow/example_dags/tutorial.py
[2022-07-07 01:55:26,692] {logging_mixin.py:115} INFO - [2022-07-07 01:55:26,692] {dag.py:2379} INFO - Sync 1 DAGs
[2022-07-07 01:55:26,729] {logging_mixin.py:115} INFO - [2022-07-07 01:55:26,729] {dag.py:2931} INFO - Setting next_dagrun for tutorial to 2022-07-06T01:55:26.728770+00:00, run_after=2022-07-07T01:55:26.728770+00:00
[2022-07-07 01:55:26,750] {processor.py:161} INFO - Processing /home/airflow/.local/lib/python3.7/site-packages/airflow/example_dags/tutorial.py took 0.106 seconds
[2022-07-07 01:57:13,485] {processor.py:153} INFO - Started process (PID=63) to work on /home/airflow/.local/lib/python3.7/site-packages/airflow/example_dags/tutorial.py
[2022-07-07 01:57:13,487] {processor.py:641} INFO - Processing file /home/airflow/.local/lib/python3.7/site-packages/airflow/example_dags/tutorial.py for tasks to queue
[2022-07-07 01:57:13,489] {logging_mixin.py:115} INFO - [2022-07-07 01:57:13,489] {dagbag.py:507} INFO - Filling up the DagBag from /home/airflow/.local/lib/python3.7/site-packages/airflow/example_dags/tutorial.py
[2022-07-07 01:57:13,500] {processor.py:651} INFO - DAG(s) dict_keys(['tutorial']) retrieved from /home/airflow/.local/lib/python3.7/site-packages/airflow/example_dags/tutorial.py
[2022-07-07 01:57:13,548] {logging_mixin.py:115} INFO - [2022-07-07 01:57:13,548] {dag.py:2379} INFO - Sync 1 DAGs
[2022-07-07 01:57:13,586] {logging_mixin.py:115} INFO - [2022-07-07 01:57:13,586] {dag.py:2931} INFO - Setting next_dagrun for tutorial to 2022-07-06T01:57:13.585667+00:00, run_after=2022-07-07T01:57:13.585667+00:00
[2022-07-07 01:57:13,612] {processor.py:161} INFO - Processing /home/airflow/.local/lib/python3.7/site-packages/airflow/example_dags/tutorial.py took 0.132 seconds
[2022-07-07 01:58:06,727] {processor.py:153} INFO - Started process (PID=127) to work on /home/airflow/.local/lib/python3.7/site-packages/airflow/example_dags/tutorial.py
[2022-07-07 01:58:06,728] {processor.py:641} INFO - Processing file /home/airflow/.local/lib/python3.7/site-packages/airflow/example_dags/tutorial.py for tasks to queue
[2022-07-07 01:58:06,729] {logging_mixin.py:115} INFO - [2022-07-07 01:58:06,729] {dagbag.py:507} INFO - Filling up the DagBag from /home/airflow/.local/lib/python3.7/site-packages/airflow/example_dags/tutorial.py
[2022-07-07 01:58:06,735] {processor.py:651} INFO - DAG(s) dict_keys(['tutorial']) retrieved from /home/airflow/.local/lib/python3.7/site-packages/airflow/example_dags/tutorial.py
[2022-07-07 01:58:06,767] {logging_mixin.py:115} INFO - [2022-07-07 01:58:06,767] {dag.py:2379} INFO - Sync 1 DAGs
[2022-07-07 01:58:06,796] {logging_mixin.py:115} INFO - [2022-07-07 01:58:06,796] {dag.py:2931} INFO - Setting next_dagrun for tutorial to 2022-07-06T01:58:06.795870+00:00, run_after=2022-07-07T01:58:06.795870+00:00
[2022-07-07 01:58:06,810] {processor.py:161} INFO - Processing /home/airflow/.local/lib/python3.7/site-packages/airflow/example_dags/tutorial.py took 0.087 seconds
[2022-07-07 01:58:39,463] {processor.py:153} INFO - Started process (PID=182) to work on /home/airflow/.local/lib/python3.7/site-packages/airflow/example_dags/tutorial.py
[2022-07-07 01:58:39,464] {processor.py:641} INFO - Processing file /home/airflow/.local/lib/python3.7/site-packages/airflow/example_dags/tutorial.py for tasks to queue
[2022-07-07 01:58:39,465] {logging_mixin.py:115} INFO - [2022-07-07 01:58:39,465] {dagbag.py:507} INFO - Filling up the DagBag from /home/airflow/.local/lib/python3.7/site-packages/airflow/example_dags/tutorial.py
[2022-07-07 01:58:39,477] {processor.py:651} INFO - DAG(s) dict_keys(['tutorial']) retrieved from /home/airflow/.local/lib/python3.7/site-packages/airflow/example_dags/tutorial.py
[2022-07-07 01:58:39,520] {logging_mixin.py:115} INFO - [2022-07-07 01:58:39,520] {dag.py:2379} INFO - Sync 1 DAGs
[2022-07-07 01:58:39,564] {logging_mixin.py:115} INFO - [2022-07-07 01:58:39,564] {dag.py:2931} INFO - Setting next_dagrun for tutorial to 2022-07-06T01:58:39.564091+00:00, run_after=2022-07-07T01:58:39.564091+00:00
[2022-07-07 01:58:39,585] {processor.py:161} INFO - Processing /home/airflow/.local/lib/python3.7/site-packages/airflow/example_dags/tutorial.py took 0.126 seconds
[2022-07-07 01:59:10,217] {processor.py:153} INFO - Started process (PID=239) to work on /home/airflow/.local/lib/python3.7/site-packages/airflow/example_dags/tutorial.py
[2022-07-07 01:59:10,218] {processor.py:641} INFO - Processing file /home/airflow/.local/lib/python3.7/site-packages/airflow/example_dags/tutorial.py for tasks to queue
[2022-07-07 01:59:10,219] {logging_mixin.py:115} INFO - [2022-07-07 01:59:10,219] {dagbag.py:507} INFO - Filling up the DagBag from /home/airflow/.local/lib/python3.7/site-packages/airflow/example_dags/tutorial.py
[2022-07-07 01:59:10,232] {processor.py:651} INFO - DAG(s) dict_keys(['tutorial']) retrieved from /home/airflow/.local/lib/python3.7/site-packages/airflow/example_dags/tutorial.py
[2022-07-07 01:59:10,363] {logging_mixin.py:115} INFO - [2022-07-07 01:59:10,362] {dag.py:2379} INFO - Sync 1 DAGs
[2022-07-07 01:59:10,410] {logging_mixin.py:115} INFO - [2022-07-07 01:59:10,410] {dag.py:2931} INFO - Setting next_dagrun for tutorial to 2022-07-06T01:59:10.409536+00:00, run_after=2022-07-07T01:59:10.409536+00:00
[2022-07-07 01:59:10,432] {processor.py:161} INFO - Processing /home/airflow/.local/lib/python3.7/site-packages/airflow/example_dags/tutorial.py took 0.222 seconds
[2022-07-07 01:59:47,806] {processor.py:153} INFO - Started process (PID=304) to work on /home/airflow/.local/lib/python3.7/site-packages/airflow/example_dags/tutorial.py
[2022-07-07 01:59:47,807] {processor.py:641} INFO - Processing file /home/airflow/.local/lib/python3.7/site-packages/airflow/example_dags/tutorial.py for tasks to queue
[2022-07-07 01:59:47,808] {logging_mixin.py:115} INFO - [2022-07-07 01:59:47,808] {dagbag.py:507} INFO - Filling up the DagBag from /home/airflow/.local/lib/python3.7/site-packages/airflow/example_dags/tutorial.py
[2022-07-07 01:59:47,817] {processor.py:651} INFO - DAG(s) dict_keys(['tutorial']) retrieved from /home/airflow/.local/lib/python3.7/site-packages/airflow/example_dags/tutorial.py
[2022-07-07 01:59:47,857] {logging_mixin.py:115} INFO - [2022-07-07 01:59:47,856] {dag.py:2379} INFO - Sync 1 DAGs
[2022-07-07 01:59:47,894] {logging_mixin.py:115} INFO - [2022-07-07 01:59:47,894] {dag.py:2931} INFO - Setting next_dagrun for tutorial to 2022-07-06T01:59:47.893600+00:00, run_after=2022-07-07T01:59:47.893600+00:00
[2022-07-07 01:59:47,913] {processor.py:161} INFO - Processing /home/airflow/.local/lib/python3.7/site-packages/airflow/example_dags/tutorial.py took 0.111 seconds
[2022-07-07 02:00:18,466] {processor.py:153} INFO - Started process (PID=362) to work on /home/airflow/.local/lib/python3.7/site-packages/airflow/example_dags/tutorial.py
[2022-07-07 02:00:18,467] {processor.py:641} INFO - Processing file /home/airflow/.local/lib/python3.7/site-packages/airflow/example_dags/tutorial.py for tasks to queue
[2022-07-07 02:00:18,467] {logging_mixin.py:115} INFO - [2022-07-07 02:00:18,467] {dagbag.py:507} INFO - Filling up the DagBag from /home/airflow/.local/lib/python3.7/site-packages/airflow/example_dags/tutorial.py
[2022-07-07 02:00:18,473] {processor.py:651} INFO - DAG(s) dict_keys(['tutorial']) retrieved from /home/airflow/.local/lib/python3.7/site-packages/airflow/example_dags/tutorial.py
[2022-07-07 02:00:18,499] {logging_mixin.py:115} INFO - [2022-07-07 02:00:18,499] {dag.py:2379} INFO - Sync 1 DAGs
[2022-07-07 02:00:18,520] {logging_mixin.py:115} INFO - [2022-07-07 02:00:18,520] {dag.py:2931} INFO - Setting next_dagrun for tutorial to 2022-07-06T02:00:18.520121+00:00, run_after=2022-07-07T02:00:18.520121+00:00
[2022-07-07 02:00:18,531] {processor.py:161} INFO - Processing /home/airflow/.local/lib/python3.7/site-packages/airflow/example_dags/tutorial.py took 0.067 seconds
[2022-07-07 02:00:48,808] {processor.py:153} INFO - Started process (PID=427) to work on /home/airflow/.local/lib/python3.7/site-packages/airflow/example_dags/tutorial.py
[2022-07-07 02:00:48,809] {processor.py:641} INFO - Processing file /home/airflow/.local/lib/python3.7/site-packages/airflow/example_dags/tutorial.py for tasks to queue
[2022-07-07 02:00:48,809] {logging_mixin.py:115} INFO - [2022-07-07 02:00:48,809] {dagbag.py:507} INFO - Filling up the DagBag from /home/airflow/.local/lib/python3.7/site-packages/airflow/example_dags/tutorial.py
[2022-07-07 02:00:48,816] {processor.py:651} INFO - DAG(s) dict_keys(['tutorial']) retrieved from /home/airflow/.local/lib/python3.7/site-packages/airflow/example_dags/tutorial.py
[2022-07-07 02:00:48,838] {logging_mixin.py:115} INFO - [2022-07-07 02:00:48,838] {dag.py:2379} INFO - Sync 1 DAGs
[2022-07-07 02:00:48,860] {logging_mixin.py:115} INFO - [2022-07-07 02:00:48,860] {dag.py:2931} INFO - Setting next_dagrun for tutorial to 2022-07-06T02:00:48.859861+00:00, run_after=2022-07-07T02:00:48.859861+00:00
[2022-07-07 02:00:48,874] {processor.py:161} INFO - Processing /home/airflow/.local/lib/python3.7/site-packages/airflow/example_dags/tutorial.py took 0.068 seconds
[2022-07-07 02:01:19,421] {processor.py:153} INFO - Started process (PID=482) to work on /home/airflow/.local/lib/python3.7/site-packages/airflow/example_dags/tutorial.py
[2022-07-07 02:01:19,422] {processor.py:641} INFO - Processing file /home/airflow/.local/lib/python3.7/site-packages/airflow/example_dags/tutorial.py for tasks to queue
[2022-07-07 02:01:19,422] {logging_mixin.py:115} INFO - [2022-07-07 02:01:19,422] {dagbag.py:507} INFO - Filling up the DagBag from /home/airflow/.local/lib/python3.7/site-packages/airflow/example_dags/tutorial.py
[2022-07-07 02:01:19,427] {processor.py:651} INFO - DAG(s) dict_keys(['tutorial']) retrieved from /home/airflow/.local/lib/python3.7/site-packages/airflow/example_dags/tutorial.py
[2022-07-07 02:01:19,451] {logging_mixin.py:115} INFO - [2022-07-07 02:01:19,451] {dag.py:2379} INFO - Sync 1 DAGs
[2022-07-07 02:01:19,472] {logging_mixin.py:115} INFO - [2022-07-07 02:01:19,472] {dag.py:2931} INFO - Setting next_dagrun for tutorial to 2022-07-06T02:01:19.472300+00:00, run_after=2022-07-07T02:01:19.472300+00:00
[2022-07-07 02:01:19,495] {processor.py:161} INFO - Processing /home/airflow/.local/lib/python3.7/site-packages/airflow/example_dags/tutorial.py took 0.076 seconds
[2022-07-07 02:01:50,271] {processor.py:153} INFO - Started process (PID=552) to work on /home/airflow/.local/lib/python3.7/site-packages/airflow/example_dags/tutorial.py
[2022-07-07 02:01:50,272] {processor.py:641} INFO - Processing file /home/airflow/.local/lib/python3.7/site-packages/airflow/example_dags/tutorial.py for tasks to queue
[2022-07-07 02:01:50,273] {logging_mixin.py:115} INFO - [2022-07-07 02:01:50,273] {dagbag.py:507} INFO - Filling up the DagBag from /home/airflow/.local/lib/python3.7/site-packages/airflow/example_dags/tutorial.py
[2022-07-07 02:01:50,278] {processor.py:651} INFO - DAG(s) dict_keys(['tutorial']) retrieved from /home/airflow/.local/lib/python3.7/site-packages/airflow/example_dags/tutorial.py
[2022-07-07 02:01:50,302] {logging_mixin.py:115} INFO - [2022-07-07 02:01:50,302] {dag.py:2379} INFO - Sync 1 DAGs
[2022-07-07 02:01:50,323] {logging_mixin.py:115} INFO - [2022-07-07 02:01:50,323] {dag.py:2931} INFO - Setting next_dagrun for tutorial to 2022-07-06T02:01:50.323367+00:00, run_after=2022-07-07T02:01:50.323367+00:00
[2022-07-07 02:01:50,337] {processor.py:161} INFO - Processing /home/airflow/.local/lib/python3.7/site-packages/airflow/example_dags/tutorial.py took 0.068 seconds
[2022-07-07 02:02:20,765] {processor.py:153} INFO - Started process (PID=618) to work on /home/airflow/.local/lib/python3.7/site-packages/airflow/example_dags/tutorial.py
[2022-07-07 02:02:20,765] {processor.py:641} INFO - Processing file /home/airflow/.local/lib/python3.7/site-packages/airflow/example_dags/tutorial.py for tasks to queue
[2022-07-07 02:02:20,766] {logging_mixin.py:115} INFO - [2022-07-07 02:02:20,766] {dagbag.py:507} INFO - Filling up the DagBag from /home/airflow/.local/lib/python3.7/site-packages/airflow/example_dags/tutorial.py
[2022-07-07 02:02:20,771] {processor.py:651} INFO - DAG(s) dict_keys(['tutorial']) retrieved from /home/airflow/.local/lib/python3.7/site-packages/airflow/example_dags/tutorial.py
[2022-07-07 02:02:20,794] {logging_mixin.py:115} INFO - [2022-07-07 02:02:20,794] {dag.py:2379} INFO - Sync 1 DAGs
[2022-07-07 02:02:20,814] {logging_mixin.py:115} INFO - [2022-07-07 02:02:20,814] {dag.py:2931} INFO - Setting next_dagrun for tutorial to 2022-07-06T02:02:20.814005+00:00, run_after=2022-07-07T02:02:20.814005+00:00
[2022-07-07 02:02:20,932] {processor.py:161} INFO - Processing /home/airflow/.local/lib/python3.7/site-packages/airflow/example_dags/tutorial.py took 0.170 seconds
[2022-07-07 02:02:51,187] {processor.py:153} INFO - Started process (PID=681) to work on /home/airflow/.local/lib/python3.7/site-packages/airflow/example_dags/tutorial.py
[2022-07-07 02:02:51,189] {processor.py:641} INFO - Processing file /home/airflow/.local/lib/python3.7/site-packages/airflow/example_dags/tutorial.py for tasks to queue
[2022-07-07 02:02:51,190] {logging_mixin.py:115} INFO - [2022-07-07 02:02:51,190] {dagbag.py:507} INFO - Filling up the DagBag from /home/airflow/.local/lib/python3.7/site-packages/airflow/example_dags/tutorial.py
[2022-07-07 02:02:51,199] {processor.py:651} INFO - DAG(s) dict_keys(['tutorial']) retrieved from /home/airflow/.local/lib/python3.7/site-packages/airflow/example_dags/tutorial.py
[2022-07-07 02:02:51,227] {logging_mixin.py:115} INFO - [2022-07-07 02:02:51,227] {dag.py:2379} INFO - Sync 1 DAGs
[2022-07-07 02:02:51,253] {logging_mixin.py:115} INFO - [2022-07-07 02:02:51,253] {dag.py:2931} INFO - Setting next_dagrun for tutorial to 2022-07-06T02:02:51.253393+00:00, run_after=2022-07-07T02:02:51.253393+00:00
[2022-07-07 02:02:51,401] {processor.py:161} INFO - Processing /home/airflow/.local/lib/python3.7/site-packages/airflow/example_dags/tutorial.py took 0.219 seconds
[2022-07-07 02:03:21,480] {processor.py:153} INFO - Started process (PID=740) to work on /home/airflow/.local/lib/python3.7/site-packages/airflow/example_dags/tutorial.py
[2022-07-07 02:03:21,480] {processor.py:641} INFO - Processing file /home/airflow/.local/lib/python3.7/site-packages/airflow/example_dags/tutorial.py for tasks to queue
[2022-07-07 02:03:21,481] {logging_mixin.py:115} INFO - [2022-07-07 02:03:21,481] {dagbag.py:507} INFO - Filling up the DagBag from /home/airflow/.local/lib/python3.7/site-packages/airflow/example_dags/tutorial.py
[2022-07-07 02:03:21,486] {processor.py:651} INFO - DAG(s) dict_keys(['tutorial']) retrieved from /home/airflow/.local/lib/python3.7/site-packages/airflow/example_dags/tutorial.py
[2022-07-07 02:03:21,507] {logging_mixin.py:115} INFO - [2022-07-07 02:03:21,507] {dag.py:2379} INFO - Sync 1 DAGs
[2022-07-07 02:03:21,527] {logging_mixin.py:115} INFO - [2022-07-07 02:03:21,526] {dag.py:2931} INFO - Setting next_dagrun for tutorial to 2022-07-06T02:03:21.526729+00:00, run_after=2022-07-07T02:03:21.526729+00:00
[2022-07-07 02:03:21,639] {processor.py:161} INFO - Processing /home/airflow/.local/lib/python3.7/site-packages/airflow/example_dags/tutorial.py took 0.163 seconds
[2022-07-07 02:03:52,364] {processor.py:153} INFO - Started process (PID=805) to work on /home/airflow/.local/lib/python3.7/site-packages/airflow/example_dags/tutorial.py
[2022-07-07 02:03:52,365] {processor.py:641} INFO - Processing file /home/airflow/.local/lib/python3.7/site-packages/airflow/example_dags/tutorial.py for tasks to queue
[2022-07-07 02:03:52,366] {logging_mixin.py:115} INFO - [2022-07-07 02:03:52,366] {dagbag.py:507} INFO - Filling up the DagBag from /home/airflow/.local/lib/python3.7/site-packages/airflow/example_dags/tutorial.py
[2022-07-07 02:03:52,372] {processor.py:651} INFO - DAG(s) dict_keys(['tutorial']) retrieved from /home/airflow/.local/lib/python3.7/site-packages/airflow/example_dags/tutorial.py
[2022-07-07 02:03:52,397] {logging_mixin.py:115} INFO - [2022-07-07 02:03:52,397] {dag.py:2379} INFO - Sync 1 DAGs
[2022-07-07 02:03:52,417] {logging_mixin.py:115} INFO - [2022-07-07 02:03:52,417] {dag.py:2931} INFO - Setting next_dagrun for tutorial to 2022-07-06T02:03:52.416822+00:00, run_after=2022-07-07T02:03:52.416822+00:00
[2022-07-07 02:03:52,551] {processor.py:161} INFO - Processing /home/airflow/.local/lib/python3.7/site-packages/airflow/example_dags/tutorial.py took 0.191 seconds
[2022-07-07 02:04:22,736] {processor.py:153} INFO - Started process (PID=870) to work on /home/airflow/.local/lib/python3.7/site-packages/airflow/example_dags/tutorial.py
[2022-07-07 02:04:22,737] {processor.py:641} INFO - Processing file /home/airflow/.local/lib/python3.7/site-packages/airflow/example_dags/tutorial.py for tasks to queue
[2022-07-07 02:04:22,738] {logging_mixin.py:115} INFO - [2022-07-07 02:04:22,738] {dagbag.py:507} INFO - Filling up the DagBag from /home/airflow/.local/lib/python3.7/site-packages/airflow/example_dags/tutorial.py
[2022-07-07 02:04:22,744] {processor.py:651} INFO - DAG(s) dict_keys(['tutorial']) retrieved from /home/airflow/.local/lib/python3.7/site-packages/airflow/example_dags/tutorial.py
[2022-07-07 02:04:22,788] {logging_mixin.py:115} INFO - [2022-07-07 02:04:22,788] {dag.py:2379} INFO - Sync 1 DAGs
[2022-07-07 02:04:22,826] {logging_mixin.py:115} INFO - [2022-07-07 02:04:22,826] {dag.py:2931} INFO - Setting next_dagrun for tutorial to 2022-07-06T02:04:22.826021+00:00, run_after=2022-07-07T02:04:22.826021+00:00
[2022-07-07 02:04:22,960] {processor.py:161} INFO - Processing /home/airflow/.local/lib/python3.7/site-packages/airflow/example_dags/tutorial.py took 0.227 seconds
[2022-07-07 02:04:53,425] {processor.py:153} INFO - Started process (PID=926) to work on /home/airflow/.local/lib/python3.7/site-packages/airflow/example_dags/tutorial.py
[2022-07-07 02:04:53,426] {processor.py:641} INFO - Processing file /home/airflow/.local/lib/python3.7/site-packages/airflow/example_dags/tutorial.py for tasks to queue
[2022-07-07 02:04:53,427] {logging_mixin.py:115} INFO - [2022-07-07 02:04:53,427] {dagbag.py:507} INFO - Filling up the DagBag from /home/airflow/.local/lib/python3.7/site-packages/airflow/example_dags/tutorial.py
[2022-07-07 02:04:53,439] {processor.py:651} INFO - DAG(s) dict_keys(['tutorial']) retrieved from /home/airflow/.local/lib/python3.7/site-packages/airflow/example_dags/tutorial.py
[2022-07-07 02:04:53,480] {logging_mixin.py:115} INFO - [2022-07-07 02:04:53,480] {dag.py:2379} INFO - Sync 1 DAGs
[2022-07-07 02:04:53,505] {logging_mixin.py:115} INFO - [2022-07-07 02:04:53,505] {dag.py:2931} INFO - Setting next_dagrun for tutorial to 2022-07-06T02:04:53.504772+00:00, run_after=2022-07-07T02:04:53.504772+00:00
[2022-07-07 02:04:53,634] {processor.py:161} INFO - Processing /home/airflow/.local/lib/python3.7/site-packages/airflow/example_dags/tutorial.py took 0.212 seconds
[2022-07-07 02:05:23,845] {processor.py:153} INFO - Started process (PID=992) to work on /home/airflow/.local/lib/python3.7/site-packages/airflow/example_dags/tutorial.py
[2022-07-07 02:05:23,846] {processor.py:641} INFO - Processing file /home/airflow/.local/lib/python3.7/site-packages/airflow/example_dags/tutorial.py for tasks to queue
[2022-07-07 02:05:23,846] {logging_mixin.py:115} INFO - [2022-07-07 02:05:23,846] {dagbag.py:507} INFO - Filling up the DagBag from /home/airflow/.local/lib/python3.7/site-packages/airflow/example_dags/tutorial.py
[2022-07-07 02:05:23,851] {processor.py:651} INFO - DAG(s) dict_keys(['tutorial']) retrieved from /home/airflow/.local/lib/python3.7/site-packages/airflow/example_dags/tutorial.py
[2022-07-07 02:05:23,871] {logging_mixin.py:115} INFO - [2022-07-07 02:05:23,871] {dag.py:2379} INFO - Sync 1 DAGs
[2022-07-07 02:05:23,890] {logging_mixin.py:115} INFO - [2022-07-07 02:05:23,890] {dag.py:2931} INFO - Setting next_dagrun for tutorial to 2022-07-06T02:05:23.890026+00:00, run_after=2022-07-07T02:05:23.890026+00:00
[2022-07-07 02:05:23,996] {processor.py:161} INFO - Processing /home/airflow/.local/lib/python3.7/site-packages/airflow/example_dags/tutorial.py took 0.154 seconds
[2022-07-07 02:05:54,051] {processor.py:153} INFO - Started process (PID=1056) to work on /home/airflow/.local/lib/python3.7/site-packages/airflow/example_dags/tutorial.py
[2022-07-07 02:05:54,051] {processor.py:641} INFO - Processing file /home/airflow/.local/lib/python3.7/site-packages/airflow/example_dags/tutorial.py for tasks to queue
[2022-07-07 02:05:54,052] {logging_mixin.py:115} INFO - [2022-07-07 02:05:54,052] {dagbag.py:507} INFO - Filling up the DagBag from /home/airflow/.local/lib/python3.7/site-packages/airflow/example_dags/tutorial.py
[2022-07-07 02:05:54,057] {processor.py:651} INFO - DAG(s) dict_keys(['tutorial']) retrieved from /home/airflow/.local/lib/python3.7/site-packages/airflow/example_dags/tutorial.py
[2022-07-07 02:05:54,079] {logging_mixin.py:115} INFO - [2022-07-07 02:05:54,078] {dag.py:2379} INFO - Sync 1 DAGs
[2022-07-07 02:05:54,100] {logging_mixin.py:115} INFO - [2022-07-07 02:05:54,100] {dag.py:2931} INFO - Setting next_dagrun for tutorial to 2022-07-06T02:05:54.100483+00:00, run_after=2022-07-07T02:05:54.100483+00:00
[2022-07-07 02:05:54,216] {processor.py:161} INFO - Processing /home/airflow/.local/lib/python3.7/site-packages/airflow/example_dags/tutorial.py took 0.168 seconds
[2022-07-07 02:06:25,103] {processor.py:153} INFO - Started process (PID=1111) to work on /home/airflow/.local/lib/python3.7/site-packages/airflow/example_dags/tutorial.py
[2022-07-07 02:06:25,104] {processor.py:641} INFO - Processing file /home/airflow/.local/lib/python3.7/site-packages/airflow/example_dags/tutorial.py for tasks to queue
[2022-07-07 02:06:25,104] {logging_mixin.py:115} INFO - [2022-07-07 02:06:25,104] {dagbag.py:507} INFO - Filling up the DagBag from /home/airflow/.local/lib/python3.7/site-packages/airflow/example_dags/tutorial.py
[2022-07-07 02:06:25,109] {processor.py:651} INFO - DAG(s) dict_keys(['tutorial']) retrieved from /home/airflow/.local/lib/python3.7/site-packages/airflow/example_dags/tutorial.py
[2022-07-07 02:06:25,131] {logging_mixin.py:115} INFO - [2022-07-07 02:06:25,131] {dag.py:2379} INFO - Sync 1 DAGs
[2022-07-07 02:06:25,151] {logging_mixin.py:115} INFO - [2022-07-07 02:06:25,151] {dag.py:2931} INFO - Setting next_dagrun for tutorial to 2022-07-06T02:06:25.150850+00:00, run_after=2022-07-07T02:06:25.150850+00:00
[2022-07-07 02:06:25,267] {processor.py:161} INFO - Processing /home/airflow/.local/lib/python3.7/site-packages/airflow/example_dags/tutorial.py took 0.167 seconds
[2022-07-07 02:06:55,939] {processor.py:153} INFO - Started process (PID=1178) to work on /home/airflow/.local/lib/python3.7/site-packages/airflow/example_dags/tutorial.py
[2022-07-07 02:06:55,939] {processor.py:641} INFO - Processing file /home/airflow/.local/lib/python3.7/site-packages/airflow/example_dags/tutorial.py for tasks to queue
[2022-07-07 02:06:55,940] {logging_mixin.py:115} INFO - [2022-07-07 02:06:55,940] {dagbag.py:507} INFO - Filling up the DagBag from /home/airflow/.local/lib/python3.7/site-packages/airflow/example_dags/tutorial.py
[2022-07-07 02:06:55,945] {processor.py:651} INFO - DAG(s) dict_keys(['tutorial']) retrieved from /home/airflow/.local/lib/python3.7/site-packages/airflow/example_dags/tutorial.py
[2022-07-07 02:06:55,969] {logging_mixin.py:115} INFO - [2022-07-07 02:06:55,969] {dag.py:2379} INFO - Sync 1 DAGs
[2022-07-07 02:06:55,989] {logging_mixin.py:115} INFO - [2022-07-07 02:06:55,989] {dag.py:2931} INFO - Setting next_dagrun for tutorial to 2022-07-06T02:06:55.989461+00:00, run_after=2022-07-07T02:06:55.989461+00:00
[2022-07-07 02:06:56,116] {processor.py:161} INFO - Processing /home/airflow/.local/lib/python3.7/site-packages/airflow/example_dags/tutorial.py took 0.180 seconds
[2022-07-07 02:07:26,739] {processor.py:153} INFO - Started process (PID=1244) to work on /home/airflow/.local/lib/python3.7/site-packages/airflow/example_dags/tutorial.py
[2022-07-07 02:07:26,739] {processor.py:641} INFO - Processing file /home/airflow/.local/lib/python3.7/site-packages/airflow/example_dags/tutorial.py for tasks to queue
[2022-07-07 02:07:26,740] {logging_mixin.py:115} INFO - [2022-07-07 02:07:26,740] {dagbag.py:507} INFO - Filling up the DagBag from /home/airflow/.local/lib/python3.7/site-packages/airflow/example_dags/tutorial.py
[2022-07-07 02:07:26,746] {processor.py:651} INFO - DAG(s) dict_keys(['tutorial']) retrieved from /home/airflow/.local/lib/python3.7/site-packages/airflow/example_dags/tutorial.py
[2022-07-07 02:07:26,769] {logging_mixin.py:115} INFO - [2022-07-07 02:07:26,769] {dag.py:2379} INFO - Sync 1 DAGs
[2022-07-07 02:07:26,789] {logging_mixin.py:115} INFO - [2022-07-07 02:07:26,788] {dag.py:2931} INFO - Setting next_dagrun for tutorial to 2022-07-06T02:07:26.788777+00:00, run_after=2022-07-07T02:07:26.788777+00:00
[2022-07-07 02:07:26,903] {processor.py:161} INFO - Processing /home/airflow/.local/lib/python3.7/site-packages/airflow/example_dags/tutorial.py took 0.168 seconds
[2022-07-07 02:07:57,173] {processor.py:153} INFO - Started process (PID=1309) to work on /home/airflow/.local/lib/python3.7/site-packages/airflow/example_dags/tutorial.py
[2022-07-07 02:07:57,174] {processor.py:641} INFO - Processing file /home/airflow/.local/lib/python3.7/site-packages/airflow/example_dags/tutorial.py for tasks to queue
[2022-07-07 02:07:57,175] {logging_mixin.py:115} INFO - [2022-07-07 02:07:57,175] {dagbag.py:507} INFO - Filling up the DagBag from /home/airflow/.local/lib/python3.7/site-packages/airflow/example_dags/tutorial.py
[2022-07-07 02:07:57,183] {processor.py:651} INFO - DAG(s) dict_keys(['tutorial']) retrieved from /home/airflow/.local/lib/python3.7/site-packages/airflow/example_dags/tutorial.py
[2022-07-07 02:07:57,206] {logging_mixin.py:115} INFO - [2022-07-07 02:07:57,206] {dag.py:2379} INFO - Sync 1 DAGs
[2022-07-07 02:07:57,230] {logging_mixin.py:115} INFO - [2022-07-07 02:07:57,230] {dag.py:2931} INFO - Setting next_dagrun for tutorial to 2022-07-06T02:07:57.229970+00:00, run_after=2022-07-07T02:07:57.229970+00:00
[2022-07-07 02:07:57,350] {processor.py:161} INFO - Processing /home/airflow/.local/lib/python3.7/site-packages/airflow/example_dags/tutorial.py took 0.182 seconds
[2022-07-07 02:08:27,847] {processor.py:153} INFO - Started process (PID=1364) to work on /home/airflow/.local/lib/python3.7/site-packages/airflow/example_dags/tutorial.py
[2022-07-07 02:08:27,848] {processor.py:641} INFO - Processing file /home/airflow/.local/lib/python3.7/site-packages/airflow/example_dags/tutorial.py for tasks to queue
[2022-07-07 02:08:27,850] {logging_mixin.py:115} INFO - [2022-07-07 02:08:27,850] {dagbag.py:507} INFO - Filling up the DagBag from /home/airflow/.local/lib/python3.7/site-packages/airflow/example_dags/tutorial.py
[2022-07-07 02:08:27,857] {processor.py:651} INFO - DAG(s) dict_keys(['tutorial']) retrieved from /home/airflow/.local/lib/python3.7/site-packages/airflow/example_dags/tutorial.py
[2022-07-07 02:08:27,897] {logging_mixin.py:115} INFO - [2022-07-07 02:08:27,896] {dag.py:2379} INFO - Sync 1 DAGs
[2022-07-07 02:08:27,927] {logging_mixin.py:115} INFO - [2022-07-07 02:08:27,927] {dag.py:2931} INFO - Setting next_dagrun for tutorial to 2022-07-06T02:08:27.927135+00:00, run_after=2022-07-07T02:08:27.927135+00:00
[2022-07-07 02:08:28,049] {processor.py:161} INFO - Processing /home/airflow/.local/lib/python3.7/site-packages/airflow/example_dags/tutorial.py took 0.206 seconds
[2022-07-07 02:08:58,322] {processor.py:153} INFO - Started process (PID=1431) to work on /home/airflow/.local/lib/python3.7/site-packages/airflow/example_dags/tutorial.py
[2022-07-07 02:08:58,322] {processor.py:641} INFO - Processing file /home/airflow/.local/lib/python3.7/site-packages/airflow/example_dags/tutorial.py for tasks to queue
[2022-07-07 02:08:58,323] {logging_mixin.py:115} INFO - [2022-07-07 02:08:58,323] {dagbag.py:507} INFO - Filling up the DagBag from /home/airflow/.local/lib/python3.7/site-packages/airflow/example_dags/tutorial.py
[2022-07-07 02:08:58,330] {processor.py:651} INFO - DAG(s) dict_keys(['tutorial']) retrieved from /home/airflow/.local/lib/python3.7/site-packages/airflow/example_dags/tutorial.py
[2022-07-07 02:08:58,356] {logging_mixin.py:115} INFO - [2022-07-07 02:08:58,356] {dag.py:2379} INFO - Sync 1 DAGs
[2022-07-07 02:08:58,377] {logging_mixin.py:115} INFO - [2022-07-07 02:08:58,377] {dag.py:2931} INFO - Setting next_dagrun for tutorial to 2022-07-06T02:08:58.376764+00:00, run_after=2022-07-07T02:08:58.376764+00:00
[2022-07-07 02:08:58,501] {processor.py:161} INFO - Processing /home/airflow/.local/lib/python3.7/site-packages/airflow/example_dags/tutorial.py took 0.182 seconds
[2022-07-07 02:09:28,669] {processor.py:153} INFO - Started process (PID=1497) to work on /home/airflow/.local/lib/python3.7/site-packages/airflow/example_dags/tutorial.py
[2022-07-07 02:09:28,670] {processor.py:641} INFO - Processing file /home/airflow/.local/lib/python3.7/site-packages/airflow/example_dags/tutorial.py for tasks to queue
[2022-07-07 02:09:28,671] {logging_mixin.py:115} INFO - [2022-07-07 02:09:28,671] {dagbag.py:507} INFO - Filling up the DagBag from /home/airflow/.local/lib/python3.7/site-packages/airflow/example_dags/tutorial.py
[2022-07-07 02:09:28,680] {processor.py:651} INFO - DAG(s) dict_keys(['tutorial']) retrieved from /home/airflow/.local/lib/python3.7/site-packages/airflow/example_dags/tutorial.py
[2022-07-07 02:09:28,704] {logging_mixin.py:115} INFO - [2022-07-07 02:09:28,704] {dag.py:2379} INFO - Sync 1 DAGs
[2022-07-07 02:09:28,728] {logging_mixin.py:115} INFO - [2022-07-07 02:09:28,727] {dag.py:2931} INFO - Setting next_dagrun for tutorial to 2022-07-06T02:09:28.727603+00:00, run_after=2022-07-07T02:09:28.727603+00:00
[2022-07-07 02:09:28,861] {processor.py:161} INFO - Processing /home/airflow/.local/lib/python3.7/site-packages/airflow/example_dags/tutorial.py took 0.194 seconds
[2022-07-07 02:09:59,883] {processor.py:153} INFO - Started process (PID=1553) to work on /home/airflow/.local/lib/python3.7/site-packages/airflow/example_dags/tutorial.py
[2022-07-07 02:09:59,885] {processor.py:641} INFO - Processing file /home/airflow/.local/lib/python3.7/site-packages/airflow/example_dags/tutorial.py for tasks to queue
[2022-07-07 02:09:59,887] {logging_mixin.py:115} INFO - [2022-07-07 02:09:59,887] {dagbag.py:507} INFO - Filling up the DagBag from /home/airflow/.local/lib/python3.7/site-packages/airflow/example_dags/tutorial.py
[2022-07-07 02:09:59,893] {processor.py:651} INFO - DAG(s) dict_keys(['tutorial']) retrieved from /home/airflow/.local/lib/python3.7/site-packages/airflow/example_dags/tutorial.py
[2022-07-07 02:09:59,921] {logging_mixin.py:115} INFO - [2022-07-07 02:09:59,921] {dag.py:2379} INFO - Sync 1 DAGs
[2022-07-07 02:09:59,949] {logging_mixin.py:115} INFO - [2022-07-07 02:09:59,948] {dag.py:2931} INFO - Setting next_dagrun for tutorial to 2022-07-06T02:09:59.948013+00:00, run_after=2022-07-07T02:09:59.948013+00:00
[2022-07-07 02:10:00,133] {processor.py:161} INFO - Processing /home/airflow/.local/lib/python3.7/site-packages/airflow/example_dags/tutorial.py took 0.253 seconds
[2022-07-07 02:10:30,219] {processor.py:153} INFO - Started process (PID=1619) to work on /home/airflow/.local/lib/python3.7/site-packages/airflow/example_dags/tutorial.py
[2022-07-07 02:10:30,220] {processor.py:641} INFO - Processing file /home/airflow/.local/lib/python3.7/site-packages/airflow/example_dags/tutorial.py for tasks to queue
[2022-07-07 02:10:30,220] {logging_mixin.py:115} INFO - [2022-07-07 02:10:30,220] {dagbag.py:507} INFO - Filling up the DagBag from /home/airflow/.local/lib/python3.7/site-packages/airflow/example_dags/tutorial.py
[2022-07-07 02:10:30,226] {processor.py:651} INFO - DAG(s) dict_keys(['tutorial']) retrieved from /home/airflow/.local/lib/python3.7/site-packages/airflow/example_dags/tutorial.py
[2022-07-07 02:10:30,247] {logging_mixin.py:115} INFO - [2022-07-07 02:10:30,247] {dag.py:2379} INFO - Sync 1 DAGs
[2022-07-07 02:10:30,266] {logging_mixin.py:115} INFO - [2022-07-07 02:10:30,266] {dag.py:2931} INFO - Setting next_dagrun for tutorial to 2022-07-06T02:10:30.266277+00:00, run_after=2022-07-07T02:10:30.266277+00:00
[2022-07-07 02:10:30,374] {processor.py:161} INFO - Processing /home/airflow/.local/lib/python3.7/site-packages/airflow/example_dags/tutorial.py took 0.158 seconds
[2022-07-07 02:11:00,684] {processor.py:153} INFO - Started process (PID=1684) to work on /home/airflow/.local/lib/python3.7/site-packages/airflow/example_dags/tutorial.py
[2022-07-07 02:11:00,685] {processor.py:641} INFO - Processing file /home/airflow/.local/lib/python3.7/site-packages/airflow/example_dags/tutorial.py for tasks to queue
[2022-07-07 02:11:00,686] {logging_mixin.py:115} INFO - [2022-07-07 02:11:00,686] {dagbag.py:507} INFO - Filling up the DagBag from /home/airflow/.local/lib/python3.7/site-packages/airflow/example_dags/tutorial.py
[2022-07-07 02:11:00,691] {processor.py:651} INFO - DAG(s) dict_keys(['tutorial']) retrieved from /home/airflow/.local/lib/python3.7/site-packages/airflow/example_dags/tutorial.py
[2022-07-07 02:11:00,713] {logging_mixin.py:115} INFO - [2022-07-07 02:11:00,713] {dag.py:2379} INFO - Sync 1 DAGs
[2022-07-07 02:11:00,733] {logging_mixin.py:115} INFO - [2022-07-07 02:11:00,733] {dag.py:2931} INFO - Setting next_dagrun for tutorial to 2022-07-06T02:11:00.733342+00:00, run_after=2022-07-07T02:11:00.733342+00:00
[2022-07-07 02:11:00,850] {processor.py:161} INFO - Processing /home/airflow/.local/lib/python3.7/site-packages/airflow/example_dags/tutorial.py took 0.168 seconds
[2022-07-07 02:11:30,991] {processor.py:153} INFO - Started process (PID=1740) to work on /home/airflow/.local/lib/python3.7/site-packages/airflow/example_dags/tutorial.py
[2022-07-07 02:11:30,992] {processor.py:641} INFO - Processing file /home/airflow/.local/lib/python3.7/site-packages/airflow/example_dags/tutorial.py for tasks to queue
[2022-07-07 02:11:30,993] {logging_mixin.py:115} INFO - [2022-07-07 02:11:30,993] {dagbag.py:507} INFO - Filling up the DagBag from /home/airflow/.local/lib/python3.7/site-packages/airflow/example_dags/tutorial.py
[2022-07-07 02:11:30,998] {processor.py:651} INFO - DAG(s) dict_keys(['tutorial']) retrieved from /home/airflow/.local/lib/python3.7/site-packages/airflow/example_dags/tutorial.py
[2022-07-07 02:11:31,020] {logging_mixin.py:115} INFO - [2022-07-07 02:11:31,020] {dag.py:2379} INFO - Sync 1 DAGs
[2022-07-07 02:11:31,039] {logging_mixin.py:115} INFO - [2022-07-07 02:11:31,039] {dag.py:2931} INFO - Setting next_dagrun for tutorial to 2022-07-06T02:11:31.038934+00:00, run_after=2022-07-07T02:11:31.038934+00:00
[2022-07-07 02:11:31,151] {processor.py:161} INFO - Processing /home/airflow/.local/lib/python3.7/site-packages/airflow/example_dags/tutorial.py took 0.163 seconds
[2022-07-07 02:12:01,568] {processor.py:153} INFO - Started process (PID=1806) to work on /home/airflow/.local/lib/python3.7/site-packages/airflow/example_dags/tutorial.py
[2022-07-07 02:12:01,569] {processor.py:641} INFO - Processing file /home/airflow/.local/lib/python3.7/site-packages/airflow/example_dags/tutorial.py for tasks to queue
[2022-07-07 02:12:01,570] {logging_mixin.py:115} INFO - [2022-07-07 02:12:01,569] {dagbag.py:507} INFO - Filling up the DagBag from /home/airflow/.local/lib/python3.7/site-packages/airflow/example_dags/tutorial.py
[2022-07-07 02:12:01,580] {processor.py:651} INFO - DAG(s) dict_keys(['tutorial']) retrieved from /home/airflow/.local/lib/python3.7/site-packages/airflow/example_dags/tutorial.py
[2022-07-07 02:12:01,621] {logging_mixin.py:115} INFO - [2022-07-07 02:12:01,621] {dag.py:2379} INFO - Sync 1 DAGs
[2022-07-07 02:12:01,652] {logging_mixin.py:115} INFO - [2022-07-07 02:12:01,652] {dag.py:2931} INFO - Setting next_dagrun for tutorial to 2022-07-06T02:12:01.652247+00:00, run_after=2022-07-07T02:12:01.652247+00:00
[2022-07-07 02:12:01,807] {processor.py:161} INFO - Processing /home/airflow/.local/lib/python3.7/site-packages/airflow/example_dags/tutorial.py took 0.242 seconds
[2022-07-07 02:12:32,159] {processor.py:153} INFO - Started process (PID=1872) to work on /home/airflow/.local/lib/python3.7/site-packages/airflow/example_dags/tutorial.py
[2022-07-07 02:12:32,159] {processor.py:641} INFO - Processing file /home/airflow/.local/lib/python3.7/site-packages/airflow/example_dags/tutorial.py for tasks to queue
[2022-07-07 02:12:32,160] {logging_mixin.py:115} INFO - [2022-07-07 02:12:32,160] {dagbag.py:507} INFO - Filling up the DagBag from /home/airflow/.local/lib/python3.7/site-packages/airflow/example_dags/tutorial.py
[2022-07-07 02:12:32,165] {processor.py:651} INFO - DAG(s) dict_keys(['tutorial']) retrieved from /home/airflow/.local/lib/python3.7/site-packages/airflow/example_dags/tutorial.py
[2022-07-07 02:12:32,188] {logging_mixin.py:115} INFO - [2022-07-07 02:12:32,188] {dag.py:2379} INFO - Sync 1 DAGs
[2022-07-07 02:12:32,305] {logging_mixin.py:115} INFO - [2022-07-07 02:12:32,305] {dag.py:2931} INFO - Setting next_dagrun for tutorial to 2022-07-06T02:12:32.304972+00:00, run_after=2022-07-07T02:12:32.304972+00:00
[2022-07-07 02:12:32,317] {processor.py:161} INFO - Processing /home/airflow/.local/lib/python3.7/site-packages/airflow/example_dags/tutorial.py took 0.161 seconds
[2022-07-07 02:13:02,591] {processor.py:153} INFO - Started process (PID=1936) to work on /home/airflow/.local/lib/python3.7/site-packages/airflow/example_dags/tutorial.py
[2022-07-07 02:13:02,591] {processor.py:641} INFO - Processing file /home/airflow/.local/lib/python3.7/site-packages/airflow/example_dags/tutorial.py for tasks to queue
[2022-07-07 02:13:02,592] {logging_mixin.py:115} INFO - [2022-07-07 02:13:02,592] {dagbag.py:507} INFO - Filling up the DagBag from /home/airflow/.local/lib/python3.7/site-packages/airflow/example_dags/tutorial.py
[2022-07-07 02:13:02,597] {processor.py:651} INFO - DAG(s) dict_keys(['tutorial']) retrieved from /home/airflow/.local/lib/python3.7/site-packages/airflow/example_dags/tutorial.py
[2022-07-07 02:13:02,620] {logging_mixin.py:115} INFO - [2022-07-07 02:13:02,620] {dag.py:2379} INFO - Sync 1 DAGs
[2022-07-07 02:13:02,746] {logging_mixin.py:115} INFO - [2022-07-07 02:13:02,746] {dag.py:2931} INFO - Setting next_dagrun for tutorial to 2022-07-06T02:13:02.746682+00:00, run_after=2022-07-07T02:13:02.746682+00:00
[2022-07-07 02:13:02,760] {processor.py:161} INFO - Processing /home/airflow/.local/lib/python3.7/site-packages/airflow/example_dags/tutorial.py took 0.172 seconds
[2022-07-07 02:13:32,865] {processor.py:153} INFO - Started process (PID=1991) to work on /home/airflow/.local/lib/python3.7/site-packages/airflow/example_dags/tutorial.py
[2022-07-07 02:13:32,866] {processor.py:641} INFO - Processing file /home/airflow/.local/lib/python3.7/site-packages/airflow/example_dags/tutorial.py for tasks to queue
[2022-07-07 02:13:32,867] {logging_mixin.py:115} INFO - [2022-07-07 02:13:32,867] {dagbag.py:507} INFO - Filling up the DagBag from /home/airflow/.local/lib/python3.7/site-packages/airflow/example_dags/tutorial.py
[2022-07-07 02:13:32,871] {processor.py:651} INFO - DAG(s) dict_keys(['tutorial']) retrieved from /home/airflow/.local/lib/python3.7/site-packages/airflow/example_dags/tutorial.py
[2022-07-07 02:13:32,894] {logging_mixin.py:115} INFO - [2022-07-07 02:13:32,894] {dag.py:2379} INFO - Sync 1 DAGs
[2022-07-07 02:13:33,026] {logging_mixin.py:115} INFO - [2022-07-07 02:13:33,026] {dag.py:2931} INFO - Setting next_dagrun for tutorial to 2022-07-06T02:13:33.026061+00:00, run_after=2022-07-07T02:13:33.026061+00:00
[2022-07-07 02:13:33,043] {processor.py:161} INFO - Processing /home/airflow/.local/lib/python3.7/site-packages/airflow/example_dags/tutorial.py took 0.180 seconds
[2022-07-07 02:14:03,620] {processor.py:153} INFO - Started process (PID=2056) to work on /home/airflow/.local/lib/python3.7/site-packages/airflow/example_dags/tutorial.py
[2022-07-07 02:14:03,621] {processor.py:641} INFO - Processing file /home/airflow/.local/lib/python3.7/site-packages/airflow/example_dags/tutorial.py for tasks to queue
[2022-07-07 02:14:03,621] {logging_mixin.py:115} INFO - [2022-07-07 02:14:03,621] {dagbag.py:507} INFO - Filling up the DagBag from /home/airflow/.local/lib/python3.7/site-packages/airflow/example_dags/tutorial.py
[2022-07-07 02:14:03,626] {processor.py:651} INFO - DAG(s) dict_keys(['tutorial']) retrieved from /home/airflow/.local/lib/python3.7/site-packages/airflow/example_dags/tutorial.py
[2022-07-07 02:14:03,686] {logging_mixin.py:115} INFO - [2022-07-07 02:14:03,686] {dag.py:2379} INFO - Sync 1 DAGs
[2022-07-07 02:14:03,834] {logging_mixin.py:115} INFO - [2022-07-07 02:14:03,834] {dag.py:2931} INFO - Setting next_dagrun for tutorial to 2022-07-06T02:14:03.834560+00:00, run_after=2022-07-07T02:14:03.834560+00:00
[2022-07-07 02:14:03,846] {processor.py:161} INFO - Processing /home/airflow/.local/lib/python3.7/site-packages/airflow/example_dags/tutorial.py took 0.229 seconds
[2022-07-07 02:14:34,147] {processor.py:153} INFO - Started process (PID=2121) to work on /home/airflow/.local/lib/python3.7/site-packages/airflow/example_dags/tutorial.py
[2022-07-07 02:14:34,148] {processor.py:641} INFO - Processing file /home/airflow/.local/lib/python3.7/site-packages/airflow/example_dags/tutorial.py for tasks to queue
[2022-07-07 02:14:34,149] {logging_mixin.py:115} INFO - [2022-07-07 02:14:34,149] {dagbag.py:507} INFO - Filling up the DagBag from /home/airflow/.local/lib/python3.7/site-packages/airflow/example_dags/tutorial.py
[2022-07-07 02:14:34,154] {processor.py:651} INFO - DAG(s) dict_keys(['tutorial']) retrieved from /home/airflow/.local/lib/python3.7/site-packages/airflow/example_dags/tutorial.py
[2022-07-07 02:14:34,176] {logging_mixin.py:115} INFO - [2022-07-07 02:14:34,176] {dag.py:2379} INFO - Sync 1 DAGs
[2022-07-07 02:14:34,302] {logging_mixin.py:115} INFO - [2022-07-07 02:14:34,302] {dag.py:2931} INFO - Setting next_dagrun for tutorial to 2022-07-06T02:14:34.302672+00:00, run_after=2022-07-07T02:14:34.302672+00:00
[2022-07-07 02:14:34,315] {processor.py:161} INFO - Processing /home/airflow/.local/lib/python3.7/site-packages/airflow/example_dags/tutorial.py took 0.170 seconds
[2022-07-07 02:15:04,455] {processor.py:153} INFO - Started process (PID=2183) to work on /home/airflow/.local/lib/python3.7/site-packages/airflow/example_dags/tutorial.py
[2022-07-07 02:15:04,456] {processor.py:641} INFO - Processing file /home/airflow/.local/lib/python3.7/site-packages/airflow/example_dags/tutorial.py for tasks to queue
[2022-07-07 02:15:04,457] {logging_mixin.py:115} INFO - [2022-07-07 02:15:04,457] {dagbag.py:507} INFO - Filling up the DagBag from /home/airflow/.local/lib/python3.7/site-packages/airflow/example_dags/tutorial.py
[2022-07-07 02:15:04,464] {processor.py:651} INFO - DAG(s) dict_keys(['tutorial']) retrieved from /home/airflow/.local/lib/python3.7/site-packages/airflow/example_dags/tutorial.py
[2022-07-07 02:15:04,490] {logging_mixin.py:115} INFO - [2022-07-07 02:15:04,490] {dag.py:2379} INFO - Sync 1 DAGs
[2022-07-07 02:15:04,633] {logging_mixin.py:115} INFO - [2022-07-07 02:15:04,632] {dag.py:2931} INFO - Setting next_dagrun for tutorial to 2022-07-06T02:15:04.632682+00:00, run_after=2022-07-07T02:15:04.632682+00:00
[2022-07-07 02:15:04,646] {processor.py:161} INFO - Processing /home/airflow/.local/lib/python3.7/site-packages/airflow/example_dags/tutorial.py took 0.195 seconds
[2022-07-07 02:15:34,965] {processor.py:153} INFO - Started process (PID=2241) to work on /home/airflow/.local/lib/python3.7/site-packages/airflow/example_dags/tutorial.py
[2022-07-07 02:15:34,966] {processor.py:641} INFO - Processing file /home/airflow/.local/lib/python3.7/site-packages/airflow/example_dags/tutorial.py for tasks to queue
[2022-07-07 02:15:34,966] {logging_mixin.py:115} INFO - [2022-07-07 02:15:34,966] {dagbag.py:507} INFO - Filling up the DagBag from /home/airflow/.local/lib/python3.7/site-packages/airflow/example_dags/tutorial.py
[2022-07-07 02:15:34,971] {processor.py:651} INFO - DAG(s) dict_keys(['tutorial']) retrieved from /home/airflow/.local/lib/python3.7/site-packages/airflow/example_dags/tutorial.py
[2022-07-07 02:15:34,992] {logging_mixin.py:115} INFO - [2022-07-07 02:15:34,992] {dag.py:2379} INFO - Sync 1 DAGs
[2022-07-07 02:15:35,107] {logging_mixin.py:115} INFO - [2022-07-07 02:15:35,107] {dag.py:2931} INFO - Setting next_dagrun for tutorial to 2022-07-06T02:15:35.107371+00:00, run_after=2022-07-07T02:15:35.107371+00:00
[2022-07-07 02:15:35,119] {processor.py:161} INFO - Processing /home/airflow/.local/lib/python3.7/site-packages/airflow/example_dags/tutorial.py took 0.156 seconds
[2022-07-07 02:16:05,504] {processor.py:153} INFO - Started process (PID=2306) to work on /home/airflow/.local/lib/python3.7/site-packages/airflow/example_dags/tutorial.py
[2022-07-07 02:16:05,505] {processor.py:641} INFO - Processing file /home/airflow/.local/lib/python3.7/site-packages/airflow/example_dags/tutorial.py for tasks to queue
[2022-07-07 02:16:05,506] {logging_mixin.py:115} INFO - [2022-07-07 02:16:05,506] {dagbag.py:507} INFO - Filling up the DagBag from /home/airflow/.local/lib/python3.7/site-packages/airflow/example_dags/tutorial.py
[2022-07-07 02:16:05,519] {processor.py:651} INFO - DAG(s) dict_keys(['tutorial']) retrieved from /home/airflow/.local/lib/python3.7/site-packages/airflow/example_dags/tutorial.py
[2022-07-07 02:16:05,556] {logging_mixin.py:115} INFO - [2022-07-07 02:16:05,556] {dag.py:2379} INFO - Sync 1 DAGs
[2022-07-07 02:16:05,726] {logging_mixin.py:115} INFO - [2022-07-07 02:16:05,726] {dag.py:2931} INFO - Setting next_dagrun for tutorial to 2022-07-06T02:16:05.726532+00:00, run_after=2022-07-07T02:16:05.726532+00:00
[2022-07-07 02:16:05,737] {processor.py:161} INFO - Processing /home/airflow/.local/lib/python3.7/site-packages/airflow/example_dags/tutorial.py took 0.237 seconds
[2022-07-07 02:16:36,451] {processor.py:153} INFO - Started process (PID=2372) to work on /home/airflow/.local/lib/python3.7/site-packages/airflow/example_dags/tutorial.py
[2022-07-07 02:16:36,452] {processor.py:641} INFO - Processing file /home/airflow/.local/lib/python3.7/site-packages/airflow/example_dags/tutorial.py for tasks to queue
[2022-07-07 02:16:36,453] {logging_mixin.py:115} INFO - [2022-07-07 02:16:36,453] {dagbag.py:507} INFO - Filling up the DagBag from /home/airflow/.local/lib/python3.7/site-packages/airflow/example_dags/tutorial.py
[2022-07-07 02:16:36,463] {processor.py:651} INFO - DAG(s) dict_keys(['tutorial']) retrieved from /home/airflow/.local/lib/python3.7/site-packages/airflow/example_dags/tutorial.py
[2022-07-07 02:16:36,499] {logging_mixin.py:115} INFO - [2022-07-07 02:16:36,498] {dag.py:2379} INFO - Sync 1 DAGs
[2022-07-07 02:16:36,689] {logging_mixin.py:115} INFO - [2022-07-07 02:16:36,689] {dag.py:2931} INFO - Setting next_dagrun for tutorial to 2022-07-06T02:16:36.689505+00:00, run_after=2022-07-07T02:16:36.689505+00:00
[2022-07-07 02:16:36,706] {processor.py:161} INFO - Processing /home/airflow/.local/lib/python3.7/site-packages/airflow/example_dags/tutorial.py took 0.260 seconds
[2022-07-07 02:17:06,928] {processor.py:153} INFO - Started process (PID=2427) to work on /home/airflow/.local/lib/python3.7/site-packages/airflow/example_dags/tutorial.py
[2022-07-07 02:17:06,929] {processor.py:641} INFO - Processing file /home/airflow/.local/lib/python3.7/site-packages/airflow/example_dags/tutorial.py for tasks to queue
[2022-07-07 02:17:06,929] {logging_mixin.py:115} INFO - [2022-07-07 02:17:06,929] {dagbag.py:507} INFO - Filling up the DagBag from /home/airflow/.local/lib/python3.7/site-packages/airflow/example_dags/tutorial.py
[2022-07-07 02:17:06,934] {processor.py:651} INFO - DAG(s) dict_keys(['tutorial']) retrieved from /home/airflow/.local/lib/python3.7/site-packages/airflow/example_dags/tutorial.py
[2022-07-07 02:17:06,955] {logging_mixin.py:115} INFO - [2022-07-07 02:17:06,955] {dag.py:2379} INFO - Sync 1 DAGs
[2022-07-07 02:17:07,072] {logging_mixin.py:115} INFO - [2022-07-07 02:17:07,072] {dag.py:2931} INFO - Setting next_dagrun for tutorial to 2022-07-06T02:17:07.072044+00:00, run_after=2022-07-07T02:17:07.072044+00:00
[2022-07-07 02:17:07,085] {processor.py:161} INFO - Processing /home/airflow/.local/lib/python3.7/site-packages/airflow/example_dags/tutorial.py took 0.159 seconds
[2022-07-07 02:17:37,310] {processor.py:153} INFO - Started process (PID=2494) to work on /home/airflow/.local/lib/python3.7/site-packages/airflow/example_dags/tutorial.py
[2022-07-07 02:17:37,311] {processor.py:641} INFO - Processing file /home/airflow/.local/lib/python3.7/site-packages/airflow/example_dags/tutorial.py for tasks to queue
[2022-07-07 02:17:37,311] {logging_mixin.py:115} INFO - [2022-07-07 02:17:37,311] {dagbag.py:507} INFO - Filling up the DagBag from /home/airflow/.local/lib/python3.7/site-packages/airflow/example_dags/tutorial.py
[2022-07-07 02:17:37,316] {processor.py:651} INFO - DAG(s) dict_keys(['tutorial']) retrieved from /home/airflow/.local/lib/python3.7/site-packages/airflow/example_dags/tutorial.py
[2022-07-07 02:17:37,337] {logging_mixin.py:115} INFO - [2022-07-07 02:17:37,337] {dag.py:2379} INFO - Sync 1 DAGs
[2022-07-07 02:17:37,452] {logging_mixin.py:115} INFO - [2022-07-07 02:17:37,451] {dag.py:2931} INFO - Setting next_dagrun for tutorial to 2022-07-06T02:17:37.451743+00:00, run_after=2022-07-07T02:17:37.451743+00:00
[2022-07-07 02:17:37,463] {processor.py:161} INFO - Processing /home/airflow/.local/lib/python3.7/site-packages/airflow/example_dags/tutorial.py took 0.155 seconds
[2022-07-07 02:18:07,603] {processor.py:153} INFO - Started process (PID=2559) to work on /home/airflow/.local/lib/python3.7/site-packages/airflow/example_dags/tutorial.py
[2022-07-07 02:18:07,604] {processor.py:641} INFO - Processing file /home/airflow/.local/lib/python3.7/site-packages/airflow/example_dags/tutorial.py for tasks to queue
[2022-07-07 02:18:07,605] {logging_mixin.py:115} INFO - [2022-07-07 02:18:07,605] {dagbag.py:507} INFO - Filling up the DagBag from /home/airflow/.local/lib/python3.7/site-packages/airflow/example_dags/tutorial.py
[2022-07-07 02:18:07,610] {processor.py:651} INFO - DAG(s) dict_keys(['tutorial']) retrieved from /home/airflow/.local/lib/python3.7/site-packages/airflow/example_dags/tutorial.py
[2022-07-07 02:18:07,635] {logging_mixin.py:115} INFO - [2022-07-07 02:18:07,635] {dag.py:2379} INFO - Sync 1 DAGs
[2022-07-07 02:18:07,762] {logging_mixin.py:115} INFO - [2022-07-07 02:18:07,762] {dag.py:2931} INFO - Setting next_dagrun for tutorial to 2022-07-06T02:18:07.762166+00:00, run_after=2022-07-07T02:18:07.762166+00:00
[2022-07-07 02:18:07,773] {processor.py:161} INFO - Processing /home/airflow/.local/lib/python3.7/site-packages/airflow/example_dags/tutorial.py took 0.172 seconds
[2022-07-07 02:18:38,039] {processor.py:153} INFO - Started process (PID=2615) to work on /home/airflow/.local/lib/python3.7/site-packages/airflow/example_dags/tutorial.py
[2022-07-07 02:18:38,040] {processor.py:641} INFO - Processing file /home/airflow/.local/lib/python3.7/site-packages/airflow/example_dags/tutorial.py for tasks to queue
[2022-07-07 02:18:38,041] {logging_mixin.py:115} INFO - [2022-07-07 02:18:38,041] {dagbag.py:507} INFO - Filling up the DagBag from /home/airflow/.local/lib/python3.7/site-packages/airflow/example_dags/tutorial.py
[2022-07-07 02:18:38,047] {processor.py:651} INFO - DAG(s) dict_keys(['tutorial']) retrieved from /home/airflow/.local/lib/python3.7/site-packages/airflow/example_dags/tutorial.py
[2022-07-07 02:18:38,074] {logging_mixin.py:115} INFO - [2022-07-07 02:18:38,074] {dag.py:2379} INFO - Sync 1 DAGs
[2022-07-07 02:18:38,201] {logging_mixin.py:115} INFO - [2022-07-07 02:18:38,201] {dag.py:2931} INFO - Setting next_dagrun for tutorial to 2022-07-06T02:18:38.201408+00:00, run_after=2022-07-07T02:18:38.201408+00:00
[2022-07-07 02:18:38,212] {processor.py:161} INFO - Processing /home/airflow/.local/lib/python3.7/site-packages/airflow/example_dags/tutorial.py took 0.176 seconds
[2022-07-07 02:19:08,803] {processor.py:153} INFO - Started process (PID=2681) to work on /home/airflow/.local/lib/python3.7/site-packages/airflow/example_dags/tutorial.py
[2022-07-07 02:19:08,804] {processor.py:641} INFO - Processing file /home/airflow/.local/lib/python3.7/site-packages/airflow/example_dags/tutorial.py for tasks to queue
[2022-07-07 02:19:08,804] {logging_mixin.py:115} INFO - [2022-07-07 02:19:08,804] {dagbag.py:507} INFO - Filling up the DagBag from /home/airflow/.local/lib/python3.7/site-packages/airflow/example_dags/tutorial.py
[2022-07-07 02:19:08,809] {processor.py:651} INFO - DAG(s) dict_keys(['tutorial']) retrieved from /home/airflow/.local/lib/python3.7/site-packages/airflow/example_dags/tutorial.py
[2022-07-07 02:19:08,831] {logging_mixin.py:115} INFO - [2022-07-07 02:19:08,831] {dag.py:2379} INFO - Sync 1 DAGs
[2022-07-07 02:19:08,950] {logging_mixin.py:115} INFO - [2022-07-07 02:19:08,950] {dag.py:2931} INFO - Setting next_dagrun for tutorial to 2022-07-06T02:19:08.950564+00:00, run_after=2022-07-07T02:19:08.950564+00:00
[2022-07-07 02:19:08,964] {processor.py:161} INFO - Processing /home/airflow/.local/lib/python3.7/site-packages/airflow/example_dags/tutorial.py took 0.164 seconds
[2022-07-07 02:19:39,350] {processor.py:153} INFO - Started process (PID=2746) to work on /home/airflow/.local/lib/python3.7/site-packages/airflow/example_dags/tutorial.py
[2022-07-07 02:19:39,350] {processor.py:641} INFO - Processing file /home/airflow/.local/lib/python3.7/site-packages/airflow/example_dags/tutorial.py for tasks to queue
[2022-07-07 02:19:39,351] {logging_mixin.py:115} INFO - [2022-07-07 02:19:39,351] {dagbag.py:507} INFO - Filling up the DagBag from /home/airflow/.local/lib/python3.7/site-packages/airflow/example_dags/tutorial.py
[2022-07-07 02:19:39,356] {processor.py:651} INFO - DAG(s) dict_keys(['tutorial']) retrieved from /home/airflow/.local/lib/python3.7/site-packages/airflow/example_dags/tutorial.py
[2022-07-07 02:19:39,378] {logging_mixin.py:115} INFO - [2022-07-07 02:19:39,378] {dag.py:2379} INFO - Sync 1 DAGs
[2022-07-07 02:19:39,497] {logging_mixin.py:115} INFO - [2022-07-07 02:19:39,497] {dag.py:2931} INFO - Setting next_dagrun for tutorial to 2022-07-06T02:19:39.496848+00:00, run_after=2022-07-07T02:19:39.496848+00:00
[2022-07-07 02:19:39,509] {processor.py:161} INFO - Processing /home/airflow/.local/lib/python3.7/site-packages/airflow/example_dags/tutorial.py took 0.162 seconds
[2022-07-07 02:29:54,291] {processor.py:153} INFO - Started process (PID=62) to work on /home/airflow/.local/lib/python3.7/site-packages/airflow/example_dags/tutorial.py
[2022-07-07 02:29:54,292] {processor.py:641} INFO - Processing file /home/airflow/.local/lib/python3.7/site-packages/airflow/example_dags/tutorial.py for tasks to queue
[2022-07-07 02:29:54,294] {logging_mixin.py:115} INFO - [2022-07-07 02:29:54,294] {dagbag.py:507} INFO - Filling up the DagBag from /home/airflow/.local/lib/python3.7/site-packages/airflow/example_dags/tutorial.py
[2022-07-07 02:29:54,304] {processor.py:651} INFO - DAG(s) dict_keys(['tutorial']) retrieved from /home/airflow/.local/lib/python3.7/site-packages/airflow/example_dags/tutorial.py
[2022-07-07 02:29:54,344] {logging_mixin.py:115} INFO - [2022-07-07 02:29:54,343] {dag.py:2379} INFO - Sync 1 DAGs
[2022-07-07 02:29:54,382] {logging_mixin.py:115} INFO - [2022-07-07 02:29:54,381] {dag.py:2931} INFO - Setting next_dagrun for tutorial to 2022-07-06T02:29:54.381577+00:00, run_after=2022-07-07T02:29:54.381577+00:00
[2022-07-07 02:29:54,409] {processor.py:161} INFO - Processing /home/airflow/.local/lib/python3.7/site-packages/airflow/example_dags/tutorial.py took 0.123 seconds
[2022-07-07 02:30:25,740] {processor.py:153} INFO - Started process (PID=118) to work on /home/airflow/.local/lib/python3.7/site-packages/airflow/example_dags/tutorial.py
[2022-07-07 02:30:25,741] {processor.py:641} INFO - Processing file /home/airflow/.local/lib/python3.7/site-packages/airflow/example_dags/tutorial.py for tasks to queue
[2022-07-07 02:30:25,742] {logging_mixin.py:115} INFO - [2022-07-07 02:30:25,742] {dagbag.py:507} INFO - Filling up the DagBag from /home/airflow/.local/lib/python3.7/site-packages/airflow/example_dags/tutorial.py
[2022-07-07 02:30:25,756] {processor.py:651} INFO - DAG(s) dict_keys(['tutorial']) retrieved from /home/airflow/.local/lib/python3.7/site-packages/airflow/example_dags/tutorial.py
[2022-07-07 02:30:25,788] {logging_mixin.py:115} INFO - [2022-07-07 02:30:25,788] {dag.py:2379} INFO - Sync 1 DAGs
[2022-07-07 02:30:25,812] {logging_mixin.py:115} INFO - [2022-07-07 02:30:25,812] {dag.py:2931} INFO - Setting next_dagrun for tutorial to 2022-07-06T02:30:25.812371+00:00, run_after=2022-07-07T02:30:25.812371+00:00
[2022-07-07 02:30:25,826] {processor.py:161} INFO - Processing /home/airflow/.local/lib/python3.7/site-packages/airflow/example_dags/tutorial.py took 0.091 seconds
[2022-07-07 02:30:56,178] {processor.py:153} INFO - Started process (PID=173) to work on /home/airflow/.local/lib/python3.7/site-packages/airflow/example_dags/tutorial.py
[2022-07-07 02:30:56,179] {processor.py:641} INFO - Processing file /home/airflow/.local/lib/python3.7/site-packages/airflow/example_dags/tutorial.py for tasks to queue
[2022-07-07 02:30:56,180] {logging_mixin.py:115} INFO - [2022-07-07 02:30:56,180] {dagbag.py:507} INFO - Filling up the DagBag from /home/airflow/.local/lib/python3.7/site-packages/airflow/example_dags/tutorial.py
[2022-07-07 02:30:56,185] {processor.py:651} INFO - DAG(s) dict_keys(['tutorial']) retrieved from /home/airflow/.local/lib/python3.7/site-packages/airflow/example_dags/tutorial.py
[2022-07-07 02:30:56,208] {logging_mixin.py:115} INFO - [2022-07-07 02:30:56,208] {dag.py:2379} INFO - Sync 1 DAGs
[2022-07-07 02:30:56,231] {logging_mixin.py:115} INFO - [2022-07-07 02:30:56,231] {dag.py:2931} INFO - Setting next_dagrun for tutorial to 2022-07-06T02:30:56.230921+00:00, run_after=2022-07-07T02:30:56.230921+00:00
[2022-07-07 02:30:56,245] {processor.py:161} INFO - Processing /home/airflow/.local/lib/python3.7/site-packages/airflow/example_dags/tutorial.py took 0.070 seconds
[2022-07-07 02:31:26,684] {processor.py:153} INFO - Started process (PID=243) to work on /home/airflow/.local/lib/python3.7/site-packages/airflow/example_dags/tutorial.py
[2022-07-07 02:31:26,684] {processor.py:641} INFO - Processing file /home/airflow/.local/lib/python3.7/site-packages/airflow/example_dags/tutorial.py for tasks to queue
[2022-07-07 02:31:26,685] {logging_mixin.py:115} INFO - [2022-07-07 02:31:26,685] {dagbag.py:507} INFO - Filling up the DagBag from /home/airflow/.local/lib/python3.7/site-packages/airflow/example_dags/tutorial.py
[2022-07-07 02:31:26,690] {processor.py:651} INFO - DAG(s) dict_keys(['tutorial']) retrieved from /home/airflow/.local/lib/python3.7/site-packages/airflow/example_dags/tutorial.py
[2022-07-07 02:31:26,712] {logging_mixin.py:115} INFO - [2022-07-07 02:31:26,712] {dag.py:2379} INFO - Sync 1 DAGs
[2022-07-07 02:31:26,733] {logging_mixin.py:115} INFO - [2022-07-07 02:31:26,733] {dag.py:2931} INFO - Setting next_dagrun for tutorial to 2022-07-06T02:31:26.733028+00:00, run_after=2022-07-07T02:31:26.733028+00:00
[2022-07-07 02:31:26,747] {processor.py:161} INFO - Processing /home/airflow/.local/lib/python3.7/site-packages/airflow/example_dags/tutorial.py took 0.066 seconds
[2022-07-07 02:31:57,781] {processor.py:153} INFO - Started process (PID=306) to work on /home/airflow/.local/lib/python3.7/site-packages/airflow/example_dags/tutorial.py
[2022-07-07 02:31:57,782] {processor.py:641} INFO - Processing file /home/airflow/.local/lib/python3.7/site-packages/airflow/example_dags/tutorial.py for tasks to queue
[2022-07-07 02:31:57,783] {logging_mixin.py:115} INFO - [2022-07-07 02:31:57,783] {dagbag.py:507} INFO - Filling up the DagBag from /home/airflow/.local/lib/python3.7/site-packages/airflow/example_dags/tutorial.py
[2022-07-07 02:31:57,788] {processor.py:651} INFO - DAG(s) dict_keys(['tutorial']) retrieved from /home/airflow/.local/lib/python3.7/site-packages/airflow/example_dags/tutorial.py
[2022-07-07 02:31:57,812] {logging_mixin.py:115} INFO - [2022-07-07 02:31:57,812] {dag.py:2379} INFO - Sync 1 DAGs
[2022-07-07 02:31:57,833] {logging_mixin.py:115} INFO - [2022-07-07 02:31:57,833] {dag.py:2931} INFO - Setting next_dagrun for tutorial to 2022-07-06T02:31:57.833181+00:00, run_after=2022-07-07T02:31:57.833181+00:00
[2022-07-07 02:31:57,844] {processor.py:161} INFO - Processing /home/airflow/.local/lib/python3.7/site-packages/airflow/example_dags/tutorial.py took 0.065 seconds
[2022-07-07 02:32:28,694] {processor.py:153} INFO - Started process (PID=363) to work on /home/airflow/.local/lib/python3.7/site-packages/airflow/example_dags/tutorial.py
[2022-07-07 02:32:28,695] {processor.py:641} INFO - Processing file /home/airflow/.local/lib/python3.7/site-packages/airflow/example_dags/tutorial.py for tasks to queue
[2022-07-07 02:32:28,695] {logging_mixin.py:115} INFO - [2022-07-07 02:32:28,695] {dagbag.py:507} INFO - Filling up the DagBag from /home/airflow/.local/lib/python3.7/site-packages/airflow/example_dags/tutorial.py
[2022-07-07 02:32:28,700] {processor.py:651} INFO - DAG(s) dict_keys(['tutorial']) retrieved from /home/airflow/.local/lib/python3.7/site-packages/airflow/example_dags/tutorial.py
[2022-07-07 02:32:28,722] {logging_mixin.py:115} INFO - [2022-07-07 02:32:28,722] {dag.py:2379} INFO - Sync 1 DAGs
[2022-07-07 02:32:28,743] {logging_mixin.py:115} INFO - [2022-07-07 02:32:28,742] {dag.py:2931} INFO - Setting next_dagrun for tutorial to 2022-07-06T02:32:28.742617+00:00, run_after=2022-07-07T02:32:28.742617+00:00
[2022-07-07 02:32:28,756] {processor.py:161} INFO - Processing /home/airflow/.local/lib/python3.7/site-packages/airflow/example_dags/tutorial.py took 0.065 seconds
[2022-07-07 02:32:59,917] {processor.py:153} INFO - Started process (PID=429) to work on /home/airflow/.local/lib/python3.7/site-packages/airflow/example_dags/tutorial.py
[2022-07-07 02:32:59,918] {processor.py:641} INFO - Processing file /home/airflow/.local/lib/python3.7/site-packages/airflow/example_dags/tutorial.py for tasks to queue
[2022-07-07 02:32:59,919] {logging_mixin.py:115} INFO - [2022-07-07 02:32:59,919] {dagbag.py:507} INFO - Filling up the DagBag from /home/airflow/.local/lib/python3.7/site-packages/airflow/example_dags/tutorial.py
[2022-07-07 02:32:59,924] {processor.py:651} INFO - DAG(s) dict_keys(['tutorial']) retrieved from /home/airflow/.local/lib/python3.7/site-packages/airflow/example_dags/tutorial.py
[2022-07-07 02:32:59,953] {logging_mixin.py:115} INFO - [2022-07-07 02:32:59,953] {dag.py:2379} INFO - Sync 1 DAGs
[2022-07-07 02:32:59,975] {logging_mixin.py:115} INFO - [2022-07-07 02:32:59,975] {dag.py:2931} INFO - Setting next_dagrun for tutorial to 2022-07-06T02:32:59.975255+00:00, run_after=2022-07-07T02:32:59.975255+00:00
[2022-07-07 02:32:59,989] {processor.py:161} INFO - Processing /home/airflow/.local/lib/python3.7/site-packages/airflow/example_dags/tutorial.py took 0.076 seconds
