[2022-07-07 01:27:04,917] {taskinstance.py:1159} INFO - Dependencies all met for <TaskInstance: first_dag.import_to_export scheduled__2022-07-06T00:06:00+00:00 [queued]>
[2022-07-07 01:27:04,982] {taskinstance.py:1159} INFO - Dependencies all met for <TaskInstance: first_dag.import_to_export scheduled__2022-07-06T00:06:00+00:00 [queued]>
[2022-07-07 01:27:04,983] {taskinstance.py:1356} INFO - 
--------------------------------------------------------------------------------
[2022-07-07 01:27:04,984] {taskinstance.py:1357} INFO - Starting attempt 1 of 1
[2022-07-07 01:27:04,985] {taskinstance.py:1358} INFO - 
--------------------------------------------------------------------------------
[2022-07-07 01:27:05,161] {taskinstance.py:1377} INFO - Executing <Task(PythonOperator): import_to_export> on 2022-07-06 00:06:00+00:00
[2022-07-07 01:27:05,211] {standard_task_runner.py:79} INFO - Running: ['***', 'tasks', 'run', 'first_dag', 'import_to_export', 'scheduled__2022-07-06T00:06:00+00:00', '--job-id', '14', '--raw', '--subdir', 'DAGS_FOLDER/schedule.py', '--cfg-path', '/tmp/tmpe14xfpzx', '--error-file', '/tmp/tmp15i1ipnx']
[2022-07-07 01:27:05,224] {standard_task_runner.py:80} INFO - Job 14: Subtask import_to_export
[2022-07-07 01:27:05,213] {standard_task_runner.py:52} INFO - Started process 181 to run task
[2022-07-07 01:27:05,447] {task_command.py:370} INFO - Running <TaskInstance: first_dag.import_to_export scheduled__2022-07-06T00:06:00+00:00 [running]> on host e0840c2a17ac
[2022-07-07 01:27:05,836] {taskinstance.py:1571} INFO - Exporting the following env vars:
AIRFLOW_CTX_DAG_OWNER=ThuyDang
AIRFLOW_CTX_DAG_ID=first_dag
AIRFLOW_CTX_TASK_ID=import_to_export
AIRFLOW_CTX_EXECUTION_DATE=2022-07-06T00:06:00+00:00
AIRFLOW_CTX_TRY_NUMBER=1
AIRFLOW_CTX_DAG_RUN_ID=scheduled__2022-07-06T00:06:00+00:00
[2022-07-07 01:27:05,877] {taskinstance.py:1889} ERROR - Task failed with exception
Traceback (most recent call last):
  File "/home/airflow/.local/lib/python3.7/site-packages/airflow/operators/python.py", line 171, in execute
    return_value = self.execute_callable()
  File "/home/airflow/.local/lib/python3.7/site-packages/airflow/operators/python.py", line 189, in execute_callable
    return self.python_callable(*self.op_args, **self.op_kwargs)
  File "/opt/airflow/dags/schedule.py", line 10, in import_postgres
    with pd.ExcelFile(file_customer) as xls:
  File "/home/airflow/.local/lib/python3.7/site-packages/pandas/io/excel/_base.py", line 1233, in __init__
    self._reader = self._engines[engine](self._io, storage_options=storage_options)
  File "/home/airflow/.local/lib/python3.7/site-packages/pandas/io/excel/_openpyxl.py", line 521, in __init__
    import_optional_dependency("openpyxl")
  File "/home/airflow/.local/lib/python3.7/site-packages/pandas/compat/_optional.py", line 118, in import_optional_dependency
    raise ImportError(msg) from None
ImportError: Missing optional dependency 'openpyxl'.  Use pip or conda to install openpyxl.
[2022-07-07 01:27:05,905] {taskinstance.py:1400} INFO - Marking task as FAILED. dag_id=first_dag, task_id=import_to_export, execution_date=20220706T000600, start_date=20220707T012704, end_date=20220707T012705
[2022-07-07 01:27:05,936] {standard_task_runner.py:97} ERROR - Failed to execute job 14 for task import_to_export (Missing optional dependency 'openpyxl'.  Use pip or conda to install openpyxl.; 181)
[2022-07-07 01:27:05,996] {local_task_job.py:156} INFO - Task exited with return code 1
[2022-07-07 01:27:06,065] {local_task_job.py:273} INFO - 0 downstream tasks scheduled from follow-on schedule check
