[2022-07-07 01:25:22,449] {processor.py:153} INFO - Started process (PID=49) to work on /opt/airflow/dags/schedule.py
[2022-07-07 01:25:22,454] {processor.py:641} INFO - Processing file /opt/airflow/dags/schedule.py for tasks to queue
[2022-07-07 01:25:22,459] {logging_mixin.py:115} INFO - [2022-07-07 01:25:22,459] {dagbag.py:507} INFO - Filling up the DagBag from /opt/airflow/dags/schedule.py
[2022-07-07 01:25:25,786] {processor.py:651} INFO - DAG(s) dict_keys(['first_dag']) retrieved from /opt/airflow/dags/schedule.py
[2022-07-07 01:25:25,890] {logging_mixin.py:115} INFO - [2022-07-07 01:25:25,890] {manager.py:508} INFO - Created Permission View: can edit on DAG:first_dag
[2022-07-07 01:25:25,901] {logging_mixin.py:115} INFO - [2022-07-07 01:25:25,900] {manager.py:508} INFO - Created Permission View: can read on DAG:first_dag
[2022-07-07 01:25:25,912] {logging_mixin.py:115} INFO - [2022-07-07 01:25:25,912] {manager.py:508} INFO - Created Permission View: can delete on DAG:first_dag
[2022-07-07 01:25:25,913] {logging_mixin.py:115} INFO - [2022-07-07 01:25:25,912] {dag.py:2379} INFO - Sync 1 DAGs
[2022-07-07 01:25:25,921] {logging_mixin.py:115} INFO - [2022-07-07 01:25:25,921] {dag.py:2398} INFO - Creating ORM DAG for first_dag
[2022-07-07 01:25:25,936] {logging_mixin.py:115} INFO - [2022-07-07 01:25:25,936] {dag.py:2931} INFO - Setting next_dagrun for first_dag to 2022-07-06T00:00:00+00:00, run_after=2022-07-06T00:02:00+00:00
[2022-07-07 01:25:25,958] {processor.py:161} INFO - Processing /opt/airflow/dags/schedule.py took 3.543 seconds
[2022-07-07 01:25:56,812] {processor.py:153} INFO - Started process (PID=109) to work on /opt/airflow/dags/schedule.py
[2022-07-07 01:25:56,813] {processor.py:641} INFO - Processing file /opt/airflow/dags/schedule.py for tasks to queue
[2022-07-07 01:25:56,814] {logging_mixin.py:115} INFO - [2022-07-07 01:25:56,814] {dagbag.py:507} INFO - Filling up the DagBag from /opt/airflow/dags/schedule.py
[2022-07-07 01:25:57,617] {processor.py:651} INFO - DAG(s) dict_keys(['first_dag']) retrieved from /opt/airflow/dags/schedule.py
[2022-07-07 01:25:57,636] {logging_mixin.py:115} INFO - [2022-07-07 01:25:57,635] {dag.py:2379} INFO - Sync 1 DAGs
[2022-07-07 01:25:57,656] {logging_mixin.py:115} INFO - [2022-07-07 01:25:57,656] {dag.py:2931} INFO - Setting next_dagrun for first_dag to 2022-07-06T00:00:00+00:00, run_after=2022-07-06T00:02:00+00:00
[2022-07-07 01:25:57,671] {processor.py:161} INFO - Processing /opt/airflow/dags/schedule.py took 0.862 seconds
[2022-07-07 01:26:27,729] {processor.py:153} INFO - Started process (PID=175) to work on /opt/airflow/dags/schedule.py
[2022-07-07 01:26:27,730] {processor.py:641} INFO - Processing file /opt/airflow/dags/schedule.py for tasks to queue
[2022-07-07 01:26:27,730] {logging_mixin.py:115} INFO - [2022-07-07 01:26:27,730] {dagbag.py:507} INFO - Filling up the DagBag from /opt/airflow/dags/schedule.py
[2022-07-07 01:26:28,210] {processor.py:651} INFO - DAG(s) dict_keys(['first_dag']) retrieved from /opt/airflow/dags/schedule.py
[2022-07-07 01:26:28,245] {logging_mixin.py:115} INFO - [2022-07-07 01:26:28,244] {dag.py:2379} INFO - Sync 1 DAGs
[2022-07-07 01:26:28,331] {logging_mixin.py:115} INFO - [2022-07-07 01:26:28,331] {dag.py:2931} INFO - Setting next_dagrun for first_dag to 2022-07-06T00:00:00+00:00, run_after=2022-07-06T00:02:00+00:00
[2022-07-07 01:26:28,369] {processor.py:161} INFO - Processing /opt/airflow/dags/schedule.py took 0.642 seconds
[2022-07-07 01:27:06,857] {processor.py:153} INFO - Started process (PID=244) to work on /opt/airflow/dags/schedule.py
[2022-07-07 01:27:06,859] {processor.py:641} INFO - Processing file /opt/airflow/dags/schedule.py for tasks to queue
[2022-07-07 01:27:06,861] {logging_mixin.py:115} INFO - [2022-07-07 01:27:06,861] {dagbag.py:507} INFO - Filling up the DagBag from /opt/airflow/dags/schedule.py
[2022-07-07 01:27:08,255] {processor.py:651} INFO - DAG(s) dict_keys(['first_dag']) retrieved from /opt/airflow/dags/schedule.py
[2022-07-07 01:27:08,285] {logging_mixin.py:115} INFO - [2022-07-07 01:27:08,284] {dag.py:2379} INFO - Sync 1 DAGs
[2022-07-07 01:27:08,321] {logging_mixin.py:115} INFO - [2022-07-07 01:27:08,321] {dag.py:2931} INFO - Setting next_dagrun for first_dag to 2022-07-06T00:26:00+00:00, run_after=2022-07-06T00:28:00+00:00
[2022-07-07 01:27:08,341] {processor.py:161} INFO - Processing /opt/airflow/dags/schedule.py took 1.489 seconds
[2022-07-07 01:27:38,506] {processor.py:153} INFO - Started process (PID=301) to work on /opt/airflow/dags/schedule.py
[2022-07-07 01:27:38,507] {processor.py:641} INFO - Processing file /opt/airflow/dags/schedule.py for tasks to queue
[2022-07-07 01:27:38,508] {logging_mixin.py:115} INFO - [2022-07-07 01:27:38,508] {dagbag.py:507} INFO - Filling up the DagBag from /opt/airflow/dags/schedule.py
[2022-07-07 01:27:39,047] {processor.py:651} INFO - DAG(s) dict_keys(['first_dag']) retrieved from /opt/airflow/dags/schedule.py
[2022-07-07 01:27:39,077] {logging_mixin.py:115} INFO - [2022-07-07 01:27:39,075] {dag.py:2379} INFO - Sync 1 DAGs
[2022-07-07 01:27:39,108] {logging_mixin.py:115} INFO - [2022-07-07 01:27:39,108] {dag.py:2931} INFO - Setting next_dagrun for first_dag to 2022-07-06T01:54:00+00:00, run_after=2022-07-06T01:56:00+00:00
[2022-07-07 01:27:39,126] {processor.py:161} INFO - Processing /opt/airflow/dags/schedule.py took 0.624 seconds
[2022-07-07 01:28:09,389] {processor.py:153} INFO - Started process (PID=371) to work on /opt/airflow/dags/schedule.py
[2022-07-07 01:28:09,390] {processor.py:641} INFO - Processing file /opt/airflow/dags/schedule.py for tasks to queue
[2022-07-07 01:28:09,392] {logging_mixin.py:115} INFO - [2022-07-07 01:28:09,391] {dagbag.py:507} INFO - Filling up the DagBag from /opt/airflow/dags/schedule.py
[2022-07-07 01:28:10,602] {processor.py:651} INFO - DAG(s) dict_keys(['first_dag']) retrieved from /opt/airflow/dags/schedule.py
[2022-07-07 01:28:10,641] {logging_mixin.py:115} INFO - [2022-07-07 01:28:10,640] {dag.py:2379} INFO - Sync 1 DAGs
[2022-07-07 01:28:10,681] {logging_mixin.py:115} INFO - [2022-07-07 01:28:10,681] {dag.py:2931} INFO - Setting next_dagrun for first_dag to 2022-07-06T03:22:00+00:00, run_after=2022-07-06T03:24:00+00:00
[2022-07-07 01:28:10,717] {processor.py:161} INFO - Processing /opt/airflow/dags/schedule.py took 1.333 seconds
[2022-07-07 01:28:43,074] {processor.py:153} INFO - Started process (PID=427) to work on /opt/airflow/dags/schedule.py
[2022-07-07 01:28:43,075] {processor.py:641} INFO - Processing file /opt/airflow/dags/schedule.py for tasks to queue
[2022-07-07 01:28:43,077] {logging_mixin.py:115} INFO - [2022-07-07 01:28:43,076] {dagbag.py:507} INFO - Filling up the DagBag from /opt/airflow/dags/schedule.py
[2022-07-07 01:28:44,768] {processor.py:651} INFO - DAG(s) dict_keys(['first_dag']) retrieved from /opt/airflow/dags/schedule.py
[2022-07-07 01:28:44,786] {logging_mixin.py:115} INFO - [2022-07-07 01:28:44,786] {dag.py:2379} INFO - Sync 1 DAGs
[2022-07-07 01:28:44,805] {logging_mixin.py:115} INFO - [2022-07-07 01:28:44,805] {dag.py:2931} INFO - Setting next_dagrun for first_dag to 2022-07-06T04:40:00+00:00, run_after=2022-07-06T04:42:00+00:00
[2022-07-07 01:28:44,817] {processor.py:161} INFO - Processing /opt/airflow/dags/schedule.py took 1.747 seconds
[2022-07-07 01:29:36,826] {processor.py:153} INFO - Started process (PID=489) to work on /opt/airflow/dags/schedule.py
[2022-07-07 01:29:36,827] {processor.py:641} INFO - Processing file /opt/airflow/dags/schedule.py for tasks to queue
[2022-07-07 01:29:36,851] {logging_mixin.py:115} INFO - [2022-07-07 01:29:36,850] {dagbag.py:507} INFO - Filling up the DagBag from /opt/airflow/dags/schedule.py
[2022-07-07 01:30:10,891] {logging_mixin.py:115} INFO - [2022-07-07 01:30:10,890] {timeout.py:67} ERROR - Process timed out, PID: 489
[2022-07-07 01:30:10,946] {logging_mixin.py:115} INFO - [2022-07-07 01:30:10,894] {dagbag.py:320} ERROR - Failed to import: /opt/airflow/dags/schedule.py
Traceback (most recent call last):
  File "/home/airflow/.local/lib/python3.7/site-packages/airflow/models/dagbag.py", line 317, in parse
    loader.exec_module(new_module)
  File "<frozen importlib._bootstrap_external>", line 728, in exec_module
  File "<frozen importlib._bootstrap>", line 219, in _call_with_frames_removed
  File "/opt/airflow/dags/schedule.py", line 1, in <module>
    import pandas as pd
  File "/home/airflow/.local/lib/python3.7/site-packages/pandas/__init__.py", line 50, in <module>
    from pandas.core.api import (
  File "/home/airflow/.local/lib/python3.7/site-packages/pandas/core/api.py", line 29, in <module>
    from pandas.core.arrays import Categorical
  File "/home/airflow/.local/lib/python3.7/site-packages/pandas/core/arrays/__init__.py", line 20, in <module>
    from pandas.core.arrays.string_arrow import ArrowStringArray
  File "/home/airflow/.local/lib/python3.7/site-packages/pandas/core/arrays/string_arrow.py", line 65, in <module>
    import pyarrow.compute as pc
  File "/home/airflow/.local/lib/python3.7/site-packages/pyarrow/compute.py", line 18, in <module>
    from pyarrow._compute import (  # noqa
  File "/home/airflow/.local/lib/python3.7/site-packages/airflow/utils/timeout.py", line 68, in handle_timeout
    raise AirflowTaskTimeout(self.error_message)
airflow.exceptions.AirflowTaskTimeout: DagBag import timeout for /opt/airflow/dags/schedule.py after 30.0s.
Please take a look at these docs to improve your DAG import time:
* https://airflow.apache.org/docs/apache-airflow/2.3.2/best-practices.html#top-level-python-code
* https://airflow.apache.org/docs/apache-airflow/2.3.2/best-practices.html#reducing-dag-complexity, PID: 489
[2022-07-07 01:30:10,951] {processor.py:653} WARNING - No viable dags retrieved from /opt/airflow/dags/schedule.py
[2022-07-07 01:30:11,515] {processor.py:161} INFO - Processing /opt/airflow/dags/schedule.py took 34.870 seconds
[2022-07-07 01:46:09,919] {processor.py:153} INFO - Started process (PID=45) to work on /opt/airflow/dags/schedule.py
[2022-07-07 01:46:09,937] {processor.py:641} INFO - Processing file /opt/airflow/dags/schedule.py for tasks to queue
[2022-07-07 01:46:09,943] {logging_mixin.py:115} INFO - [2022-07-07 01:46:09,942] {dagbag.py:507} INFO - Filling up the DagBag from /opt/airflow/dags/schedule.py
[2022-07-07 01:46:11,617] {processor.py:651} INFO - DAG(s) dict_keys(['first_dag']) retrieved from /opt/airflow/dags/schedule.py
[2022-07-07 01:46:11,637] {logging_mixin.py:115} INFO - [2022-07-07 01:46:11,637] {dag.py:2379} INFO - Sync 1 DAGs
[2022-07-07 01:46:11,666] {logging_mixin.py:115} INFO - [2022-07-07 01:46:11,666] {dag.py:2931} INFO - Setting next_dagrun for first_dag to 2022-07-06T05:50:00+00:00, run_after=2022-07-06T05:52:00+00:00
[2022-07-07 01:46:11,754] {processor.py:161} INFO - Processing /opt/airflow/dags/schedule.py took 1.840 seconds
[2022-07-07 01:47:13,035] {processor.py:153} INFO - Started process (PID=117) to work on /opt/airflow/dags/schedule.py
[2022-07-07 01:47:13,044] {processor.py:641} INFO - Processing file /opt/airflow/dags/schedule.py for tasks to queue
[2022-07-07 01:47:13,078] {logging_mixin.py:115} INFO - [2022-07-07 01:47:13,077] {dagbag.py:507} INFO - Filling up the DagBag from /opt/airflow/dags/schedule.py
[2022-07-07 01:47:15,343] {processor.py:651} INFO - DAG(s) dict_keys(['first_dag']) retrieved from /opt/airflow/dags/schedule.py
[2022-07-07 01:47:15,364] {logging_mixin.py:115} INFO - [2022-07-07 01:47:15,364] {dag.py:2379} INFO - Sync 1 DAGs
[2022-07-07 01:47:15,389] {logging_mixin.py:115} INFO - [2022-07-07 01:47:15,389] {dag.py:2931} INFO - Setting next_dagrun for first_dag to 2022-07-06T06:22:00+00:00, run_after=2022-07-06T06:24:00+00:00
[2022-07-07 01:47:15,406] {processor.py:161} INFO - Processing /opt/airflow/dags/schedule.py took 2.430 seconds
[2022-07-07 01:47:45,515] {processor.py:153} INFO - Started process (PID=185) to work on /opt/airflow/dags/schedule.py
[2022-07-07 01:47:45,517] {processor.py:641} INFO - Processing file /opt/airflow/dags/schedule.py for tasks to queue
[2022-07-07 01:47:45,518] {logging_mixin.py:115} INFO - [2022-07-07 01:47:45,518] {dagbag.py:507} INFO - Filling up the DagBag from /opt/airflow/dags/schedule.py
[2022-07-07 01:47:46,151] {processor.py:651} INFO - DAG(s) dict_keys(['first_dag']) retrieved from /opt/airflow/dags/schedule.py
[2022-07-07 01:47:46,185] {logging_mixin.py:115} INFO - [2022-07-07 01:47:46,185] {dag.py:2379} INFO - Sync 1 DAGs
[2022-07-07 01:47:46,226] {logging_mixin.py:115} INFO - [2022-07-07 01:47:46,226] {dag.py:2931} INFO - Setting next_dagrun for first_dag to 2022-07-06T07:54:00+00:00, run_after=2022-07-06T07:56:00+00:00
[2022-07-07 01:47:46,245] {processor.py:161} INFO - Processing /opt/airflow/dags/schedule.py took 0.737 seconds
[2022-07-07 01:48:16,810] {processor.py:153} INFO - Started process (PID=253) to work on /opt/airflow/dags/schedule.py
[2022-07-07 01:48:16,812] {processor.py:641} INFO - Processing file /opt/airflow/dags/schedule.py for tasks to queue
[2022-07-07 01:48:16,814] {logging_mixin.py:115} INFO - [2022-07-07 01:48:16,814] {dagbag.py:507} INFO - Filling up the DagBag from /opt/airflow/dags/schedule.py
[2022-07-07 01:48:17,487] {processor.py:651} INFO - DAG(s) dict_keys(['first_dag']) retrieved from /opt/airflow/dags/schedule.py
[2022-07-07 01:48:17,519] {logging_mixin.py:115} INFO - [2022-07-07 01:48:17,518] {dag.py:2379} INFO - Sync 1 DAGs
[2022-07-07 01:48:17,552] {logging_mixin.py:115} INFO - [2022-07-07 01:48:17,552] {dag.py:2931} INFO - Setting next_dagrun for first_dag to 2022-07-06T09:34:00+00:00, run_after=2022-07-06T09:36:00+00:00
[2022-07-07 01:48:17,578] {processor.py:161} INFO - Processing /opt/airflow/dags/schedule.py took 0.773 seconds
[2022-07-07 01:48:47,665] {processor.py:153} INFO - Started process (PID=309) to work on /opt/airflow/dags/schedule.py
[2022-07-07 01:48:47,665] {processor.py:641} INFO - Processing file /opt/airflow/dags/schedule.py for tasks to queue
[2022-07-07 01:48:47,666] {logging_mixin.py:115} INFO - [2022-07-07 01:48:47,666] {dagbag.py:507} INFO - Filling up the DagBag from /opt/airflow/dags/schedule.py
[2022-07-07 01:48:48,020] {processor.py:651} INFO - DAG(s) dict_keys(['first_dag']) retrieved from /opt/airflow/dags/schedule.py
[2022-07-07 01:48:48,036] {logging_mixin.py:115} INFO - [2022-07-07 01:48:48,035] {dag.py:2379} INFO - Sync 1 DAGs
[2022-07-07 01:48:48,054] {logging_mixin.py:115} INFO - [2022-07-07 01:48:48,054] {dag.py:2931} INFO - Setting next_dagrun for first_dag to 2022-07-06T11:14:00+00:00, run_after=2022-07-06T11:16:00+00:00
[2022-07-07 01:48:48,067] {processor.py:161} INFO - Processing /opt/airflow/dags/schedule.py took 0.407 seconds
[2022-07-07 01:49:18,124] {processor.py:153} INFO - Started process (PID=377) to work on /opt/airflow/dags/schedule.py
[2022-07-07 01:49:18,125] {processor.py:641} INFO - Processing file /opt/airflow/dags/schedule.py for tasks to queue
[2022-07-07 01:49:18,126] {logging_mixin.py:115} INFO - [2022-07-07 01:49:18,126] {dagbag.py:507} INFO - Filling up the DagBag from /opt/airflow/dags/schedule.py
[2022-07-07 01:49:18,501] {processor.py:651} INFO - DAG(s) dict_keys(['first_dag']) retrieved from /opt/airflow/dags/schedule.py
[2022-07-07 01:49:18,525] {logging_mixin.py:115} INFO - [2022-07-07 01:49:18,524] {dag.py:2379} INFO - Sync 1 DAGs
[2022-07-07 01:49:18,555] {logging_mixin.py:115} INFO - [2022-07-07 01:49:18,555] {dag.py:2931} INFO - Setting next_dagrun for first_dag to 2022-07-06T12:46:00+00:00, run_after=2022-07-06T12:48:00+00:00
[2022-07-07 01:49:18,570] {processor.py:161} INFO - Processing /opt/airflow/dags/schedule.py took 0.449 seconds
[2022-07-07 01:49:48,683] {processor.py:153} INFO - Started process (PID=435) to work on /opt/airflow/dags/schedule.py
[2022-07-07 01:49:48,684] {processor.py:641} INFO - Processing file /opt/airflow/dags/schedule.py for tasks to queue
[2022-07-07 01:49:48,685] {logging_mixin.py:115} INFO - [2022-07-07 01:49:48,685] {dagbag.py:507} INFO - Filling up the DagBag from /opt/airflow/dags/schedule.py
[2022-07-07 01:49:49,139] {processor.py:651} INFO - DAG(s) dict_keys(['first_dag']) retrieved from /opt/airflow/dags/schedule.py
[2022-07-07 01:49:49,167] {logging_mixin.py:115} INFO - [2022-07-07 01:49:49,165] {dag.py:2379} INFO - Sync 1 DAGs
[2022-07-07 01:49:49,201] {logging_mixin.py:115} INFO - [2022-07-07 01:49:49,201] {dag.py:2931} INFO - Setting next_dagrun for first_dag to 2022-07-06T13:54:00+00:00, run_after=2022-07-06T13:56:00+00:00
[2022-07-07 01:49:49,222] {processor.py:161} INFO - Processing /opt/airflow/dags/schedule.py took 0.543 seconds
[2022-07-07 01:50:21,457] {processor.py:153} INFO - Started process (PID=492) to work on /opt/airflow/dags/schedule.py
[2022-07-07 01:50:21,459] {processor.py:641} INFO - Processing file /opt/airflow/dags/schedule.py for tasks to queue
[2022-07-07 01:50:21,460] {logging_mixin.py:115} INFO - [2022-07-07 01:50:21,460] {dagbag.py:507} INFO - Filling up the DagBag from /opt/airflow/dags/schedule.py
[2022-07-07 01:50:22,176] {processor.py:651} INFO - DAG(s) dict_keys(['first_dag']) retrieved from /opt/airflow/dags/schedule.py
[2022-07-07 01:50:22,203] {logging_mixin.py:115} INFO - [2022-07-07 01:50:22,202] {dag.py:2379} INFO - Sync 1 DAGs
[2022-07-07 01:50:22,228] {logging_mixin.py:115} INFO - [2022-07-07 01:50:22,227] {dag.py:2931} INFO - Setting next_dagrun for first_dag to 2022-07-06T15:24:00+00:00, run_after=2022-07-06T15:26:00+00:00
[2022-07-07 01:50:22,244] {processor.py:161} INFO - Processing /opt/airflow/dags/schedule.py took 0.792 seconds
[2022-07-07 01:50:52,734] {processor.py:153} INFO - Started process (PID=562) to work on /opt/airflow/dags/schedule.py
[2022-07-07 01:50:52,737] {processor.py:641} INFO - Processing file /opt/airflow/dags/schedule.py for tasks to queue
[2022-07-07 01:50:52,738] {logging_mixin.py:115} INFO - [2022-07-07 01:50:52,738] {dagbag.py:507} INFO - Filling up the DagBag from /opt/airflow/dags/schedule.py
[2022-07-07 01:50:53,600] {processor.py:651} INFO - DAG(s) dict_keys(['first_dag']) retrieved from /opt/airflow/dags/schedule.py
[2022-07-07 01:50:53,627] {logging_mixin.py:115} INFO - [2022-07-07 01:50:53,626] {dag.py:2379} INFO - Sync 1 DAGs
[2022-07-07 01:50:53,662] {logging_mixin.py:115} INFO - [2022-07-07 01:50:53,662] {dag.py:2931} INFO - Setting next_dagrun for first_dag to 2022-07-06T17:00:00+00:00, run_after=2022-07-06T17:02:00+00:00
[2022-07-07 01:50:53,683] {processor.py:161} INFO - Processing /opt/airflow/dags/schedule.py took 0.952 seconds
[2022-07-07 01:51:23,746] {processor.py:153} INFO - Started process (PID=622) to work on /opt/airflow/dags/schedule.py
[2022-07-07 01:51:23,747] {processor.py:641} INFO - Processing file /opt/airflow/dags/schedule.py for tasks to queue
[2022-07-07 01:51:23,748] {logging_mixin.py:115} INFO - [2022-07-07 01:51:23,748] {dagbag.py:507} INFO - Filling up the DagBag from /opt/airflow/dags/schedule.py
[2022-07-07 01:51:24,359] {processor.py:651} INFO - DAG(s) dict_keys(['first_dag']) retrieved from /opt/airflow/dags/schedule.py
[2022-07-07 01:51:24,392] {logging_mixin.py:115} INFO - [2022-07-07 01:51:24,391] {dag.py:2379} INFO - Sync 1 DAGs
[2022-07-07 01:51:24,427] {logging_mixin.py:115} INFO - [2022-07-07 01:51:24,426] {dag.py:2931} INFO - Setting next_dagrun for first_dag to 2022-07-06T18:24:00+00:00, run_after=2022-07-06T18:26:00+00:00
[2022-07-07 01:51:24,448] {processor.py:161} INFO - Processing /opt/airflow/dags/schedule.py took 0.705 seconds
[2022-07-07 01:51:55,025] {processor.py:153} INFO - Started process (PID=690) to work on /opt/airflow/dags/schedule.py
[2022-07-07 01:51:55,028] {processor.py:641} INFO - Processing file /opt/airflow/dags/schedule.py for tasks to queue
[2022-07-07 01:51:55,032] {logging_mixin.py:115} INFO - [2022-07-07 01:51:55,032] {dagbag.py:507} INFO - Filling up the DagBag from /opt/airflow/dags/schedule.py
[2022-07-07 01:51:56,649] {processor.py:651} INFO - DAG(s) dict_keys(['first_dag']) retrieved from /opt/airflow/dags/schedule.py
[2022-07-07 01:51:57,734] {logging_mixin.py:115} INFO - [2022-07-07 01:51:57,734] {dag.py:2379} INFO - Sync 1 DAGs
[2022-07-07 01:51:57,789] {logging_mixin.py:115} INFO - [2022-07-07 01:51:57,789] {dag.py:2931} INFO - Setting next_dagrun for first_dag to 2022-07-06T19:54:00+00:00, run_after=2022-07-06T19:56:00+00:00
[2022-07-07 01:51:57,841] {processor.py:161} INFO - Processing /opt/airflow/dags/schedule.py took 2.823 seconds
[2022-07-07 01:54:27,529] {processor.py:153} INFO - Started process (PID=49) to work on /opt/airflow/dags/schedule.py
[2022-07-07 01:54:27,539] {processor.py:641} INFO - Processing file /opt/airflow/dags/schedule.py for tasks to queue
[2022-07-07 01:54:27,540] {logging_mixin.py:115} INFO - [2022-07-07 01:54:27,540] {dagbag.py:507} INFO - Filling up the DagBag from /opt/airflow/dags/schedule.py
[2022-07-07 01:54:29,132] {processor.py:651} INFO - DAG(s) dict_keys(['first_dag']) retrieved from /opt/airflow/dags/schedule.py
[2022-07-07 01:54:29,161] {logging_mixin.py:115} INFO - [2022-07-07 01:54:29,161] {dag.py:2379} INFO - Sync 1 DAGs
[2022-07-07 01:54:29,195] {logging_mixin.py:115} INFO - [2022-07-07 01:54:29,195] {dag.py:2931} INFO - Setting next_dagrun for first_dag to 2022-07-06T20:30:00+00:00, run_after=2022-07-06T20:32:00+00:00
[2022-07-07 01:54:29,237] {processor.py:161} INFO - Processing /opt/airflow/dags/schedule.py took 1.714 seconds
[2022-07-07 01:55:24,408] {processor.py:153} INFO - Started process (PID=114) to work on /opt/airflow/dags/schedule.py
[2022-07-07 01:55:24,410] {processor.py:641} INFO - Processing file /opt/airflow/dags/schedule.py for tasks to queue
[2022-07-07 01:55:24,411] {logging_mixin.py:115} INFO - [2022-07-07 01:55:24,411] {dagbag.py:507} INFO - Filling up the DagBag from /opt/airflow/dags/schedule.py
[2022-07-07 01:55:25,599] {processor.py:651} INFO - DAG(s) dict_keys(['first_dag']) retrieved from /opt/airflow/dags/schedule.py
[2022-07-07 01:55:25,616] {logging_mixin.py:115} INFO - [2022-07-07 01:55:25,616] {dag.py:2379} INFO - Sync 1 DAGs
[2022-07-07 01:55:25,634] {logging_mixin.py:115} INFO - [2022-07-07 01:55:25,633] {dag.py:2931} INFO - Setting next_dagrun for first_dag to 2022-07-06T21:02:00+00:00, run_after=2022-07-06T21:04:00+00:00
[2022-07-07 01:55:25,645] {processor.py:161} INFO - Processing /opt/airflow/dags/schedule.py took 1.241 seconds
[2022-07-07 01:57:10,507] {processor.py:153} INFO - Started process (PID=48) to work on /opt/airflow/dags/schedule.py
[2022-07-07 01:57:10,508] {processor.py:641} INFO - Processing file /opt/airflow/dags/schedule.py for tasks to queue
[2022-07-07 01:57:10,509] {logging_mixin.py:115} INFO - [2022-07-07 01:57:10,509] {dagbag.py:507} INFO - Filling up the DagBag from /opt/airflow/dags/schedule.py
[2022-07-07 01:57:12,189] {processor.py:651} INFO - DAG(s) dict_keys(['first_dag']) retrieved from /opt/airflow/dags/schedule.py
[2022-07-07 01:57:12,243] {logging_mixin.py:115} INFO - [2022-07-07 01:57:12,243] {dag.py:2379} INFO - Sync 1 DAGs
[2022-07-07 01:57:12,283] {logging_mixin.py:115} INFO - [2022-07-07 01:57:12,283] {dag.py:2931} INFO - Setting next_dagrun for first_dag to 2022-07-06T21:50:00+00:00, run_after=2022-07-06T21:52:00+00:00
[2022-07-07 01:57:12,304] {processor.py:161} INFO - Processing /opt/airflow/dags/schedule.py took 1.802 seconds
[2022-07-07 01:58:02,829] {processor.py:153} INFO - Started process (PID=110) to work on /opt/airflow/dags/schedule.py
[2022-07-07 01:58:02,831] {processor.py:641} INFO - Processing file /opt/airflow/dags/schedule.py for tasks to queue
[2022-07-07 01:58:02,832] {logging_mixin.py:115} INFO - [2022-07-07 01:58:02,832] {dagbag.py:507} INFO - Filling up the DagBag from /opt/airflow/dags/schedule.py
[2022-07-07 01:58:05,113] {processor.py:651} INFO - DAG(s) dict_keys(['first_dag']) retrieved from /opt/airflow/dags/schedule.py
[2022-07-07 01:58:05,137] {logging_mixin.py:115} INFO - [2022-07-07 01:58:05,136] {dag.py:2379} INFO - Sync 1 DAGs
[2022-07-07 01:58:05,166] {logging_mixin.py:115} INFO - [2022-07-07 01:58:05,166] {dag.py:2931} INFO - Setting next_dagrun for first_dag to 2022-07-06T22:22:00+00:00, run_after=2022-07-06T22:24:00+00:00
[2022-07-07 01:58:05,185] {processor.py:161} INFO - Processing /opt/airflow/dags/schedule.py took 2.361 seconds
[2022-07-07 01:58:35,872] {processor.py:153} INFO - Started process (PID=168) to work on /opt/airflow/dags/schedule.py
[2022-07-07 01:58:35,881] {processor.py:641} INFO - Processing file /opt/airflow/dags/schedule.py for tasks to queue
[2022-07-07 01:58:35,883] {logging_mixin.py:115} INFO - [2022-07-07 01:58:35,883] {dagbag.py:507} INFO - Filling up the DagBag from /opt/airflow/dags/schedule.py
[2022-07-07 01:58:37,608] {processor.py:651} INFO - DAG(s) dict_keys(['first_dag']) retrieved from /opt/airflow/dags/schedule.py
[2022-07-07 01:58:37,637] {logging_mixin.py:115} INFO - [2022-07-07 01:58:37,637] {dag.py:2379} INFO - Sync 1 DAGs
[2022-07-07 01:58:37,675] {logging_mixin.py:115} INFO - [2022-07-07 01:58:37,675] {dag.py:2931} INFO - Setting next_dagrun for first_dag to 2022-07-06T23:30:00+00:00, run_after=2022-07-06T23:32:00+00:00
[2022-07-07 01:58:37,700] {processor.py:161} INFO - Processing /opt/airflow/dags/schedule.py took 1.836 seconds
[2022-07-07 01:59:08,047] {processor.py:153} INFO - Started process (PID=227) to work on /opt/airflow/dags/schedule.py
[2022-07-07 01:59:08,048] {processor.py:641} INFO - Processing file /opt/airflow/dags/schedule.py for tasks to queue
[2022-07-07 01:59:08,050] {logging_mixin.py:115} INFO - [2022-07-07 01:59:08,049] {dagbag.py:507} INFO - Filling up the DagBag from /opt/airflow/dags/schedule.py
[2022-07-07 01:59:08,776] {processor.py:651} INFO - DAG(s) dict_keys(['first_dag']) retrieved from /opt/airflow/dags/schedule.py
[2022-07-07 01:59:08,835] {logging_mixin.py:115} INFO - [2022-07-07 01:59:08,834] {dag.py:2379} INFO - Sync 1 DAGs
[2022-07-07 01:59:08,882] {logging_mixin.py:115} INFO - [2022-07-07 01:59:08,882] {dag.py:2931} INFO - Setting next_dagrun for first_dag to 2022-07-07T00:30:00+00:00, run_after=2022-07-07T00:32:00+00:00
[2022-07-07 01:59:08,927] {processor.py:161} INFO - Processing /opt/airflow/dags/schedule.py took 0.886 seconds
[2022-07-07 01:59:39,522] {processor.py:153} INFO - Started process (PID=284) to work on /opt/airflow/dags/schedule.py
[2022-07-07 01:59:39,523] {processor.py:641} INFO - Processing file /opt/airflow/dags/schedule.py for tasks to queue
[2022-07-07 01:59:39,524] {logging_mixin.py:115} INFO - [2022-07-07 01:59:39,524] {dagbag.py:507} INFO - Filling up the DagBag from /opt/airflow/dags/schedule.py
[2022-07-07 01:59:47,825] {processor.py:651} INFO - DAG(s) dict_keys(['first_dag']) retrieved from /opt/airflow/dags/schedule.py
[2022-07-07 01:59:47,855] {logging_mixin.py:115} INFO - [2022-07-07 01:59:47,854] {dag.py:2379} INFO - Sync 1 DAGs
[2022-07-07 01:59:47,886] {logging_mixin.py:115} INFO - [2022-07-07 01:59:47,886] {dag.py:2931} INFO - Setting next_dagrun for first_dag to 2022-07-07T01:52:00+00:00, run_after=2022-07-07T01:54:00+00:00
[2022-07-07 01:59:47,904] {processor.py:161} INFO - Processing /opt/airflow/dags/schedule.py took 8.385 seconds
[2022-07-07 02:00:18,065] {processor.py:153} INFO - Started process (PID=358) to work on /opt/airflow/dags/schedule.py
[2022-07-07 02:00:18,066] {processor.py:641} INFO - Processing file /opt/airflow/dags/schedule.py for tasks to queue
[2022-07-07 02:00:18,066] {logging_mixin.py:115} INFO - [2022-07-07 02:00:18,066] {dagbag.py:507} INFO - Filling up the DagBag from /opt/airflow/dags/schedule.py
[2022-07-07 02:00:18,527] {processor.py:651} INFO - DAG(s) dict_keys(['first_dag']) retrieved from /opt/airflow/dags/schedule.py
[2022-07-07 02:00:18,543] {logging_mixin.py:115} INFO - [2022-07-07 02:00:18,543] {dag.py:2379} INFO - Sync 1 DAGs
[2022-07-07 02:00:18,562] {logging_mixin.py:115} INFO - [2022-07-07 02:00:18,562] {dag.py:2931} INFO - Setting next_dagrun for first_dag to 2022-07-07T02:00:00+00:00, run_after=2022-07-07T02:02:00+00:00
[2022-07-07 02:00:18,573] {processor.py:161} INFO - Processing /opt/airflow/dags/schedule.py took 0.511 seconds
[2022-07-07 02:00:48,803] {processor.py:153} INFO - Started process (PID=426) to work on /opt/airflow/dags/schedule.py
[2022-07-07 02:00:48,804] {processor.py:641} INFO - Processing file /opt/airflow/dags/schedule.py for tasks to queue
[2022-07-07 02:00:48,805] {logging_mixin.py:115} INFO - [2022-07-07 02:00:48,805] {dagbag.py:507} INFO - Filling up the DagBag from /opt/airflow/dags/schedule.py
[2022-07-07 02:00:49,335] {processor.py:651} INFO - DAG(s) dict_keys(['first_dag']) retrieved from /opt/airflow/dags/schedule.py
[2022-07-07 02:00:49,355] {logging_mixin.py:115} INFO - [2022-07-07 02:00:49,354] {dag.py:2379} INFO - Sync 1 DAGs
[2022-07-07 02:00:49,373] {logging_mixin.py:115} INFO - [2022-07-07 02:00:49,373] {dag.py:2931} INFO - Setting next_dagrun for first_dag to 2022-07-07T02:00:00+00:00, run_after=2022-07-07T02:02:00+00:00
[2022-07-07 02:00:49,384] {processor.py:161} INFO - Processing /opt/airflow/dags/schedule.py took 0.584 seconds
[2022-07-07 02:01:19,577] {processor.py:153} INFO - Started process (PID=484) to work on /opt/airflow/dags/schedule.py
[2022-07-07 02:01:19,578] {processor.py:641} INFO - Processing file /opt/airflow/dags/schedule.py for tasks to queue
[2022-07-07 02:01:19,578] {logging_mixin.py:115} INFO - [2022-07-07 02:01:19,578] {dagbag.py:507} INFO - Filling up the DagBag from /opt/airflow/dags/schedule.py
[2022-07-07 02:01:19,894] {processor.py:651} INFO - DAG(s) dict_keys(['first_dag']) retrieved from /opt/airflow/dags/schedule.py
[2022-07-07 02:01:19,929] {logging_mixin.py:115} INFO - [2022-07-07 02:01:19,929] {dag.py:2379} INFO - Sync 1 DAGs
[2022-07-07 02:01:19,948] {logging_mixin.py:115} INFO - [2022-07-07 02:01:19,948] {dag.py:2931} INFO - Setting next_dagrun for first_dag to 2022-07-07T02:00:00+00:00, run_after=2022-07-07T02:02:00+00:00
[2022-07-07 02:01:19,958] {processor.py:161} INFO - Processing /opt/airflow/dags/schedule.py took 0.384 seconds
[2022-07-07 02:01:35,613] {processor.py:153} INFO - Started process (PID=521) to work on /opt/airflow/dags/schedule.py
[2022-07-07 02:01:35,614] {processor.py:641} INFO - Processing file /opt/airflow/dags/schedule.py for tasks to queue
[2022-07-07 02:01:35,615] {logging_mixin.py:115} INFO - [2022-07-07 02:01:35,615] {dagbag.py:507} INFO - Filling up the DagBag from /opt/airflow/dags/schedule.py
[2022-07-07 02:01:35,918] {processor.py:651} INFO - DAG(s) dict_keys(['first_dag']) retrieved from /opt/airflow/dags/schedule.py
[2022-07-07 02:01:35,935] {logging_mixin.py:115} INFO - [2022-07-07 02:01:35,934] {dag.py:2379} INFO - Sync 1 DAGs
[2022-07-07 02:01:35,951] {logging_mixin.py:115} INFO - [2022-07-07 02:01:35,950] {dag.py:2931} INFO - Setting next_dagrun for first_dag to 2022-07-07T02:00:00+00:00, run_after=2022-07-07T02:02:00+00:00
[2022-07-07 02:01:35,966] {processor.py:161} INFO - Processing /opt/airflow/dags/schedule.py took 0.355 seconds
[2022-07-07 02:01:40,942] {processor.py:153} INFO - Started process (PID=529) to work on /opt/airflow/dags/schedule.py
[2022-07-07 02:01:40,943] {processor.py:641} INFO - Processing file /opt/airflow/dags/schedule.py for tasks to queue
[2022-07-07 02:01:40,944] {logging_mixin.py:115} INFO - [2022-07-07 02:01:40,944] {dagbag.py:507} INFO - Filling up the DagBag from /opt/airflow/dags/schedule.py
[2022-07-07 02:01:41,290] {processor.py:651} INFO - DAG(s) dict_keys(['first_dag']) retrieved from /opt/airflow/dags/schedule.py
[2022-07-07 02:01:41,308] {logging_mixin.py:115} INFO - [2022-07-07 02:01:41,307] {dag.py:2379} INFO - Sync 1 DAGs
[2022-07-07 02:01:41,325] {logging_mixin.py:115} INFO - [2022-07-07 02:01:41,325] {dag.py:2931} INFO - Setting next_dagrun for first_dag to 2022-07-07T02:00:00+00:00, run_after=2022-07-07T02:02:00+00:00
[2022-07-07 02:01:41,342] {processor.py:161} INFO - Processing /opt/airflow/dags/schedule.py took 0.407 seconds
[2022-07-07 02:02:11,423] {processor.py:153} INFO - Started process (PID=594) to work on /opt/airflow/dags/schedule.py
[2022-07-07 02:02:11,424] {processor.py:641} INFO - Processing file /opt/airflow/dags/schedule.py for tasks to queue
[2022-07-07 02:02:11,424] {logging_mixin.py:115} INFO - [2022-07-07 02:02:11,424] {dagbag.py:507} INFO - Filling up the DagBag from /opt/airflow/dags/schedule.py
[2022-07-07 02:02:11,745] {processor.py:651} INFO - DAG(s) dict_keys(['first_dag']) retrieved from /opt/airflow/dags/schedule.py
[2022-07-07 02:02:11,768] {logging_mixin.py:115} INFO - [2022-07-07 02:02:11,768] {dag.py:2379} INFO - Sync 1 DAGs
[2022-07-07 02:02:11,788] {logging_mixin.py:115} INFO - [2022-07-07 02:02:11,788] {dag.py:2931} INFO - Setting next_dagrun for first_dag to 2022-07-07T02:02:00+00:00, run_after=2022-07-07T02:04:00+00:00
[2022-07-07 02:02:11,802] {processor.py:161} INFO - Processing /opt/airflow/dags/schedule.py took 0.382 seconds
[2022-07-07 02:02:42,036] {processor.py:153} INFO - Started process (PID=661) to work on /opt/airflow/dags/schedule.py
[2022-07-07 02:02:42,037] {processor.py:641} INFO - Processing file /opt/airflow/dags/schedule.py for tasks to queue
[2022-07-07 02:02:42,037] {logging_mixin.py:115} INFO - [2022-07-07 02:02:42,037] {dagbag.py:507} INFO - Filling up the DagBag from /opt/airflow/dags/schedule.py
[2022-07-07 02:02:42,354] {processor.py:651} INFO - DAG(s) dict_keys(['first_dag']) retrieved from /opt/airflow/dags/schedule.py
[2022-07-07 02:02:42,373] {logging_mixin.py:115} INFO - [2022-07-07 02:02:42,372] {dag.py:2379} INFO - Sync 1 DAGs
[2022-07-07 02:02:42,391] {logging_mixin.py:115} INFO - [2022-07-07 02:02:42,391] {dag.py:2931} INFO - Setting next_dagrun for first_dag to 2022-07-07T02:02:00+00:00, run_after=2022-07-07T02:04:00+00:00
[2022-07-07 02:02:42,402] {processor.py:161} INFO - Processing /opt/airflow/dags/schedule.py took 0.370 seconds
[2022-07-07 02:03:12,592] {processor.py:153} INFO - Started process (PID=719) to work on /opt/airflow/dags/schedule.py
[2022-07-07 02:03:12,593] {processor.py:641} INFO - Processing file /opt/airflow/dags/schedule.py for tasks to queue
[2022-07-07 02:03:12,594] {logging_mixin.py:115} INFO - [2022-07-07 02:03:12,594] {dagbag.py:507} INFO - Filling up the DagBag from /opt/airflow/dags/schedule.py
[2022-07-07 02:03:12,961] {processor.py:651} INFO - DAG(s) dict_keys(['first_dag']) retrieved from /opt/airflow/dags/schedule.py
[2022-07-07 02:03:12,977] {logging_mixin.py:115} INFO - [2022-07-07 02:03:12,977] {dag.py:2379} INFO - Sync 1 DAGs
[2022-07-07 02:03:12,993] {logging_mixin.py:115} INFO - [2022-07-07 02:03:12,992] {dag.py:2931} INFO - Setting next_dagrun for first_dag to 2022-07-07T02:02:00+00:00, run_after=2022-07-07T02:04:00+00:00
[2022-07-07 02:03:13,003] {processor.py:161} INFO - Processing /opt/airflow/dags/schedule.py took 0.414 seconds
[2022-07-07 02:03:43,043] {processor.py:153} INFO - Started process (PID=784) to work on /opt/airflow/dags/schedule.py
[2022-07-07 02:03:43,044] {processor.py:641} INFO - Processing file /opt/airflow/dags/schedule.py for tasks to queue
[2022-07-07 02:03:43,044] {logging_mixin.py:115} INFO - [2022-07-07 02:03:43,044] {dagbag.py:507} INFO - Filling up the DagBag from /opt/airflow/dags/schedule.py
[2022-07-07 02:03:43,417] {processor.py:651} INFO - DAG(s) dict_keys(['first_dag']) retrieved from /opt/airflow/dags/schedule.py
[2022-07-07 02:03:43,436] {logging_mixin.py:115} INFO - [2022-07-07 02:03:43,436] {dag.py:2379} INFO - Sync 1 DAGs
[2022-07-07 02:03:43,457] {logging_mixin.py:115} INFO - [2022-07-07 02:03:43,457] {dag.py:2931} INFO - Setting next_dagrun for first_dag to 2022-07-07T02:02:00+00:00, run_after=2022-07-07T02:04:00+00:00
[2022-07-07 02:03:43,474] {processor.py:161} INFO - Processing /opt/airflow/dags/schedule.py took 0.434 seconds
[2022-07-07 02:04:13,702] {processor.py:153} INFO - Started process (PID=846) to work on /opt/airflow/dags/schedule.py
[2022-07-07 02:04:13,703] {processor.py:641} INFO - Processing file /opt/airflow/dags/schedule.py for tasks to queue
[2022-07-07 02:04:13,704] {logging_mixin.py:115} INFO - [2022-07-07 02:04:13,704] {dagbag.py:507} INFO - Filling up the DagBag from /opt/airflow/dags/schedule.py
[2022-07-07 02:04:14,065] {processor.py:651} INFO - DAG(s) dict_keys(['first_dag']) retrieved from /opt/airflow/dags/schedule.py
[2022-07-07 02:04:14,081] {logging_mixin.py:115} INFO - [2022-07-07 02:04:14,080] {dag.py:2379} INFO - Sync 1 DAGs
[2022-07-07 02:04:14,097] {logging_mixin.py:115} INFO - [2022-07-07 02:04:14,096] {dag.py:2931} INFO - Setting next_dagrun for first_dag to 2022-07-07T02:04:00+00:00, run_after=2022-07-07T02:06:00+00:00
[2022-07-07 02:04:14,110] {processor.py:161} INFO - Processing /opt/airflow/dags/schedule.py took 0.411 seconds
[2022-07-07 02:04:44,273] {processor.py:153} INFO - Started process (PID=911) to work on /opt/airflow/dags/schedule.py
[2022-07-07 02:04:44,274] {processor.py:641} INFO - Processing file /opt/airflow/dags/schedule.py for tasks to queue
[2022-07-07 02:04:44,274] {logging_mixin.py:115} INFO - [2022-07-07 02:04:44,274] {dagbag.py:507} INFO - Filling up the DagBag from /opt/airflow/dags/schedule.py
[2022-07-07 02:04:44,787] {processor.py:651} INFO - DAG(s) dict_keys(['first_dag']) retrieved from /opt/airflow/dags/schedule.py
[2022-07-07 02:04:44,817] {logging_mixin.py:115} INFO - [2022-07-07 02:04:44,817] {dag.py:2379} INFO - Sync 1 DAGs
[2022-07-07 02:04:44,842] {logging_mixin.py:115} INFO - [2022-07-07 02:04:44,842] {dag.py:2931} INFO - Setting next_dagrun for first_dag to 2022-07-07T02:04:00+00:00, run_after=2022-07-07T02:06:00+00:00
[2022-07-07 02:04:44,864] {processor.py:161} INFO - Processing /opt/airflow/dags/schedule.py took 0.595 seconds
[2022-07-07 02:05:15,020] {processor.py:153} INFO - Started process (PID=968) to work on /opt/airflow/dags/schedule.py
[2022-07-07 02:05:15,021] {processor.py:641} INFO - Processing file /opt/airflow/dags/schedule.py for tasks to queue
[2022-07-07 02:05:15,021] {logging_mixin.py:115} INFO - [2022-07-07 02:05:15,021] {dagbag.py:507} INFO - Filling up the DagBag from /opt/airflow/dags/schedule.py
[2022-07-07 02:05:15,451] {processor.py:651} INFO - DAG(s) dict_keys(['first_dag']) retrieved from /opt/airflow/dags/schedule.py
[2022-07-07 02:05:15,466] {logging_mixin.py:115} INFO - [2022-07-07 02:05:15,466] {dag.py:2379} INFO - Sync 1 DAGs
[2022-07-07 02:05:15,483] {logging_mixin.py:115} INFO - [2022-07-07 02:05:15,483] {dag.py:2931} INFO - Setting next_dagrun for first_dag to 2022-07-07T02:04:00+00:00, run_after=2022-07-07T02:06:00+00:00
[2022-07-07 02:05:15,495] {processor.py:161} INFO - Processing /opt/airflow/dags/schedule.py took 0.479 seconds
[2022-07-07 02:05:45,654] {processor.py:153} INFO - Started process (PID=1032) to work on /opt/airflow/dags/schedule.py
[2022-07-07 02:05:45,655] {processor.py:641} INFO - Processing file /opt/airflow/dags/schedule.py for tasks to queue
[2022-07-07 02:05:45,655] {logging_mixin.py:115} INFO - [2022-07-07 02:05:45,655] {dagbag.py:507} INFO - Filling up the DagBag from /opt/airflow/dags/schedule.py
[2022-07-07 02:05:46,092] {processor.py:651} INFO - DAG(s) dict_keys(['first_dag']) retrieved from /opt/airflow/dags/schedule.py
[2022-07-07 02:05:46,107] {logging_mixin.py:115} INFO - [2022-07-07 02:05:46,106] {dag.py:2379} INFO - Sync 1 DAGs
[2022-07-07 02:05:46,124] {logging_mixin.py:115} INFO - [2022-07-07 02:05:46,123] {dag.py:2931} INFO - Setting next_dagrun for first_dag to 2022-07-07T02:04:00+00:00, run_after=2022-07-07T02:06:00+00:00
[2022-07-07 02:05:46,136] {processor.py:161} INFO - Processing /opt/airflow/dags/schedule.py took 0.485 seconds
[2022-07-07 02:06:16,545] {processor.py:153} INFO - Started process (PID=1096) to work on /opt/airflow/dags/schedule.py
[2022-07-07 02:06:16,546] {processor.py:641} INFO - Processing file /opt/airflow/dags/schedule.py for tasks to queue
[2022-07-07 02:06:16,547] {logging_mixin.py:115} INFO - [2022-07-07 02:06:16,546] {dagbag.py:507} INFO - Filling up the DagBag from /opt/airflow/dags/schedule.py
[2022-07-07 02:06:16,850] {processor.py:651} INFO - DAG(s) dict_keys(['first_dag']) retrieved from /opt/airflow/dags/schedule.py
[2022-07-07 02:06:16,868] {logging_mixin.py:115} INFO - [2022-07-07 02:06:16,868] {dag.py:2379} INFO - Sync 1 DAGs
[2022-07-07 02:06:16,887] {logging_mixin.py:115} INFO - [2022-07-07 02:06:16,887] {dag.py:2931} INFO - Setting next_dagrun for first_dag to 2022-07-07T02:06:00+00:00, run_after=2022-07-07T02:08:00+00:00
[2022-07-07 02:06:16,901] {processor.py:161} INFO - Processing /opt/airflow/dags/schedule.py took 0.359 seconds
[2022-07-07 02:06:47,244] {processor.py:153} INFO - Started process (PID=1153) to work on /opt/airflow/dags/schedule.py
[2022-07-07 02:06:47,245] {processor.py:641} INFO - Processing file /opt/airflow/dags/schedule.py for tasks to queue
[2022-07-07 02:06:47,246] {logging_mixin.py:115} INFO - [2022-07-07 02:06:47,246] {dagbag.py:507} INFO - Filling up the DagBag from /opt/airflow/dags/schedule.py
[2022-07-07 02:06:47,689] {processor.py:651} INFO - DAG(s) dict_keys(['first_dag']) retrieved from /opt/airflow/dags/schedule.py
[2022-07-07 02:06:47,705] {logging_mixin.py:115} INFO - [2022-07-07 02:06:47,705] {dag.py:2379} INFO - Sync 1 DAGs
[2022-07-07 02:06:47,723] {logging_mixin.py:115} INFO - [2022-07-07 02:06:47,723] {dag.py:2931} INFO - Setting next_dagrun for first_dag to 2022-07-07T02:06:00+00:00, run_after=2022-07-07T02:08:00+00:00
[2022-07-07 02:06:47,735] {processor.py:161} INFO - Processing /opt/airflow/dags/schedule.py took 0.494 seconds
[2022-07-07 02:07:18,157] {processor.py:153} INFO - Started process (PID=1220) to work on /opt/airflow/dags/schedule.py
[2022-07-07 02:07:18,157] {processor.py:641} INFO - Processing file /opt/airflow/dags/schedule.py for tasks to queue
[2022-07-07 02:07:18,158] {logging_mixin.py:115} INFO - [2022-07-07 02:07:18,158] {dagbag.py:507} INFO - Filling up the DagBag from /opt/airflow/dags/schedule.py
[2022-07-07 02:07:18,585] {processor.py:651} INFO - DAG(s) dict_keys(['first_dag']) retrieved from /opt/airflow/dags/schedule.py
[2022-07-07 02:07:18,600] {logging_mixin.py:115} INFO - [2022-07-07 02:07:18,600] {dag.py:2379} INFO - Sync 1 DAGs
[2022-07-07 02:07:18,617] {logging_mixin.py:115} INFO - [2022-07-07 02:07:18,617] {dag.py:2931} INFO - Setting next_dagrun for first_dag to 2022-07-07T02:06:00+00:00, run_after=2022-07-07T02:08:00+00:00
[2022-07-07 02:07:18,630] {processor.py:161} INFO - Processing /opt/airflow/dags/schedule.py took 0.476 seconds
[2022-07-07 02:07:48,824] {processor.py:153} INFO - Started process (PID=1286) to work on /opt/airflow/dags/schedule.py
[2022-07-07 02:07:48,824] {processor.py:641} INFO - Processing file /opt/airflow/dags/schedule.py for tasks to queue
[2022-07-07 02:07:48,825] {logging_mixin.py:115} INFO - [2022-07-07 02:07:48,825] {dagbag.py:507} INFO - Filling up the DagBag from /opt/airflow/dags/schedule.py
[2022-07-07 02:07:49,184] {processor.py:651} INFO - DAG(s) dict_keys(['first_dag']) retrieved from /opt/airflow/dags/schedule.py
[2022-07-07 02:07:49,204] {logging_mixin.py:115} INFO - [2022-07-07 02:07:49,204] {dag.py:2379} INFO - Sync 1 DAGs
[2022-07-07 02:07:49,226] {logging_mixin.py:115} INFO - [2022-07-07 02:07:49,226] {dag.py:2931} INFO - Setting next_dagrun for first_dag to 2022-07-07T02:06:00+00:00, run_after=2022-07-07T02:08:00+00:00
[2022-07-07 02:07:49,240] {processor.py:161} INFO - Processing /opt/airflow/dags/schedule.py took 0.419 seconds
[2022-07-07 02:08:19,438] {processor.py:153} INFO - Started process (PID=1352) to work on /opt/airflow/dags/schedule.py
[2022-07-07 02:08:19,439] {processor.py:641} INFO - Processing file /opt/airflow/dags/schedule.py for tasks to queue
[2022-07-07 02:08:19,439] {logging_mixin.py:115} INFO - [2022-07-07 02:08:19,439] {dagbag.py:507} INFO - Filling up the DagBag from /opt/airflow/dags/schedule.py
[2022-07-07 02:08:20,170] {processor.py:651} INFO - DAG(s) dict_keys(['first_dag']) retrieved from /opt/airflow/dags/schedule.py
[2022-07-07 02:08:20,185] {logging_mixin.py:115} INFO - [2022-07-07 02:08:20,185] {dag.py:2379} INFO - Sync 1 DAGs
[2022-07-07 02:08:20,202] {logging_mixin.py:115} INFO - [2022-07-07 02:08:20,201] {dag.py:2931} INFO - Setting next_dagrun for first_dag to 2022-07-07T02:08:00+00:00, run_after=2022-07-07T02:10:00+00:00
[2022-07-07 02:08:20,211] {processor.py:161} INFO - Processing /opt/airflow/dags/schedule.py took 0.776 seconds
[2022-07-07 02:08:50,582] {processor.py:153} INFO - Started process (PID=1410) to work on /opt/airflow/dags/schedule.py
[2022-07-07 02:08:50,583] {processor.py:641} INFO - Processing file /opt/airflow/dags/schedule.py for tasks to queue
[2022-07-07 02:08:50,584] {logging_mixin.py:115} INFO - [2022-07-07 02:08:50,584] {dagbag.py:507} INFO - Filling up the DagBag from /opt/airflow/dags/schedule.py
[2022-07-07 02:08:50,975] {processor.py:651} INFO - DAG(s) dict_keys(['first_dag']) retrieved from /opt/airflow/dags/schedule.py
[2022-07-07 02:08:50,990] {logging_mixin.py:115} INFO - [2022-07-07 02:08:50,989] {dag.py:2379} INFO - Sync 1 DAGs
[2022-07-07 02:08:51,005] {logging_mixin.py:115} INFO - [2022-07-07 02:08:51,005] {dag.py:2931} INFO - Setting next_dagrun for first_dag to 2022-07-07T02:08:00+00:00, run_after=2022-07-07T02:10:00+00:00
[2022-07-07 02:08:51,017] {processor.py:161} INFO - Processing /opt/airflow/dags/schedule.py took 0.438 seconds
[2022-07-07 02:09:21,052] {processor.py:153} INFO - Started process (PID=1477) to work on /opt/airflow/dags/schedule.py
[2022-07-07 02:09:21,052] {processor.py:641} INFO - Processing file /opt/airflow/dags/schedule.py for tasks to queue
[2022-07-07 02:09:21,053] {logging_mixin.py:115} INFO - [2022-07-07 02:09:21,053] {dagbag.py:507} INFO - Filling up the DagBag from /opt/airflow/dags/schedule.py
[2022-07-07 02:09:21,376] {processor.py:651} INFO - DAG(s) dict_keys(['first_dag']) retrieved from /opt/airflow/dags/schedule.py
[2022-07-07 02:09:21,394] {logging_mixin.py:115} INFO - [2022-07-07 02:09:21,393] {dag.py:2379} INFO - Sync 1 DAGs
[2022-07-07 02:09:21,410] {logging_mixin.py:115} INFO - [2022-07-07 02:09:21,410] {dag.py:2931} INFO - Setting next_dagrun for first_dag to 2022-07-07T02:08:00+00:00, run_after=2022-07-07T02:10:00+00:00
[2022-07-07 02:09:21,421] {processor.py:161} INFO - Processing /opt/airflow/dags/schedule.py took 0.373 seconds
[2022-07-07 02:09:51,709] {processor.py:153} INFO - Started process (PID=1542) to work on /opt/airflow/dags/schedule.py
[2022-07-07 02:09:51,709] {processor.py:641} INFO - Processing file /opt/airflow/dags/schedule.py for tasks to queue
[2022-07-07 02:09:51,710] {logging_mixin.py:115} INFO - [2022-07-07 02:09:51,710] {dagbag.py:507} INFO - Filling up the DagBag from /opt/airflow/dags/schedule.py
[2022-07-07 02:09:52,150] {processor.py:651} INFO - DAG(s) dict_keys(['first_dag']) retrieved from /opt/airflow/dags/schedule.py
[2022-07-07 02:09:52,165] {logging_mixin.py:115} INFO - [2022-07-07 02:09:52,165] {dag.py:2379} INFO - Sync 1 DAGs
[2022-07-07 02:09:52,180] {logging_mixin.py:115} INFO - [2022-07-07 02:09:52,180] {dag.py:2931} INFO - Setting next_dagrun for first_dag to 2022-07-07T02:08:00+00:00, run_after=2022-07-07T02:10:00+00:00
[2022-07-07 02:09:52,193] {processor.py:161} INFO - Processing /opt/airflow/dags/schedule.py took 0.487 seconds
[2022-07-07 02:10:22,380] {processor.py:153} INFO - Started process (PID=1600) to work on /opt/airflow/dags/schedule.py
[2022-07-07 02:10:22,380] {processor.py:641} INFO - Processing file /opt/airflow/dags/schedule.py for tasks to queue
[2022-07-07 02:10:22,381] {logging_mixin.py:115} INFO - [2022-07-07 02:10:22,381] {dagbag.py:507} INFO - Filling up the DagBag from /opt/airflow/dags/schedule.py
[2022-07-07 02:10:22,859] {processor.py:651} INFO - DAG(s) dict_keys(['first_dag']) retrieved from /opt/airflow/dags/schedule.py
[2022-07-07 02:10:22,873] {logging_mixin.py:115} INFO - [2022-07-07 02:10:22,873] {dag.py:2379} INFO - Sync 1 DAGs
[2022-07-07 02:10:22,888] {logging_mixin.py:115} INFO - [2022-07-07 02:10:22,888] {dag.py:2931} INFO - Setting next_dagrun for first_dag to 2022-07-07T02:10:00+00:00, run_after=2022-07-07T02:12:00+00:00
[2022-07-07 02:10:22,899] {processor.py:161} INFO - Processing /opt/airflow/dags/schedule.py took 0.523 seconds
[2022-07-07 02:10:53,310] {processor.py:153} INFO - Started process (PID=1664) to work on /opt/airflow/dags/schedule.py
[2022-07-07 02:10:53,311] {processor.py:641} INFO - Processing file /opt/airflow/dags/schedule.py for tasks to queue
[2022-07-07 02:10:53,312] {logging_mixin.py:115} INFO - [2022-07-07 02:10:53,312] {dagbag.py:507} INFO - Filling up the DagBag from /opt/airflow/dags/schedule.py
[2022-07-07 02:10:53,676] {processor.py:651} INFO - DAG(s) dict_keys(['first_dag']) retrieved from /opt/airflow/dags/schedule.py
[2022-07-07 02:10:53,692] {logging_mixin.py:115} INFO - [2022-07-07 02:10:53,691] {dag.py:2379} INFO - Sync 1 DAGs
[2022-07-07 02:10:53,708] {logging_mixin.py:115} INFO - [2022-07-07 02:10:53,708] {dag.py:2931} INFO - Setting next_dagrun for first_dag to 2022-07-07T02:10:00+00:00, run_after=2022-07-07T02:12:00+00:00
[2022-07-07 02:10:53,718] {processor.py:161} INFO - Processing /opt/airflow/dags/schedule.py took 0.411 seconds
[2022-07-07 02:11:20,721] {processor.py:153} INFO - Started process (PID=1721) to work on /opt/airflow/dags/schedule.py
[2022-07-07 02:11:20,721] {processor.py:641} INFO - Processing file /opt/airflow/dags/schedule.py for tasks to queue
[2022-07-07 02:11:20,722] {logging_mixin.py:115} INFO - [2022-07-07 02:11:20,722] {dagbag.py:507} INFO - Filling up the DagBag from /opt/airflow/dags/schedule.py
[2022-07-07 02:11:21,056] {processor.py:651} INFO - DAG(s) dict_keys(['first_dag']) retrieved from /opt/airflow/dags/schedule.py
[2022-07-07 02:11:21,071] {logging_mixin.py:115} INFO - [2022-07-07 02:11:21,070] {dag.py:2379} INFO - Sync 1 DAGs
[2022-07-07 02:11:21,087] {logging_mixin.py:115} INFO - [2022-07-07 02:11:21,087] {dag.py:2931} INFO - Setting next_dagrun for first_dag to 2022-07-07T02:10:00+00:00, run_after=2022-07-07T02:12:00+00:00
[2022-07-07 02:11:21,100] {processor.py:161} INFO - Processing /opt/airflow/dags/schedule.py took 0.381 seconds
[2022-07-07 02:11:52,048] {processor.py:153} INFO - Started process (PID=1778) to work on /opt/airflow/dags/schedule.py
[2022-07-07 02:11:52,049] {processor.py:641} INFO - Processing file /opt/airflow/dags/schedule.py for tasks to queue
[2022-07-07 02:11:52,050] {logging_mixin.py:115} INFO - [2022-07-07 02:11:52,050] {dagbag.py:507} INFO - Filling up the DagBag from /opt/airflow/dags/schedule.py
[2022-07-07 02:11:52,433] {processor.py:651} INFO - DAG(s) dict_keys(['first_dag']) retrieved from /opt/airflow/dags/schedule.py
[2022-07-07 02:11:52,457] {logging_mixin.py:115} INFO - [2022-07-07 02:11:52,456] {dag.py:2379} INFO - Sync 1 DAGs
[2022-07-07 02:11:52,481] {logging_mixin.py:115} INFO - [2022-07-07 02:11:52,481] {dag.py:2931} INFO - Setting next_dagrun for first_dag to 2022-07-07T02:10:00+00:00, run_after=2022-07-07T02:12:00+00:00
[2022-07-07 02:11:52,494] {processor.py:161} INFO - Processing /opt/airflow/dags/schedule.py took 0.449 seconds
[2022-07-07 02:12:23,380] {processor.py:153} INFO - Started process (PID=1843) to work on /opt/airflow/dags/schedule.py
[2022-07-07 02:12:23,381] {processor.py:641} INFO - Processing file /opt/airflow/dags/schedule.py for tasks to queue
[2022-07-07 02:12:23,381] {logging_mixin.py:115} INFO - [2022-07-07 02:12:23,381] {dagbag.py:507} INFO - Filling up the DagBag from /opt/airflow/dags/schedule.py
[2022-07-07 02:12:23,789] {processor.py:651} INFO - DAG(s) dict_keys(['first_dag']) retrieved from /opt/airflow/dags/schedule.py
[2022-07-07 02:12:23,805] {logging_mixin.py:115} INFO - [2022-07-07 02:12:23,804] {dag.py:2379} INFO - Sync 1 DAGs
[2022-07-07 02:12:23,822] {logging_mixin.py:115} INFO - [2022-07-07 02:12:23,822] {dag.py:2931} INFO - Setting next_dagrun for first_dag to 2022-07-07T02:12:00+00:00, run_after=2022-07-07T02:14:00+00:00
[2022-07-07 02:12:23,833] {processor.py:161} INFO - Processing /opt/airflow/dags/schedule.py took 0.456 seconds
[2022-07-07 02:12:54,578] {processor.py:153} INFO - Started process (PID=1908) to work on /opt/airflow/dags/schedule.py
[2022-07-07 02:12:54,578] {processor.py:641} INFO - Processing file /opt/airflow/dags/schedule.py for tasks to queue
[2022-07-07 02:12:54,579] {logging_mixin.py:115} INFO - [2022-07-07 02:12:54,579] {dagbag.py:507} INFO - Filling up the DagBag from /opt/airflow/dags/schedule.py
[2022-07-07 02:12:54,910] {processor.py:651} INFO - DAG(s) dict_keys(['first_dag']) retrieved from /opt/airflow/dags/schedule.py
[2022-07-07 02:12:54,927] {logging_mixin.py:115} INFO - [2022-07-07 02:12:54,927] {dag.py:2379} INFO - Sync 1 DAGs
[2022-07-07 02:12:54,946] {logging_mixin.py:115} INFO - [2022-07-07 02:12:54,946] {dag.py:2931} INFO - Setting next_dagrun for first_dag to 2022-07-07T02:12:00+00:00, run_after=2022-07-07T02:14:00+00:00
[2022-07-07 02:12:54,960] {processor.py:161} INFO - Processing /opt/airflow/dags/schedule.py took 0.385 seconds
[2022-07-07 02:13:25,047] {processor.py:153} INFO - Started process (PID=1972) to work on /opt/airflow/dags/schedule.py
[2022-07-07 02:13:25,048] {processor.py:641} INFO - Processing file /opt/airflow/dags/schedule.py for tasks to queue
[2022-07-07 02:13:25,049] {logging_mixin.py:115} INFO - [2022-07-07 02:13:25,049] {dagbag.py:507} INFO - Filling up the DagBag from /opt/airflow/dags/schedule.py
[2022-07-07 02:13:25,427] {processor.py:651} INFO - DAG(s) dict_keys(['first_dag']) retrieved from /opt/airflow/dags/schedule.py
[2022-07-07 02:13:25,446] {logging_mixin.py:115} INFO - [2022-07-07 02:13:25,445] {dag.py:2379} INFO - Sync 1 DAGs
[2022-07-07 02:13:25,464] {logging_mixin.py:115} INFO - [2022-07-07 02:13:25,464] {dag.py:2931} INFO - Setting next_dagrun for first_dag to 2022-07-07T02:12:00+00:00, run_after=2022-07-07T02:14:00+00:00
[2022-07-07 02:13:25,478] {processor.py:161} INFO - Processing /opt/airflow/dags/schedule.py took 0.435 seconds
[2022-07-07 02:13:56,107] {processor.py:153} INFO - Started process (PID=2028) to work on /opt/airflow/dags/schedule.py
[2022-07-07 02:13:56,108] {processor.py:641} INFO - Processing file /opt/airflow/dags/schedule.py for tasks to queue
[2022-07-07 02:13:56,108] {logging_mixin.py:115} INFO - [2022-07-07 02:13:56,108] {dagbag.py:507} INFO - Filling up the DagBag from /opt/airflow/dags/schedule.py
[2022-07-07 02:13:56,475] {processor.py:651} INFO - DAG(s) dict_keys(['first_dag']) retrieved from /opt/airflow/dags/schedule.py
[2022-07-07 02:13:56,494] {logging_mixin.py:115} INFO - [2022-07-07 02:13:56,493] {dag.py:2379} INFO - Sync 1 DAGs
[2022-07-07 02:13:56,519] {logging_mixin.py:115} INFO - [2022-07-07 02:13:56,519] {dag.py:2931} INFO - Setting next_dagrun for first_dag to 2022-07-07T02:12:00+00:00, run_after=2022-07-07T02:14:00+00:00
[2022-07-07 02:13:56,534] {processor.py:161} INFO - Processing /opt/airflow/dags/schedule.py took 0.430 seconds
[2022-07-07 02:14:27,245] {processor.py:153} INFO - Started process (PID=2093) to work on /opt/airflow/dags/schedule.py
[2022-07-07 02:14:27,246] {processor.py:641} INFO - Processing file /opt/airflow/dags/schedule.py for tasks to queue
[2022-07-07 02:14:27,247] {logging_mixin.py:115} INFO - [2022-07-07 02:14:27,247] {dagbag.py:507} INFO - Filling up the DagBag from /opt/airflow/dags/schedule.py
[2022-07-07 02:14:27,672] {processor.py:651} INFO - DAG(s) dict_keys(['first_dag']) retrieved from /opt/airflow/dags/schedule.py
[2022-07-07 02:14:27,688] {logging_mixin.py:115} INFO - [2022-07-07 02:14:27,687] {dag.py:2379} INFO - Sync 1 DAGs
[2022-07-07 02:14:27,704] {logging_mixin.py:115} INFO - [2022-07-07 02:14:27,704] {dag.py:2931} INFO - Setting next_dagrun for first_dag to 2022-07-07T02:14:00+00:00, run_after=2022-07-07T02:16:00+00:00
[2022-07-07 02:14:27,717] {processor.py:161} INFO - Processing /opt/airflow/dags/schedule.py took 0.475 seconds
[2022-07-07 02:14:57,854] {processor.py:153} INFO - Started process (PID=2159) to work on /opt/airflow/dags/schedule.py
[2022-07-07 02:14:57,855] {processor.py:641} INFO - Processing file /opt/airflow/dags/schedule.py for tasks to queue
[2022-07-07 02:14:57,855] {logging_mixin.py:115} INFO - [2022-07-07 02:14:57,855] {dagbag.py:507} INFO - Filling up the DagBag from /opt/airflow/dags/schedule.py
[2022-07-07 02:14:58,139] {processor.py:651} INFO - DAG(s) dict_keys(['first_dag']) retrieved from /opt/airflow/dags/schedule.py
[2022-07-07 02:14:58,155] {logging_mixin.py:115} INFO - [2022-07-07 02:14:58,155] {dag.py:2379} INFO - Sync 1 DAGs
[2022-07-07 02:14:58,172] {logging_mixin.py:115} INFO - [2022-07-07 02:14:58,172] {dag.py:2931} INFO - Setting next_dagrun for first_dag to 2022-07-07T02:14:00+00:00, run_after=2022-07-07T02:16:00+00:00
[2022-07-07 02:14:58,195] {processor.py:161} INFO - Processing /opt/airflow/dags/schedule.py took 0.344 seconds
[2022-07-07 02:15:28,232] {processor.py:153} INFO - Started process (PID=2224) to work on /opt/airflow/dags/schedule.py
[2022-07-07 02:15:28,233] {processor.py:641} INFO - Processing file /opt/airflow/dags/schedule.py for tasks to queue
[2022-07-07 02:15:28,234] {logging_mixin.py:115} INFO - [2022-07-07 02:15:28,234] {dagbag.py:507} INFO - Filling up the DagBag from /opt/airflow/dags/schedule.py
[2022-07-07 02:15:28,573] {processor.py:651} INFO - DAG(s) dict_keys(['first_dag']) retrieved from /opt/airflow/dags/schedule.py
[2022-07-07 02:15:28,588] {logging_mixin.py:115} INFO - [2022-07-07 02:15:28,588] {dag.py:2379} INFO - Sync 1 DAGs
[2022-07-07 02:15:28,605] {logging_mixin.py:115} INFO - [2022-07-07 02:15:28,605] {dag.py:2931} INFO - Setting next_dagrun for first_dag to 2022-07-07T02:14:00+00:00, run_after=2022-07-07T02:16:00+00:00
[2022-07-07 02:15:28,617] {processor.py:161} INFO - Processing /opt/airflow/dags/schedule.py took 0.390 seconds
[2022-07-07 02:15:46,319] {processor.py:153} INFO - Started process (PID=2267) to work on /opt/airflow/dags/schedule.py
[2022-07-07 02:15:46,320] {processor.py:641} INFO - Processing file /opt/airflow/dags/schedule.py for tasks to queue
[2022-07-07 02:15:46,320] {logging_mixin.py:115} INFO - [2022-07-07 02:15:46,320] {dagbag.py:507} INFO - Filling up the DagBag from /opt/airflow/dags/schedule.py
[2022-07-07 02:15:46,625] {processor.py:651} INFO - DAG(s) dict_keys(['first_dag']) retrieved from /opt/airflow/dags/schedule.py
[2022-07-07 02:15:46,641] {logging_mixin.py:115} INFO - [2022-07-07 02:15:46,640] {dag.py:2379} INFO - Sync 1 DAGs
[2022-07-07 02:15:46,661] {logging_mixin.py:115} INFO - [2022-07-07 02:15:46,660] {dag.py:2931} INFO - Setting next_dagrun for first_dag to 2022-07-07T02:14:00+00:00, run_after=2022-07-07T02:16:00+00:00
[2022-07-07 02:15:46,677] {processor.py:161} INFO - Processing /opt/airflow/dags/schedule.py took 0.361 seconds
[2022-07-07 02:16:17,124] {processor.py:153} INFO - Started process (PID=2333) to work on /opt/airflow/dags/schedule.py
[2022-07-07 02:16:17,125] {processor.py:641} INFO - Processing file /opt/airflow/dags/schedule.py for tasks to queue
[2022-07-07 02:16:17,125] {logging_mixin.py:115} INFO - [2022-07-07 02:16:17,125] {dagbag.py:507} INFO - Filling up the DagBag from /opt/airflow/dags/schedule.py
[2022-07-07 02:16:17,619] {processor.py:651} INFO - DAG(s) dict_keys(['first_dag']) retrieved from /opt/airflow/dags/schedule.py
[2022-07-07 02:16:17,639] {logging_mixin.py:115} INFO - [2022-07-07 02:16:17,639] {dag.py:2379} INFO - Sync 1 DAGs
[2022-07-07 02:16:17,657] {logging_mixin.py:115} INFO - [2022-07-07 02:16:17,657] {dag.py:2931} INFO - Setting next_dagrun for first_dag to 2022-07-07T02:16:00+00:00, run_after=2022-07-07T02:18:00+00:00
[2022-07-07 02:16:17,671] {processor.py:161} INFO - Processing /opt/airflow/dags/schedule.py took 0.550 seconds
[2022-07-07 02:16:48,408] {processor.py:153} INFO - Started process (PID=2398) to work on /opt/airflow/dags/schedule.py
[2022-07-07 02:16:48,409] {processor.py:641} INFO - Processing file /opt/airflow/dags/schedule.py for tasks to queue
[2022-07-07 02:16:48,409] {logging_mixin.py:115} INFO - [2022-07-07 02:16:48,409] {dagbag.py:507} INFO - Filling up the DagBag from /opt/airflow/dags/schedule.py
[2022-07-07 02:16:48,809] {processor.py:651} INFO - DAG(s) dict_keys(['first_dag']) retrieved from /opt/airflow/dags/schedule.py
[2022-07-07 02:16:48,824] {logging_mixin.py:115} INFO - [2022-07-07 02:16:48,824] {dag.py:2379} INFO - Sync 1 DAGs
[2022-07-07 02:16:48,841] {logging_mixin.py:115} INFO - [2022-07-07 02:16:48,841] {dag.py:2931} INFO - Setting next_dagrun for first_dag to 2022-07-07T02:16:00+00:00, run_after=2022-07-07T02:18:00+00:00
[2022-07-07 02:16:48,852] {processor.py:161} INFO - Processing /opt/airflow/dags/schedule.py took 0.447 seconds
[2022-07-07 02:17:18,987] {processor.py:153} INFO - Started process (PID=2454) to work on /opt/airflow/dags/schedule.py
[2022-07-07 02:17:18,987] {processor.py:641} INFO - Processing file /opt/airflow/dags/schedule.py for tasks to queue
[2022-07-07 02:17:18,988] {logging_mixin.py:115} INFO - [2022-07-07 02:17:18,988] {dagbag.py:507} INFO - Filling up the DagBag from /opt/airflow/dags/schedule.py
[2022-07-07 02:17:19,278] {processor.py:651} INFO - DAG(s) dict_keys(['first_dag']) retrieved from /opt/airflow/dags/schedule.py
[2022-07-07 02:17:19,294] {logging_mixin.py:115} INFO - [2022-07-07 02:17:19,294] {dag.py:2379} INFO - Sync 1 DAGs
[2022-07-07 02:17:19,309] {logging_mixin.py:115} INFO - [2022-07-07 02:17:19,309] {dag.py:2931} INFO - Setting next_dagrun for first_dag to 2022-07-07T02:16:00+00:00, run_after=2022-07-07T02:18:00+00:00
[2022-07-07 02:17:19,320] {processor.py:161} INFO - Processing /opt/airflow/dags/schedule.py took 0.336 seconds
[2022-07-07 02:17:50,102] {processor.py:153} INFO - Started process (PID=2521) to work on /opt/airflow/dags/schedule.py
[2022-07-07 02:17:50,103] {processor.py:641} INFO - Processing file /opt/airflow/dags/schedule.py for tasks to queue
[2022-07-07 02:17:50,104] {logging_mixin.py:115} INFO - [2022-07-07 02:17:50,104] {dagbag.py:507} INFO - Filling up the DagBag from /opt/airflow/dags/schedule.py
[2022-07-07 02:17:50,429] {processor.py:651} INFO - DAG(s) dict_keys(['first_dag']) retrieved from /opt/airflow/dags/schedule.py
[2022-07-07 02:17:50,446] {logging_mixin.py:115} INFO - [2022-07-07 02:17:50,445] {dag.py:2379} INFO - Sync 1 DAGs
[2022-07-07 02:17:50,467] {logging_mixin.py:115} INFO - [2022-07-07 02:17:50,467] {dag.py:2931} INFO - Setting next_dagrun for first_dag to 2022-07-07T02:16:00+00:00, run_after=2022-07-07T02:18:00+00:00
[2022-07-07 02:17:50,477] {processor.py:161} INFO - Processing /opt/airflow/dags/schedule.py took 0.377 seconds
[2022-07-07 02:18:20,503] {processor.py:153} INFO - Started process (PID=2586) to work on /opt/airflow/dags/schedule.py
[2022-07-07 02:18:20,504] {processor.py:641} INFO - Processing file /opt/airflow/dags/schedule.py for tasks to queue
[2022-07-07 02:18:20,504] {logging_mixin.py:115} INFO - [2022-07-07 02:18:20,504] {dagbag.py:507} INFO - Filling up the DagBag from /opt/airflow/dags/schedule.py
[2022-07-07 02:18:20,872] {processor.py:651} INFO - DAG(s) dict_keys(['first_dag']) retrieved from /opt/airflow/dags/schedule.py
[2022-07-07 02:18:20,888] {logging_mixin.py:115} INFO - [2022-07-07 02:18:20,887] {dag.py:2379} INFO - Sync 1 DAGs
[2022-07-07 02:18:20,904] {logging_mixin.py:115} INFO - [2022-07-07 02:18:20,904] {dag.py:2931} INFO - Setting next_dagrun for first_dag to 2022-07-07T02:18:00+00:00, run_after=2022-07-07T02:20:00+00:00
[2022-07-07 02:18:20,916] {processor.py:161} INFO - Processing /opt/airflow/dags/schedule.py took 0.416 seconds
[2022-07-07 02:18:51,795] {processor.py:153} INFO - Started process (PID=2653) to work on /opt/airflow/dags/schedule.py
[2022-07-07 02:18:51,795] {processor.py:641} INFO - Processing file /opt/airflow/dags/schedule.py for tasks to queue
[2022-07-07 02:18:51,796] {logging_mixin.py:115} INFO - [2022-07-07 02:18:51,796] {dagbag.py:507} INFO - Filling up the DagBag from /opt/airflow/dags/schedule.py
[2022-07-07 02:18:52,117] {processor.py:651} INFO - DAG(s) dict_keys(['first_dag']) retrieved from /opt/airflow/dags/schedule.py
[2022-07-07 02:18:52,133] {logging_mixin.py:115} INFO - [2022-07-07 02:18:52,133] {dag.py:2379} INFO - Sync 1 DAGs
[2022-07-07 02:18:52,149] {logging_mixin.py:115} INFO - [2022-07-07 02:18:52,149] {dag.py:2931} INFO - Setting next_dagrun for first_dag to 2022-07-07T02:18:00+00:00, run_after=2022-07-07T02:20:00+00:00
[2022-07-07 02:18:52,160] {processor.py:161} INFO - Processing /opt/airflow/dags/schedule.py took 0.369 seconds
[2022-07-07 02:19:22,556] {processor.py:153} INFO - Started process (PID=2708) to work on /opt/airflow/dags/schedule.py
[2022-07-07 02:19:22,557] {processor.py:641} INFO - Processing file /opt/airflow/dags/schedule.py for tasks to queue
[2022-07-07 02:19:22,557] {logging_mixin.py:115} INFO - [2022-07-07 02:19:22,557] {dagbag.py:507} INFO - Filling up the DagBag from /opt/airflow/dags/schedule.py
[2022-07-07 02:19:22,854] {processor.py:651} INFO - DAG(s) dict_keys(['first_dag']) retrieved from /opt/airflow/dags/schedule.py
[2022-07-07 02:19:22,871] {logging_mixin.py:115} INFO - [2022-07-07 02:19:22,871] {dag.py:2379} INFO - Sync 1 DAGs
[2022-07-07 02:19:22,888] {logging_mixin.py:115} INFO - [2022-07-07 02:19:22,888] {dag.py:2931} INFO - Setting next_dagrun for first_dag to 2022-07-07T02:18:00+00:00, run_after=2022-07-07T02:20:00+00:00
[2022-07-07 02:19:22,902] {processor.py:161} INFO - Processing /opt/airflow/dags/schedule.py took 0.348 seconds
[2022-07-07 02:19:52,968] {processor.py:153} INFO - Started process (PID=2773) to work on /opt/airflow/dags/schedule.py
[2022-07-07 02:19:52,969] {processor.py:641} INFO - Processing file /opt/airflow/dags/schedule.py for tasks to queue
[2022-07-07 02:19:52,969] {logging_mixin.py:115} INFO - [2022-07-07 02:19:52,969] {dagbag.py:507} INFO - Filling up the DagBag from /opt/airflow/dags/schedule.py
[2022-07-07 02:19:53,268] {processor.py:651} INFO - DAG(s) dict_keys(['first_dag']) retrieved from /opt/airflow/dags/schedule.py
[2022-07-07 02:29:50,431] {processor.py:153} INFO - Started process (PID=47) to work on /opt/airflow/dags/schedule.py
[2022-07-07 02:29:50,434] {processor.py:641} INFO - Processing file /opt/airflow/dags/schedule.py for tasks to queue
[2022-07-07 02:29:50,436] {logging_mixin.py:115} INFO - [2022-07-07 02:29:50,435] {dagbag.py:507} INFO - Filling up the DagBag from /opt/airflow/dags/schedule.py
[2022-07-07 02:29:52,993] {processor.py:651} INFO - DAG(s) dict_keys(['first_dag']) retrieved from /opt/airflow/dags/schedule.py
[2022-07-07 02:29:53,025] {logging_mixin.py:115} INFO - [2022-07-07 02:29:53,025] {dag.py:2379} INFO - Sync 1 DAGs
[2022-07-07 02:29:53,062] {logging_mixin.py:115} INFO - [2022-07-07 02:29:53,062] {dag.py:2931} INFO - Setting next_dagrun for first_dag to 2022-07-07T02:28:00+00:00, run_after=2022-07-07T02:30:00+00:00
[2022-07-07 02:29:53,085] {processor.py:161} INFO - Processing /opt/airflow/dags/schedule.py took 2.659 seconds
[2022-07-07 02:30:23,965] {processor.py:153} INFO - Started process (PID=106) to work on /opt/airflow/dags/schedule.py
[2022-07-07 02:30:23,966] {processor.py:641} INFO - Processing file /opt/airflow/dags/schedule.py for tasks to queue
[2022-07-07 02:30:23,967] {logging_mixin.py:115} INFO - [2022-07-07 02:30:23,967] {dagbag.py:507} INFO - Filling up the DagBag from /opt/airflow/dags/schedule.py
[2022-07-07 02:30:24,849] {processor.py:651} INFO - DAG(s) dict_keys(['first_dag']) retrieved from /opt/airflow/dags/schedule.py
[2022-07-07 02:30:24,873] {logging_mixin.py:115} INFO - [2022-07-07 02:30:24,872] {dag.py:2379} INFO - Sync 1 DAGs
[2022-07-07 02:30:24,899] {logging_mixin.py:115} INFO - [2022-07-07 02:30:24,898] {dag.py:2931} INFO - Setting next_dagrun for first_dag to 2022-07-07T02:30:00+00:00, run_after=2022-07-07T02:32:00+00:00
[2022-07-07 02:30:24,914] {processor.py:161} INFO - Processing /opt/airflow/dags/schedule.py took 0.955 seconds
[2022-07-07 02:30:55,336] {processor.py:153} INFO - Started process (PID=164) to work on /opt/airflow/dags/schedule.py
[2022-07-07 02:30:55,337] {processor.py:641} INFO - Processing file /opt/airflow/dags/schedule.py for tasks to queue
[2022-07-07 02:30:55,337] {logging_mixin.py:115} INFO - [2022-07-07 02:30:55,337] {dagbag.py:507} INFO - Filling up the DagBag from /opt/airflow/dags/schedule.py
[2022-07-07 02:30:55,661] {processor.py:651} INFO - DAG(s) dict_keys(['first_dag']) retrieved from /opt/airflow/dags/schedule.py
[2022-07-07 02:30:55,678] {logging_mixin.py:115} INFO - [2022-07-07 02:30:55,677] {dag.py:2379} INFO - Sync 1 DAGs
[2022-07-07 02:30:55,696] {logging_mixin.py:115} INFO - [2022-07-07 02:30:55,696] {dag.py:2931} INFO - Setting next_dagrun for first_dag to 2022-07-07T02:30:00+00:00, run_after=2022-07-07T02:32:00+00:00
[2022-07-07 02:30:55,708] {processor.py:161} INFO - Processing /opt/airflow/dags/schedule.py took 0.375 seconds
[2022-07-07 02:31:25,847] {processor.py:153} INFO - Started process (PID=235) to work on /opt/airflow/dags/schedule.py
[2022-07-07 02:31:25,848] {processor.py:641} INFO - Processing file /opt/airflow/dags/schedule.py for tasks to queue
[2022-07-07 02:31:25,848] {logging_mixin.py:115} INFO - [2022-07-07 02:31:25,848] {dagbag.py:507} INFO - Filling up the DagBag from /opt/airflow/dags/schedule.py
[2022-07-07 02:31:26,132] {processor.py:651} INFO - DAG(s) dict_keys(['first_dag']) retrieved from /opt/airflow/dags/schedule.py
[2022-07-07 02:31:26,148] {logging_mixin.py:115} INFO - [2022-07-07 02:31:26,148] {dag.py:2379} INFO - Sync 1 DAGs
[2022-07-07 02:31:26,164] {logging_mixin.py:115} INFO - [2022-07-07 02:31:26,164] {dag.py:2931} INFO - Setting next_dagrun for first_dag to 2022-07-07T02:30:00+00:00, run_after=2022-07-07T02:32:00+00:00
[2022-07-07 02:31:26,175] {processor.py:161} INFO - Processing /opt/airflow/dags/schedule.py took 0.330 seconds
[2022-07-07 02:31:56,827] {processor.py:153} INFO - Started process (PID=298) to work on /opt/airflow/dags/schedule.py
[2022-07-07 02:31:56,828] {processor.py:641} INFO - Processing file /opt/airflow/dags/schedule.py for tasks to queue
[2022-07-07 02:31:56,829] {logging_mixin.py:115} INFO - [2022-07-07 02:31:56,829] {dagbag.py:507} INFO - Filling up the DagBag from /opt/airflow/dags/schedule.py
[2022-07-07 02:31:57,225] {processor.py:651} INFO - DAG(s) dict_keys(['first_dag']) retrieved from /opt/airflow/dags/schedule.py
[2022-07-07 02:31:57,246] {logging_mixin.py:115} INFO - [2022-07-07 02:31:57,245] {dag.py:2379} INFO - Sync 1 DAGs
[2022-07-07 02:31:57,268] {logging_mixin.py:115} INFO - [2022-07-07 02:31:57,268] {dag.py:2931} INFO - Setting next_dagrun for first_dag to 2022-07-07T02:30:00+00:00, run_after=2022-07-07T02:32:00+00:00
[2022-07-07 02:31:57,280] {processor.py:161} INFO - Processing /opt/airflow/dags/schedule.py took 0.457 seconds
[2022-07-07 02:32:27,591] {processor.py:153} INFO - Started process (PID=351) to work on /opt/airflow/dags/schedule.py
[2022-07-07 02:32:27,592] {processor.py:641} INFO - Processing file /opt/airflow/dags/schedule.py for tasks to queue
[2022-07-07 02:32:27,593] {logging_mixin.py:115} INFO - [2022-07-07 02:32:27,593] {dagbag.py:507} INFO - Filling up the DagBag from /opt/airflow/dags/schedule.py
[2022-07-07 02:32:27,929] {processor.py:651} INFO - DAG(s) dict_keys(['first_dag']) retrieved from /opt/airflow/dags/schedule.py
[2022-07-07 02:32:27,945] {logging_mixin.py:115} INFO - [2022-07-07 02:32:27,944] {dag.py:2379} INFO - Sync 1 DAGs
[2022-07-07 02:32:27,962] {logging_mixin.py:115} INFO - [2022-07-07 02:32:27,962] {dag.py:2931} INFO - Setting next_dagrun for first_dag to 2022-07-07T02:32:00+00:00, run_after=2022-07-07T02:34:00+00:00
[2022-07-07 02:32:27,976] {processor.py:161} INFO - Processing /opt/airflow/dags/schedule.py took 0.387 seconds
[2022-07-07 02:32:58,716] {processor.py:153} INFO - Started process (PID=417) to work on /opt/airflow/dags/schedule.py
[2022-07-07 02:32:58,716] {processor.py:641} INFO - Processing file /opt/airflow/dags/schedule.py for tasks to queue
[2022-07-07 02:32:58,717] {logging_mixin.py:115} INFO - [2022-07-07 02:32:58,717] {dagbag.py:507} INFO - Filling up the DagBag from /opt/airflow/dags/schedule.py
[2022-07-07 02:32:59,031] {processor.py:651} INFO - DAG(s) dict_keys(['first_dag']) retrieved from /opt/airflow/dags/schedule.py
[2022-07-07 02:32:59,050] {logging_mixin.py:115} INFO - [2022-07-07 02:32:59,050] {dag.py:2379} INFO - Sync 1 DAGs
[2022-07-07 02:32:59,067] {logging_mixin.py:115} INFO - [2022-07-07 02:32:59,067] {dag.py:2931} INFO - Setting next_dagrun for first_dag to 2022-07-07T02:32:00+00:00, run_after=2022-07-07T02:34:00+00:00
[2022-07-07 02:32:59,081] {processor.py:161} INFO - Processing /opt/airflow/dags/schedule.py took 0.368 seconds
