[2022-07-07 01:54:59,672] {taskinstance.py:1159} INFO - Dependencies all met for <TaskInstance: first_dag.import_to_export scheduled__2022-07-06T20:52:00+00:00 [queued]>
[2022-07-07 01:54:59,900] {taskinstance.py:1159} INFO - Dependencies all met for <TaskInstance: first_dag.import_to_export scheduled__2022-07-06T20:52:00+00:00 [queued]>
[2022-07-07 01:54:59,901] {taskinstance.py:1356} INFO - 
--------------------------------------------------------------------------------
[2022-07-07 01:54:59,902] {taskinstance.py:1357} INFO - Starting attempt 1 of 1
[2022-07-07 01:54:59,903] {taskinstance.py:1358} INFO - 
--------------------------------------------------------------------------------
[2022-07-07 01:54:59,945] {taskinstance.py:1377} INFO - Executing <Task(PythonOperator): import_to_export> on 2022-07-06 20:52:00+00:00
[2022-07-07 01:54:59,962] {standard_task_runner.py:52} INFO - Started process 109 to run task
[2022-07-07 01:54:59,972] {standard_task_runner.py:79} INFO - Running: ['***', 'tasks', 'run', 'first_dag', 'import_to_export', 'scheduled__2022-07-06T20:52:00+00:00', '--job-id', '623', '--raw', '--subdir', 'DAGS_FOLDER/schedule.py', '--cfg-path', '/tmp/tmpi2a2d6mp', '--error-file', '/tmp/tmp6lyxbv43']
[2022-07-07 01:54:59,985] {standard_task_runner.py:80} INFO - Job 623: Subtask import_to_export
[2022-07-07 01:55:16,273] {task_command.py:370} INFO - Running <TaskInstance: first_dag.import_to_export scheduled__2022-07-06T20:52:00+00:00 [running]> on host b699dec46f6b
[2022-07-07 01:55:16,581] {taskinstance.py:1571} INFO - Exporting the following env vars:
AIRFLOW_CTX_DAG_OWNER=ThuyDang
AIRFLOW_CTX_DAG_ID=first_dag
AIRFLOW_CTX_TASK_ID=import_to_export
AIRFLOW_CTX_EXECUTION_DATE=2022-07-06T20:52:00+00:00
AIRFLOW_CTX_TRY_NUMBER=1
AIRFLOW_CTX_DAG_RUN_ID=scheduled__2022-07-06T20:52:00+00:00
[2022-07-07 01:55:20,260] {local_task_job.py:156} INFO - Task exited with return code Negsignal.SIGKILL
[2022-07-07 01:55:20,379] {taskinstance.py:1400} INFO - Marking task as FAILED. dag_id=first_dag, task_id=import_to_export, execution_date=20220706T205200, start_date=20220707T015459, end_date=20220707T015520
[2022-07-07 01:55:20,595] {local_task_job.py:273} INFO - 0 downstream tasks scheduled from follow-on schedule check
