[2022-07-07 01:50:03,886] {taskinstance.py:1159} INFO - Dependencies all met for <TaskInstance: first_dag.import_to_export scheduled__2022-07-06T14:36:00+00:00 [queued]>
[2022-07-07 01:50:03,897] {taskinstance.py:1159} INFO - Dependencies all met for <TaskInstance: first_dag.import_to_export scheduled__2022-07-06T14:36:00+00:00 [queued]>
[2022-07-07 01:50:03,898] {taskinstance.py:1356} INFO - 
--------------------------------------------------------------------------------
[2022-07-07 01:50:03,898] {taskinstance.py:1357} INFO - Starting attempt 1 of 1
[2022-07-07 01:50:03,899] {taskinstance.py:1358} INFO - 
--------------------------------------------------------------------------------
[2022-07-07 01:50:03,921] {taskinstance.py:1377} INFO - Executing <Task(PythonOperator): import_to_export> on 2022-07-06 14:36:00+00:00
[2022-07-07 01:50:03,932] {standard_task_runner.py:52} INFO - Started process 1004 to run task
[2022-07-07 01:50:03,935] {standard_task_runner.py:79} INFO - Running: ['***', 'tasks', 'run', 'first_dag', 'import_to_export', 'scheduled__2022-07-06T14:36:00+00:00', '--job-id', '438', '--raw', '--subdir', 'DAGS_FOLDER/schedule.py', '--cfg-path', '/tmp/tmpui0j562g', '--error-file', '/tmp/tmp_db0a6jj']
[2022-07-07 01:50:03,936] {standard_task_runner.py:80} INFO - Job 438: Subtask import_to_export
[2022-07-07 01:50:04,021] {task_command.py:370} INFO - Running <TaskInstance: first_dag.import_to_export scheduled__2022-07-06T14:36:00+00:00 [running]> on host 62a0d7caf8a5
[2022-07-07 01:50:04,114] {taskinstance.py:1571} INFO - Exporting the following env vars:
AIRFLOW_CTX_DAG_OWNER=ThuyDang
AIRFLOW_CTX_DAG_ID=first_dag
AIRFLOW_CTX_TASK_ID=import_to_export
AIRFLOW_CTX_EXECUTION_DATE=2022-07-06T14:36:00+00:00
AIRFLOW_CTX_TRY_NUMBER=1
AIRFLOW_CTX_DAG_RUN_ID=scheduled__2022-07-06T14:36:00+00:00
[2022-07-07 01:50:04,124] {taskinstance.py:1889} ERROR - Task failed with exception
Traceback (most recent call last):
  File "/home/airflow/.local/lib/python3.7/site-packages/airflow/operators/python.py", line 171, in execute
    return_value = self.execute_callable()
  File "/home/airflow/.local/lib/python3.7/site-packages/airflow/operators/python.py", line 189, in execute_callable
    return self.python_callable(*self.op_args, **self.op_kwargs)
  File "/opt/airflow/dags/schedule.py", line 10, in import_postgres
    with pd.ExcelFile(file_customer) as xls:
  File "/home/airflow/.local/lib/python3.7/site-packages/pandas/io/excel/_base.py", line 1233, in __init__
    self._reader = self._engines[engine](self._io, storage_options=storage_options)
  File "/home/airflow/.local/lib/python3.7/site-packages/pandas/io/excel/_openpyxl.py", line 521, in __init__
    import_optional_dependency("openpyxl")
  File "/home/airflow/.local/lib/python3.7/site-packages/pandas/compat/_optional.py", line 118, in import_optional_dependency
    raise ImportError(msg) from None
ImportError: Missing optional dependency 'openpyxl'.  Use pip or conda to install openpyxl.
[2022-07-07 01:50:04,135] {taskinstance.py:1400} INFO - Marking task as FAILED. dag_id=first_dag, task_id=import_to_export, execution_date=20220706T143600, start_date=20220707T015003, end_date=20220707T015004
[2022-07-07 01:50:04,148] {standard_task_runner.py:97} ERROR - Failed to execute job 438 for task import_to_export (Missing optional dependency 'openpyxl'.  Use pip or conda to install openpyxl.; 1004)
[2022-07-07 01:50:04,188] {local_task_job.py:156} INFO - Task exited with return code 1
[2022-07-07 01:50:04,262] {local_task_job.py:273} INFO - 0 downstream tasks scheduled from follow-on schedule check
