[2022-07-07 01:57:33,532] {taskinstance.py:1159} INFO - Dependencies all met for <TaskInstance: first_dag.import_to_export scheduled__2022-07-06T22:20:00+00:00 [queued]>
[2022-07-07 01:57:33,575] {taskinstance.py:1159} INFO - Dependencies all met for <TaskInstance: first_dag.import_to_export scheduled__2022-07-06T22:20:00+00:00 [queued]>
[2022-07-07 01:57:33,584] {taskinstance.py:1356} INFO - 
--------------------------------------------------------------------------------
[2022-07-07 01:57:33,585] {taskinstance.py:1357} INFO - Starting attempt 1 of 1
[2022-07-07 01:57:33,586] {taskinstance.py:1358} INFO - 
--------------------------------------------------------------------------------
[2022-07-07 01:57:37,357] {taskinstance.py:1377} INFO - Executing <Task(PythonOperator): import_to_export> on 2022-07-06 22:20:00+00:00
[2022-07-07 01:57:37,407] {standard_task_runner.py:52} INFO - Started process 106 to run task
[2022-07-07 01:57:37,813] {standard_task_runner.py:79} INFO - Running: ['***', 'tasks', 'run', 'first_dag', 'import_to_export', 'scheduled__2022-07-06T22:20:00+00:00', '--job-id', '657', '--raw', '--subdir', 'DAGS_FOLDER/schedule.py', '--cfg-path', '/tmp/tmpy0bb4odo', '--error-file', '/tmp/tmpxvch5l9v']
[2022-07-07 01:57:37,819] {standard_task_runner.py:80} INFO - Job 657: Subtask import_to_export
[2022-07-07 01:57:53,682] {task_command.py:370} INFO - Running <TaskInstance: first_dag.import_to_export scheduled__2022-07-06T22:20:00+00:00 [running]> on host a56cbf2d9be0
[2022-07-07 01:57:53,993] {taskinstance.py:1571} INFO - Exporting the following env vars:
AIRFLOW_CTX_DAG_OWNER=ThuyDang
AIRFLOW_CTX_DAG_ID=first_dag
AIRFLOW_CTX_TASK_ID=import_to_export
AIRFLOW_CTX_EXECUTION_DATE=2022-07-06T22:20:00+00:00
AIRFLOW_CTX_TRY_NUMBER=1
AIRFLOW_CTX_DAG_RUN_ID=scheduled__2022-07-06T22:20:00+00:00
[2022-07-07 01:57:57,165] {local_task_job.py:156} INFO - Task exited with return code Negsignal.SIGKILL
[2022-07-07 01:57:57,757] {taskinstance.py:1400} INFO - Marking task as FAILED. dag_id=first_dag, task_id=import_to_export, execution_date=20220706T222000, start_date=20220707T015733, end_date=20220707T015757
[2022-07-07 01:57:58,177] {local_task_job.py:273} INFO - 0 downstream tasks scheduled from follow-on schedule check
